	.text
	.syntax unified
	.eabi_attribute	67, "2.09"	@ Tag_conformance
	.cpu	cortex-m23
	.eabi_attribute	6, 16	@ Tag_CPU_arch
	.eabi_attribute	7, 77	@ Tag_CPU_arch_profile
	.eabi_attribute	8, 0	@ Tag_ARM_ISA_use
	.eabi_attribute	9, 3	@ Tag_THUMB_ISA_use
	.eabi_attribute	34, 0	@ Tag_CPU_unaligned_access
	.eabi_attribute	17, 1	@ Tag_ABI_PCS_GOT_use
	.eabi_attribute	20, 2	@ Tag_ABI_FP_denormal
	.eabi_attribute	21, 0	@ Tag_ABI_FP_exceptions
	.eabi_attribute	23, 1	@ Tag_ABI_FP_number_model
	.eabi_attribute	24, 1	@ Tag_ABI_align_needed
	.eabi_attribute	25, 1	@ Tag_ABI_align_preserved
	.eabi_attribute	38, 1	@ Tag_ABI_FP_16bit_format
	.eabi_attribute	18, 2	@ Tag_ABI_PCS_wchar_t
	.eabi_attribute	26, 1	@ Tag_ABI_enum_size
	.eabi_attribute	14, 0	@ Tag_ABI_PCS_R9_use
	.file	"arc4.c"
	.file	1 "C:\\Users\\shw26\\OneDrive\\Desktop\\2021\\2021-1\\\354\272\241\354\212\244\355\206\244\353\224\224\354\236\220\354\235\2702\\Nuvoton\\M2351_BSP_v3.00.004\\M2351Series_BSP_CMSIS_V3.00.004\\MyProject\\PulseMonitoring\\Secure" "../../../ThirdParty/mbedTLS/library/arc4.c"
	.section	.text.mbedtls_arc4_init,"ax",%progbits
	.hidden	mbedtls_arc4_init               @ -- Begin function mbedtls_arc4_init
	.globl	mbedtls_arc4_init
	.p2align	1
	.type	mbedtls_arc4_init,%function
	.code	16                              @ @mbedtls_arc4_init
	.thumb_func
mbedtls_arc4_init:
.Lfunc_begin0:
	.loc	1 52 0                          @ ../../../ThirdParty/mbedTLS/library/arc4.c:52:0
	.fnstart
	.cfi_sections .debug_frame
	.cfi_startproc
@ %bb.0:
	@DEBUG_VALUE: mbedtls_arc4_init:ctx <- $r0
	@DEBUG_VALUE: mbedtls_arc4_init:ctx <- $r0
	@DEBUG_VALUE: mbedtls_arc4_init:ctx <- $r0
	.save	{r7, lr}
	push	{r7, lr}
	.cfi_def_cfa_offset 8
	.cfi_offset lr, -4
	.cfi_offset r7, -8
.Ltmp0:
	.loc	1 53 5 prologue_end             @ ../../../ThirdParty/mbedTLS/library/arc4.c:53:5
	movw	r1, #264
	bl	__aeabi_memclr4
.Ltmp1:
	@DEBUG_VALUE: mbedtls_arc4_init:ctx <- [DW_OP_LLVM_entry_value 1] $r0
	.loc	1 54 1                          @ ../../../ThirdParty/mbedTLS/library/arc4.c:54:1
	pop	{r7, pc}
.Ltmp2:
.Lfunc_end0:
	.size	mbedtls_arc4_init, .Lfunc_end0-mbedtls_arc4_init
	.cfi_endproc
	.cantunwind
	.fnend
                                        @ -- End function
	.section	.text.mbedtls_arc4_free,"ax",%progbits
	.hidden	mbedtls_arc4_free               @ -- Begin function mbedtls_arc4_free
	.globl	mbedtls_arc4_free
	.p2align	1
	.type	mbedtls_arc4_free,%function
	.code	16                              @ @mbedtls_arc4_free
	.thumb_func
mbedtls_arc4_free:
.Lfunc_begin1:
	.loc	1 57 0                          @ ../../../ThirdParty/mbedTLS/library/arc4.c:57:0
	.fnstart
	.cfi_startproc
@ %bb.0:
	@DEBUG_VALUE: mbedtls_arc4_free:ctx <- $r0
	@DEBUG_VALUE: mbedtls_arc4_free:ctx <- $r0
	.save	{r7, lr}
	push	{r7, lr}
	.cfi_def_cfa_offset 8
	.cfi_offset lr, -4
	.cfi_offset r7, -8
.Ltmp3:
	.loc	1 58 9 prologue_end             @ ../../../ThirdParty/mbedTLS/library/arc4.c:58:9
	cbz	r0, .LBB1_2
.Ltmp4:
@ %bb.1:
	@DEBUG_VALUE: mbedtls_arc4_free:ctx <- $r0
	.loc	1 61 5                          @ ../../../ThirdParty/mbedTLS/library/arc4.c:61:5
	movw	r1, #264
	bl	mbedtls_platform_zeroize
.Ltmp5:
	@DEBUG_VALUE: mbedtls_arc4_free:ctx <- [DW_OP_LLVM_entry_value 1] $r0
.LBB1_2:
	.loc	1 62 1                          @ ../../../ThirdParty/mbedTLS/library/arc4.c:62:1
	pop	{r7, pc}
.Ltmp6:
.Lfunc_end1:
	.size	mbedtls_arc4_free, .Lfunc_end1-mbedtls_arc4_free
	.cfi_endproc
	.cantunwind
	.fnend
                                        @ -- End function
	.section	.text.mbedtls_arc4_setup,"ax",%progbits
	.hidden	mbedtls_arc4_setup              @ -- Begin function mbedtls_arc4_setup
	.globl	mbedtls_arc4_setup
	.p2align	1
	.type	mbedtls_arc4_setup,%function
	.code	16                              @ @mbedtls_arc4_setup
	.thumb_func
mbedtls_arc4_setup:
.Lfunc_begin2:
	.loc	1 69 0                          @ ../../../ThirdParty/mbedTLS/library/arc4.c:69:0
	.fnstart
	.cfi_startproc
@ %bb.0:
	@DEBUG_VALUE: mbedtls_arc4_setup:ctx <- $r0
	@DEBUG_VALUE: mbedtls_arc4_setup:key <- $r1
	@DEBUG_VALUE: mbedtls_arc4_setup:keylen <- $r2
	.save	{r4, r5, r6, r7, lr}
	push	{r4, r5, r6, r7, lr}
	.cfi_def_cfa_offset 20
	.cfi_offset lr, -4
	.cfi_offset r7, -8
	.cfi_offset r6, -12
	.cfi_offset r5, -16
	.cfi_offset r4, -20
	.pad	#12
	sub	sp, #12
	.cfi_def_cfa_offset 32
	str	r2, [sp, #8]                    @ 4-byte Spill
	str	r1, [sp, #4]                    @ 4-byte Spill
	movs	r5, #0
.Ltmp7:
	@DEBUG_VALUE: mbedtls_arc4_setup:i <- 0
	@DEBUG_VALUE: mbedtls_arc4_setup:m <- [DW_OP_plus_uconst 8, DW_OP_stack_value] $r0
	@DEBUG_VALUE: mbedtls_arc4_setup:keylen <- [DW_OP_plus_uconst 8] [$sp+0]
	@DEBUG_VALUE: mbedtls_arc4_setup:key <- [DW_OP_plus_uconst 4] [$sp+0]
	@DEBUG_VALUE: mbedtls_arc4_setup:ctx <- $r0
	.loc	1 74 12 prologue_end            @ ../../../ThirdParty/mbedTLS/library/arc4.c:74:12
	str	r5, [r0]
	.loc	1 75 12                         @ ../../../ThirdParty/mbedTLS/library/arc4.c:75:12
	str	r5, [r0, #4]
.Ltmp8:
	.loc	1 78 5                          @ ../../../ThirdParty/mbedTLS/library/arc4.c:78:5
	mov	r3, r0
	adds	r3, #8
	movw	r4, #256
.Ltmp9:
.LBB2_1:                                @ =>This Inner Loop Header: Depth=1
	@DEBUG_VALUE: mbedtls_arc4_setup:m <- [DW_OP_plus_uconst 8, DW_OP_stack_value] $r0
	@DEBUG_VALUE: mbedtls_arc4_setup:ctx <- $r0
	@DEBUG_VALUE: mbedtls_arc4_setup:key <- [DW_OP_plus_uconst 4] [$sp+0]
	@DEBUG_VALUE: mbedtls_arc4_setup:keylen <- [DW_OP_plus_uconst 8] [$sp+0]
	@DEBUG_VALUE: mbedtls_arc4_setup:i <- $r5
	.loc	1 79 14                         @ ../../../ThirdParty/mbedTLS/library/arc4.c:79:14
	strb	r5, [r3, r5]
	.loc	1 78 27                         @ ../../../ThirdParty/mbedTLS/library/arc4.c:78:27
	adds	r5, r5, #1
.Ltmp10:
	@DEBUG_VALUE: mbedtls_arc4_setup:i <- $r5
	.loc	1 78 5 is_stmt 0                @ ../../../ThirdParty/mbedTLS/library/arc4.c:78:5
	cmp	r4, r5
	bne	.LBB2_1
.Ltmp11:
@ %bb.2:
	@DEBUG_VALUE: mbedtls_arc4_setup:i <- $r5
	@DEBUG_VALUE: mbedtls_arc4_setup:m <- [DW_OP_plus_uconst 8, DW_OP_stack_value] $r0
	@DEBUG_VALUE: mbedtls_arc4_setup:ctx <- $r0
	@DEBUG_VALUE: mbedtls_arc4_setup:key <- [DW_OP_plus_uconst 4] [$sp+0]
	@DEBUG_VALUE: mbedtls_arc4_setup:keylen <- [DW_OP_plus_uconst 8] [$sp+0]
	.loc	1 0 5                           @ ../../../ThirdParty/mbedTLS/library/arc4.c:0:5
	movs	r7, #0
	mov	r6, r7
	str	r7, [sp]                        @ 4-byte Spill
	b	.LBB2_4
.Ltmp12:
.LBB2_3:                                @   in Loop: Header=BB2_4 Depth=1
	@DEBUG_VALUE: mbedtls_arc4_setup:j <- $r7
	@DEBUG_VALUE: mbedtls_arc4_setup:m <- [DW_OP_plus_uconst 8, DW_OP_stack_value] $r0
	@DEBUG_VALUE: mbedtls_arc4_setup:ctx <- $r0
	@DEBUG_VALUE: mbedtls_arc4_setup:key <- [DW_OP_plus_uconst 4] [$sp+0]
	@DEBUG_VALUE: mbedtls_arc4_setup:keylen <- [DW_OP_plus_uconst 8] [$sp+0]
	@DEBUG_VALUE: mbedtls_arc4_setup:k <- $r6
	.loc	1 88 23 is_stmt 1               @ ../../../ThirdParty/mbedTLS/library/arc4.c:88:23
	ldr	r1, [sp, #4]                    @ 4-byte Reload
	ldrb	r5, [r1, r6]
	.loc	1 87 13                         @ ../../../ThirdParty/mbedTLS/library/arc4.c:87:13
	ldrb	r1, [r3]
.Ltmp13:
	@DEBUG_VALUE: mbedtls_arc4_setup:a <- $r1
	.loc	1 88 17                         @ ../../../ThirdParty/mbedTLS/library/arc4.c:88:17
	adds	r7, r7, r1
.Ltmp14:
	.loc	1 88 21 is_stmt 0               @ ../../../ThirdParty/mbedTLS/library/arc4.c:88:21
	adds	r5, r7, r5
	.loc	1 88 32                         @ ../../../ThirdParty/mbedTLS/library/arc4.c:88:32
	uxtb	r7, r5
.Ltmp15:
	@DEBUG_VALUE: mbedtls_arc4_setup:j <- $r7
	.loc	1 89 16 is_stmt 1               @ ../../../ThirdParty/mbedTLS/library/arc4.c:89:16
	adds	r5, r0, r7
	ldrb	r2, [r5, #8]
	.loc	1 89 14 is_stmt 0               @ ../../../ThirdParty/mbedTLS/library/arc4.c:89:14
	strb	r2, [r3]
	.loc	1 90 14 is_stmt 1               @ ../../../ThirdParty/mbedTLS/library/arc4.c:90:14
	strb	r1, [r5, #8]
.Ltmp16:
	@DEBUG_VALUE: mbedtls_arc4_setup:i <- [DW_OP_plus_uconst 1, DW_OP_stack_value] undef
	.loc	1 83 32                         @ ../../../ThirdParty/mbedTLS/library/arc4.c:83:32
	adds	r6, r6, #1
.Ltmp17:
	@DEBUG_VALUE: mbedtls_arc4_setup:k <- $r6
	.loc	1 83 19 is_stmt 0               @ ../../../ThirdParty/mbedTLS/library/arc4.c:83:19
	adds	r3, r3, #1
	subs	r4, r4, #1
.Ltmp18:
	.loc	1 83 5                          @ ../../../ThirdParty/mbedTLS/library/arc4.c:83:5
	beq	.LBB2_6
.Ltmp19:
.LBB2_4:                                @ =>This Inner Loop Header: Depth=1
	@DEBUG_VALUE: mbedtls_arc4_setup:m <- [DW_OP_plus_uconst 8, DW_OP_stack_value] $r0
	@DEBUG_VALUE: mbedtls_arc4_setup:ctx <- $r0
	@DEBUG_VALUE: mbedtls_arc4_setup:key <- [DW_OP_plus_uconst 4] [$sp+0]
	@DEBUG_VALUE: mbedtls_arc4_setup:keylen <- [DW_OP_plus_uconst 8] [$sp+0]
	@DEBUG_VALUE: mbedtls_arc4_setup:i <- undef
	@DEBUG_VALUE: mbedtls_arc4_setup:k <- $r6
	@DEBUG_VALUE: mbedtls_arc4_setup:j <- $r7
	.loc	1 85 13 is_stmt 1               @ ../../../ThirdParty/mbedTLS/library/arc4.c:85:13
	ldr	r1, [sp, #8]                    @ 4-byte Reload
	cmp	r6, r1
	blo	.LBB2_3
.Ltmp20:
@ %bb.5:                                @   in Loop: Header=BB2_4 Depth=1
	@DEBUG_VALUE: mbedtls_arc4_setup:j <- $r7
	@DEBUG_VALUE: mbedtls_arc4_setup:k <- $r6
	@DEBUG_VALUE: mbedtls_arc4_setup:m <- [DW_OP_plus_uconst 8, DW_OP_stack_value] $r0
	@DEBUG_VALUE: mbedtls_arc4_setup:ctx <- $r0
	@DEBUG_VALUE: mbedtls_arc4_setup:key <- [DW_OP_plus_uconst 4] [$sp+0]
	@DEBUG_VALUE: mbedtls_arc4_setup:keylen <- [DW_OP_plus_uconst 8] [$sp+0]
	ldr	r6, [sp]                        @ 4-byte Reload
.Ltmp21:
	.loc	1 0 13 is_stmt 0                @ ../../../ThirdParty/mbedTLS/library/arc4.c:0:13
	b	.LBB2_3
.Ltmp22:
.LBB2_6:
	@DEBUG_VALUE: mbedtls_arc4_setup:j <- $r7
	@DEBUG_VALUE: mbedtls_arc4_setup:k <- $r6
	@DEBUG_VALUE: mbedtls_arc4_setup:a <- $r1
	@DEBUG_VALUE: mbedtls_arc4_setup:m <- [DW_OP_plus_uconst 8, DW_OP_stack_value] $r0
	@DEBUG_VALUE: mbedtls_arc4_setup:ctx <- $r0
	@DEBUG_VALUE: mbedtls_arc4_setup:key <- [DW_OP_plus_uconst 4] [$sp+0]
	@DEBUG_VALUE: mbedtls_arc4_setup:keylen <- [DW_OP_plus_uconst 8] [$sp+0]
	.loc	1 92 1 is_stmt 1                @ ../../../ThirdParty/mbedTLS/library/arc4.c:92:1
	add	sp, #12
.Ltmp23:
	pop	{r4, r5, r6, r7, pc}
.Ltmp24:
.Lfunc_end2:
	.size	mbedtls_arc4_setup, .Lfunc_end2-mbedtls_arc4_setup
	.cfi_endproc
	.cantunwind
	.fnend
                                        @ -- End function
	.section	.text.mbedtls_arc4_crypt,"ax",%progbits
	.hidden	mbedtls_arc4_crypt              @ -- Begin function mbedtls_arc4_crypt
	.globl	mbedtls_arc4_crypt
	.p2align	1
	.type	mbedtls_arc4_crypt,%function
	.code	16                              @ @mbedtls_arc4_crypt
	.thumb_func
mbedtls_arc4_crypt:
.Lfunc_begin3:
	.loc	1 99 0                          @ ../../../ThirdParty/mbedTLS/library/arc4.c:99:0
	.fnstart
	.cfi_startproc
@ %bb.0:
	@DEBUG_VALUE: mbedtls_arc4_crypt:ctx <- $r0
	@DEBUG_VALUE: mbedtls_arc4_crypt:ctx <- $r0
	@DEBUG_VALUE: mbedtls_arc4_crypt:length <- $r1
	@DEBUG_VALUE: mbedtls_arc4_crypt:length <- $r1
	@DEBUG_VALUE: mbedtls_arc4_crypt:input <- $r2
	@DEBUG_VALUE: mbedtls_arc4_crypt:input <- $r2
	@DEBUG_VALUE: mbedtls_arc4_crypt:output <- $r3
	@DEBUG_VALUE: mbedtls_arc4_crypt:output <- $r3
	.save	{r4, r5, r6, r7, lr}
	push	{r4, r5, r6, r7, lr}
	.cfi_def_cfa_offset 20
	.cfi_offset lr, -4
	.cfi_offset r7, -8
	.cfi_offset r6, -12
	.cfi_offset r5, -16
	.cfi_offset r4, -20
	.pad	#4
	sub	sp, #4
	.cfi_def_cfa_offset 24
.Ltmp25:
	@DEBUG_VALUE: mbedtls_arc4_crypt:y <- undef
	@DEBUG_VALUE: mbedtls_arc4_crypt:x <- undef
	@DEBUG_VALUE: mbedtls_arc4_crypt:m <- [DW_OP_plus_uconst 8, DW_OP_stack_value] $r0
	@DEBUG_VALUE: mbedtls_arc4_crypt:i <- 0
	.loc	1 104 14 prologue_end           @ ../../../ThirdParty/mbedTLS/library/arc4.c:104:14
	ldr	r5, [r0]
	.loc	1 105 14                        @ ../../../ThirdParty/mbedTLS/library/arc4.c:105:14
	ldr	r4, [r0, #4]
.Ltmp26:
	.loc	1 108 5                         @ ../../../ThirdParty/mbedTLS/library/arc4.c:108:5
	str	r0, [sp]                        @ 4-byte Spill
	cbz	r1, .LBB3_3
.Ltmp27:
@ %bb.1:
	@DEBUG_VALUE: mbedtls_arc4_crypt:output <- $r3
	@DEBUG_VALUE: mbedtls_arc4_crypt:input <- $r2
	@DEBUG_VALUE: mbedtls_arc4_crypt:length <- $r1
	@DEBUG_VALUE: mbedtls_arc4_crypt:m <- [DW_OP_plus_uconst 8, DW_OP_stack_value] $r0
	@DEBUG_VALUE: mbedtls_arc4_crypt:ctx <- $r0
	@DEBUG_VALUE: mbedtls_arc4_crypt:i <- 0
	.loc	1 0 5 is_stmt 0                 @ ../../../ThirdParty/mbedTLS/library/arc4.c:0:5
	adds	r0, #8
.Ltmp28:
	@DEBUG_VALUE: mbedtls_arc4_crypt:ctx <- [DW_OP_LLVM_entry_value 1] $r0
.LBB3_2:                                @ =>This Inner Loop Header: Depth=1
	@DEBUG_VALUE: mbedtls_arc4_crypt:ctx <- [DW_OP_LLVM_entry_value 1] $r0
	@DEBUG_VALUE: mbedtls_arc4_crypt:y <- $r4
	@DEBUG_VALUE: mbedtls_arc4_crypt:x <- $r5
	@DEBUG_VALUE: mbedtls_arc4_crypt:i <- undef
	.loc	1 110 17 is_stmt 1              @ ../../../ThirdParty/mbedTLS/library/arc4.c:110:17
	adds	r5, r5, #1
.Ltmp29:
	.loc	1 110 23 is_stmt 0              @ ../../../ThirdParty/mbedTLS/library/arc4.c:110:23
	uxtb	r5, r5
.Ltmp30:
	@DEBUG_VALUE: mbedtls_arc4_crypt:x <- $r5
	.loc	1 111 13 is_stmt 1              @ ../../../ThirdParty/mbedTLS/library/arc4.c:111:13
	ldrb	r7, [r0, r5]
.Ltmp31:
	@DEBUG_VALUE: mbedtls_arc4_crypt:a <- $r7
	.loc	1 112 17                        @ ../../../ThirdParty/mbedTLS/library/arc4.c:112:17
	adds	r4, r4, r7
.Ltmp32:
	.loc	1 112 23 is_stmt 0              @ ../../../ThirdParty/mbedTLS/library/arc4.c:112:23
	uxtb	r4, r4
.Ltmp33:
	@DEBUG_VALUE: mbedtls_arc4_crypt:y <- $r4
	.loc	1 113 13 is_stmt 1              @ ../../../ThirdParty/mbedTLS/library/arc4.c:113:13
	ldrb	r6, [r0, r4]
.Ltmp34:
	@DEBUG_VALUE: mbedtls_arc4_crypt:b <- [DW_OP_LLVM_convert 8 7, DW_OP_LLVM_convert 32 7, DW_OP_stack_value] $r6
	.loc	1 115 14                        @ ../../../ThirdParty/mbedTLS/library/arc4.c:115:14
	strb	r6, [r0, r5]
	.loc	1 116 14                        @ ../../../ThirdParty/mbedTLS/library/arc4.c:116:14
	strb	r7, [r0, r4]
	.loc	1 119 55                        @ ../../../ThirdParty/mbedTLS/library/arc4.c:119:55
	adds	r6, r6, r7
.Ltmp35:
	.loc	1 119 34 is_stmt 0              @ ../../../ThirdParty/mbedTLS/library/arc4.c:119:34
	uxtb	r6, r6
	ldrb	r6, [r0, r6]
	.loc	1 119 23                        @ ../../../ThirdParty/mbedTLS/library/arc4.c:119:23
	ldrb	r7, [r2]
.Ltmp36:
	.loc	1 119 32                        @ ../../../ThirdParty/mbedTLS/library/arc4.c:119:32
	eors	r7, r6
	.loc	1 118 19 is_stmt 1              @ ../../../ThirdParty/mbedTLS/library/arc4.c:118:19
	strb	r7, [r3]
.Ltmp37:
	.loc	1 108 19                        @ ../../../ThirdParty/mbedTLS/library/arc4.c:108:19
	adds	r2, r2, #1
.Ltmp38:
	@DEBUG_VALUE: mbedtls_arc4_crypt:input <- [DW_OP_LLVM_entry_value 1] $r2
	adds	r3, r3, #1
.Ltmp39:
	@DEBUG_VALUE: mbedtls_arc4_crypt:output <- [DW_OP_LLVM_entry_value 1] $r3
	@DEBUG_VALUE: mbedtls_arc4_crypt:i <- [DW_OP_plus_uconst 1, DW_OP_stack_value] undef
	subs	r1, r1, #1
.Ltmp40:
	@DEBUG_VALUE: mbedtls_arc4_crypt:length <- [DW_OP_LLVM_entry_value 1] $r1
	.loc	1 108 5 is_stmt 0               @ ../../../ThirdParty/mbedTLS/library/arc4.c:108:5
	bne	.LBB3_2
.Ltmp41:
.LBB3_3:
	@DEBUG_VALUE: mbedtls_arc4_crypt:y <- $r4
	@DEBUG_VALUE: mbedtls_arc4_crypt:x <- $r5
	.loc	1 0 5                           @ ../../../ThirdParty/mbedTLS/library/arc4.c:0:5
	ldr	r0, [sp]                        @ 4-byte Reload
	.loc	1 122 12 is_stmt 1              @ ../../../ThirdParty/mbedTLS/library/arc4.c:122:12
	str	r5, [r0]
	.loc	1 123 12                        @ ../../../ThirdParty/mbedTLS/library/arc4.c:123:12
	str	r4, [r0, #4]
	movs	r0, #0
	.loc	1 125 5                         @ ../../../ThirdParty/mbedTLS/library/arc4.c:125:5
	add	sp, #4
	pop	{r4, r5, r6, r7, pc}
.Ltmp42:
.Lfunc_end3:
	.size	mbedtls_arc4_crypt, .Lfunc_end3-mbedtls_arc4_crypt
	.cfi_endproc
	.cantunwind
	.fnend
                                        @ -- End function
	.section	.text.mbedtls_arc4_self_test,"ax",%progbits
	.hidden	mbedtls_arc4_self_test          @ -- Begin function mbedtls_arc4_self_test
	.globl	mbedtls_arc4_self_test
	.p2align	2
	.type	mbedtls_arc4_self_test,%function
	.code	16                              @ @mbedtls_arc4_self_test
	.thumb_func
mbedtls_arc4_self_test:
.Lfunc_begin4:
	.loc	1 161 0                         @ ../../../ThirdParty/mbedTLS/library/arc4.c:161:0
	.fnstart
	.cfi_startproc
@ %bb.0:
	@DEBUG_VALUE: mbedtls_arc4_self_test:verbose <- $r0
	.save	{r4, r5, r6, r7, lr}
	push	{r4, r5, r6, r7, lr}
	.cfi_def_cfa_offset 20
	.cfi_offset lr, -4
	.cfi_offset r7, -8
	.cfi_offset r6, -12
	.cfi_offset r5, -16
	.cfi_offset r4, -20
	.pad	#308
	sub	sp, #308
	.cfi_def_cfa_offset 328
	mov	r6, r0
.Ltmp43:
	@DEBUG_VALUE: mbedtls_arc4_self_test:ret <- 0
	@DEBUG_VALUE: mbedtls_arc4_self_test:verbose <- $r6
	add	r0, sp, #24
.Ltmp44:
	.loc	1 167 5 prologue_end            @ ../../../ThirdParty/mbedTLS/library/arc4.c:167:5
	bl	mbedtls_arc4_init
	movs	r5, #1
	adr	r7, .LCPI4_0
	ldr	r0, __arm_cp.4_1
	str	r0, [sp, #20]                   @ 4-byte Spill
	ldr	r4, __arm_cp.4_2
.Ltmp45:
	@DEBUG_VALUE: mbedtls_arc4_self_test:i <- 0
	.loc	1 0 5 is_stmt 0                 @ ../../../ThirdParty/mbedTLS/library/arc4.c:0:5
	movs	r0, #8
	str	r0, [sp, #4]                    @ 4-byte Spill
	str	r6, [sp, #8]                    @ 4-byte Spill
	b	.LBB4_2
.Ltmp46:
.LBB4_1:                                @   in Loop: Header=BB4_2 Depth=1
	@DEBUG_VALUE: mbedtls_arc4_self_test:ibuf <- [DW_OP_plus_uconst 296, DW_OP_deref] $sp
	@DEBUG_VALUE: mbedtls_arc4_self_test:ret <- 0
	@DEBUG_VALUE: mbedtls_arc4_self_test:i <- [DW_OP_plus_uconst 1, DW_OP_stack_value] undef
	.loc	1 169 19 is_stmt 1              @ ../../../ThirdParty/mbedTLS/library/arc4.c:169:19
	adds	r4, #8
	ldr	r0, [sp, #20]                   @ 4-byte Reload
	adds	r0, #8
	str	r0, [sp, #20]                   @ 4-byte Spill
	adds	r7, #8
	ldr	r5, [sp, #12]                   @ 4-byte Reload
	adds	r5, r5, #1
.Ltmp47:
	.loc	1 169 5 is_stmt 0               @ ../../../ThirdParty/mbedTLS/library/arc4.c:169:5
	cmp	r5, #4
	beq	.LBB4_9
.Ltmp48:
.LBB4_2:                                @ =>This Inner Loop Header: Depth=1
	@DEBUG_VALUE: mbedtls_arc4_self_test:ret <- 0
	@DEBUG_VALUE: mbedtls_arc4_self_test:i <- undef
	.loc	1 0 5                           @ ../../../ThirdParty/mbedTLS/library/arc4.c:0:5
	str	r4, [sp, #16]                   @ 4-byte Spill
.Ltmp49:
	.loc	1 171 13 is_stmt 1              @ ../../../ThirdParty/mbedTLS/library/arc4.c:171:13
	cbz	r6, .LBB4_4
.Ltmp50:
@ %bb.3:                                @   in Loop: Header=BB4_2 Depth=1
	@DEBUG_VALUE: mbedtls_arc4_self_test:ret <- 0
	.loc	1 172 13                        @ ../../../ThirdParty/mbedTLS/library/arc4.c:172:13
	adr	r0, .LCPI4_3
	mov	r1, r5
	bl	__2printf
.Ltmp51:
.LBB4_4:                                @   in Loop: Header=BB4_2 Depth=1
	@DEBUG_VALUE: mbedtls_arc4_self_test:ret <- 0
	.loc	1 0 13 is_stmt 0                @ ../../../ThirdParty/mbedTLS/library/arc4.c:0:13
	str	r5, [sp, #12]                   @ 4-byte Spill
	.loc	1 174 9 is_stmt 1               @ ../../../ThirdParty/mbedTLS/library/arc4.c:174:9
	ldrb	r0, [r7]
	ldrb	r1, [r7, #1]
	lsls	r1, r1, #8
	adds	r0, r1, r0
	ldrb	r1, [r7, #2]
	ldrb	r2, [r7, #3]
	lsls	r2, r2, #8
	adds	r1, r2, r1
	lsls	r1, r1, #16
	adds	r0, r1, r0
.Ltmp52:
	@DEBUG_VALUE: mbedtls_arc4_self_test:ibuf <- [DW_OP_LLVM_fragment 0 32] $r0
	ldrb	r1, [r7, #6]
	ldrb	r2, [r7, #7]
	ldrb	r3, [r7, #4]
	ldrb	r4, [r7, #5]
	str	r0, [sp, #296]
	lsls	r0, r4, #8
.Ltmp53:
	adds	r0, r0, r3
	lsls	r2, r2, #8
	adds	r1, r2, r1
	lsls	r1, r1, #16
	adds	r0, r1, r0
.Ltmp54:
	@DEBUG_VALUE: mbedtls_arc4_self_test:ibuf <- [DW_OP_LLVM_fragment 32 32] $r0
	str	r0, [sp, #300]
	add	r4, sp, #24
	.loc	1 176 9                         @ ../../../ThirdParty/mbedTLS/library/arc4.c:176:9
	mov	r0, r4
.Ltmp55:
	ldr	r1, [sp, #20]                   @ 4-byte Reload
	ldr	r5, [sp, #4]                    @ 4-byte Reload
	mov	r2, r5
	bl	mbedtls_arc4_setup
.Ltmp56:
	@DEBUG_VALUE: mbedtls_arc4_self_test:ibuf <- [DW_OP_plus_uconst 296, DW_OP_deref] $sp
	.loc	1 0 9 is_stmt 0                 @ ../../../ThirdParty/mbedTLS/library/arc4.c:0:9
	add	r2, sp, #296
	add	r6, sp, #288
	.loc	1 177 9 is_stmt 1               @ ../../../ThirdParty/mbedTLS/library/arc4.c:177:9
	mov	r0, r4
	mov	r1, r5
	mov	r3, r6
	bl	mbedtls_arc4_crypt
.Ltmp57:
	.loc	1 179 13                        @ ../../../ThirdParty/mbedTLS/library/arc4.c:179:13
	mov	r0, r6
	ldr	r4, [sp, #16]                   @ 4-byte Reload
	mov	r1, r4
	mov	r2, r5
	bl	memcmp
.Ltmp58:
	.loc	1 179 13 is_stmt 0              @ ../../../ThirdParty/mbedTLS/library/arc4.c:179:13
	cbnz	r0, .LBB4_7
.Ltmp59:
@ %bb.5:                                @   in Loop: Header=BB4_2 Depth=1
	@DEBUG_VALUE: mbedtls_arc4_self_test:ibuf <- [DW_OP_plus_uconst 296, DW_OP_deref] $sp
	@DEBUG_VALUE: mbedtls_arc4_self_test:ret <- 0
	.loc	1 0 13                          @ ../../../ThirdParty/mbedTLS/library/arc4.c:0:13
	ldr	r6, [sp, #8]                    @ 4-byte Reload
	.loc	1 188 13 is_stmt 1              @ ../../../ThirdParty/mbedTLS/library/arc4.c:188:13
	cmp	r6, #0
	beq	.LBB4_1
.Ltmp60:
@ %bb.6:                                @   in Loop: Header=BB4_2 Depth=1
	@DEBUG_VALUE: mbedtls_arc4_self_test:ibuf <- [DW_OP_plus_uconst 296, DW_OP_deref] $sp
	@DEBUG_VALUE: mbedtls_arc4_self_test:ret <- 0
	.loc	1 189 13                        @ ../../../ThirdParty/mbedTLS/library/arc4.c:189:13
	adr	r0, .LCPI4_5
	bl	puts
	b	.LBB4_1
.Ltmp61:
.LBB4_7:
	@DEBUG_VALUE: mbedtls_arc4_self_test:ibuf <- [DW_OP_plus_uconst 296, DW_OP_deref] $sp
	@DEBUG_VALUE: mbedtls_arc4_self_test:ret <- 0
	.loc	1 0 13 is_stmt 0                @ ../../../ThirdParty/mbedTLS/library/arc4.c:0:13
	movs	r4, #1
.Ltmp62:
	.loc	1 181 17 is_stmt 1              @ ../../../ThirdParty/mbedTLS/library/arc4.c:181:17
	ldr	r0, [sp, #8]                    @ 4-byte Reload
	cbz	r0, .LBB4_11
.Ltmp63:
@ %bb.8:
	@DEBUG_VALUE: mbedtls_arc4_self_test:ibuf <- [DW_OP_plus_uconst 296, DW_OP_deref] $sp
	@DEBUG_VALUE: mbedtls_arc4_self_test:ret <- 0
	.loc	1 182 17                        @ ../../../ThirdParty/mbedTLS/library/arc4.c:182:17
	adr	r0, .LCPI4_4
	bl	puts
	b	.LBB4_11
.Ltmp64:
.LBB4_9:
	@DEBUG_VALUE: mbedtls_arc4_self_test:ibuf <- [DW_OP_plus_uconst 296, DW_OP_deref] $sp
	@DEBUG_VALUE: mbedtls_arc4_self_test:ret <- 0
	.loc	1 0 17 is_stmt 0                @ ../../../ThirdParty/mbedTLS/library/arc4.c:0:17
	movs	r4, #0
	.loc	1 192 9 is_stmt 1               @ ../../../ThirdParty/mbedTLS/library/arc4.c:192:9
	cbz	r6, .LBB4_11
.Ltmp65:
@ %bb.10:
	@DEBUG_VALUE: mbedtls_arc4_self_test:ibuf <- [DW_OP_plus_uconst 296, DW_OP_deref] $sp
	@DEBUG_VALUE: mbedtls_arc4_self_test:ret <- 0
	.loc	1 0 9 is_stmt 0                 @ ../../../ThirdParty/mbedTLS/library/arc4.c:0:9
	movs	r0, #10
.Ltmp66:
	.loc	1 193 9 is_stmt 1               @ ../../../ThirdParty/mbedTLS/library/arc4.c:193:9
	bl	putchar
.Ltmp67:
.LBB4_11:
	@DEBUG_VALUE: mbedtls_arc4_self_test:ibuf <- [DW_OP_plus_uconst 296, DW_OP_deref] $sp
	@DEBUG_VALUE: mbedtls_arc4_self_test:ret <- 0
	@DEBUG_VALUE: mbedtls_arc4_self_test:ret <- $r4
	@DEBUG_LABEL: mbedtls_arc4_self_test:exit
	.loc	1 0 9 is_stmt 0                 @ ../../../ThirdParty/mbedTLS/library/arc4.c:0:9
	add	r0, sp, #24
	.loc	1 196 5 is_stmt 1               @ ../../../ThirdParty/mbedTLS/library/arc4.c:196:5
	bl	mbedtls_arc4_free
	.loc	1 198 5                         @ ../../../ThirdParty/mbedTLS/library/arc4.c:198:5
	mov	r0, r4
	add	sp, #308
.Ltmp68:
	pop	{r4, r5, r6, r7, pc}
.Ltmp69:
	.p2align	2
@ %bb.12:
	.loc	1 0 5 is_stmt 0                 @ ../../../ThirdParty/mbedTLS/library/arc4.c:0:5
.LCPI4_0:
arc4_test_pt:
	.ascii	"\001#Eg\211\253\315\357"
	.zero	8
	.zero	8
__arm_cp.4_1:
	.long	arc4_test_key
.Lcpi_end0:
	.size	__arm_cp.4_1, .Lcpi_end0-__arm_cp.4_1
__arm_cp.4_2:
	.long	arc4_test_ct
.Lcpi_end1:
	.size	__arm_cp.4_2, .Lcpi_end1-__arm_cp.4_2
.LCPI4_3:
.L.str:
	.asciz	"  ARC4 test #%d: \000\000"
.LCPI4_4:
.Lstr.4:
	.asciz	"failed\000"
.LCPI4_5:
.Lstr:
	.asciz	"passed\000"
.Lfunc_end4:
	.size	mbedtls_arc4_self_test, .Lfunc_end4-mbedtls_arc4_self_test
	.cfi_endproc
	.cantunwind
	.fnend
                                        @ -- End function
	.type	arc4_test_key,%object           @ @arc4_test_key
	.section	.rodata.arc4_test_key,"a",%progbits
arc4_test_key:
	.ascii	"\001#Eg\211\253\315\357"
	.ascii	"\001#Eg\211\253\315\357"
	.zero	8
	.size	arc4_test_key, 24

	.type	arc4_test_ct,%object            @ @arc4_test_ct
	.section	.rodata.arc4_test_ct,"a",%progbits
arc4_test_ct:
	.ascii	"u\267\207\200\231\340\305\226"
	.ascii	"t\224\302\347\020K\by"
	.ascii	"\336\030\211A\2437]:"
	.size	arc4_test_ct, 24

	.globl	_printf_percent
	.globl	_printf_d
	.globl	_printf_int_dec
	.hidden	_printf_percent
	.hidden	_printf_d
	.hidden	_printf_int_dec
	.file	2 "C:\\Users\\shw26\\OneDrive\\Desktop\\2021\\2021-1\\\354\272\241\354\212\244\355\206\244\353\224\224\354\236\220\354\235\2702\\Nuvoton\\M2351_BSP_v3.00.004\\M2351Series_BSP_CMSIS_V3.00.004\\MyProject\\PulseMonitoring\\Secure" "../../../ThirdParty/mbedTLS/include/mbedtls\\arc4.h"
	.file	3 "C:\\" "Keil_v5\\ARM\\ARMCLANG\\Bin\\..\\include\\stddef.h"
	.section	.debug_loc,"",%progbits
.Ldebug_loc0:
	.long	-1
	.long	.Lfunc_begin0                   @   base address
	.long	.Lfunc_begin0-.Lfunc_begin0
	.long	.Ltmp1-.Lfunc_begin0
	.short	1                               @ Loc expr size
	.byte	80                              @ DW_OP_reg0
	.long	.Ltmp1-.Lfunc_begin0
	.long	.Lfunc_end0-.Lfunc_begin0
	.short	3                               @ Loc expr size
	.byte	163                             @ DW_OP_entry_value
	.byte	1                               @ 1
	.byte	80                              @ DW_OP_reg0
	.long	0
	.long	0
.Ldebug_loc1:
	.long	-1
	.long	.Lfunc_begin1                   @   base address
	.long	.Lfunc_begin1-.Lfunc_begin1
	.long	.Ltmp5-.Lfunc_begin1
	.short	1                               @ Loc expr size
	.byte	80                              @ DW_OP_reg0
	.long	0
	.long	0
.Ldebug_loc2:
	.long	-1
	.long	.Lfunc_begin2                   @   base address
	.long	.Lfunc_begin2-.Lfunc_begin2
	.long	.Ltmp7-.Lfunc_begin2
	.short	1                               @ Loc expr size
	.byte	81                              @ DW_OP_reg1
	.long	.Ltmp7-.Lfunc_begin2
	.long	.Ltmp23-.Lfunc_begin2
	.short	2                               @ Loc expr size
	.byte	125                             @ DW_OP_breg13
	.byte	4                               @ 4
	.long	0
	.long	0
.Ldebug_loc3:
	.long	-1
	.long	.Lfunc_begin2                   @   base address
	.long	.Lfunc_begin2-.Lfunc_begin2
	.long	.Ltmp7-.Lfunc_begin2
	.short	1                               @ Loc expr size
	.byte	82                              @ DW_OP_reg2
	.long	.Ltmp7-.Lfunc_begin2
	.long	.Ltmp23-.Lfunc_begin2
	.short	2                               @ Loc expr size
	.byte	125                             @ DW_OP_breg13
	.byte	8                               @ 8
	.long	0
	.long	0
.Ldebug_loc4:
	.long	-1
	.long	.Lfunc_begin2                   @   base address
	.long	.Ltmp7-.Lfunc_begin2
	.long	.Ltmp9-.Lfunc_begin2
	.short	2                               @ Loc expr size
	.byte	17                              @ DW_OP_consts
	.byte	0                               @ 0
	.long	.Ltmp9-.Lfunc_begin2
	.long	.Ltmp12-.Lfunc_begin2
	.short	1                               @ Loc expr size
	.byte	85                              @ DW_OP_reg5
	.long	0
	.long	0
.Ldebug_loc5:
	.long	-1
	.long	.Lfunc_begin2                   @   base address
	.long	.Ltmp12-.Lfunc_begin2
	.long	.Ltmp14-.Lfunc_begin2
	.short	1                               @ Loc expr size
	.byte	87                              @ DW_OP_reg7
	.long	.Ltmp15-.Lfunc_begin2
	.long	.Ltmp24-.Lfunc_begin2
	.short	1                               @ Loc expr size
	.byte	87                              @ DW_OP_reg7
	.long	0
	.long	0
.Ldebug_loc6:
	.long	-1
	.long	.Lfunc_begin2                   @   base address
	.long	.Ltmp12-.Lfunc_begin2
	.long	.Ltmp21-.Lfunc_begin2
	.short	1                               @ Loc expr size
	.byte	86                              @ DW_OP_reg6
	.long	.Ltmp22-.Lfunc_begin2
	.long	.Ltmp24-.Lfunc_begin2
	.short	1                               @ Loc expr size
	.byte	86                              @ DW_OP_reg6
	.long	0
	.long	0
.Ldebug_loc7:
	.long	-1
	.long	.Lfunc_begin2                   @   base address
	.long	.Ltmp13-.Lfunc_begin2
	.long	.Ltmp19-.Lfunc_begin2
	.short	1                               @ Loc expr size
	.byte	81                              @ DW_OP_reg1
	.long	.Ltmp22-.Lfunc_begin2
	.long	.Lfunc_end2-.Lfunc_begin2
	.short	1                               @ Loc expr size
	.byte	81                              @ DW_OP_reg1
	.long	0
	.long	0
.Ldebug_loc8:
	.long	-1
	.long	.Lfunc_begin3                   @   base address
	.long	.Lfunc_begin3-.Lfunc_begin3
	.long	.Ltmp28-.Lfunc_begin3
	.short	1                               @ Loc expr size
	.byte	80                              @ DW_OP_reg0
	.long	.Ltmp28-.Lfunc_begin3
	.long	.Ltmp41-.Lfunc_begin3
	.short	3                               @ Loc expr size
	.byte	163                             @ DW_OP_entry_value
	.byte	1                               @ 1
	.byte	80                              @ DW_OP_reg0
	.long	0
	.long	0
.Ldebug_loc9:
	.long	-1
	.long	.Lfunc_begin3                   @   base address
	.long	.Lfunc_begin3-.Lfunc_begin3
	.long	.Ltmp28-.Lfunc_begin3
	.short	1                               @ Loc expr size
	.byte	81                              @ DW_OP_reg1
	.long	.Ltmp40-.Lfunc_begin3
	.long	.Ltmp41-.Lfunc_begin3
	.short	3                               @ Loc expr size
	.byte	163                             @ DW_OP_entry_value
	.byte	1                               @ 1
	.byte	81                              @ DW_OP_reg1
	.long	0
	.long	0
.Ldebug_loc10:
	.long	-1
	.long	.Lfunc_begin3                   @   base address
	.long	.Lfunc_begin3-.Lfunc_begin3
	.long	.Ltmp28-.Lfunc_begin3
	.short	1                               @ Loc expr size
	.byte	82                              @ DW_OP_reg2
	.long	.Ltmp38-.Lfunc_begin3
	.long	.Ltmp41-.Lfunc_begin3
	.short	3                               @ Loc expr size
	.byte	163                             @ DW_OP_entry_value
	.byte	1                               @ 1
	.byte	82                              @ DW_OP_reg2
	.long	0
	.long	0
.Ldebug_loc11:
	.long	-1
	.long	.Lfunc_begin3                   @   base address
	.long	.Lfunc_begin3-.Lfunc_begin3
	.long	.Ltmp28-.Lfunc_begin3
	.short	1                               @ Loc expr size
	.byte	83                              @ DW_OP_reg3
	.long	.Ltmp39-.Lfunc_begin3
	.long	.Ltmp41-.Lfunc_begin3
	.short	3                               @ Loc expr size
	.byte	163                             @ DW_OP_entry_value
	.byte	1                               @ 1
	.byte	83                              @ DW_OP_reg3
	.long	0
	.long	0
.Ldebug_loc12:
	.long	-1
	.long	.Lfunc_begin3                   @   base address
	.long	.Ltmp28-.Lfunc_begin3
	.long	.Ltmp32-.Lfunc_begin3
	.short	1                               @ Loc expr size
	.byte	84                              @ DW_OP_reg4
	.long	.Ltmp33-.Lfunc_begin3
	.long	.Ltmp42-.Lfunc_begin3
	.short	1                               @ Loc expr size
	.byte	84                              @ DW_OP_reg4
	.long	0
	.long	0
.Ldebug_loc13:
	.long	-1
	.long	.Lfunc_begin3                   @   base address
	.long	.Ltmp28-.Lfunc_begin3
	.long	.Ltmp29-.Lfunc_begin3
	.short	1                               @ Loc expr size
	.byte	85                              @ DW_OP_reg5
	.long	.Ltmp30-.Lfunc_begin3
	.long	.Ltmp42-.Lfunc_begin3
	.short	1                               @ Loc expr size
	.byte	85                              @ DW_OP_reg5
	.long	0
	.long	0
.Ldebug_loc14:
	.long	-1
	.long	.Lfunc_begin3                   @   base address
	.long	.Ltmp25-.Lfunc_begin3
	.long	.Ltmp28-.Lfunc_begin3
	.short	1                               @ Loc expr size
	.byte	48                              @ DW_OP_lit0
	.long	0
	.long	0
.Ldebug_loc15:
	.long	-1
	.long	.Lfunc_begin3                   @   base address
	.long	.Ltmp31-.Lfunc_begin3
	.long	.Ltmp36-.Lfunc_begin3
	.short	1                               @ Loc expr size
	.byte	87                              @ DW_OP_reg7
	.long	0
	.long	0
.Ldebug_loc16:
	.long	-1
	.long	.Lfunc_begin4                   @   base address
	.long	.Lfunc_begin4-.Lfunc_begin4
	.long	.Ltmp43-.Lfunc_begin4
	.short	1                               @ Loc expr size
	.byte	80                              @ DW_OP_reg0
	.long	.Ltmp43-.Lfunc_begin4
	.long	.Ltmp46-.Lfunc_begin4
	.short	1                               @ Loc expr size
	.byte	86                              @ DW_OP_reg6
	.long	0
	.long	0
.Ldebug_loc17:
	.long	-1
	.long	.Lfunc_begin4                   @   base address
	.long	.Ltmp43-.Lfunc_begin4
	.long	.Ltmp67-.Lfunc_begin4
	.short	2                               @ Loc expr size
	.byte	17                              @ DW_OP_consts
	.byte	0                               @ 0
	.long	.Ltmp67-.Lfunc_begin4
	.long	.Ltmp69-.Lfunc_begin4
	.short	1                               @ Loc expr size
	.byte	84                              @ DW_OP_reg4
	.long	0
	.long	0
.Ldebug_loc18:
	.long	-1
	.long	.Lfunc_begin4                   @   base address
	.long	.Ltmp45-.Lfunc_begin4
	.long	.Ltmp46-.Lfunc_begin4
	.short	2                               @ Loc expr size
	.byte	17                              @ DW_OP_consts
	.byte	0                               @ 0
	.long	0
	.long	0
.Ldebug_loc19:
	.long	-1
	.long	.Lfunc_begin4                   @   base address
	.long	.Ltmp46-.Lfunc_begin4
	.long	.Ltmp48-.Lfunc_begin4
	.short	3                               @ Loc expr size
	.byte	125                             @ DW_OP_breg13
	.byte	168                             @ 296
	.byte	2                               @ 
	.long	.Ltmp52-.Lfunc_begin4
	.long	.Ltmp53-.Lfunc_begin4
	.short	3                               @ Loc expr size
	.byte	80                              @ DW_OP_reg0
	.byte	147                             @ DW_OP_piece
	.byte	4                               @ 4
	.long	.Ltmp54-.Lfunc_begin4
	.long	.Ltmp55-.Lfunc_begin4
	.short	5                               @ Loc expr size
	.byte	147                             @ DW_OP_piece
	.byte	4                               @ 4
	.byte	80                              @ DW_OP_reg0
	.byte	147                             @ DW_OP_piece
	.byte	4                               @ 4
	.long	.Ltmp56-.Lfunc_begin4
	.long	.Ltmp68-.Lfunc_begin4
	.short	3                               @ Loc expr size
	.byte	125                             @ DW_OP_breg13
	.byte	168                             @ 296
	.byte	2                               @ 
	.long	0
	.long	0
	.section	.debug_abbrev,"",%progbits
	.byte	1                               @ Abbreviation Code
	.byte	17                              @ DW_TAG_compile_unit
	.byte	1                               @ DW_CHILDREN_yes
	.byte	37                              @ DW_AT_producer
	.byte	14                              @ DW_FORM_strp
	.byte	19                              @ DW_AT_language
	.byte	5                               @ DW_FORM_data2
	.byte	3                               @ DW_AT_name
	.byte	14                              @ DW_FORM_strp
	.byte	16                              @ DW_AT_stmt_list
	.byte	6                               @ DW_FORM_data4
	.byte	27                              @ DW_AT_comp_dir
	.byte	14                              @ DW_FORM_strp
	.byte	17                              @ DW_AT_low_pc
	.byte	1                               @ DW_FORM_addr
	.byte	85                              @ DW_AT_ranges
	.byte	6                               @ DW_FORM_data4
	.byte	0                               @ EOM(1)
	.byte	0                               @ EOM(2)
	.byte	2                               @ Abbreviation Code
	.byte	52                              @ DW_TAG_variable
	.byte	0                               @ DW_CHILDREN_no
	.byte	3                               @ DW_AT_name
	.byte	14                              @ DW_FORM_strp
	.byte	73                              @ DW_AT_type
	.byte	19                              @ DW_FORM_ref4
	.byte	58                              @ DW_AT_decl_file
	.byte	11                              @ DW_FORM_data1
	.byte	59                              @ DW_AT_decl_line
	.byte	11                              @ DW_FORM_data1
	.byte	2                               @ DW_AT_location
	.byte	10                              @ DW_FORM_block1
	.byte	0                               @ EOM(1)
	.byte	0                               @ EOM(2)
	.byte	3                               @ Abbreviation Code
	.byte	1                               @ DW_TAG_array_type
	.byte	1                               @ DW_CHILDREN_yes
	.byte	73                              @ DW_AT_type
	.byte	19                              @ DW_FORM_ref4
	.byte	0                               @ EOM(1)
	.byte	0                               @ EOM(2)
	.byte	4                               @ Abbreviation Code
	.byte	33                              @ DW_TAG_subrange_type
	.byte	0                               @ DW_CHILDREN_no
	.byte	73                              @ DW_AT_type
	.byte	19                              @ DW_FORM_ref4
	.byte	55                              @ DW_AT_count
	.byte	11                              @ DW_FORM_data1
	.byte	0                               @ EOM(1)
	.byte	0                               @ EOM(2)
	.byte	5                               @ Abbreviation Code
	.byte	38                              @ DW_TAG_const_type
	.byte	0                               @ DW_CHILDREN_no
	.byte	73                              @ DW_AT_type
	.byte	19                              @ DW_FORM_ref4
	.byte	0                               @ EOM(1)
	.byte	0                               @ EOM(2)
	.byte	6                               @ Abbreviation Code
	.byte	36                              @ DW_TAG_base_type
	.byte	0                               @ DW_CHILDREN_no
	.byte	3                               @ DW_AT_name
	.byte	14                              @ DW_FORM_strp
	.byte	62                              @ DW_AT_encoding
	.byte	11                              @ DW_FORM_data1
	.byte	11                              @ DW_AT_byte_size
	.byte	11                              @ DW_FORM_data1
	.byte	0                               @ EOM(1)
	.byte	0                               @ EOM(2)
	.byte	7                               @ Abbreviation Code
	.byte	36                              @ DW_TAG_base_type
	.byte	0                               @ DW_CHILDREN_no
	.byte	3                               @ DW_AT_name
	.byte	14                              @ DW_FORM_strp
	.byte	11                              @ DW_AT_byte_size
	.byte	11                              @ DW_FORM_data1
	.byte	62                              @ DW_AT_encoding
	.byte	11                              @ DW_FORM_data1
	.byte	0                               @ EOM(1)
	.byte	0                               @ EOM(2)
	.byte	8                               @ Abbreviation Code
	.byte	46                              @ DW_TAG_subprogram
	.byte	1                               @ DW_CHILDREN_yes
	.byte	17                              @ DW_AT_low_pc
	.byte	1                               @ DW_FORM_addr
	.byte	18                              @ DW_AT_high_pc
	.byte	1                               @ DW_FORM_addr
	.byte	64                              @ DW_AT_frame_base
	.byte	10                              @ DW_FORM_block1
	.byte	3                               @ DW_AT_name
	.byte	14                              @ DW_FORM_strp
	.byte	58                              @ DW_AT_decl_file
	.byte	11                              @ DW_FORM_data1
	.byte	59                              @ DW_AT_decl_line
	.byte	11                              @ DW_FORM_data1
	.byte	39                              @ DW_AT_prototyped
	.byte	12                              @ DW_FORM_flag
	.byte	63                              @ DW_AT_external
	.byte	12                              @ DW_FORM_flag
	.byte	0                               @ EOM(1)
	.byte	0                               @ EOM(2)
	.byte	9                               @ Abbreviation Code
	.byte	5                               @ DW_TAG_formal_parameter
	.byte	0                               @ DW_CHILDREN_no
	.byte	2                               @ DW_AT_location
	.byte	6                               @ DW_FORM_data4
	.byte	3                               @ DW_AT_name
	.byte	14                              @ DW_FORM_strp
	.byte	58                              @ DW_AT_decl_file
	.byte	11                              @ DW_FORM_data1
	.byte	59                              @ DW_AT_decl_line
	.byte	11                              @ DW_FORM_data1
	.byte	73                              @ DW_AT_type
	.byte	19                              @ DW_FORM_ref4
	.byte	0                               @ EOM(1)
	.byte	0                               @ EOM(2)
	.byte	10                              @ Abbreviation Code
	.byte	5                               @ DW_TAG_formal_parameter
	.byte	0                               @ DW_CHILDREN_no
	.byte	2                               @ DW_AT_location
	.byte	10                              @ DW_FORM_block1
	.byte	3                               @ DW_AT_name
	.byte	14                              @ DW_FORM_strp
	.byte	58                              @ DW_AT_decl_file
	.byte	11                              @ DW_FORM_data1
	.byte	59                              @ DW_AT_decl_line
	.byte	11                              @ DW_FORM_data1
	.byte	73                              @ DW_AT_type
	.byte	19                              @ DW_FORM_ref4
	.byte	0                               @ EOM(1)
	.byte	0                               @ EOM(2)
	.byte	11                              @ Abbreviation Code
	.byte	52                              @ DW_TAG_variable
	.byte	0                               @ DW_CHILDREN_no
	.byte	2                               @ DW_AT_location
	.byte	6                               @ DW_FORM_data4
	.byte	3                               @ DW_AT_name
	.byte	14                              @ DW_FORM_strp
	.byte	58                              @ DW_AT_decl_file
	.byte	11                              @ DW_FORM_data1
	.byte	59                              @ DW_AT_decl_line
	.byte	11                              @ DW_FORM_data1
	.byte	73                              @ DW_AT_type
	.byte	19                              @ DW_FORM_ref4
	.byte	0                               @ EOM(1)
	.byte	0                               @ EOM(2)
	.byte	12                              @ Abbreviation Code
	.byte	52                              @ DW_TAG_variable
	.byte	0                               @ DW_CHILDREN_no
	.byte	3                               @ DW_AT_name
	.byte	14                              @ DW_FORM_strp
	.byte	58                              @ DW_AT_decl_file
	.byte	11                              @ DW_FORM_data1
	.byte	59                              @ DW_AT_decl_line
	.byte	11                              @ DW_FORM_data1
	.byte	73                              @ DW_AT_type
	.byte	19                              @ DW_FORM_ref4
	.byte	0                               @ EOM(1)
	.byte	0                               @ EOM(2)
	.byte	13                              @ Abbreviation Code
	.byte	46                              @ DW_TAG_subprogram
	.byte	1                               @ DW_CHILDREN_yes
	.byte	17                              @ DW_AT_low_pc
	.byte	1                               @ DW_FORM_addr
	.byte	18                              @ DW_AT_high_pc
	.byte	1                               @ DW_FORM_addr
	.byte	64                              @ DW_AT_frame_base
	.byte	10                              @ DW_FORM_block1
	.byte	3                               @ DW_AT_name
	.byte	14                              @ DW_FORM_strp
	.byte	58                              @ DW_AT_decl_file
	.byte	11                              @ DW_FORM_data1
	.byte	59                              @ DW_AT_decl_line
	.byte	11                              @ DW_FORM_data1
	.byte	39                              @ DW_AT_prototyped
	.byte	12                              @ DW_FORM_flag
	.byte	73                              @ DW_AT_type
	.byte	19                              @ DW_FORM_ref4
	.byte	63                              @ DW_AT_external
	.byte	12                              @ DW_FORM_flag
	.byte	0                               @ EOM(1)
	.byte	0                               @ EOM(2)
	.byte	14                              @ Abbreviation Code
	.byte	52                              @ DW_TAG_variable
	.byte	0                               @ DW_CHILDREN_no
	.byte	2                               @ DW_AT_location
	.byte	10                              @ DW_FORM_block1
	.byte	3                               @ DW_AT_name
	.byte	14                              @ DW_FORM_strp
	.byte	58                              @ DW_AT_decl_file
	.byte	11                              @ DW_FORM_data1
	.byte	59                              @ DW_AT_decl_line
	.byte	11                              @ DW_FORM_data1
	.byte	73                              @ DW_AT_type
	.byte	19                              @ DW_FORM_ref4
	.byte	0                               @ EOM(1)
	.byte	0                               @ EOM(2)
	.byte	15                              @ Abbreviation Code
	.byte	10                              @ DW_TAG_label
	.byte	0                               @ DW_CHILDREN_no
	.byte	3                               @ DW_AT_name
	.byte	14                              @ DW_FORM_strp
	.byte	58                              @ DW_AT_decl_file
	.byte	11                              @ DW_FORM_data1
	.byte	59                              @ DW_AT_decl_line
	.byte	11                              @ DW_FORM_data1
	.byte	17                              @ DW_AT_low_pc
	.byte	1                               @ DW_FORM_addr
	.byte	0                               @ EOM(1)
	.byte	0                               @ EOM(2)
	.byte	16                              @ Abbreviation Code
	.byte	15                              @ DW_TAG_pointer_type
	.byte	0                               @ DW_CHILDREN_no
	.byte	73                              @ DW_AT_type
	.byte	19                              @ DW_FORM_ref4
	.byte	0                               @ EOM(1)
	.byte	0                               @ EOM(2)
	.byte	17                              @ Abbreviation Code
	.byte	22                              @ DW_TAG_typedef
	.byte	0                               @ DW_CHILDREN_no
	.byte	73                              @ DW_AT_type
	.byte	19                              @ DW_FORM_ref4
	.byte	3                               @ DW_AT_name
	.byte	14                              @ DW_FORM_strp
	.byte	58                              @ DW_AT_decl_file
	.byte	11                              @ DW_FORM_data1
	.byte	59                              @ DW_AT_decl_line
	.byte	11                              @ DW_FORM_data1
	.byte	0                               @ EOM(1)
	.byte	0                               @ EOM(2)
	.byte	18                              @ Abbreviation Code
	.byte	19                              @ DW_TAG_structure_type
	.byte	1                               @ DW_CHILDREN_yes
	.byte	3                               @ DW_AT_name
	.byte	14                              @ DW_FORM_strp
	.byte	11                              @ DW_AT_byte_size
	.byte	5                               @ DW_FORM_data2
	.byte	58                              @ DW_AT_decl_file
	.byte	11                              @ DW_FORM_data1
	.byte	59                              @ DW_AT_decl_line
	.byte	11                              @ DW_FORM_data1
	.byte	0                               @ EOM(1)
	.byte	0                               @ EOM(2)
	.byte	19                              @ Abbreviation Code
	.byte	13                              @ DW_TAG_member
	.byte	0                               @ DW_CHILDREN_no
	.byte	3                               @ DW_AT_name
	.byte	14                              @ DW_FORM_strp
	.byte	73                              @ DW_AT_type
	.byte	19                              @ DW_FORM_ref4
	.byte	58                              @ DW_AT_decl_file
	.byte	11                              @ DW_FORM_data1
	.byte	59                              @ DW_AT_decl_line
	.byte	11                              @ DW_FORM_data1
	.byte	56                              @ DW_AT_data_member_location
	.byte	11                              @ DW_FORM_data1
	.byte	0                               @ EOM(1)
	.byte	0                               @ EOM(2)
	.byte	20                              @ Abbreviation Code
	.byte	33                              @ DW_TAG_subrange_type
	.byte	0                               @ DW_CHILDREN_no
	.byte	73                              @ DW_AT_type
	.byte	19                              @ DW_FORM_ref4
	.byte	55                              @ DW_AT_count
	.byte	5                               @ DW_FORM_data2
	.byte	0                               @ EOM(1)
	.byte	0                               @ EOM(2)
	.byte	0                               @ EOM(3)
	.section	.debug_info,"",%progbits
.Lcu_begin0:
	.long	.Ldebug_info_end0-.Ldebug_info_start0 @ Length of Unit
.Ldebug_info_start0:
	.short	3                               @ DWARF version number
	.long	.debug_abbrev                   @ Offset Into Abbrev. Section
	.byte	4                               @ Address Size (in bytes)
	.byte	1                               @ Abbrev [1] 0xb:0x2dc DW_TAG_compile_unit
	.long	.Linfo_string0                  @ DW_AT_producer
	.short	12                              @ DW_AT_language
	.long	.Linfo_string1                  @ DW_AT_name
	.long	.Lline_table_start0             @ DW_AT_stmt_list
	.long	.Linfo_string2                  @ DW_AT_comp_dir
	.long	0                               @ DW_AT_low_pc
	.long	.Ldebug_ranges0                 @ DW_AT_ranges
	.byte	2                               @ Abbrev [2] 0x26:0x11 DW_TAG_variable
	.long	.Linfo_string3                  @ DW_AT_name
	.long	55                              @ DW_AT_type
	.byte	1                               @ DW_AT_decl_file
	.byte	143                             @ DW_AT_decl_line
	.byte	5                               @ DW_AT_location
	.byte	3
	.long	arc4_test_pt
	.byte	3                               @ Abbrev [3] 0x37:0x12 DW_TAG_array_type
	.long	73                              @ DW_AT_type
	.byte	4                               @ Abbrev [4] 0x3c:0x6 DW_TAG_subrange_type
	.long	85                              @ DW_AT_type
	.byte	3                               @ DW_AT_count
	.byte	4                               @ Abbrev [4] 0x42:0x6 DW_TAG_subrange_type
	.long	85                              @ DW_AT_type
	.byte	8                               @ DW_AT_count
	.byte	0                               @ End Of Children Mark
	.byte	5                               @ Abbrev [5] 0x49:0x5 DW_TAG_const_type
	.long	78                              @ DW_AT_type
	.byte	6                               @ Abbrev [6] 0x4e:0x7 DW_TAG_base_type
	.long	.Linfo_string4                  @ DW_AT_name
	.byte	8                               @ DW_AT_encoding
	.byte	1                               @ DW_AT_byte_size
	.byte	7                               @ Abbrev [7] 0x55:0x7 DW_TAG_base_type
	.long	.Linfo_string5                  @ DW_AT_name
	.byte	8                               @ DW_AT_byte_size
	.byte	7                               @ DW_AT_encoding
	.byte	2                               @ Abbrev [2] 0x5c:0x11 DW_TAG_variable
	.long	.Linfo_string6                  @ DW_AT_name
	.long	55                              @ DW_AT_type
	.byte	1                               @ DW_AT_decl_file
	.byte	136                             @ DW_AT_decl_line
	.byte	5                               @ DW_AT_location
	.byte	3
	.long	arc4_test_key
	.byte	2                               @ Abbrev [2] 0x6d:0x11 DW_TAG_variable
	.long	.Linfo_string7                  @ DW_AT_name
	.long	55                              @ DW_AT_type
	.byte	1                               @ DW_AT_decl_file
	.byte	150                             @ DW_AT_decl_line
	.byte	5                               @ DW_AT_location
	.byte	3
	.long	arc4_test_ct
	.byte	8                               @ Abbrev [8] 0x7e:0x23 DW_TAG_subprogram
	.long	.Lfunc_begin0                   @ DW_AT_low_pc
	.long	.Lfunc_end0                     @ DW_AT_high_pc
	.byte	1                               @ DW_AT_frame_base
	.byte	93
	.long	.Linfo_string8                  @ DW_AT_name
	.byte	1                               @ DW_AT_decl_file
	.byte	51                              @ DW_AT_decl_line
	.byte	1                               @ DW_AT_prototyped
	.byte	1                               @ DW_AT_external
	.byte	9                               @ Abbrev [9] 0x91:0xf DW_TAG_formal_parameter
	.long	.Ldebug_loc0                    @ DW_AT_location
	.long	.Linfo_string14                 @ DW_AT_name
	.byte	1                               @ DW_AT_decl_file
	.byte	51                              @ DW_AT_decl_line
	.long	627                             @ DW_AT_type
	.byte	0                               @ End Of Children Mark
	.byte	8                               @ Abbrev [8] 0xa1:0x23 DW_TAG_subprogram
	.long	.Lfunc_begin1                   @ DW_AT_low_pc
	.long	.Lfunc_end1                     @ DW_AT_high_pc
	.byte	1                               @ DW_AT_frame_base
	.byte	93
	.long	.Linfo_string9                  @ DW_AT_name
	.byte	1                               @ DW_AT_decl_file
	.byte	56                              @ DW_AT_decl_line
	.byte	1                               @ DW_AT_prototyped
	.byte	1                               @ DW_AT_external
	.byte	9                               @ Abbrev [9] 0xb4:0xf DW_TAG_formal_parameter
	.long	.Ldebug_loc1                    @ DW_AT_location
	.long	.Linfo_string14                 @ DW_AT_name
	.byte	1                               @ DW_AT_decl_file
	.byte	56                              @ DW_AT_decl_line
	.long	627                             @ DW_AT_type
	.byte	0                               @ End Of Children Mark
	.byte	8                               @ Abbrev [8] 0xc4:0x86 DW_TAG_subprogram
	.long	.Lfunc_begin2                   @ DW_AT_low_pc
	.long	.Lfunc_end2                     @ DW_AT_high_pc
	.byte	1                               @ DW_AT_frame_base
	.byte	93
	.long	.Linfo_string10                 @ DW_AT_name
	.byte	1                               @ DW_AT_decl_file
	.byte	67                              @ DW_AT_decl_line
	.byte	1                               @ DW_AT_prototyped
	.byte	1                               @ DW_AT_external
	.byte	10                              @ Abbrev [10] 0xd7:0xd DW_TAG_formal_parameter
	.byte	1                               @ DW_AT_location
	.byte	80
	.long	.Linfo_string14                 @ DW_AT_name
	.byte	1                               @ DW_AT_decl_file
	.byte	67                              @ DW_AT_decl_line
	.long	627                             @ DW_AT_type
	.byte	9                               @ Abbrev [9] 0xe4:0xf DW_TAG_formal_parameter
	.long	.Ldebug_loc2                    @ DW_AT_location
	.long	.Linfo_string19                 @ DW_AT_name
	.byte	1                               @ DW_AT_decl_file
	.byte	67                              @ DW_AT_decl_line
	.long	702                             @ DW_AT_type
	.byte	9                               @ Abbrev [9] 0xf3:0xf DW_TAG_formal_parameter
	.long	.Ldebug_loc3                    @ DW_AT_location
	.long	.Linfo_string20                 @ DW_AT_name
	.byte	1                               @ DW_AT_decl_file
	.byte	68                              @ DW_AT_decl_line
	.long	707                             @ DW_AT_type
	.byte	11                              @ Abbrev [11] 0x102:0xf DW_TAG_variable
	.long	.Ldebug_loc4                    @ DW_AT_location
	.long	.Linfo_string22                 @ DW_AT_name
	.byte	1                               @ DW_AT_decl_file
	.byte	70                              @ DW_AT_decl_line
	.long	620                             @ DW_AT_type
	.byte	12                              @ Abbrev [12] 0x111:0xb DW_TAG_variable
	.long	.Linfo_string17                 @ DW_AT_name
	.byte	1                               @ DW_AT_decl_file
	.byte	72                              @ DW_AT_decl_line
	.long	714                             @ DW_AT_type
	.byte	11                              @ Abbrev [11] 0x11c:0xf DW_TAG_variable
	.long	.Ldebug_loc5                    @ DW_AT_location
	.long	.Linfo_string23                 @ DW_AT_name
	.byte	1                               @ DW_AT_decl_file
	.byte	70                              @ DW_AT_decl_line
	.long	620                             @ DW_AT_type
	.byte	11                              @ Abbrev [11] 0x12b:0xf DW_TAG_variable
	.long	.Ldebug_loc6                    @ DW_AT_location
	.long	.Linfo_string24                 @ DW_AT_name
	.byte	1                               @ DW_AT_decl_file
	.byte	71                              @ DW_AT_decl_line
	.long	707                             @ DW_AT_type
	.byte	11                              @ Abbrev [11] 0x13a:0xf DW_TAG_variable
	.long	.Ldebug_loc7                    @ DW_AT_location
	.long	.Linfo_string25                 @ DW_AT_name
	.byte	1                               @ DW_AT_decl_file
	.byte	70                              @ DW_AT_decl_line
	.long	620                             @ DW_AT_type
	.byte	0                               @ End Of Children Mark
	.byte	13                              @ Abbrev [13] 0x14a:0xa6 DW_TAG_subprogram
	.long	.Lfunc_begin3                   @ DW_AT_low_pc
	.long	.Lfunc_end3                     @ DW_AT_high_pc
	.byte	1                               @ DW_AT_frame_base
	.byte	93
	.long	.Linfo_string11                 @ DW_AT_name
	.byte	1                               @ DW_AT_decl_file
	.byte	97                              @ DW_AT_decl_line
	.byte	1                               @ DW_AT_prototyped
	.long	620                             @ DW_AT_type
	.byte	1                               @ DW_AT_external
	.byte	9                               @ Abbrev [9] 0x161:0xf DW_TAG_formal_parameter
	.long	.Ldebug_loc8                    @ DW_AT_location
	.long	.Linfo_string14                 @ DW_AT_name
	.byte	1                               @ DW_AT_decl_file
	.byte	97                              @ DW_AT_decl_line
	.long	627                             @ DW_AT_type
	.byte	9                               @ Abbrev [9] 0x170:0xf DW_TAG_formal_parameter
	.long	.Ldebug_loc9                    @ DW_AT_location
	.long	.Linfo_string26                 @ DW_AT_name
	.byte	1                               @ DW_AT_decl_file
	.byte	97                              @ DW_AT_decl_line
	.long	719                             @ DW_AT_type
	.byte	9                               @ Abbrev [9] 0x17f:0xf DW_TAG_formal_parameter
	.long	.Ldebug_loc10                   @ DW_AT_location
	.long	.Linfo_string28                 @ DW_AT_name
	.byte	1                               @ DW_AT_decl_file
	.byte	97                              @ DW_AT_decl_line
	.long	702                             @ DW_AT_type
	.byte	9                               @ Abbrev [9] 0x18e:0xf DW_TAG_formal_parameter
	.long	.Ldebug_loc11                   @ DW_AT_location
	.long	.Linfo_string29                 @ DW_AT_name
	.byte	1                               @ DW_AT_decl_file
	.byte	98                              @ DW_AT_decl_line
	.long	714                             @ DW_AT_type
	.byte	11                              @ Abbrev [11] 0x19d:0xf DW_TAG_variable
	.long	.Ldebug_loc12                   @ DW_AT_location
	.long	.Linfo_string16                 @ DW_AT_name
	.byte	1                               @ DW_AT_decl_file
	.byte	100                             @ DW_AT_decl_line
	.long	620                             @ DW_AT_type
	.byte	11                              @ Abbrev [11] 0x1ac:0xf DW_TAG_variable
	.long	.Ldebug_loc13                   @ DW_AT_location
	.long	.Linfo_string15                 @ DW_AT_name
	.byte	1                               @ DW_AT_decl_file
	.byte	100                             @ DW_AT_decl_line
	.long	620                             @ DW_AT_type
	.byte	12                              @ Abbrev [12] 0x1bb:0xb DW_TAG_variable
	.long	.Linfo_string17                 @ DW_AT_name
	.byte	1                               @ DW_AT_decl_file
	.byte	102                             @ DW_AT_decl_line
	.long	714                             @ DW_AT_type
	.byte	11                              @ Abbrev [11] 0x1c6:0xf DW_TAG_variable
	.long	.Ldebug_loc14                   @ DW_AT_location
	.long	.Linfo_string22                 @ DW_AT_name
	.byte	1                               @ DW_AT_decl_file
	.byte	101                             @ DW_AT_decl_line
	.long	719                             @ DW_AT_type
	.byte	11                              @ Abbrev [11] 0x1d5:0xf DW_TAG_variable
	.long	.Ldebug_loc15                   @ DW_AT_location
	.long	.Linfo_string25                 @ DW_AT_name
	.byte	1                               @ DW_AT_decl_file
	.byte	100                             @ DW_AT_decl_line
	.long	620                             @ DW_AT_type
	.byte	12                              @ Abbrev [12] 0x1e4:0xb DW_TAG_variable
	.long	.Linfo_string30                 @ DW_AT_name
	.byte	1                               @ DW_AT_decl_file
	.byte	100                             @ DW_AT_decl_line
	.long	620                             @ DW_AT_type
	.byte	0                               @ End Of Children Mark
	.byte	13                              @ Abbrev [13] 0x1f0:0x7c DW_TAG_subprogram
	.long	.Lfunc_begin4                   @ DW_AT_low_pc
	.long	.Lfunc_end4                     @ DW_AT_high_pc
	.byte	1                               @ DW_AT_frame_base
	.byte	93
	.long	.Linfo_string13                 @ DW_AT_name
	.byte	1                               @ DW_AT_decl_file
	.byte	160                             @ DW_AT_decl_line
	.byte	1                               @ DW_AT_prototyped
	.long	620                             @ DW_AT_type
	.byte	1                               @ DW_AT_external
	.byte	9                               @ Abbrev [9] 0x207:0xf DW_TAG_formal_parameter
	.long	.Ldebug_loc16                   @ DW_AT_location
	.long	.Linfo_string32                 @ DW_AT_name
	.byte	1                               @ DW_AT_decl_file
	.byte	160                             @ DW_AT_decl_line
	.long	620                             @ DW_AT_type
	.byte	14                              @ Abbrev [14] 0x216:0xf DW_TAG_variable
	.byte	3                               @ DW_AT_location
	.byte	145
	.ascii	"\240\002"
	.long	.Linfo_string31                 @ DW_AT_name
	.byte	1                               @ DW_AT_decl_file
	.byte	164                             @ DW_AT_decl_line
	.long	730                             @ DW_AT_type
	.byte	14                              @ Abbrev [14] 0x225:0xe DW_TAG_variable
	.byte	2                               @ DW_AT_location
	.byte	145
	.byte	24
	.long	.Linfo_string14                 @ DW_AT_name
	.byte	1                               @ DW_AT_decl_file
	.byte	165                             @ DW_AT_decl_line
	.long	632                             @ DW_AT_type
	.byte	11                              @ Abbrev [11] 0x233:0xf DW_TAG_variable
	.long	.Ldebug_loc17                   @ DW_AT_location
	.long	.Linfo_string33                 @ DW_AT_name
	.byte	1                               @ DW_AT_decl_file
	.byte	162                             @ DW_AT_decl_line
	.long	620                             @ DW_AT_type
	.byte	11                              @ Abbrev [11] 0x242:0xf DW_TAG_variable
	.long	.Ldebug_loc18                   @ DW_AT_location
	.long	.Linfo_string22                 @ DW_AT_name
	.byte	1                               @ DW_AT_decl_file
	.byte	162                             @ DW_AT_decl_line
	.long	620                             @ DW_AT_type
	.byte	11                              @ Abbrev [11] 0x251:0xf DW_TAG_variable
	.long	.Ldebug_loc19                   @ DW_AT_location
	.long	.Linfo_string34                 @ DW_AT_name
	.byte	1                               @ DW_AT_decl_file
	.byte	163                             @ DW_AT_decl_line
	.long	730                             @ DW_AT_type
	.byte	15                              @ Abbrev [15] 0x260:0xb DW_TAG_label
	.long	.Linfo_string35                 @ DW_AT_name
	.byte	1                               @ DW_AT_decl_file
	.byte	195                             @ DW_AT_decl_line
	.long	.Ltmp67                         @ DW_AT_low_pc
	.byte	0                               @ End Of Children Mark
	.byte	6                               @ Abbrev [6] 0x26c:0x7 DW_TAG_base_type
	.long	.Linfo_string12                 @ DW_AT_name
	.byte	5                               @ DW_AT_encoding
	.byte	4                               @ DW_AT_byte_size
	.byte	16                              @ Abbrev [16] 0x273:0x5 DW_TAG_pointer_type
	.long	632                             @ DW_AT_type
	.byte	17                              @ Abbrev [17] 0x278:0xb DW_TAG_typedef
	.long	643                             @ DW_AT_type
	.long	.Linfo_string18                 @ DW_AT_name
	.byte	2                               @ DW_AT_decl_file
	.byte	63                              @ DW_AT_decl_line
	.byte	18                              @ Abbrev [18] 0x283:0x2e DW_TAG_structure_type
	.long	.Linfo_string18                 @ DW_AT_name
	.short	264                             @ DW_AT_byte_size
	.byte	2                               @ DW_AT_decl_file
	.byte	57                              @ DW_AT_decl_line
	.byte	19                              @ Abbrev [19] 0x28c:0xc DW_TAG_member
	.long	.Linfo_string15                 @ DW_AT_name
	.long	620                             @ DW_AT_type
	.byte	2                               @ DW_AT_decl_file
	.byte	59                              @ DW_AT_decl_line
	.byte	0                               @ DW_AT_data_member_location
	.byte	19                              @ Abbrev [19] 0x298:0xc DW_TAG_member
	.long	.Linfo_string16                 @ DW_AT_name
	.long	620                             @ DW_AT_type
	.byte	2                               @ DW_AT_decl_file
	.byte	60                              @ DW_AT_decl_line
	.byte	4                               @ DW_AT_data_member_location
	.byte	19                              @ Abbrev [19] 0x2a4:0xc DW_TAG_member
	.long	.Linfo_string17                 @ DW_AT_name
	.long	689                             @ DW_AT_type
	.byte	2                               @ DW_AT_decl_file
	.byte	61                              @ DW_AT_decl_line
	.byte	8                               @ DW_AT_data_member_location
	.byte	0                               @ End Of Children Mark
	.byte	3                               @ Abbrev [3] 0x2b1:0xd DW_TAG_array_type
	.long	78                              @ DW_AT_type
	.byte	20                              @ Abbrev [20] 0x2b6:0x7 DW_TAG_subrange_type
	.long	85                              @ DW_AT_type
	.short	256                             @ DW_AT_count
	.byte	0                               @ End Of Children Mark
	.byte	16                              @ Abbrev [16] 0x2be:0x5 DW_TAG_pointer_type
	.long	73                              @ DW_AT_type
	.byte	6                               @ Abbrev [6] 0x2c3:0x7 DW_TAG_base_type
	.long	.Linfo_string21                 @ DW_AT_name
	.byte	7                               @ DW_AT_encoding
	.byte	4                               @ DW_AT_byte_size
	.byte	16                              @ Abbrev [16] 0x2ca:0x5 DW_TAG_pointer_type
	.long	78                              @ DW_AT_type
	.byte	17                              @ Abbrev [17] 0x2cf:0xb DW_TAG_typedef
	.long	707                             @ DW_AT_type
	.long	.Linfo_string27                 @ DW_AT_name
	.byte	3                               @ DW_AT_decl_file
	.byte	53                              @ DW_AT_decl_line
	.byte	3                               @ Abbrev [3] 0x2da:0xc DW_TAG_array_type
	.long	78                              @ DW_AT_type
	.byte	4                               @ Abbrev [4] 0x2df:0x6 DW_TAG_subrange_type
	.long	85                              @ DW_AT_type
	.byte	8                               @ DW_AT_count
	.byte	0                               @ End Of Children Mark
	.byte	0                               @ End Of Children Mark
.Ldebug_info_end0:
	.section	.debug_ranges,"",%progbits
.Ldebug_ranges0:
	.long	.Lfunc_begin0
	.long	.Lfunc_end0
	.long	.Lfunc_begin1
	.long	.Lfunc_end1
	.long	.Lfunc_begin2
	.long	.Lfunc_end2
	.long	.Lfunc_begin3
	.long	.Lfunc_end3
	.long	.Lfunc_begin4
	.long	.Lfunc_end4
	.long	0
	.long	0
	.section	.debug_str,"MS",%progbits,1
.Linfo_string0:
	.asciz	"Component: ARM Compiler 6.15 Tool: armclang [5dd79400]" @ string offset=0
.Linfo_string1:
	.asciz	"../../../ThirdParty/mbedTLS/library\\arc4.c" @ string offset=55
.Linfo_string2:
	.asciz	"C:\\Users\\shw26\\OneDrive\\Desktop\\2021\\2021-1\\\354\272\241\354\212\244\355\206\244\353\224\224\354\236\220\354\235\2702\\Nuvoton\\M2351_BSP_v3.00.004\\M2351Series_BSP_CMSIS_V3.00.004\\MyProject\\PulseMonitoring\\Secure" @ string offset=98
.Linfo_string3:
	.asciz	"arc4_test_pt"                  @ string offset=255
.Linfo_string4:
	.asciz	"unsigned char"                 @ string offset=268
.Linfo_string5:
	.asciz	"__ARRAY_SIZE_TYPE__"           @ string offset=282
.Linfo_string6:
	.asciz	"arc4_test_key"                 @ string offset=302
.Linfo_string7:
	.asciz	"arc4_test_ct"                  @ string offset=316
.Linfo_string8:
	.asciz	"mbedtls_arc4_init"             @ string offset=329
.Linfo_string9:
	.asciz	"mbedtls_arc4_free"             @ string offset=347
.Linfo_string10:
	.asciz	"mbedtls_arc4_setup"            @ string offset=365
.Linfo_string11:
	.asciz	"mbedtls_arc4_crypt"            @ string offset=384
.Linfo_string12:
	.asciz	"int"                           @ string offset=403
.Linfo_string13:
	.asciz	"mbedtls_arc4_self_test"        @ string offset=407
.Linfo_string14:
	.asciz	"ctx"                           @ string offset=430
.Linfo_string15:
	.asciz	"x"                             @ string offset=434
.Linfo_string16:
	.asciz	"y"                             @ string offset=436
.Linfo_string17:
	.asciz	"m"                             @ string offset=438
.Linfo_string18:
	.asciz	"mbedtls_arc4_context"          @ string offset=440
.Linfo_string19:
	.asciz	"key"                           @ string offset=461
.Linfo_string20:
	.asciz	"keylen"                        @ string offset=465
.Linfo_string21:
	.asciz	"unsigned int"                  @ string offset=472
.Linfo_string22:
	.asciz	"i"                             @ string offset=485
.Linfo_string23:
	.asciz	"j"                             @ string offset=487
.Linfo_string24:
	.asciz	"k"                             @ string offset=489
.Linfo_string25:
	.asciz	"a"                             @ string offset=491
.Linfo_string26:
	.asciz	"length"                        @ string offset=493
.Linfo_string27:
	.asciz	"size_t"                        @ string offset=500
.Linfo_string28:
	.asciz	"input"                         @ string offset=507
.Linfo_string29:
	.asciz	"output"                        @ string offset=513
.Linfo_string30:
	.asciz	"b"                             @ string offset=520
.Linfo_string31:
	.asciz	"obuf"                          @ string offset=522
.Linfo_string32:
	.asciz	"verbose"                       @ string offset=527
.Linfo_string33:
	.asciz	"ret"                           @ string offset=535
.Linfo_string34:
	.asciz	"ibuf"                          @ string offset=539
.Linfo_string35:
	.asciz	"exit"                          @ string offset=544
	.ident	"Component: ARM Compiler 6.15 Tool: armclang [5dd79400]"
	.section	".note.GNU-stack","",%progbits
	.eabi_attribute	30, 1	@ Tag_ABI_optimization_goals
	.ARM_attribute	16, 1	@ Tag_AV_eba
	.section	.debug_line,"",%progbits
.Lline_table_start0:
