	.text
	.syntax unified
	.eabi_attribute	67, "2.09"	@ Tag_conformance
	.cpu	cortex-m23
	.eabi_attribute	6, 16	@ Tag_CPU_arch
	.eabi_attribute	7, 77	@ Tag_CPU_arch_profile
	.eabi_attribute	8, 0	@ Tag_ARM_ISA_use
	.eabi_attribute	9, 3	@ Tag_THUMB_ISA_use
	.eabi_attribute	34, 0	@ Tag_CPU_unaligned_access
	.eabi_attribute	17, 1	@ Tag_ABI_PCS_GOT_use
	.eabi_attribute	20, 2	@ Tag_ABI_FP_denormal
	.eabi_attribute	21, 0	@ Tag_ABI_FP_exceptions
	.eabi_attribute	23, 1	@ Tag_ABI_FP_number_model
	.eabi_attribute	24, 1	@ Tag_ABI_align_needed
	.eabi_attribute	25, 1	@ Tag_ABI_align_preserved
	.eabi_attribute	38, 1	@ Tag_ABI_FP_16bit_format
	.eabi_attribute	18, 2	@ Tag_ABI_PCS_wchar_t
	.eabi_attribute	26, 1	@ Tag_ABI_enum_size
	.eabi_attribute	14, 0	@ Tag_ABI_PCS_R9_use
	.file	"entropy_poll_hw.c"
	.section	.text.mbedtls_hardware_poll,"ax",%progbits
	.hidden	mbedtls_hardware_poll           @ -- Begin function mbedtls_hardware_poll
	.weak	mbedtls_hardware_poll
	.p2align	1
	.type	mbedtls_hardware_poll,%function
	.code	16                              @ @mbedtls_hardware_poll
	.thumb_func
mbedtls_hardware_poll:
.Lfunc_begin0:
	.file	1 "C:/Users/shw26/AppData/Local/Arm/Packs/ARM/mbedTLS/1.7.0/MDK/library" "entropy_poll_hw.c"
	.loc	1 44 0                          @ C:/Users/shw26/AppData/Local/Arm/Packs/ARM/mbedTLS/1.7.0/MDK/library/entropy_poll_hw.c:44:0
	.fnstart
	.cfi_sections .debug_frame
	.cfi_startproc
@ %bb.0:
	@DEBUG_VALUE: mbedtls_hardware_poll:data <- $r0
	@DEBUG_VALUE: mbedtls_hardware_poll:output <- $r1
	@DEBUG_VALUE: mbedtls_hardware_poll:len <- $r2
	@DEBUG_VALUE: mbedtls_hardware_poll:olen <- $r3
	.save	{r4, r5, r7, lr}
	push	{r4, r5, r7, lr}
	.cfi_def_cfa_offset 16
	.cfi_offset lr, -4
	.cfi_offset r7, -8
	.cfi_offset r5, -12
	.cfi_offset r4, -16
	mov	r4, r3
.Ltmp0:
	@DEBUG_VALUE: mbedtls_hardware_poll:olen <- $r4
	@DEBUG_VALUE: mbedtls_hardware_poll:len <- $r2
	@DEBUG_VALUE: mbedtls_hardware_poll:output <- $r1
	.loc	1 47 7 prologue_end             @ C:/Users/shw26/AppData/Local/Arm/Packs/ARM/mbedTLS/1.7.0/MDK/library/entropy_poll_hw.c:47:7
	cmp	r2, #4
	bhs	.LBB0_2
.Ltmp1:
@ %bb.1:
	@DEBUG_VALUE: mbedtls_hardware_poll:olen <- $r4
	@DEBUG_VALUE: mbedtls_hardware_poll:len <- $r2
	@DEBUG_VALUE: mbedtls_hardware_poll:output <- $r1
	@DEBUG_VALUE: mbedtls_hardware_poll:data <- $r0
	.loc	1 0 7 is_stmt 0                 @ C:/Users/shw26/AppData/Local/Arm/Packs/ARM/mbedTLS/1.7.0/MDK/library/entropy_poll_hw.c:0:7
	movs	r0, #0
.Ltmp2:
	@DEBUG_VALUE: mbedtls_hardware_poll:data <- [DW_OP_LLVM_entry_value 1] $r0
	b	.LBB0_3
.Ltmp3:
.LBB0_2:
	@DEBUG_VALUE: mbedtls_hardware_poll:olen <- $r4
	@DEBUG_VALUE: mbedtls_hardware_poll:len <- $r2
	@DEBUG_VALUE: mbedtls_hardware_poll:output <- $r1
	@DEBUG_VALUE: mbedtls_hardware_poll:data <- $r0
	mov	r5, r1
.Ltmp4:
	@DEBUG_VALUE: mbedtls_hardware_poll:output <- $r5
	.loc	1 55 11 is_stmt 1               @ C:/Users/shw26/AppData/Local/Arm/Packs/ARM/mbedTLS/1.7.0/MDK/library/entropy_poll_hw.c:55:11
	bl	osKernelGetTickCount
.Ltmp5:
	@DEBUG_VALUE: mbedtls_hardware_poll:len <- [DW_OP_LLVM_entry_value 1] $r2
	@DEBUG_VALUE: mbedtls_hardware_poll:data <- [DW_OP_LLVM_entry_value 1] $r0
	@DEBUG_VALUE: mbedtls_hardware_poll:timer <- $r0
	.loc	1 57 3                          @ C:/Users/shw26/AppData/Local/Arm/Packs/ARM/mbedTLS/1.7.0/MDK/library/entropy_poll_hw.c:57:3
	strb	r0, [r5]
	lsrs	r1, r0, #24
	strb	r1, [r5, #3]
	lsrs	r1, r0, #16
	strb	r1, [r5, #2]
	lsrs	r0, r0, #8
.Ltmp6:
	strb	r0, [r5, #1]
	movs	r0, #4
.Ltmp7:
.LBB0_3:
	@DEBUG_VALUE: mbedtls_hardware_poll:olen <- $r4
	@DEBUG_VALUE: mbedtls_hardware_poll:data <- [DW_OP_LLVM_entry_value 1] $r0
	.loc	1 0 0 is_stmt 0                 @ C:/Users/shw26/AppData/Local/Arm/Packs/ARM/mbedTLS/1.7.0/MDK/library/entropy_poll_hw.c:0:0
	str	r0, [r4]
	movs	r0, #0
	.loc	1 60 1 is_stmt 1                @ C:/Users/shw26/AppData/Local/Arm/Packs/ARM/mbedTLS/1.7.0/MDK/library/entropy_poll_hw.c:60:1
	pop	{r4, r5, r7, pc}
.Ltmp8:
.Lfunc_end0:
	.size	mbedtls_hardware_poll, .Lfunc_end0-mbedtls_hardware_poll
	.cfi_endproc
	.cantunwind
	.fnend
                                        @ -- End function
	.file	2 "C:\\" "Keil_v5\\ARM\\ARMCLANG\\Bin\\..\\include\\string.h"
	.file	3 "C:\\" "Keil_v5\\ARM\\ARMCLANG\\Bin\\..\\include\\stdint.h"
	.section	.debug_loc,"",%progbits
.Ldebug_loc0:
	.long	.Lfunc_begin0-.Lfunc_begin0
	.long	.Ltmp2-.Lfunc_begin0
	.short	1                               @ Loc expr size
	.byte	80                              @ DW_OP_reg0
	.long	.Ltmp2-.Lfunc_begin0
	.long	.Ltmp3-.Lfunc_begin0
	.short	3                               @ Loc expr size
	.byte	163                             @ DW_OP_entry_value
	.byte	1                               @ 1
	.byte	80                              @ DW_OP_reg0
	.long	.Ltmp3-.Lfunc_begin0
	.long	.Ltmp5-.Lfunc_begin0
	.short	1                               @ Loc expr size
	.byte	80                              @ DW_OP_reg0
	.long	.Ltmp5-.Lfunc_begin0
	.long	.Lfunc_end0-.Lfunc_begin0
	.short	3                               @ Loc expr size
	.byte	163                             @ DW_OP_entry_value
	.byte	1                               @ 1
	.byte	80                              @ DW_OP_reg0
	.long	0
	.long	0
.Ldebug_loc1:
	.long	.Lfunc_begin0-.Lfunc_begin0
	.long	.Ltmp4-.Lfunc_begin0
	.short	1                               @ Loc expr size
	.byte	81                              @ DW_OP_reg1
	.long	.Ltmp4-.Lfunc_begin0
	.long	.Ltmp7-.Lfunc_begin0
	.short	1                               @ Loc expr size
	.byte	85                              @ DW_OP_reg5
	.long	0
	.long	0
.Ldebug_loc2:
	.long	.Lfunc_begin0-.Lfunc_begin0
	.long	.Ltmp5-.Lfunc_begin0
	.short	1                               @ Loc expr size
	.byte	82                              @ DW_OP_reg2
	.long	.Ltmp5-.Lfunc_begin0
	.long	.Ltmp7-.Lfunc_begin0
	.short	3                               @ Loc expr size
	.byte	163                             @ DW_OP_entry_value
	.byte	1                               @ 1
	.byte	82                              @ DW_OP_reg2
	.long	0
	.long	0
.Ldebug_loc3:
	.long	.Lfunc_begin0-.Lfunc_begin0
	.long	.Ltmp0-.Lfunc_begin0
	.short	1                               @ Loc expr size
	.byte	83                              @ DW_OP_reg3
	.long	.Ltmp0-.Lfunc_begin0
	.long	.Ltmp8-.Lfunc_begin0
	.short	1                               @ Loc expr size
	.byte	84                              @ DW_OP_reg4
	.long	0
	.long	0
.Ldebug_loc4:
	.long	.Ltmp5-.Lfunc_begin0
	.long	.Ltmp6-.Lfunc_begin0
	.short	1                               @ Loc expr size
	.byte	80                              @ DW_OP_reg0
	.long	0
	.long	0
	.section	.debug_abbrev,"",%progbits
	.byte	1                               @ Abbreviation Code
	.byte	17                              @ DW_TAG_compile_unit
	.byte	1                               @ DW_CHILDREN_yes
	.byte	37                              @ DW_AT_producer
	.byte	14                              @ DW_FORM_strp
	.byte	19                              @ DW_AT_language
	.byte	5                               @ DW_FORM_data2
	.byte	3                               @ DW_AT_name
	.byte	14                              @ DW_FORM_strp
	.byte	16                              @ DW_AT_stmt_list
	.byte	6                               @ DW_FORM_data4
	.byte	27                              @ DW_AT_comp_dir
	.byte	14                              @ DW_FORM_strp
	.byte	17                              @ DW_AT_low_pc
	.byte	1                               @ DW_FORM_addr
	.byte	18                              @ DW_AT_high_pc
	.byte	1                               @ DW_FORM_addr
	.byte	0                               @ EOM(1)
	.byte	0                               @ EOM(2)
	.byte	2                               @ Abbreviation Code
	.byte	46                              @ DW_TAG_subprogram
	.byte	1                               @ DW_CHILDREN_yes
	.byte	17                              @ DW_AT_low_pc
	.byte	1                               @ DW_FORM_addr
	.byte	18                              @ DW_AT_high_pc
	.byte	1                               @ DW_FORM_addr
	.byte	64                              @ DW_AT_frame_base
	.byte	10                              @ DW_FORM_block1
	.byte	3                               @ DW_AT_name
	.byte	14                              @ DW_FORM_strp
	.byte	58                              @ DW_AT_decl_file
	.byte	11                              @ DW_FORM_data1
	.byte	59                              @ DW_AT_decl_line
	.byte	11                              @ DW_FORM_data1
	.byte	39                              @ DW_AT_prototyped
	.byte	12                              @ DW_FORM_flag
	.byte	73                              @ DW_AT_type
	.byte	19                              @ DW_FORM_ref4
	.byte	63                              @ DW_AT_external
	.byte	12                              @ DW_FORM_flag
	.byte	0                               @ EOM(1)
	.byte	0                               @ EOM(2)
	.byte	3                               @ Abbreviation Code
	.byte	5                               @ DW_TAG_formal_parameter
	.byte	0                               @ DW_CHILDREN_no
	.byte	2                               @ DW_AT_location
	.byte	6                               @ DW_FORM_data4
	.byte	3                               @ DW_AT_name
	.byte	14                              @ DW_FORM_strp
	.byte	58                              @ DW_AT_decl_file
	.byte	11                              @ DW_FORM_data1
	.byte	59                              @ DW_AT_decl_line
	.byte	11                              @ DW_FORM_data1
	.byte	73                              @ DW_AT_type
	.byte	19                              @ DW_FORM_ref4
	.byte	0                               @ EOM(1)
	.byte	0                               @ EOM(2)
	.byte	4                               @ Abbreviation Code
	.byte	52                              @ DW_TAG_variable
	.byte	0                               @ DW_CHILDREN_no
	.byte	2                               @ DW_AT_location
	.byte	6                               @ DW_FORM_data4
	.byte	3                               @ DW_AT_name
	.byte	14                              @ DW_FORM_strp
	.byte	58                              @ DW_AT_decl_file
	.byte	11                              @ DW_FORM_data1
	.byte	59                              @ DW_AT_decl_line
	.byte	11                              @ DW_FORM_data1
	.byte	73                              @ DW_AT_type
	.byte	19                              @ DW_FORM_ref4
	.byte	0                               @ EOM(1)
	.byte	0                               @ EOM(2)
	.byte	5                               @ Abbreviation Code
	.byte	36                              @ DW_TAG_base_type
	.byte	0                               @ DW_CHILDREN_no
	.byte	3                               @ DW_AT_name
	.byte	14                              @ DW_FORM_strp
	.byte	62                              @ DW_AT_encoding
	.byte	11                              @ DW_FORM_data1
	.byte	11                              @ DW_AT_byte_size
	.byte	11                              @ DW_FORM_data1
	.byte	0                               @ EOM(1)
	.byte	0                               @ EOM(2)
	.byte	6                               @ Abbreviation Code
	.byte	15                              @ DW_TAG_pointer_type
	.byte	0                               @ DW_CHILDREN_no
	.byte	0                               @ EOM(1)
	.byte	0                               @ EOM(2)
	.byte	7                               @ Abbreviation Code
	.byte	15                              @ DW_TAG_pointer_type
	.byte	0                               @ DW_CHILDREN_no
	.byte	73                              @ DW_AT_type
	.byte	19                              @ DW_FORM_ref4
	.byte	0                               @ EOM(1)
	.byte	0                               @ EOM(2)
	.byte	8                               @ Abbreviation Code
	.byte	22                              @ DW_TAG_typedef
	.byte	0                               @ DW_CHILDREN_no
	.byte	73                              @ DW_AT_type
	.byte	19                              @ DW_FORM_ref4
	.byte	3                               @ DW_AT_name
	.byte	14                              @ DW_FORM_strp
	.byte	58                              @ DW_AT_decl_file
	.byte	11                              @ DW_FORM_data1
	.byte	59                              @ DW_AT_decl_line
	.byte	11                              @ DW_FORM_data1
	.byte	0                               @ EOM(1)
	.byte	0                               @ EOM(2)
	.byte	0                               @ EOM(3)
	.section	.debug_info,"",%progbits
.Lcu_begin0:
	.long	.Ldebug_info_end0-.Ldebug_info_start0 @ Length of Unit
.Ldebug_info_start0:
	.short	3                               @ DWARF version number
	.long	.debug_abbrev                   @ Offset Into Abbrev. Section
	.byte	4                               @ Address Size (in bytes)
	.byte	1                               @ Abbrev [1] 0xb:0xb5 DW_TAG_compile_unit
	.long	.Linfo_string0                  @ DW_AT_producer
	.short	12                              @ DW_AT_language
	.long	.Linfo_string1                  @ DW_AT_name
	.long	.Lline_table_start0             @ DW_AT_stmt_list
	.long	.Linfo_string2                  @ DW_AT_comp_dir
	.long	.Lfunc_begin0                   @ DW_AT_low_pc
	.long	.Lfunc_end0                     @ DW_AT_high_pc
	.byte	2                               @ Abbrev [2] 0x26:0x63 DW_TAG_subprogram
	.long	.Lfunc_begin0                   @ DW_AT_low_pc
	.long	.Lfunc_end0                     @ DW_AT_high_pc
	.byte	1                               @ DW_AT_frame_base
	.byte	93
	.long	.Linfo_string3                  @ DW_AT_name
	.byte	1                               @ DW_AT_decl_file
	.byte	43                              @ DW_AT_decl_line
	.byte	1                               @ DW_AT_prototyped
	.long	137                             @ DW_AT_type
	.byte	1                               @ DW_AT_external
	.byte	3                               @ Abbrev [3] 0x3d:0xf DW_TAG_formal_parameter
	.long	.Ldebug_loc0                    @ DW_AT_location
	.long	.Linfo_string5                  @ DW_AT_name
	.byte	1                               @ DW_AT_decl_file
	.byte	43                              @ DW_AT_decl_line
	.long	144                             @ DW_AT_type
	.byte	3                               @ Abbrev [3] 0x4c:0xf DW_TAG_formal_parameter
	.long	.Ldebug_loc1                    @ DW_AT_location
	.long	.Linfo_string6                  @ DW_AT_name
	.byte	1                               @ DW_AT_decl_file
	.byte	43                              @ DW_AT_decl_line
	.long	145                             @ DW_AT_type
	.byte	3                               @ Abbrev [3] 0x5b:0xf DW_TAG_formal_parameter
	.long	.Ldebug_loc2                    @ DW_AT_location
	.long	.Linfo_string8                  @ DW_AT_name
	.byte	1                               @ DW_AT_decl_file
	.byte	44                              @ DW_AT_decl_line
	.long	157                             @ DW_AT_type
	.byte	3                               @ Abbrev [3] 0x6a:0xf DW_TAG_formal_parameter
	.long	.Ldebug_loc3                    @ DW_AT_location
	.long	.Linfo_string11                 @ DW_AT_name
	.byte	1                               @ DW_AT_decl_file
	.byte	44                              @ DW_AT_decl_line
	.long	175                             @ DW_AT_type
	.byte	4                               @ Abbrev [4] 0x79:0xf DW_TAG_variable
	.long	.Ldebug_loc4                    @ DW_AT_location
	.long	.Linfo_string12                 @ DW_AT_name
	.byte	1                               @ DW_AT_decl_file
	.byte	45                              @ DW_AT_decl_line
	.long	180                             @ DW_AT_type
	.byte	0                               @ End Of Children Mark
	.byte	5                               @ Abbrev [5] 0x89:0x7 DW_TAG_base_type
	.long	.Linfo_string4                  @ DW_AT_name
	.byte	5                               @ DW_AT_encoding
	.byte	4                               @ DW_AT_byte_size
	.byte	6                               @ Abbrev [6] 0x90:0x1 DW_TAG_pointer_type
	.byte	7                               @ Abbrev [7] 0x91:0x5 DW_TAG_pointer_type
	.long	150                             @ DW_AT_type
	.byte	5                               @ Abbrev [5] 0x96:0x7 DW_TAG_base_type
	.long	.Linfo_string7                  @ DW_AT_name
	.byte	8                               @ DW_AT_encoding
	.byte	1                               @ DW_AT_byte_size
	.byte	8                               @ Abbrev [8] 0x9d:0xb DW_TAG_typedef
	.long	168                             @ DW_AT_type
	.long	.Linfo_string10                 @ DW_AT_name
	.byte	2                               @ DW_AT_decl_file
	.byte	51                              @ DW_AT_decl_line
	.byte	5                               @ Abbrev [5] 0xa8:0x7 DW_TAG_base_type
	.long	.Linfo_string9                  @ DW_AT_name
	.byte	7                               @ DW_AT_encoding
	.byte	4                               @ DW_AT_byte_size
	.byte	7                               @ Abbrev [7] 0xaf:0x5 DW_TAG_pointer_type
	.long	157                             @ DW_AT_type
	.byte	8                               @ Abbrev [8] 0xb4:0xb DW_TAG_typedef
	.long	168                             @ DW_AT_type
	.long	.Linfo_string13                 @ DW_AT_name
	.byte	3                               @ DW_AT_decl_file
	.byte	64                              @ DW_AT_decl_line
	.byte	0                               @ End Of Children Mark
.Ldebug_info_end0:
	.section	.debug_str,"MS",%progbits,1
.Linfo_string0:
	.asciz	"Component: ARM Compiler 6.15 Tool: armclang [5dd79400]" @ string offset=0
.Linfo_string1:
	.asciz	"C:/Users/shw26/AppData/Local/Arm/Packs/ARM/mbedTLS/1.7.0/MDK/library\\entropy_poll_hw.c" @ string offset=55
.Linfo_string2:
	.asciz	"C:\\Users\\shw26\\OneDrive\\Desktop\\2021\\2021-1\\\354\272\241\354\212\244\355\206\244\353\224\224\354\236\220\354\235\2702\\Nuvoton\\M2351_BSP_v3.00.004\\M2351Series_BSP_CMSIS_V3.00.004\\MyProject\\PulseMonitoring\\Secure" @ string offset=142
.Linfo_string3:
	.asciz	"mbedtls_hardware_poll"         @ string offset=299
.Linfo_string4:
	.asciz	"int"                           @ string offset=321
.Linfo_string5:
	.asciz	"data"                          @ string offset=325
.Linfo_string6:
	.asciz	"output"                        @ string offset=330
.Linfo_string7:
	.asciz	"unsigned char"                 @ string offset=337
.Linfo_string8:
	.asciz	"len"                           @ string offset=351
.Linfo_string9:
	.asciz	"unsigned int"                  @ string offset=355
.Linfo_string10:
	.asciz	"size_t"                        @ string offset=368
.Linfo_string11:
	.asciz	"olen"                          @ string offset=375
.Linfo_string12:
	.asciz	"timer"                         @ string offset=380
.Linfo_string13:
	.asciz	"uint32_t"                      @ string offset=386
	.ident	"Component: ARM Compiler 6.15 Tool: armclang [5dd79400]"
	.section	".note.GNU-stack","",%progbits
	.eabi_attribute	30, 1	@ Tag_ABI_optimization_goals
	.ARM_attribute	16, 1	@ Tag_AV_eba
	.section	.debug_line,"",%progbits
.Lline_table_start0:
