	.text
	.syntax unified
	.eabi_attribute	67, "2.09"	@ Tag_conformance
	.cpu	cortex-m23
	.eabi_attribute	6, 16	@ Tag_CPU_arch
	.eabi_attribute	7, 77	@ Tag_CPU_arch_profile
	.eabi_attribute	8, 0	@ Tag_ARM_ISA_use
	.eabi_attribute	9, 3	@ Tag_THUMB_ISA_use
	.eabi_attribute	34, 0	@ Tag_CPU_unaligned_access
	.eabi_attribute	17, 1	@ Tag_ABI_PCS_GOT_use
	.eabi_attribute	20, 2	@ Tag_ABI_FP_denormal
	.eabi_attribute	21, 0	@ Tag_ABI_FP_exceptions
	.eabi_attribute	23, 1	@ Tag_ABI_FP_number_model
	.eabi_attribute	24, 1	@ Tag_ABI_align_needed
	.eabi_attribute	25, 1	@ Tag_ABI_align_preserved
	.eabi_attribute	38, 1	@ Tag_ABI_FP_16bit_format
	.eabi_attribute	18, 2	@ Tag_ABI_PCS_wchar_t
	.eabi_attribute	26, 1	@ Tag_ABI_enum_size
	.eabi_attribute	14, 0	@ Tag_ABI_PCS_R9_use
	.file	"gpio.c"
	.section	.text.GPIO_SetMode,"ax",%progbits
	.hidden	GPIO_SetMode                    @ -- Begin function GPIO_SetMode
	.globl	GPIO_SetMode
	.p2align	1
	.type	GPIO_SetMode,%function
	.code	16                              @ @GPIO_SetMode
	.thumb_func
GPIO_SetMode:
.Lfunc_begin0:
	.file	1 "C:\\Users\\shw26\\OneDrive\\Desktop\\2021\\2021-1\\\354\272\241\354\212\244\355\206\244\353\224\224\354\236\220\354\235\2702\\Nuvoton\\M2351_BSP_v3.00.004\\M2351Series_BSP_CMSIS_V3.00.004\\MyProject\\PulseMonitoring\\Secure" "../../../Library/StdDriver/src/gpio.c"
	.loc	1 46 0                          @ ../../../Library/StdDriver/src/gpio.c:46:0
	.fnstart
	.cfi_sections .debug_frame
	.cfi_startproc
@ %bb.0:
	@DEBUG_VALUE: GPIO_SetMode:port <- $r0
	@DEBUG_VALUE: GPIO_SetMode:u32PinMask <- $r1
	@DEBUG_VALUE: GPIO_SetMode:u32Mode <- $r2
	.save	{r4, r5, r6, r7, lr}
	push	{r4, r5, r6, r7, lr}
	.cfi_def_cfa_offset 20
	.cfi_offset lr, -4
	.cfi_offset r7, -8
	.cfi_offset r6, -12
	.cfi_offset r5, -16
	.cfi_offset r4, -20
	.pad	#4
	sub	sp, #4
	.cfi_def_cfa_offset 24
	str	r2, [sp]                        @ 4-byte Spill
.Ltmp0:
	@DEBUG_VALUE: GPIO_SetMode:u32Mode <- [$sp+0]
	@DEBUG_VALUE: GPIO_SetMode:u32PinMask <- $r1
	@DEBUG_VALUE: GPIO_SetMode:port <- $r0
	movs	r3, #0
.Ltmp1:
	@DEBUG_VALUE: GPIO_SetMode:u32Idx <- 0
	movs	r2, #3
	mov	r5, r3
	b	.LBB0_2
.Ltmp2:
.LBB0_1:                                @   in Loop: Header=BB0_2 Depth=1
	@DEBUG_VALUE: GPIO_SetMode:u32Idx <- $r5
	@DEBUG_VALUE: GPIO_SetMode:u32PinMask <- $r1
	@DEBUG_VALUE: GPIO_SetMode:port <- $r0
	@DEBUG_VALUE: GPIO_SetMode:u32Mode <- [$sp+0]
	.loc	1 49 30 prologue_end            @ ../../../Library/StdDriver/src/gpio.c:49:30
	adds	r3, r3, #2
	.loc	1 49 52 is_stmt 0               @ ../../../Library/StdDriver/src/gpio.c:49:52
	adds	r5, r5, #1
.Ltmp3:
	@DEBUG_VALUE: GPIO_SetMode:u32Idx <- $r5
	.loc	1 49 5                          @ ../../../Library/StdDriver/src/gpio.c:49:5
	cmp	r5, #16
	beq	.LBB0_4
.Ltmp4:
.LBB0_2:                                @ =>This Inner Loop Header: Depth=1
	@DEBUG_VALUE: GPIO_SetMode:u32PinMask <- $r1
	@DEBUG_VALUE: GPIO_SetMode:port <- $r0
	@DEBUG_VALUE: GPIO_SetMode:u32Mode <- [$sp+0]
	@DEBUG_VALUE: GPIO_SetMode:u32Idx <- $r5
	.loc	1 51 12 is_stmt 1               @ ../../../Library/StdDriver/src/gpio.c:51:12
	mov	r6, r1
	lsrs	r6, r5
	lsls	r6, r6, #31
	beq	.LBB0_1
.Ltmp5:
@ %bb.3:                                @   in Loop: Header=BB0_2 Depth=1
	@DEBUG_VALUE: GPIO_SetMode:u32Idx <- $r5
	@DEBUG_VALUE: GPIO_SetMode:u32PinMask <- $r1
	@DEBUG_VALUE: GPIO_SetMode:port <- $r0
	@DEBUG_VALUE: GPIO_SetMode:u32Mode <- [$sp+0]
	.loc	1 53 78                         @ ../../../Library/StdDriver/src/gpio.c:53:78
	ldr	r6, [sp]                        @ 4-byte Reload
	lsls	r6, r3
	.loc	1 53 48 is_stmt 0               @ ../../../Library/StdDriver/src/gpio.c:53:48
	mov	r7, r2
	lsls	r7, r3
	.loc	1 53 33                         @ ../../../Library/StdDriver/src/gpio.c:53:33
	ldr	r4, [r0]
	.loc	1 53 38                         @ ../../../Library/StdDriver/src/gpio.c:53:38
	bics	r4, r7
	.loc	1 53 67                         @ ../../../Library/StdDriver/src/gpio.c:53:67
	orrs	r4, r6
	.loc	1 53 24                         @ ../../../Library/StdDriver/src/gpio.c:53:24
	str	r4, [r0]
	b	.LBB0_1
.Ltmp6:
.LBB0_4:
	@DEBUG_VALUE: GPIO_SetMode:u32Idx <- $r5
	@DEBUG_VALUE: GPIO_SetMode:u32PinMask <- $r1
	@DEBUG_VALUE: GPIO_SetMode:port <- $r0
	@DEBUG_VALUE: GPIO_SetMode:u32Mode <- [$sp+0]
	.loc	1 56 1 is_stmt 1                @ ../../../Library/StdDriver/src/gpio.c:56:1
	add	sp, #4
.Ltmp7:
	pop	{r4, r5, r6, r7, pc}
.Ltmp8:
.Lfunc_end0:
	.size	GPIO_SetMode, .Lfunc_end0-GPIO_SetMode
	.cfi_endproc
	.cantunwind
	.fnend
                                        @ -- End function
	.section	.text.GPIO_EnableInt,"ax",%progbits
	.hidden	GPIO_EnableInt                  @ -- Begin function GPIO_EnableInt
	.globl	GPIO_EnableInt
	.p2align	2
	.type	GPIO_EnableInt,%function
	.code	16                              @ @GPIO_EnableInt
	.thumb_func
GPIO_EnableInt:
.Lfunc_begin1:
	.loc	1 81 0                          @ ../../../Library/StdDriver/src/gpio.c:81:0
	.fnstart
	.cfi_startproc
@ %bb.0:
	@DEBUG_VALUE: GPIO_EnableInt:port <- $r0
	@DEBUG_VALUE: GPIO_EnableInt:port <- $r0
	@DEBUG_VALUE: GPIO_EnableInt:u32Pin <- $r1
	@DEBUG_VALUE: GPIO_EnableInt:u32Pin <- $r1
	@DEBUG_VALUE: GPIO_EnableInt:u32IntAttribs <- $r2
	@DEBUG_VALUE: GPIO_EnableInt:u32IntAttribs <- $r2
	.save	{r4, r5, r7, lr}
	push	{r4, r5, r7, lr}
	.cfi_def_cfa_offset 16
	.cfi_offset lr, -4
	.cfi_offset r7, -8
	.cfi_offset r5, -12
	.cfi_offset r4, -16
.Ltmp9:
	.loc	1 83 75 prologue_end            @ ../../../Library/StdDriver/src/gpio.c:83:75
	lsrs	r3, r2, #24
	.loc	1 83 92 is_stmt 0               @ ../../../Library/StdDriver/src/gpio.c:83:92
	lsls	r3, r1
	movs	r4, #1
	.loc	1 83 44                         @ ../../../Library/StdDriver/src/gpio.c:83:44
	lsls	r4, r1
	.loc	1 83 28                         @ ../../../Library/StdDriver/src/gpio.c:83:28
	ldr	r5, [r0, #24]
	.loc	1 83 36                         @ ../../../Library/StdDriver/src/gpio.c:83:36
	bics	r5, r4
	.loc	1 83 56                         @ ../../../Library/StdDriver/src/gpio.c:83:56
	orrs	r5, r3
	.loc	1 83 19                         @ ../../../Library/StdDriver/src/gpio.c:83:19
	str	r5, [r0, #24]
	movs	r3, #255
	lsls	r3, r3, #24
	.loc	1 86 79 is_stmt 1               @ ../../../Library/StdDriver/src/gpio.c:86:79
	bics	r2, r3
.Ltmp10:
	@DEBUG_VALUE: GPIO_EnableInt:u32IntAttribs <- [DW_OP_LLVM_entry_value 1] $r2
	.loc	1 86 93 is_stmt 0               @ ../../../Library/StdDriver/src/gpio.c:86:93
	lsls	r2, r1
	ldr	r3, __arm_cp.1_0
	.loc	1 86 49                         @ ../../../Library/StdDriver/src/gpio.c:86:49
	lsls	r3, r1
	.loc	1 86 26                         @ ../../../Library/StdDriver/src/gpio.c:86:26
	ldr	r1, [r0, #28]
.Ltmp11:
	@DEBUG_VALUE: GPIO_EnableInt:u32Pin <- [DW_OP_LLVM_entry_value 1] $r1
	.loc	1 86 32                         @ ../../../Library/StdDriver/src/gpio.c:86:32
	bics	r1, r3
	.loc	1 86 61                         @ ../../../Library/StdDriver/src/gpio.c:86:61
	orrs	r1, r2
	.loc	1 86 17                         @ ../../../Library/StdDriver/src/gpio.c:86:17
	str	r1, [r0, #28]
	.loc	1 87 1 is_stmt 1                @ ../../../Library/StdDriver/src/gpio.c:87:1
	pop	{r4, r5, r7, pc}
.Ltmp12:
	.p2align	2
@ %bb.1:
	.loc	1 0 1 is_stmt 0                 @ ../../../Library/StdDriver/src/gpio.c:0:1
__arm_cp.1_0:
	.long	65537                           @ 0x10001
.Lcpi_end0:
	.size	__arm_cp.1_0, .Lcpi_end0-__arm_cp.1_0
.Lfunc_end1:
	.size	GPIO_EnableInt, .Lfunc_end1-GPIO_EnableInt
	.cfi_endproc
	.cantunwind
	.fnend
                                        @ -- End function
	.section	.text.GPIO_DisableInt,"ax",%progbits
	.hidden	GPIO_DisableInt                 @ -- Begin function GPIO_DisableInt
	.globl	GPIO_DisableInt
	.p2align	2
	.type	GPIO_DisableInt,%function
	.code	16                              @ @GPIO_DisableInt
	.thumb_func
GPIO_DisableInt:
.Lfunc_begin2:
	.loc	1 108 0 is_stmt 1               @ ../../../Library/StdDriver/src/gpio.c:108:0
	.fnstart
	.cfi_startproc
@ %bb.0:
	@DEBUG_VALUE: GPIO_DisableInt:port <- $r0
	@DEBUG_VALUE: GPIO_DisableInt:u32Pin <- $r1
	movs	r2, #1
	@DEBUG_VALUE: GPIO_DisableInt:u32Pin <- $r1
	@DEBUG_VALUE: GPIO_DisableInt:port <- $r0
.Ltmp13:
	.loc	1 110 28 prologue_end           @ ../../../Library/StdDriver/src/gpio.c:110:28
	lsls	r2, r1
	.loc	1 110 19 is_stmt 0              @ ../../../Library/StdDriver/src/gpio.c:110:19
	ldr	r3, [r0, #24]
	bics	r3, r2
	str	r3, [r0, #24]
	ldr	r2, __arm_cp.2_0
	.loc	1 113 37 is_stmt 1              @ ../../../Library/StdDriver/src/gpio.c:113:37
	lsls	r2, r1
	.loc	1 113 17 is_stmt 0              @ ../../../Library/StdDriver/src/gpio.c:113:17
	ldr	r1, [r0, #28]
.Ltmp14:
	@DEBUG_VALUE: GPIO_DisableInt:u32Pin <- [DW_OP_LLVM_entry_value 1] $r1
	bics	r1, r2
	str	r1, [r0, #28]
	.loc	1 114 1 is_stmt 1               @ ../../../Library/StdDriver/src/gpio.c:114:1
	bx	lr
.Ltmp15:
	.p2align	2
@ %bb.1:
	.loc	1 0 1 is_stmt 0                 @ ../../../Library/StdDriver/src/gpio.c:0:1
__arm_cp.2_0:
	.long	65537                           @ 0x10001
.Lcpi_end1:
	.size	__arm_cp.2_0, .Lcpi_end1-__arm_cp.2_0
.Lfunc_end2:
	.size	GPIO_DisableInt, .Lfunc_end2-GPIO_DisableInt
	.cfi_endproc
	.cantunwind
	.fnend
                                        @ -- End function
	.section	.text.GPIO_SetSlewCtl,"ax",%progbits
	.hidden	GPIO_SetSlewCtl                 @ -- Begin function GPIO_SetSlewCtl
	.globl	GPIO_SetSlewCtl
	.p2align	1
	.type	GPIO_SetSlewCtl,%function
	.code	16                              @ @GPIO_SetSlewCtl
	.thumb_func
GPIO_SetSlewCtl:
.Lfunc_begin3:
	.loc	1 138 0 is_stmt 1               @ ../../../Library/StdDriver/src/gpio.c:138:0
	.fnstart
	.cfi_startproc
@ %bb.0:
	@DEBUG_VALUE: GPIO_SetSlewCtl:port <- $r0
	@DEBUG_VALUE: GPIO_SetSlewCtl:u32PinMask <- $r1
	@DEBUG_VALUE: GPIO_SetSlewCtl:u32Mode <- $r2
	.save	{r4, r5, r6, r7, lr}
	push	{r4, r5, r6, r7, lr}
	.cfi_def_cfa_offset 20
	.cfi_offset lr, -4
	.cfi_offset r7, -8
	.cfi_offset r6, -12
	.cfi_offset r5, -16
	.cfi_offset r4, -20
	.pad	#4
	sub	sp, #4
	.cfi_def_cfa_offset 24
	str	r2, [sp]                        @ 4-byte Spill
.Ltmp16:
	@DEBUG_VALUE: GPIO_SetSlewCtl:u32Mode <- [$sp+0]
	@DEBUG_VALUE: GPIO_SetSlewCtl:u32PinMask <- $r1
	@DEBUG_VALUE: GPIO_SetSlewCtl:port <- $r0
	movs	r3, #0
.Ltmp17:
	@DEBUG_VALUE: GPIO_SetSlewCtl:u32Idx <- 0
	movs	r2, #3
	mov	r5, r3
	b	.LBB3_2
.Ltmp18:
.LBB3_1:                                @   in Loop: Header=BB3_2 Depth=1
	@DEBUG_VALUE: GPIO_SetSlewCtl:u32Idx <- $r5
	@DEBUG_VALUE: GPIO_SetSlewCtl:u32PinMask <- $r1
	@DEBUG_VALUE: GPIO_SetSlewCtl:port <- $r0
	@DEBUG_VALUE: GPIO_SetSlewCtl:u32Mode <- [$sp+0]
	.loc	1 141 30 prologue_end           @ ../../../Library/StdDriver/src/gpio.c:141:30
	adds	r3, r3, #2
	.loc	1 141 52 is_stmt 0              @ ../../../Library/StdDriver/src/gpio.c:141:52
	adds	r5, r5, #1
.Ltmp19:
	@DEBUG_VALUE: GPIO_SetSlewCtl:u32Idx <- $r5
	.loc	1 141 5                         @ ../../../Library/StdDriver/src/gpio.c:141:5
	cmp	r5, #16
	beq	.LBB3_4
.Ltmp20:
.LBB3_2:                                @ =>This Inner Loop Header: Depth=1
	@DEBUG_VALUE: GPIO_SetSlewCtl:u32PinMask <- $r1
	@DEBUG_VALUE: GPIO_SetSlewCtl:port <- $r0
	@DEBUG_VALUE: GPIO_SetSlewCtl:u32Mode <- [$sp+0]
	@DEBUG_VALUE: GPIO_SetSlewCtl:u32Idx <- $r5
	.loc	1 143 12 is_stmt 1              @ ../../../Library/StdDriver/src/gpio.c:143:12
	mov	r6, r1
	lsrs	r6, r5
	lsls	r6, r6, #31
	beq	.LBB3_1
.Ltmp21:
@ %bb.3:                                @   in Loop: Header=BB3_2 Depth=1
	@DEBUG_VALUE: GPIO_SetSlewCtl:u32Idx <- $r5
	@DEBUG_VALUE: GPIO_SetSlewCtl:u32PinMask <- $r1
	@DEBUG_VALUE: GPIO_SetSlewCtl:port <- $r0
	@DEBUG_VALUE: GPIO_SetSlewCtl:u32Mode <- [$sp+0]
	.loc	1 145 84                        @ ../../../Library/StdDriver/src/gpio.c:145:84
	ldr	r6, [sp]                        @ 4-byte Reload
	lsls	r6, r3
	.loc	1 145 54 is_stmt 0              @ ../../../Library/StdDriver/src/gpio.c:145:54
	mov	r7, r2
	lsls	r7, r3
	.loc	1 145 36                        @ ../../../Library/StdDriver/src/gpio.c:145:36
	ldr	r4, [r0, #40]
	.loc	1 145 44                        @ ../../../Library/StdDriver/src/gpio.c:145:44
	bics	r4, r7
	.loc	1 145 73                        @ ../../../Library/StdDriver/src/gpio.c:145:73
	orrs	r4, r6
	.loc	1 145 27                        @ ../../../Library/StdDriver/src/gpio.c:145:27
	str	r4, [r0, #40]
	b	.LBB3_1
.Ltmp22:
.LBB3_4:
	@DEBUG_VALUE: GPIO_SetSlewCtl:u32Idx <- $r5
	@DEBUG_VALUE: GPIO_SetSlewCtl:u32PinMask <- $r1
	@DEBUG_VALUE: GPIO_SetSlewCtl:port <- $r0
	@DEBUG_VALUE: GPIO_SetSlewCtl:u32Mode <- [$sp+0]
	.loc	1 148 1 is_stmt 1               @ ../../../Library/StdDriver/src/gpio.c:148:1
	add	sp, #4
.Ltmp23:
	pop	{r4, r5, r6, r7, pc}
.Ltmp24:
.Lfunc_end3:
	.size	GPIO_SetSlewCtl, .Lfunc_end3-GPIO_SetSlewCtl
	.cfi_endproc
	.cantunwind
	.fnend
                                        @ -- End function
	.section	.text.GPIO_SetPullCtl,"ax",%progbits
	.hidden	GPIO_SetPullCtl                 @ -- Begin function GPIO_SetPullCtl
	.globl	GPIO_SetPullCtl
	.p2align	1
	.type	GPIO_SetPullCtl,%function
	.code	16                              @ @GPIO_SetPullCtl
	.thumb_func
GPIO_SetPullCtl:
.Lfunc_begin4:
	.loc	1 172 0                         @ ../../../Library/StdDriver/src/gpio.c:172:0
	.fnstart
	.cfi_startproc
@ %bb.0:
	@DEBUG_VALUE: GPIO_SetPullCtl:port <- $r0
	@DEBUG_VALUE: GPIO_SetPullCtl:u32PinMask <- $r1
	@DEBUG_VALUE: GPIO_SetPullCtl:u32Mode <- $r2
	.save	{r4, r5, r6, r7, lr}
	push	{r4, r5, r6, r7, lr}
	.cfi_def_cfa_offset 20
	.cfi_offset lr, -4
	.cfi_offset r7, -8
	.cfi_offset r6, -12
	.cfi_offset r5, -16
	.cfi_offset r4, -20
	.pad	#4
	sub	sp, #4
	.cfi_def_cfa_offset 24
	str	r2, [sp]                        @ 4-byte Spill
.Ltmp25:
	@DEBUG_VALUE: GPIO_SetPullCtl:u32Mode <- [$sp+0]
	@DEBUG_VALUE: GPIO_SetPullCtl:u32PinMask <- $r1
	@DEBUG_VALUE: GPIO_SetPullCtl:port <- $r0
	movs	r3, #0
.Ltmp26:
	@DEBUG_VALUE: GPIO_SetPullCtl:u32Idx <- 0
	movs	r2, #3
	mov	r5, r3
	b	.LBB4_2
.Ltmp27:
.LBB4_1:                                @   in Loop: Header=BB4_2 Depth=1
	@DEBUG_VALUE: GPIO_SetPullCtl:u32Idx <- $r5
	@DEBUG_VALUE: GPIO_SetPullCtl:u32PinMask <- $r1
	@DEBUG_VALUE: GPIO_SetPullCtl:port <- $r0
	@DEBUG_VALUE: GPIO_SetPullCtl:u32Mode <- [$sp+0]
	.loc	1 175 30 prologue_end           @ ../../../Library/StdDriver/src/gpio.c:175:30
	adds	r3, r3, #2
	.loc	1 175 52 is_stmt 0              @ ../../../Library/StdDriver/src/gpio.c:175:52
	adds	r5, r5, #1
.Ltmp28:
	@DEBUG_VALUE: GPIO_SetPullCtl:u32Idx <- $r5
	.loc	1 175 5                         @ ../../../Library/StdDriver/src/gpio.c:175:5
	cmp	r5, #16
	beq	.LBB4_4
.Ltmp29:
.LBB4_2:                                @ =>This Inner Loop Header: Depth=1
	@DEBUG_VALUE: GPIO_SetPullCtl:u32PinMask <- $r1
	@DEBUG_VALUE: GPIO_SetPullCtl:port <- $r0
	@DEBUG_VALUE: GPIO_SetPullCtl:u32Mode <- [$sp+0]
	@DEBUG_VALUE: GPIO_SetPullCtl:u32Idx <- $r5
	.loc	1 177 12 is_stmt 1              @ ../../../Library/StdDriver/src/gpio.c:177:12
	mov	r6, r1
	lsrs	r6, r5
	lsls	r6, r6, #31
	beq	.LBB4_1
.Ltmp30:
@ %bb.3:                                @   in Loop: Header=BB4_2 Depth=1
	@DEBUG_VALUE: GPIO_SetPullCtl:u32Idx <- $r5
	@DEBUG_VALUE: GPIO_SetPullCtl:u32PinMask <- $r1
	@DEBUG_VALUE: GPIO_SetPullCtl:port <- $r0
	@DEBUG_VALUE: GPIO_SetPullCtl:u32Mode <- [$sp+0]
	.loc	1 179 80                        @ ../../../Library/StdDriver/src/gpio.c:179:80
	ldr	r6, [sp]                        @ 4-byte Reload
	lsls	r6, r3
	.loc	1 179 50 is_stmt 0              @ ../../../Library/StdDriver/src/gpio.c:179:50
	mov	r7, r2
	lsls	r7, r3
	.loc	1 179 34                        @ ../../../Library/StdDriver/src/gpio.c:179:34
	ldr	r4, [r0, #48]
	.loc	1 179 40                        @ ../../../Library/StdDriver/src/gpio.c:179:40
	bics	r4, r7
	.loc	1 179 69                        @ ../../../Library/StdDriver/src/gpio.c:179:69
	orrs	r4, r6
	.loc	1 179 25                        @ ../../../Library/StdDriver/src/gpio.c:179:25
	str	r4, [r0, #48]
	b	.LBB4_1
.Ltmp31:
.LBB4_4:
	@DEBUG_VALUE: GPIO_SetPullCtl:u32Idx <- $r5
	@DEBUG_VALUE: GPIO_SetPullCtl:u32PinMask <- $r1
	@DEBUG_VALUE: GPIO_SetPullCtl:port <- $r0
	@DEBUG_VALUE: GPIO_SetPullCtl:u32Mode <- [$sp+0]
	.loc	1 182 1 is_stmt 1               @ ../../../Library/StdDriver/src/gpio.c:182:1
	add	sp, #4
.Ltmp32:
	pop	{r4, r5, r6, r7, pc}
.Ltmp33:
.Lfunc_end4:
	.size	GPIO_SetPullCtl, .Lfunc_end4-GPIO_SetPullCtl
	.cfi_endproc
	.cantunwind
	.fnend
                                        @ -- End function
	.file	2 "C:\\" "Keil_v5\\ARM\\ARMCLANG\\Bin\\..\\include\\stdint.h"
	.file	3 "C:\\Users\\shw26\\OneDrive\\Desktop\\2021\\2021-1\\\354\272\241\354\212\244\355\206\244\353\224\224\354\236\220\354\235\2702\\Nuvoton\\M2351_BSP_v3.00.004\\M2351Series_BSP_CMSIS_V3.00.004\\MyProject\\PulseMonitoring\\Secure" "../../../Library/Device/Nuvoton/M2351/Include/gpio_reg.h"
	.section	.debug_loc,"",%progbits
.Ldebug_loc0:
	.long	-1
	.long	.Lfunc_begin0                   @   base address
	.long	.Lfunc_begin0-.Lfunc_begin0
	.long	.Ltmp0-.Lfunc_begin0
	.short	1                               @ Loc expr size
	.byte	82                              @ DW_OP_reg2
	.long	.Ltmp0-.Lfunc_begin0
	.long	.Ltmp7-.Lfunc_begin0
	.short	2                               @ Loc expr size
	.byte	125                             @ DW_OP_breg13
	.byte	0                               @ 0
	.long	0
	.long	0
.Ldebug_loc1:
	.long	-1
	.long	.Lfunc_begin0                   @   base address
	.long	.Ltmp1-.Lfunc_begin0
	.long	.Ltmp2-.Lfunc_begin0
	.short	1                               @ Loc expr size
	.byte	48                              @ DW_OP_lit0
	.long	.Ltmp2-.Lfunc_begin0
	.long	.Ltmp8-.Lfunc_begin0
	.short	1                               @ Loc expr size
	.byte	85                              @ DW_OP_reg5
	.long	0
	.long	0
.Ldebug_loc2:
	.long	-1
	.long	.Lfunc_begin1                   @   base address
	.long	.Lfunc_begin1-.Lfunc_begin1
	.long	.Ltmp11-.Lfunc_begin1
	.short	1                               @ Loc expr size
	.byte	81                              @ DW_OP_reg1
	.long	.Ltmp11-.Lfunc_begin1
	.long	.Ltmp12-.Lfunc_begin1
	.short	3                               @ Loc expr size
	.byte	163                             @ DW_OP_entry_value
	.byte	1                               @ 1
	.byte	81                              @ DW_OP_reg1
	.long	0
	.long	0
.Ldebug_loc3:
	.long	-1
	.long	.Lfunc_begin1                   @   base address
	.long	.Lfunc_begin1-.Lfunc_begin1
	.long	.Ltmp10-.Lfunc_begin1
	.short	1                               @ Loc expr size
	.byte	82                              @ DW_OP_reg2
	.long	.Ltmp10-.Lfunc_begin1
	.long	.Ltmp12-.Lfunc_begin1
	.short	3                               @ Loc expr size
	.byte	163                             @ DW_OP_entry_value
	.byte	1                               @ 1
	.byte	82                              @ DW_OP_reg2
	.long	0
	.long	0
.Ldebug_loc4:
	.long	-1
	.long	.Lfunc_begin2                   @   base address
	.long	.Lfunc_begin2-.Lfunc_begin2
	.long	.Ltmp14-.Lfunc_begin2
	.short	1                               @ Loc expr size
	.byte	81                              @ DW_OP_reg1
	.long	.Ltmp14-.Lfunc_begin2
	.long	.Ltmp15-.Lfunc_begin2
	.short	3                               @ Loc expr size
	.byte	163                             @ DW_OP_entry_value
	.byte	1                               @ 1
	.byte	81                              @ DW_OP_reg1
	.long	0
	.long	0
.Ldebug_loc5:
	.long	-1
	.long	.Lfunc_begin3                   @   base address
	.long	.Lfunc_begin3-.Lfunc_begin3
	.long	.Ltmp16-.Lfunc_begin3
	.short	1                               @ Loc expr size
	.byte	82                              @ DW_OP_reg2
	.long	.Ltmp16-.Lfunc_begin3
	.long	.Ltmp23-.Lfunc_begin3
	.short	2                               @ Loc expr size
	.byte	125                             @ DW_OP_breg13
	.byte	0                               @ 0
	.long	0
	.long	0
.Ldebug_loc6:
	.long	-1
	.long	.Lfunc_begin3                   @   base address
	.long	.Ltmp17-.Lfunc_begin3
	.long	.Ltmp18-.Lfunc_begin3
	.short	1                               @ Loc expr size
	.byte	48                              @ DW_OP_lit0
	.long	.Ltmp18-.Lfunc_begin3
	.long	.Ltmp24-.Lfunc_begin3
	.short	1                               @ Loc expr size
	.byte	85                              @ DW_OP_reg5
	.long	0
	.long	0
.Ldebug_loc7:
	.long	-1
	.long	.Lfunc_begin4                   @   base address
	.long	.Lfunc_begin4-.Lfunc_begin4
	.long	.Ltmp25-.Lfunc_begin4
	.short	1                               @ Loc expr size
	.byte	82                              @ DW_OP_reg2
	.long	.Ltmp25-.Lfunc_begin4
	.long	.Ltmp32-.Lfunc_begin4
	.short	2                               @ Loc expr size
	.byte	125                             @ DW_OP_breg13
	.byte	0                               @ 0
	.long	0
	.long	0
.Ldebug_loc8:
	.long	-1
	.long	.Lfunc_begin4                   @   base address
	.long	.Ltmp26-.Lfunc_begin4
	.long	.Ltmp27-.Lfunc_begin4
	.short	1                               @ Loc expr size
	.byte	48                              @ DW_OP_lit0
	.long	.Ltmp27-.Lfunc_begin4
	.long	.Ltmp33-.Lfunc_begin4
	.short	1                               @ Loc expr size
	.byte	85                              @ DW_OP_reg5
	.long	0
	.long	0
	.section	.debug_abbrev,"",%progbits
	.byte	1                               @ Abbreviation Code
	.byte	17                              @ DW_TAG_compile_unit
	.byte	1                               @ DW_CHILDREN_yes
	.byte	37                              @ DW_AT_producer
	.byte	14                              @ DW_FORM_strp
	.byte	19                              @ DW_AT_language
	.byte	5                               @ DW_FORM_data2
	.byte	3                               @ DW_AT_name
	.byte	14                              @ DW_FORM_strp
	.byte	16                              @ DW_AT_stmt_list
	.byte	6                               @ DW_FORM_data4
	.byte	27                              @ DW_AT_comp_dir
	.byte	14                              @ DW_FORM_strp
	.byte	17                              @ DW_AT_low_pc
	.byte	1                               @ DW_FORM_addr
	.byte	85                              @ DW_AT_ranges
	.byte	6                               @ DW_FORM_data4
	.byte	0                               @ EOM(1)
	.byte	0                               @ EOM(2)
	.byte	2                               @ Abbreviation Code
	.byte	46                              @ DW_TAG_subprogram
	.byte	1                               @ DW_CHILDREN_yes
	.byte	17                              @ DW_AT_low_pc
	.byte	1                               @ DW_FORM_addr
	.byte	18                              @ DW_AT_high_pc
	.byte	1                               @ DW_FORM_addr
	.byte	64                              @ DW_AT_frame_base
	.byte	10                              @ DW_FORM_block1
	.byte	3                               @ DW_AT_name
	.byte	14                              @ DW_FORM_strp
	.byte	58                              @ DW_AT_decl_file
	.byte	11                              @ DW_FORM_data1
	.byte	59                              @ DW_AT_decl_line
	.byte	11                              @ DW_FORM_data1
	.byte	39                              @ DW_AT_prototyped
	.byte	12                              @ DW_FORM_flag
	.byte	63                              @ DW_AT_external
	.byte	12                              @ DW_FORM_flag
	.byte	0                               @ EOM(1)
	.byte	0                               @ EOM(2)
	.byte	3                               @ Abbreviation Code
	.byte	5                               @ DW_TAG_formal_parameter
	.byte	0                               @ DW_CHILDREN_no
	.byte	2                               @ DW_AT_location
	.byte	10                              @ DW_FORM_block1
	.byte	3                               @ DW_AT_name
	.byte	14                              @ DW_FORM_strp
	.byte	58                              @ DW_AT_decl_file
	.byte	11                              @ DW_FORM_data1
	.byte	59                              @ DW_AT_decl_line
	.byte	11                              @ DW_FORM_data1
	.byte	73                              @ DW_AT_type
	.byte	19                              @ DW_FORM_ref4
	.byte	0                               @ EOM(1)
	.byte	0                               @ EOM(2)
	.byte	4                               @ Abbreviation Code
	.byte	5                               @ DW_TAG_formal_parameter
	.byte	0                               @ DW_CHILDREN_no
	.byte	2                               @ DW_AT_location
	.byte	6                               @ DW_FORM_data4
	.byte	3                               @ DW_AT_name
	.byte	14                              @ DW_FORM_strp
	.byte	58                              @ DW_AT_decl_file
	.byte	11                              @ DW_FORM_data1
	.byte	59                              @ DW_AT_decl_line
	.byte	11                              @ DW_FORM_data1
	.byte	73                              @ DW_AT_type
	.byte	19                              @ DW_FORM_ref4
	.byte	0                               @ EOM(1)
	.byte	0                               @ EOM(2)
	.byte	5                               @ Abbreviation Code
	.byte	52                              @ DW_TAG_variable
	.byte	0                               @ DW_CHILDREN_no
	.byte	2                               @ DW_AT_location
	.byte	6                               @ DW_FORM_data4
	.byte	3                               @ DW_AT_name
	.byte	14                              @ DW_FORM_strp
	.byte	58                              @ DW_AT_decl_file
	.byte	11                              @ DW_FORM_data1
	.byte	59                              @ DW_AT_decl_line
	.byte	11                              @ DW_FORM_data1
	.byte	73                              @ DW_AT_type
	.byte	19                              @ DW_FORM_ref4
	.byte	0                               @ EOM(1)
	.byte	0                               @ EOM(2)
	.byte	6                               @ Abbreviation Code
	.byte	15                              @ DW_TAG_pointer_type
	.byte	0                               @ DW_CHILDREN_no
	.byte	73                              @ DW_AT_type
	.byte	19                              @ DW_FORM_ref4
	.byte	0                               @ EOM(1)
	.byte	0                               @ EOM(2)
	.byte	7                               @ Abbreviation Code
	.byte	22                              @ DW_TAG_typedef
	.byte	0                               @ DW_CHILDREN_no
	.byte	73                              @ DW_AT_type
	.byte	19                              @ DW_FORM_ref4
	.byte	3                               @ DW_AT_name
	.byte	14                              @ DW_FORM_strp
	.byte	58                              @ DW_AT_decl_file
	.byte	11                              @ DW_FORM_data1
	.byte	59                              @ DW_AT_decl_line
	.byte	5                               @ DW_FORM_data2
	.byte	0                               @ EOM(1)
	.byte	0                               @ EOM(2)
	.byte	8                               @ Abbreviation Code
	.byte	19                              @ DW_TAG_structure_type
	.byte	1                               @ DW_CHILDREN_yes
	.byte	11                              @ DW_AT_byte_size
	.byte	11                              @ DW_FORM_data1
	.byte	58                              @ DW_AT_decl_file
	.byte	11                              @ DW_FORM_data1
	.byte	59                              @ DW_AT_decl_line
	.byte	11                              @ DW_FORM_data1
	.byte	0                               @ EOM(1)
	.byte	0                               @ EOM(2)
	.byte	9                               @ Abbreviation Code
	.byte	13                              @ DW_TAG_member
	.byte	0                               @ DW_CHILDREN_no
	.byte	3                               @ DW_AT_name
	.byte	14                              @ DW_FORM_strp
	.byte	73                              @ DW_AT_type
	.byte	19                              @ DW_FORM_ref4
	.byte	58                              @ DW_AT_decl_file
	.byte	11                              @ DW_FORM_data1
	.byte	59                              @ DW_AT_decl_line
	.byte	5                               @ DW_FORM_data2
	.byte	56                              @ DW_AT_data_member_location
	.byte	11                              @ DW_FORM_data1
	.byte	0                               @ EOM(1)
	.byte	0                               @ EOM(2)
	.byte	10                              @ Abbreviation Code
	.byte	53                              @ DW_TAG_volatile_type
	.byte	0                               @ DW_CHILDREN_no
	.byte	73                              @ DW_AT_type
	.byte	19                              @ DW_FORM_ref4
	.byte	0                               @ EOM(1)
	.byte	0                               @ EOM(2)
	.byte	11                              @ Abbreviation Code
	.byte	22                              @ DW_TAG_typedef
	.byte	0                               @ DW_CHILDREN_no
	.byte	73                              @ DW_AT_type
	.byte	19                              @ DW_FORM_ref4
	.byte	3                               @ DW_AT_name
	.byte	14                              @ DW_FORM_strp
	.byte	58                              @ DW_AT_decl_file
	.byte	11                              @ DW_FORM_data1
	.byte	59                              @ DW_AT_decl_line
	.byte	11                              @ DW_FORM_data1
	.byte	0                               @ EOM(1)
	.byte	0                               @ EOM(2)
	.byte	12                              @ Abbreviation Code
	.byte	36                              @ DW_TAG_base_type
	.byte	0                               @ DW_CHILDREN_no
	.byte	3                               @ DW_AT_name
	.byte	14                              @ DW_FORM_strp
	.byte	62                              @ DW_AT_encoding
	.byte	11                              @ DW_FORM_data1
	.byte	11                              @ DW_AT_byte_size
	.byte	11                              @ DW_FORM_data1
	.byte	0                               @ EOM(1)
	.byte	0                               @ EOM(2)
	.byte	13                              @ Abbreviation Code
	.byte	38                              @ DW_TAG_const_type
	.byte	0                               @ DW_CHILDREN_no
	.byte	73                              @ DW_AT_type
	.byte	19                              @ DW_FORM_ref4
	.byte	0                               @ EOM(1)
	.byte	0                               @ EOM(2)
	.byte	14                              @ Abbreviation Code
	.byte	1                               @ DW_TAG_array_type
	.byte	1                               @ DW_CHILDREN_yes
	.byte	73                              @ DW_AT_type
	.byte	19                              @ DW_FORM_ref4
	.byte	0                               @ EOM(1)
	.byte	0                               @ EOM(2)
	.byte	15                              @ Abbreviation Code
	.byte	33                              @ DW_TAG_subrange_type
	.byte	0                               @ DW_CHILDREN_no
	.byte	73                              @ DW_AT_type
	.byte	19                              @ DW_FORM_ref4
	.byte	55                              @ DW_AT_count
	.byte	11                              @ DW_FORM_data1
	.byte	0                               @ EOM(1)
	.byte	0                               @ EOM(2)
	.byte	16                              @ Abbreviation Code
	.byte	36                              @ DW_TAG_base_type
	.byte	0                               @ DW_CHILDREN_no
	.byte	3                               @ DW_AT_name
	.byte	14                              @ DW_FORM_strp
	.byte	11                              @ DW_AT_byte_size
	.byte	11                              @ DW_FORM_data1
	.byte	62                              @ DW_AT_encoding
	.byte	11                              @ DW_FORM_data1
	.byte	0                               @ EOM(1)
	.byte	0                               @ EOM(2)
	.byte	0                               @ EOM(3)
	.section	.debug_info,"",%progbits
.Lcu_begin0:
	.long	.Ldebug_info_end0-.Ldebug_info_start0 @ Length of Unit
.Ldebug_info_start0:
	.short	3                               @ DWARF version number
	.long	.debug_abbrev                   @ Offset Into Abbrev. Section
	.byte	4                               @ Address Size (in bytes)
	.byte	1                               @ Abbrev [1] 0xb:0x26a DW_TAG_compile_unit
	.long	.Linfo_string0                  @ DW_AT_producer
	.short	12                              @ DW_AT_language
	.long	.Linfo_string1                  @ DW_AT_name
	.long	.Lline_table_start0             @ DW_AT_stmt_list
	.long	.Linfo_string2                  @ DW_AT_comp_dir
	.long	0                               @ DW_AT_low_pc
	.long	.Ldebug_ranges0                 @ DW_AT_ranges
	.byte	2                               @ Abbrev [2] 0x26:0x4c DW_TAG_subprogram
	.long	.Lfunc_begin0                   @ DW_AT_low_pc
	.long	.Lfunc_end0                     @ DW_AT_high_pc
	.byte	1                               @ DW_AT_frame_base
	.byte	93
	.long	.Linfo_string3                  @ DW_AT_name
	.byte	1                               @ DW_AT_decl_file
	.byte	45                              @ DW_AT_decl_line
	.byte	1                               @ DW_AT_prototyped
	.byte	1                               @ DW_AT_external
	.byte	3                               @ Abbrev [3] 0x39:0xd DW_TAG_formal_parameter
	.byte	1                               @ DW_AT_location
	.byte	80
	.long	.Linfo_string8                  @ DW_AT_name
	.byte	1                               @ DW_AT_decl_file
	.byte	45                              @ DW_AT_decl_line
	.long	377                             @ DW_AT_type
	.byte	3                               @ Abbrev [3] 0x46:0xd DW_TAG_formal_parameter
	.byte	1                               @ DW_AT_location
	.byte	81
	.long	.Linfo_string27                 @ DW_AT_name
	.byte	1                               @ DW_AT_decl_file
	.byte	45                              @ DW_AT_decl_line
	.long	586                             @ DW_AT_type
	.byte	4                               @ Abbrev [4] 0x53:0xf DW_TAG_formal_parameter
	.long	.Ldebug_loc0                    @ DW_AT_location
	.long	.Linfo_string28                 @ DW_AT_name
	.byte	1                               @ DW_AT_decl_file
	.byte	45                              @ DW_AT_decl_line
	.long	586                             @ DW_AT_type
	.byte	5                               @ Abbrev [5] 0x62:0xf DW_TAG_variable
	.long	.Ldebug_loc1                    @ DW_AT_location
	.long	.Linfo_string29                 @ DW_AT_name
	.byte	1                               @ DW_AT_decl_file
	.byte	47                              @ DW_AT_decl_line
	.long	586                             @ DW_AT_type
	.byte	0                               @ End Of Children Mark
	.byte	2                               @ Abbrev [2] 0x72:0x3f DW_TAG_subprogram
	.long	.Lfunc_begin1                   @ DW_AT_low_pc
	.long	.Lfunc_end1                     @ DW_AT_high_pc
	.byte	1                               @ DW_AT_frame_base
	.byte	93
	.long	.Linfo_string4                  @ DW_AT_name
	.byte	1                               @ DW_AT_decl_file
	.byte	80                              @ DW_AT_decl_line
	.byte	1                               @ DW_AT_prototyped
	.byte	1                               @ DW_AT_external
	.byte	3                               @ Abbrev [3] 0x85:0xd DW_TAG_formal_parameter
	.byte	1                               @ DW_AT_location
	.byte	80
	.long	.Linfo_string8                  @ DW_AT_name
	.byte	1                               @ DW_AT_decl_file
	.byte	80                              @ DW_AT_decl_line
	.long	377                             @ DW_AT_type
	.byte	4                               @ Abbrev [4] 0x92:0xf DW_TAG_formal_parameter
	.long	.Ldebug_loc2                    @ DW_AT_location
	.long	.Linfo_string30                 @ DW_AT_name
	.byte	1                               @ DW_AT_decl_file
	.byte	80                              @ DW_AT_decl_line
	.long	586                             @ DW_AT_type
	.byte	4                               @ Abbrev [4] 0xa1:0xf DW_TAG_formal_parameter
	.long	.Ldebug_loc3                    @ DW_AT_location
	.long	.Linfo_string31                 @ DW_AT_name
	.byte	1                               @ DW_AT_decl_file
	.byte	80                              @ DW_AT_decl_line
	.long	586                             @ DW_AT_type
	.byte	0                               @ End Of Children Mark
	.byte	2                               @ Abbrev [2] 0xb1:0x30 DW_TAG_subprogram
	.long	.Lfunc_begin2                   @ DW_AT_low_pc
	.long	.Lfunc_end2                     @ DW_AT_high_pc
	.byte	1                               @ DW_AT_frame_base
	.byte	93
	.long	.Linfo_string5                  @ DW_AT_name
	.byte	1                               @ DW_AT_decl_file
	.byte	107                             @ DW_AT_decl_line
	.byte	1                               @ DW_AT_prototyped
	.byte	1                               @ DW_AT_external
	.byte	3                               @ Abbrev [3] 0xc4:0xd DW_TAG_formal_parameter
	.byte	1                               @ DW_AT_location
	.byte	80
	.long	.Linfo_string8                  @ DW_AT_name
	.byte	1                               @ DW_AT_decl_file
	.byte	107                             @ DW_AT_decl_line
	.long	377                             @ DW_AT_type
	.byte	4                               @ Abbrev [4] 0xd1:0xf DW_TAG_formal_parameter
	.long	.Ldebug_loc4                    @ DW_AT_location
	.long	.Linfo_string30                 @ DW_AT_name
	.byte	1                               @ DW_AT_decl_file
	.byte	107                             @ DW_AT_decl_line
	.long	586                             @ DW_AT_type
	.byte	0                               @ End Of Children Mark
	.byte	2                               @ Abbrev [2] 0xe1:0x4c DW_TAG_subprogram
	.long	.Lfunc_begin3                   @ DW_AT_low_pc
	.long	.Lfunc_end3                     @ DW_AT_high_pc
	.byte	1                               @ DW_AT_frame_base
	.byte	93
	.long	.Linfo_string6                  @ DW_AT_name
	.byte	1                               @ DW_AT_decl_file
	.byte	137                             @ DW_AT_decl_line
	.byte	1                               @ DW_AT_prototyped
	.byte	1                               @ DW_AT_external
	.byte	3                               @ Abbrev [3] 0xf4:0xd DW_TAG_formal_parameter
	.byte	1                               @ DW_AT_location
	.byte	80
	.long	.Linfo_string8                  @ DW_AT_name
	.byte	1                               @ DW_AT_decl_file
	.byte	137                             @ DW_AT_decl_line
	.long	377                             @ DW_AT_type
	.byte	3                               @ Abbrev [3] 0x101:0xd DW_TAG_formal_parameter
	.byte	1                               @ DW_AT_location
	.byte	81
	.long	.Linfo_string27                 @ DW_AT_name
	.byte	1                               @ DW_AT_decl_file
	.byte	137                             @ DW_AT_decl_line
	.long	586                             @ DW_AT_type
	.byte	4                               @ Abbrev [4] 0x10e:0xf DW_TAG_formal_parameter
	.long	.Ldebug_loc5                    @ DW_AT_location
	.long	.Linfo_string28                 @ DW_AT_name
	.byte	1                               @ DW_AT_decl_file
	.byte	137                             @ DW_AT_decl_line
	.long	586                             @ DW_AT_type
	.byte	5                               @ Abbrev [5] 0x11d:0xf DW_TAG_variable
	.long	.Ldebug_loc6                    @ DW_AT_location
	.long	.Linfo_string29                 @ DW_AT_name
	.byte	1                               @ DW_AT_decl_file
	.byte	139                             @ DW_AT_decl_line
	.long	586                             @ DW_AT_type
	.byte	0                               @ End Of Children Mark
	.byte	2                               @ Abbrev [2] 0x12d:0x4c DW_TAG_subprogram
	.long	.Lfunc_begin4                   @ DW_AT_low_pc
	.long	.Lfunc_end4                     @ DW_AT_high_pc
	.byte	1                               @ DW_AT_frame_base
	.byte	93
	.long	.Linfo_string7                  @ DW_AT_name
	.byte	1                               @ DW_AT_decl_file
	.byte	171                             @ DW_AT_decl_line
	.byte	1                               @ DW_AT_prototyped
	.byte	1                               @ DW_AT_external
	.byte	3                               @ Abbrev [3] 0x140:0xd DW_TAG_formal_parameter
	.byte	1                               @ DW_AT_location
	.byte	80
	.long	.Linfo_string8                  @ DW_AT_name
	.byte	1                               @ DW_AT_decl_file
	.byte	171                             @ DW_AT_decl_line
	.long	377                             @ DW_AT_type
	.byte	3                               @ Abbrev [3] 0x14d:0xd DW_TAG_formal_parameter
	.byte	1                               @ DW_AT_location
	.byte	81
	.long	.Linfo_string27                 @ DW_AT_name
	.byte	1                               @ DW_AT_decl_file
	.byte	171                             @ DW_AT_decl_line
	.long	586                             @ DW_AT_type
	.byte	4                               @ Abbrev [4] 0x15a:0xf DW_TAG_formal_parameter
	.long	.Ldebug_loc7                    @ DW_AT_location
	.long	.Linfo_string28                 @ DW_AT_name
	.byte	1                               @ DW_AT_decl_file
	.byte	171                             @ DW_AT_decl_line
	.long	586                             @ DW_AT_type
	.byte	5                               @ Abbrev [5] 0x169:0xf DW_TAG_variable
	.long	.Ldebug_loc8                    @ DW_AT_location
	.long	.Linfo_string29                 @ DW_AT_name
	.byte	1                               @ DW_AT_decl_file
	.byte	173                             @ DW_AT_decl_line
	.long	586                             @ DW_AT_type
	.byte	0                               @ End Of Children Mark
	.byte	6                               @ Abbrev [6] 0x179:0x5 DW_TAG_pointer_type
	.long	382                             @ DW_AT_type
	.byte	7                               @ Abbrev [7] 0x17e:0xc DW_TAG_typedef
	.long	394                             @ DW_AT_type
	.long	.Linfo_string26                 @ DW_AT_name
	.byte	3                               @ DW_AT_decl_file
	.short	314                             @ DW_AT_decl_line
	.byte	8                               @ Abbrev [8] 0x18a:0xbb DW_TAG_structure_type
	.byte	56                              @ DW_AT_byte_size
	.byte	3                               @ DW_AT_decl_file
	.byte	23                              @ DW_AT_decl_line
	.byte	9                               @ Abbrev [9] 0x18e:0xd DW_TAG_member
	.long	.Linfo_string9                  @ DW_AT_name
	.long	581                             @ DW_AT_type
	.byte	3                               @ DW_AT_decl_file
	.short	299                             @ DW_AT_decl_line
	.byte	0                               @ DW_AT_data_member_location
	.byte	9                               @ Abbrev [9] 0x19b:0xd DW_TAG_member
	.long	.Linfo_string12                 @ DW_AT_name
	.long	581                             @ DW_AT_type
	.byte	3                               @ DW_AT_decl_file
	.short	300                             @ DW_AT_decl_line
	.byte	4                               @ DW_AT_data_member_location
	.byte	9                               @ Abbrev [9] 0x1a8:0xd DW_TAG_member
	.long	.Linfo_string13                 @ DW_AT_name
	.long	581                             @ DW_AT_type
	.byte	3                               @ DW_AT_decl_file
	.short	301                             @ DW_AT_decl_line
	.byte	8                               @ DW_AT_data_member_location
	.byte	9                               @ Abbrev [9] 0x1b5:0xd DW_TAG_member
	.long	.Linfo_string14                 @ DW_AT_name
	.long	581                             @ DW_AT_type
	.byte	3                               @ DW_AT_decl_file
	.short	302                             @ DW_AT_decl_line
	.byte	12                              @ DW_AT_data_member_location
	.byte	9                               @ Abbrev [9] 0x1c2:0xd DW_TAG_member
	.long	.Linfo_string15                 @ DW_AT_name
	.long	604                             @ DW_AT_type
	.byte	3                               @ DW_AT_decl_file
	.short	303                             @ DW_AT_decl_line
	.byte	16                              @ DW_AT_data_member_location
	.byte	9                               @ Abbrev [9] 0x1cf:0xd DW_TAG_member
	.long	.Linfo_string16                 @ DW_AT_name
	.long	581                             @ DW_AT_type
	.byte	3                               @ DW_AT_decl_file
	.short	304                             @ DW_AT_decl_line
	.byte	20                              @ DW_AT_data_member_location
	.byte	9                               @ Abbrev [9] 0x1dc:0xd DW_TAG_member
	.long	.Linfo_string17                 @ DW_AT_name
	.long	581                             @ DW_AT_type
	.byte	3                               @ DW_AT_decl_file
	.short	305                             @ DW_AT_decl_line
	.byte	24                              @ DW_AT_data_member_location
	.byte	9                               @ Abbrev [9] 0x1e9:0xd DW_TAG_member
	.long	.Linfo_string18                 @ DW_AT_name
	.long	581                             @ DW_AT_type
	.byte	3                               @ DW_AT_decl_file
	.short	306                             @ DW_AT_decl_line
	.byte	28                              @ DW_AT_data_member_location
	.byte	9                               @ Abbrev [9] 0x1f6:0xd DW_TAG_member
	.long	.Linfo_string19                 @ DW_AT_name
	.long	581                             @ DW_AT_type
	.byte	3                               @ DW_AT_decl_file
	.short	307                             @ DW_AT_decl_line
	.byte	32                              @ DW_AT_data_member_location
	.byte	9                               @ Abbrev [9] 0x203:0xd DW_TAG_member
	.long	.Linfo_string20                 @ DW_AT_name
	.long	581                             @ DW_AT_type
	.byte	3                               @ DW_AT_decl_file
	.short	308                             @ DW_AT_decl_line
	.byte	36                              @ DW_AT_data_member_location
	.byte	9                               @ Abbrev [9] 0x210:0xd DW_TAG_member
	.long	.Linfo_string21                 @ DW_AT_name
	.long	581                             @ DW_AT_type
	.byte	3                               @ DW_AT_decl_file
	.short	309                             @ DW_AT_decl_line
	.byte	40                              @ DW_AT_data_member_location
	.byte	9                               @ Abbrev [9] 0x21d:0xd DW_TAG_member
	.long	.Linfo_string22                 @ DW_AT_name
	.long	609                             @ DW_AT_type
	.byte	3                               @ DW_AT_decl_file
	.short	310                             @ DW_AT_decl_line
	.byte	44                              @ DW_AT_data_member_location
	.byte	9                               @ Abbrev [9] 0x22a:0xd DW_TAG_member
	.long	.Linfo_string24                 @ DW_AT_name
	.long	581                             @ DW_AT_type
	.byte	3                               @ DW_AT_decl_file
	.short	311                             @ DW_AT_decl_line
	.byte	48                              @ DW_AT_data_member_location
	.byte	9                               @ Abbrev [9] 0x237:0xd DW_TAG_member
	.long	.Linfo_string25                 @ DW_AT_name
	.long	581                             @ DW_AT_type
	.byte	3                               @ DW_AT_decl_file
	.short	312                             @ DW_AT_decl_line
	.byte	52                              @ DW_AT_data_member_location
	.byte	0                               @ End Of Children Mark
	.byte	10                              @ Abbrev [10] 0x245:0x5 DW_TAG_volatile_type
	.long	586                             @ DW_AT_type
	.byte	11                              @ Abbrev [11] 0x24a:0xb DW_TAG_typedef
	.long	597                             @ DW_AT_type
	.long	.Linfo_string11                 @ DW_AT_name
	.byte	2                               @ DW_AT_decl_file
	.byte	64                              @ DW_AT_decl_line
	.byte	12                              @ Abbrev [12] 0x255:0x7 DW_TAG_base_type
	.long	.Linfo_string10                 @ DW_AT_name
	.byte	7                               @ DW_AT_encoding
	.byte	4                               @ DW_AT_byte_size
	.byte	13                              @ Abbrev [13] 0x25c:0x5 DW_TAG_const_type
	.long	581                             @ DW_AT_type
	.byte	14                              @ Abbrev [14] 0x261:0xc DW_TAG_array_type
	.long	604                             @ DW_AT_type
	.byte	15                              @ Abbrev [15] 0x266:0x6 DW_TAG_subrange_type
	.long	621                             @ DW_AT_type
	.byte	1                               @ DW_AT_count
	.byte	0                               @ End Of Children Mark
	.byte	16                              @ Abbrev [16] 0x26d:0x7 DW_TAG_base_type
	.long	.Linfo_string23                 @ DW_AT_name
	.byte	8                               @ DW_AT_byte_size
	.byte	7                               @ DW_AT_encoding
	.byte	0                               @ End Of Children Mark
.Ldebug_info_end0:
	.section	.debug_ranges,"",%progbits
.Ldebug_ranges0:
	.long	.Lfunc_begin0
	.long	.Lfunc_end0
	.long	.Lfunc_begin1
	.long	.Lfunc_end1
	.long	.Lfunc_begin2
	.long	.Lfunc_end2
	.long	.Lfunc_begin3
	.long	.Lfunc_end3
	.long	.Lfunc_begin4
	.long	.Lfunc_end4
	.long	0
	.long	0
	.section	.debug_str,"MS",%progbits,1
.Linfo_string0:
	.asciz	"Component: ARM Compiler 6.15 Tool: armclang [5dd79400]" @ string offset=0
.Linfo_string1:
	.asciz	"../../../Library/StdDriver/src\\gpio.c" @ string offset=55
.Linfo_string2:
	.asciz	"C:\\Users\\shw26\\OneDrive\\Desktop\\2021\\2021-1\\\354\272\241\354\212\244\355\206\244\353\224\224\354\236\220\354\235\2702\\Nuvoton\\M2351_BSP_v3.00.004\\M2351Series_BSP_CMSIS_V3.00.004\\MyProject\\PulseMonitoring\\Secure" @ string offset=93
.Linfo_string3:
	.asciz	"GPIO_SetMode"                  @ string offset=250
.Linfo_string4:
	.asciz	"GPIO_EnableInt"                @ string offset=263
.Linfo_string5:
	.asciz	"GPIO_DisableInt"               @ string offset=278
.Linfo_string6:
	.asciz	"GPIO_SetSlewCtl"               @ string offset=294
.Linfo_string7:
	.asciz	"GPIO_SetPullCtl"               @ string offset=310
.Linfo_string8:
	.asciz	"port"                          @ string offset=326
.Linfo_string9:
	.asciz	"MODE"                          @ string offset=331
.Linfo_string10:
	.asciz	"unsigned int"                  @ string offset=336
.Linfo_string11:
	.asciz	"uint32_t"                      @ string offset=349
.Linfo_string12:
	.asciz	"DINOFF"                        @ string offset=358
.Linfo_string13:
	.asciz	"DOUT"                          @ string offset=365
.Linfo_string14:
	.asciz	"DATMSK"                        @ string offset=370
.Linfo_string15:
	.asciz	"PIN"                           @ string offset=377
.Linfo_string16:
	.asciz	"DBEN"                          @ string offset=381
.Linfo_string17:
	.asciz	"INTTYPE"                       @ string offset=386
.Linfo_string18:
	.asciz	"INTEN"                         @ string offset=394
.Linfo_string19:
	.asciz	"INTSRC"                        @ string offset=400
.Linfo_string20:
	.asciz	"SMTEN"                         @ string offset=407
.Linfo_string21:
	.asciz	"SLEWCTL"                       @ string offset=413
.Linfo_string22:
	.asciz	"RESERVE0"                      @ string offset=421
.Linfo_string23:
	.asciz	"__ARRAY_SIZE_TYPE__"           @ string offset=430
.Linfo_string24:
	.asciz	"PUSEL"                         @ string offset=450
.Linfo_string25:
	.asciz	"DBCTL"                         @ string offset=456
.Linfo_string26:
	.asciz	"GPIO_T"                        @ string offset=462
.Linfo_string27:
	.asciz	"u32PinMask"                    @ string offset=469
.Linfo_string28:
	.asciz	"u32Mode"                       @ string offset=480
.Linfo_string29:
	.asciz	"u32Idx"                        @ string offset=488
.Linfo_string30:
	.asciz	"u32Pin"                        @ string offset=495
.Linfo_string31:
	.asciz	"u32IntAttribs"                 @ string offset=502
	.ident	"Component: ARM Compiler 6.15 Tool: armclang [5dd79400]"
	.section	".note.GNU-stack","",%progbits
	.eabi_attribute	30, 1	@ Tag_ABI_optimization_goals
	.ARM_attribute	16, 1	@ Tag_AV_eba
	.section	.debug_line,"",%progbits
.Lline_table_start0:
