	.text
	.syntax unified
	.eabi_attribute	67, "2.09"	@ Tag_conformance
	.cpu	cortex-m23
	.eabi_attribute	6, 16	@ Tag_CPU_arch
	.eabi_attribute	7, 77	@ Tag_CPU_arch_profile
	.eabi_attribute	8, 0	@ Tag_ARM_ISA_use
	.eabi_attribute	9, 3	@ Tag_THUMB_ISA_use
	.eabi_attribute	34, 0	@ Tag_CPU_unaligned_access
	.eabi_attribute	17, 1	@ Tag_ABI_PCS_GOT_use
	.eabi_attribute	20, 2	@ Tag_ABI_FP_denormal
	.eabi_attribute	21, 0	@ Tag_ABI_FP_exceptions
	.eabi_attribute	23, 1	@ Tag_ABI_FP_number_model
	.eabi_attribute	24, 1	@ Tag_ABI_align_needed
	.eabi_attribute	25, 1	@ Tag_ABI_align_preserved
	.eabi_attribute	38, 1	@ Tag_ABI_FP_16bit_format
	.eabi_attribute	18, 2	@ Tag_ABI_PCS_wchar_t
	.eabi_attribute	26, 1	@ Tag_ABI_enum_size
	.eabi_attribute	14, 0	@ Tag_ABI_PCS_R9_use
	.file	"ssl_cache.c"
	.file	1 "C:\\Users\\shw26\\OneDrive\\Desktop\\2021\\2021-1\\\354\272\241\354\212\244\355\206\244\353\224\224\354\236\220\354\235\2702\\Nuvoton\\M2351_BSP_v3.00.004\\M2351Series_BSP_CMSIS_V3.00.004\\MyProject\\PulseMonitoring\\Secure" "../../../ThirdParty/mbedTLS/include/mbedtls/md.h"
	.file	2 "C:\\Users\\shw26\\OneDrive\\Desktop\\2021\\2021-1\\\354\272\241\354\212\244\355\206\244\353\224\224\354\236\220\354\235\2702\\Nuvoton\\M2351_BSP_v3.00.004\\M2351Series_BSP_CMSIS_V3.00.004\\MyProject\\PulseMonitoring\\Secure" "../../../ThirdParty/mbedTLS/include/mbedtls/ssl.h"
	.file	3 "C:\\" "Keil_v5\\ARM\\ARMCLANG\\Bin\\..\\include\\stdio.h"
	.file	4 "C:\\" "Keil_v5\\ARM\\ARMCLANG\\Bin\\..\\include\\stdint.h"
	.file	5 "C:\\Users\\shw26\\OneDrive\\Desktop\\2021\\2021-1\\\354\272\241\354\212\244\355\206\244\353\224\224\354\236\220\354\235\2702\\Nuvoton\\M2351_BSP_v3.00.004\\M2351Series_BSP_CMSIS_V3.00.004\\MyProject\\PulseMonitoring\\Secure" "../../../ThirdParty/mbedTLS/include/mbedtls\\ssl_cache.h"
	.section	.text.mbedtls_ssl_cache_init,"ax",%progbits
	.hidden	mbedtls_ssl_cache_init          @ -- Begin function mbedtls_ssl_cache_init
	.globl	mbedtls_ssl_cache_init
	.p2align	2
	.type	mbedtls_ssl_cache_init,%function
	.code	16                              @ @mbedtls_ssl_cache_init
	.thumb_func
mbedtls_ssl_cache_init:
.Lfunc_begin0:
	.file	6 "C:\\Users\\shw26\\OneDrive\\Desktop\\2021\\2021-1\\\354\272\241\354\212\244\355\206\244\353\224\224\354\236\220\354\235\2702\\Nuvoton\\M2351_BSP_v3.00.004\\M2351Series_BSP_CMSIS_V3.00.004\\MyProject\\PulseMonitoring\\Secure" "../../../ThirdParty/mbedTLS/library/ssl_cache.c"
	.loc	6 48 0                          @ ../../../ThirdParty/mbedTLS/library/ssl_cache.c:48:0
	.fnstart
	.cfi_sections .debug_frame
	.cfi_startproc
@ %bb.0:
	@DEBUG_VALUE: mbedtls_ssl_cache_init:cache <- $r0
	movs	r1, #0
	movs	r2, #50
	ldr	r3, __arm_cp.0_0
	@DEBUG_VALUE: mbedtls_ssl_cache_init:cache <- $r0
.Ltmp0:
	.loc	6 49 5 prologue_end             @ ../../../ThirdParty/mbedTLS/library/ssl_cache.c:49:5
	stm	r0!, {r1, r3}
.Ltmp1:
	@DEBUG_VALUE: mbedtls_ssl_cache_init:cache <- [DW_OP_LLVM_entry_value 1] $r0
	.loc	6 52 24                         @ ../../../ThirdParty/mbedTLS/library/ssl_cache.c:52:24
	str	r2, [r0]
	.loc	6 57 1                          @ ../../../ThirdParty/mbedTLS/library/ssl_cache.c:57:1
	bx	lr
.Ltmp2:
	.p2align	2
@ %bb.1:
	.loc	6 0 1 is_stmt 0                 @ ../../../ThirdParty/mbedTLS/library/ssl_cache.c:0:1
__arm_cp.0_0:
	.long	86400                           @ 0x15180
.Lcpi_end0:
	.size	__arm_cp.0_0, .Lcpi_end0-__arm_cp.0_0
.Lfunc_end0:
	.size	mbedtls_ssl_cache_init, .Lfunc_end0-mbedtls_ssl_cache_init
	.cfi_endproc
	.cantunwind
	.fnend
                                        @ -- End function
	.section	.text.mbedtls_ssl_cache_get,"ax",%progbits
	.hidden	mbedtls_ssl_cache_get           @ -- Begin function mbedtls_ssl_cache_get
	.globl	mbedtls_ssl_cache_get
	.p2align	1
	.type	mbedtls_ssl_cache_get,%function
	.code	16                              @ @mbedtls_ssl_cache_get
	.thumb_func
mbedtls_ssl_cache_get:
.Lfunc_begin1:
	.loc	6 60 0 is_stmt 1                @ ../../../ThirdParty/mbedTLS/library/ssl_cache.c:60:0
	.fnstart
	.cfi_startproc
@ %bb.0:
	@DEBUG_VALUE: mbedtls_ssl_cache_get:data <- $r0
	@DEBUG_VALUE: mbedtls_ssl_cache_get:session <- $r1
	@DEBUG_VALUE: mbedtls_ssl_cache_get:session <- $r1
	@DEBUG_VALUE: mbedtls_ssl_cache_get:data <- $r0
	.save	{r4, r5, r6, r7, lr}
	push	{r4, r5, r6, r7, lr}
	.cfi_def_cfa_offset 20
	.cfi_offset lr, -4
	.cfi_offset r7, -8
	.cfi_offset r6, -12
	.cfi_offset r5, -16
	.cfi_offset r4, -20
	.pad	#12
	sub	sp, #12
	.cfi_def_cfa_offset 32
.Ltmp3:
	@DEBUG_VALUE: mbedtls_ssl_cache_get:cache <- $r0
	@DEBUG_VALUE: mbedtls_ssl_cache_get:ret <- 1
	@DEBUG_VALUE: mbedtls_ssl_cache_get:cache <- $r0
	.loc	6 73 18 prologue_end            @ ../../../ThirdParty/mbedTLS/library/ssl_cache.c:73:18
	ldr	r7, [r0]
.Ltmp4:
	@DEBUG_VALUE: mbedtls_ssl_cache_get:entry <- 0
	@DEBUG_VALUE: mbedtls_ssl_cache_get:cur <- $r7
	.loc	6 76 5                          @ ../../../ThirdParty/mbedTLS/library/ssl_cache.c:76:5
	cbz	r7, .LBB1_8
.Ltmp5:
@ %bb.1:
	@DEBUG_VALUE: mbedtls_ssl_cache_get:cur <- $r7
	@DEBUG_VALUE: mbedtls_ssl_cache_get:session <- $r1
	@DEBUG_VALUE: mbedtls_ssl_cache_get:cache <- $r0
	@DEBUG_VALUE: mbedtls_ssl_cache_get:data <- $r0
	@DEBUG_VALUE: mbedtls_ssl_cache_get:entry <- 0
	@DEBUG_VALUE: mbedtls_ssl_cache_get:ret <- 1
	.loc	6 0 5 is_stmt 0                 @ ../../../ThirdParty/mbedTLS/library/ssl_cache.c:0:5
	mov	r3, r1
.Ltmp6:
	@DEBUG_VALUE: mbedtls_ssl_cache_get:session <- $r3
	mov	r0, r1
.Ltmp7:
	@DEBUG_VALUE: mbedtls_ssl_cache_get:data <- [DW_OP_LLVM_entry_value 1] $r0
	adds	r0, #12
	str	r0, [sp, #4]                    @ 4-byte Spill
.Ltmp8:
	ldr	r5, [r1]
	movs	r4, #132
	str	r1, [sp, #8]                    @ 4-byte Spill
	b	.LBB1_3
.Ltmp9:
.LBB1_2:                                @   in Loop: Header=BB1_3 Depth=1
	@DEBUG_VALUE: mbedtls_ssl_cache_get:cur <- $r7
	@DEBUG_VALUE: mbedtls_ssl_cache_get:entry <- $r6
	@DEBUG_VALUE: mbedtls_ssl_cache_get:data <- [DW_OP_LLVM_entry_value 1] $r0
	@DEBUG_VALUE: mbedtls_ssl_cache_get:ret <- 1
	@DEBUG_VALUE: mbedtls_ssl_cache_get:cur <- $r7
	.loc	6 76 5                          @ ../../../ThirdParty/mbedTLS/library/ssl_cache.c:76:5
	cbz	r7, .LBB1_8
.Ltmp10:
.LBB1_3:                                @ =>This Inner Loop Header: Depth=1
	@DEBUG_VALUE: mbedtls_ssl_cache_get:cur <- $r7
	@DEBUG_VALUE: mbedtls_ssl_cache_get:data <- [DW_OP_LLVM_entry_value 1] $r0
	@DEBUG_VALUE: mbedtls_ssl_cache_get:ret <- 1
	.loc	6 0 5                           @ ../../../ThirdParty/mbedTLS/library/ssl_cache.c:0:5
	mov	r6, r7
.Ltmp11:
	@DEBUG_VALUE: mbedtls_ssl_cache_get:entry <- $r6
	@DEBUG_VALUE: mbedtls_ssl_cache_get:cur <- $r6
	.loc	6 79 20 is_stmt 1               @ ../../../ThirdParty/mbedTLS/library/ssl_cache.c:79:20
	ldr	r7, [r7, r4]
.Ltmp12:
	@DEBUG_VALUE: mbedtls_ssl_cache_get:cur <- $r7
	.loc	6 87 52                         @ ../../../ThirdParty/mbedTLS/library/ssl_cache.c:87:52
	ldr	r0, [r6]
	.loc	6 87 64 is_stmt 0               @ ../../../ThirdParty/mbedTLS/library/ssl_cache.c:87:64
	cmp	r5, r0
	bne	.LBB1_2
.Ltmp13:
@ %bb.4:                                @   in Loop: Header=BB1_3 Depth=1
	@DEBUG_VALUE: mbedtls_ssl_cache_get:cur <- $r7
	@DEBUG_VALUE: mbedtls_ssl_cache_get:entry <- $r6
	@DEBUG_VALUE: mbedtls_ssl_cache_get:data <- [DW_OP_LLVM_entry_value 1] $r0
	@DEBUG_VALUE: mbedtls_ssl_cache_get:ret <- 1
	.loc	6 88 56 is_stmt 1               @ ../../../ThirdParty/mbedTLS/library/ssl_cache.c:88:56
	ldr	r0, [r6, #4]
	.loc	6 88 26 is_stmt 0               @ ../../../ThirdParty/mbedTLS/library/ssl_cache.c:88:26
	ldr	r1, [r3, #4]
	.loc	6 88 68                         @ ../../../ThirdParty/mbedTLS/library/ssl_cache.c:88:68
	cmp	r1, r0
	bne	.LBB1_2
.Ltmp14:
@ %bb.5:                                @   in Loop: Header=BB1_3 Depth=1
	@DEBUG_VALUE: mbedtls_ssl_cache_get:cur <- $r7
	@DEBUG_VALUE: mbedtls_ssl_cache_get:entry <- $r6
	@DEBUG_VALUE: mbedtls_ssl_cache_get:data <- [DW_OP_LLVM_entry_value 1] $r0
	@DEBUG_VALUE: mbedtls_ssl_cache_get:ret <- 1
	.loc	6 89 51 is_stmt 1               @ ../../../ThirdParty/mbedTLS/library/ssl_cache.c:89:51
	ldr	r2, [r6, #8]
	.loc	6 89 26 is_stmt 0               @ ../../../ThirdParty/mbedTLS/library/ssl_cache.c:89:26
	ldr	r0, [r3, #8]
.Ltmp15:
	.loc	6 87 13 is_stmt 1               @ ../../../ThirdParty/mbedTLS/library/ssl_cache.c:87:13
	cmp	r0, r2
	bne	.LBB1_2
.Ltmp16:
@ %bb.6:                                @   in Loop: Header=BB1_3 Depth=1
	@DEBUG_VALUE: mbedtls_ssl_cache_get:cur <- $r7
	@DEBUG_VALUE: mbedtls_ssl_cache_get:entry <- $r6
	@DEBUG_VALUE: mbedtls_ssl_cache_get:data <- [DW_OP_LLVM_entry_value 1] $r0
	@DEBUG_VALUE: mbedtls_ssl_cache_get:ret <- 1
	.loc	6 92 34                         @ ../../../ThirdParty/mbedTLS/library/ssl_cache.c:92:34
	mov	r1, r6
	adds	r1, #12
	.loc	6 92 13 is_stmt 0               @ ../../../ThirdParty/mbedTLS/library/ssl_cache.c:92:13
	ldr	r0, [sp, #4]                    @ 4-byte Reload
	bl	memcmp
	ldr	r3, [sp, #8]                    @ 4-byte Reload
.Ltmp17:
	.loc	6 92 13                         @ ../../../ThirdParty/mbedTLS/library/ssl_cache.c:92:13
	cmp	r0, #0
	bne	.LBB1_2
.Ltmp18:
@ %bb.7:
	@DEBUG_VALUE: mbedtls_ssl_cache_get:cur <- $r7
	@DEBUG_VALUE: mbedtls_ssl_cache_get:entry <- $r6
	@DEBUG_VALUE: mbedtls_ssl_cache_get:data <- [DW_OP_LLVM_entry_value 1] $r0
	@DEBUG_VALUE: mbedtls_ssl_cache_get:ret <- 1
	@DEBUG_VALUE: mbedtls_ssl_cache_get:cur <- $r6
	.loc	6 96 15 is_stmt 1               @ ../../../ThirdParty/mbedTLS/library/ssl_cache.c:96:15
	mov	r0, r3
	mov	r1, r6
	bl	mbedtls_ssl_session_copy
.Ltmp19:
	@DEBUG_VALUE: mbedtls_ssl_cache_get:ret <- $r0
	.loc	6 97 17                         @ ../../../ThirdParty/mbedTLS/library/ssl_cache.c:97:17
	subs	r1, r0, #1
	sbcs	r0, r1
.Ltmp20:
	.loc	6 97 13 is_stmt 0               @ ../../../ThirdParty/mbedTLS/library/ssl_cache.c:97:13
	add	sp, #12
	pop	{r4, r5, r6, r7, pc}
.Ltmp21:
.LBB1_8:
	@DEBUG_VALUE: mbedtls_ssl_cache_get:cur <- $r7
	@DEBUG_VALUE: mbedtls_ssl_cache_get:ret <- 1
	@DEBUG_VALUE: mbedtls_ssl_cache_get:ret <- 1
	@DEBUG_LABEL: mbedtls_ssl_cache_get:exit
	.loc	6 0 13                          @ ../../../ThirdParty/mbedTLS/library/ssl_cache.c:0:13
	movs	r0, #1
	.loc	6 143 5 is_stmt 1               @ ../../../ThirdParty/mbedTLS/library/ssl_cache.c:143:5
	add	sp, #12
	pop	{r4, r5, r6, r7, pc}
.Ltmp22:
.Lfunc_end1:
	.size	mbedtls_ssl_cache_get, .Lfunc_end1-mbedtls_ssl_cache_get
	.cfi_endproc
	.cantunwind
	.fnend
                                        @ -- End function
	.section	.text.mbedtls_ssl_cache_set,"ax",%progbits
	.hidden	mbedtls_ssl_cache_set           @ -- Begin function mbedtls_ssl_cache_set
	.globl	mbedtls_ssl_cache_set
	.p2align	1
	.type	mbedtls_ssl_cache_set,%function
	.code	16                              @ @mbedtls_ssl_cache_set
	.thumb_func
mbedtls_ssl_cache_set:
.Lfunc_begin2:
	.loc	6 147 0                         @ ../../../ThirdParty/mbedTLS/library/ssl_cache.c:147:0
	.fnstart
	.cfi_startproc
@ %bb.0:
	@DEBUG_VALUE: mbedtls_ssl_cache_set:data <- $r0
	@DEBUG_VALUE: mbedtls_ssl_cache_set:session <- $r1
	.save	{r4, r5, r6, r7, lr}
	push	{r4, r5, r6, r7, lr}
	.cfi_def_cfa_offset 20
	.cfi_offset lr, -4
	.cfi_offset r7, -8
	.cfi_offset r6, -12
	.cfi_offset r5, -16
	.cfi_offset r4, -20
	.pad	#20
	sub	sp, #20
	.cfi_def_cfa_offset 40
.Ltmp23:
	@DEBUG_VALUE: mbedtls_ssl_cache_set:cache <- $r0
	@DEBUG_VALUE: mbedtls_ssl_cache_set:cur <- undef
	str	r0, [sp, #4]                    @ 4-byte Spill
.Ltmp24:
	@DEBUG_VALUE: mbedtls_ssl_cache_set:prv <- 0
	@DEBUG_VALUE: mbedtls_ssl_cache_set:count <- 0
	@DEBUG_VALUE: mbedtls_ssl_cache_set:ret <- 1
	@DEBUG_VALUE: mbedtls_ssl_cache_set:cache <- [DW_OP_plus_uconst 4] [$sp+0]
	@DEBUG_VALUE: mbedtls_ssl_cache_set:session <- $r1
	@DEBUG_VALUE: mbedtls_ssl_cache_set:data <- [DW_OP_plus_uconst 4] [$sp+0]
	.loc	6 0 0 prologue_end              @ ../../../ThirdParty/mbedTLS/library/ssl_cache.c:0:0
	ldr	r6, [r0]
.Ltmp25:
	@DEBUG_VALUE: mbedtls_ssl_cache_set:cur <- $r6
	.loc	6 165 16                        @ ../../../ThirdParty/mbedTLS/library/ssl_cache.c:165:16
	rsbs	r5, r6, #0
	adcs	r5, r6
	.loc	6 165 5 is_stmt 0               @ ../../../ThirdParty/mbedTLS/library/ssl_cache.c:165:5
	str	r1, [sp, #8]                    @ 4-byte Spill
	cbz	r6, .LBB2_5
.Ltmp26:
@ %bb.1:
	@DEBUG_VALUE: mbedtls_ssl_cache_set:cur <- $r6
	@DEBUG_VALUE: mbedtls_ssl_cache_set:session <- $r1
	@DEBUG_VALUE: mbedtls_ssl_cache_set:data <- [DW_OP_plus_uconst 4] [$sp+0]
	@DEBUG_VALUE: mbedtls_ssl_cache_set:cache <- [DW_OP_plus_uconst 4] [$sp+0]
	@DEBUG_VALUE: mbedtls_ssl_cache_set:ret <- 1
	@DEBUG_VALUE: mbedtls_ssl_cache_set:count <- 0
	@DEBUG_VALUE: mbedtls_ssl_cache_set:prv <- 0
	.loc	6 0 5                           @ ../../../ThirdParty/mbedTLS/library/ssl_cache.c:0:5
	mov	r4, r1
.Ltmp27:
	@DEBUG_VALUE: mbedtls_ssl_cache_set:session <- $r4
	.loc	6 178 64 is_stmt 1              @ ../../../ThirdParty/mbedTLS/library/ssl_cache.c:178:64
	ldr	r2, [r6, #8]
	.loc	6 0 0 is_stmt 0                 @ ../../../ThirdParty/mbedTLS/library/ssl_cache.c:0:0
	mov	r0, r1
	adds	r0, #12
	@DEBUG_VALUE: mbedtls_ssl_cache_set:prv <- 0
.Ltmp28:
	@DEBUG_VALUE: mbedtls_ssl_cache_set:count <- 1
	.loc	6 178 34                        @ ../../../ThirdParty/mbedTLS/library/ssl_cache.c:178:34
	mov	r1, r6
	adds	r1, #12
	str	r0, [sp, #16]                   @ 4-byte Spill
	.loc	6 178 13                        @ ../../../ThirdParty/mbedTLS/library/ssl_cache.c:178:13
	bl	memcmp
	movs	r4, #1
.Ltmp29:
	@DEBUG_VALUE: mbedtls_ssl_cache_set:session <- [DW_OP_LLVM_entry_value 1] $r1
	.loc	6 178 13                        @ ../../../ThirdParty/mbedTLS/library/ssl_cache.c:178:13
	cbz	r0, .LBB2_13
.Ltmp30:
@ %bb.2:
	@DEBUG_VALUE: mbedtls_ssl_cache_set:cur <- $r6
	@DEBUG_VALUE: mbedtls_ssl_cache_set:data <- [DW_OP_plus_uconst 4] [$sp+0]
	@DEBUG_VALUE: mbedtls_ssl_cache_set:cache <- [DW_OP_plus_uconst 4] [$sp+0]
	@DEBUG_VALUE: mbedtls_ssl_cache_set:session <- [DW_OP_LLVM_entry_value 1] $r1
	@DEBUG_VALUE: mbedtls_ssl_cache_set:count <- 1
	@DEBUG_VALUE: mbedtls_ssl_cache_set:ret <- 1
	@DEBUG_VALUE: mbedtls_ssl_cache_set:prv <- 0
	.loc	6 0 13                          @ ../../../ThirdParty/mbedTLS/library/ssl_cache.c:0:13
	movs	r0, #132
	.loc	6 165 5 is_stmt 1               @ ../../../ThirdParty/mbedTLS/library/ssl_cache.c:165:5
	str	r0, [sp, #12]                   @ 4-byte Spill
.Ltmp31:
.LBB2_3:                                @ =>This Inner Loop Header: Depth=1
	@DEBUG_VALUE: mbedtls_ssl_cache_set:cur <- $r6
	@DEBUG_VALUE: mbedtls_ssl_cache_set:data <- [DW_OP_plus_uconst 4] [$sp+0]
	@DEBUG_VALUE: mbedtls_ssl_cache_set:cache <- [DW_OP_plus_uconst 4] [$sp+0]
	@DEBUG_VALUE: mbedtls_ssl_cache_set:session <- [DW_OP_LLVM_entry_value 1] $r1
	@DEBUG_VALUE: mbedtls_ssl_cache_set:ret <- 1
	.loc	6 0 5 is_stmt 0                 @ ../../../ThirdParty/mbedTLS/library/ssl_cache.c:0:5
	mov	r7, r6
.Ltmp32:
	@DEBUG_VALUE: mbedtls_ssl_cache_set:prv <- $r7
	@DEBUG_VALUE: mbedtls_ssl_cache_set:cur <- undef
	ldr	r0, [sp, #12]                   @ 4-byte Reload
	ldr	r6, [r6, r0]
.Ltmp33:
	@DEBUG_VALUE: mbedtls_ssl_cache_set:cur <- $r6
	@DEBUG_VALUE: mbedtls_ssl_cache_set:count <- $r4
	.loc	6 165 16                        @ ../../../ThirdParty/mbedTLS/library/ssl_cache.c:165:16
	rsbs	r5, r6, #0
	adcs	r5, r6
	.loc	6 165 5                         @ ../../../ThirdParty/mbedTLS/library/ssl_cache.c:165:5
	cbz	r6, .LBB2_6
.Ltmp34:
@ %bb.4:                                @   in Loop: Header=BB2_3 Depth=1
	@DEBUG_VALUE: mbedtls_ssl_cache_set:prv <- $r7
	@DEBUG_VALUE: mbedtls_ssl_cache_set:cur <- $r6
	@DEBUG_VALUE: mbedtls_ssl_cache_set:count <- $r4
	@DEBUG_VALUE: mbedtls_ssl_cache_set:data <- [DW_OP_plus_uconst 4] [$sp+0]
	@DEBUG_VALUE: mbedtls_ssl_cache_set:cache <- [DW_OP_plus_uconst 4] [$sp+0]
	@DEBUG_VALUE: mbedtls_ssl_cache_set:session <- [DW_OP_LLVM_entry_value 1] $r1
	@DEBUG_VALUE: mbedtls_ssl_cache_set:ret <- 1
	@DEBUG_VALUE: mbedtls_ssl_cache_set:count <- $r4
	@DEBUG_VALUE: mbedtls_ssl_cache_set:prv <- $r7
	.loc	6 178 64 is_stmt 1              @ ../../../ThirdParty/mbedTLS/library/ssl_cache.c:178:64
	ldr	r2, [r6, #8]
	.loc	6 178 34 is_stmt 0              @ ../../../ThirdParty/mbedTLS/library/ssl_cache.c:178:34
	mov	r1, r6
	adds	r1, #12
	.loc	6 178 13                        @ ../../../ThirdParty/mbedTLS/library/ssl_cache.c:178:13
	ldr	r0, [sp, #16]                   @ 4-byte Reload
	bl	memcmp
.Ltmp35:
	.loc	6 167 14 is_stmt 1              @ ../../../ThirdParty/mbedTLS/library/ssl_cache.c:167:14
	adds	r4, r4, #1
.Ltmp36:
	@DEBUG_VALUE: mbedtls_ssl_cache_set:count <- $r4
	.loc	6 178 13                        @ ../../../ThirdParty/mbedTLS/library/ssl_cache.c:178:13
	cmp	r0, #0
	bne	.LBB2_3
	b	.LBB2_6
.Ltmp37:
.LBB2_5:
	@DEBUG_VALUE: mbedtls_ssl_cache_set:cur <- $r6
	@DEBUG_VALUE: mbedtls_ssl_cache_set:session <- $r1
	@DEBUG_VALUE: mbedtls_ssl_cache_set:data <- [DW_OP_plus_uconst 4] [$sp+0]
	@DEBUG_VALUE: mbedtls_ssl_cache_set:cache <- [DW_OP_plus_uconst 4] [$sp+0]
	@DEBUG_VALUE: mbedtls_ssl_cache_set:ret <- 1
	@DEBUG_VALUE: mbedtls_ssl_cache_set:count <- 0
	@DEBUG_VALUE: mbedtls_ssl_cache_set:prv <- 0
	.loc	6 0 13 is_stmt 0                @ ../../../ThirdParty/mbedTLS/library/ssl_cache.c:0:13
	movs	r7, #0
	mov	r4, r7
.Ltmp38:
.LBB2_6:
	@DEBUG_VALUE: mbedtls_ssl_cache_set:cur <- $r6
	@DEBUG_VALUE: mbedtls_ssl_cache_set:data <- [DW_OP_plus_uconst 4] [$sp+0]
	@DEBUG_VALUE: mbedtls_ssl_cache_set:cache <- [DW_OP_plus_uconst 4] [$sp+0]
	@DEBUG_VALUE: mbedtls_ssl_cache_set:ret <- 1
	@DEBUG_VALUE: mbedtls_ssl_cache_set:count <- $r4
	@DEBUG_VALUE: mbedtls_ssl_cache_set:prv <- $r7
	.loc	6 193 9 is_stmt 1               @ ../../../ThirdParty/mbedTLS/library/ssl_cache.c:193:9
	cbz	r5, .LBB2_16
.Ltmp39:
.LBB2_7:
	@DEBUG_VALUE: mbedtls_ssl_cache_set:prv <- $r7
	@DEBUG_VALUE: mbedtls_ssl_cache_set:cur <- $r6
	@DEBUG_VALUE: mbedtls_ssl_cache_set:count <- $r4
	@DEBUG_VALUE: mbedtls_ssl_cache_set:data <- [DW_OP_plus_uconst 4] [$sp+0]
	@DEBUG_VALUE: mbedtls_ssl_cache_set:cache <- [DW_OP_plus_uconst 4] [$sp+0]
	@DEBUG_VALUE: mbedtls_ssl_cache_set:ret <- 1
	.loc	6 0 9 is_stmt 0                 @ ../../../ThirdParty/mbedTLS/library/ssl_cache.c:0:9
	ldr	r5, [sp, #4]                    @ 4-byte Reload
.Ltmp40:
	.loc	6 214 29 is_stmt 1              @ ../../../ThirdParty/mbedTLS/library/ssl_cache.c:214:29
	ldr	r0, [r5, #8]
.Ltmp41:
	.loc	6 214 13 is_stmt 0              @ ../../../ThirdParty/mbedTLS/library/ssl_cache.c:214:13
	cmp	r4, r0
	bge	.LBB2_11
.Ltmp42:
@ %bb.8:
	@DEBUG_VALUE: mbedtls_ssl_cache_set:prv <- $r7
	@DEBUG_VALUE: mbedtls_ssl_cache_set:cur <- $r6
	@DEBUG_VALUE: mbedtls_ssl_cache_set:count <- $r4
	@DEBUG_VALUE: mbedtls_ssl_cache_set:data <- [DW_OP_plus_uconst 4] [$sp+0]
	@DEBUG_VALUE: mbedtls_ssl_cache_set:cache <- [DW_OP_plus_uconst 4] [$sp+0]
	@DEBUG_VALUE: mbedtls_ssl_cache_set:ret <- 1
	.loc	6 0 13                          @ ../../../ThirdParty/mbedTLS/library/ssl_cache.c:0:13
	movs	r0, #1
	movs	r1, #136
.Ltmp43:
	.loc	6 233 19 is_stmt 1              @ ../../../ThirdParty/mbedTLS/library/ssl_cache.c:233:19
	bl	calloc
.Ltmp44:
	@DEBUG_VALUE: mbedtls_ssl_cache_set:cur <- $r0
	.loc	6 234 17                        @ ../../../ThirdParty/mbedTLS/library/ssl_cache.c:234:17
	cbz	r0, .LBB2_14
.Ltmp45:
@ %bb.9:
	@DEBUG_VALUE: mbedtls_ssl_cache_set:prv <- $r7
	@DEBUG_VALUE: mbedtls_ssl_cache_set:count <- $r4
	@DEBUG_VALUE: mbedtls_ssl_cache_set:cur <- $r0
	@DEBUG_VALUE: mbedtls_ssl_cache_set:data <- [DW_OP_plus_uconst 4] [$sp+0]
	@DEBUG_VALUE: mbedtls_ssl_cache_set:cache <- [DW_OP_plus_uconst 4] [$sp+0]
	@DEBUG_VALUE: mbedtls_ssl_cache_set:ret <- 1
	.loc	6 0 0 is_stmt 0                 @ ../../../ThirdParty/mbedTLS/library/ssl_cache.c:0:0
	mov	r6, r0
.Ltmp46:
	@DEBUG_VALUE: mbedtls_ssl_cache_set:cur <- $r6
	.loc	6 240 17 is_stmt 1              @ ../../../ThirdParty/mbedTLS/library/ssl_cache.c:240:17
	cbz	r7, .LBB2_15
.Ltmp47:
@ %bb.10:
	@DEBUG_VALUE: mbedtls_ssl_cache_set:prv <- $r7
	@DEBUG_VALUE: mbedtls_ssl_cache_set:cur <- $r6
	@DEBUG_VALUE: mbedtls_ssl_cache_set:count <- $r4
	@DEBUG_VALUE: mbedtls_ssl_cache_set:data <- [DW_OP_plus_uconst 4] [$sp+0]
	@DEBUG_VALUE: mbedtls_ssl_cache_set:cache <- [DW_OP_plus_uconst 4] [$sp+0]
	@DEBUG_VALUE: mbedtls_ssl_cache_set:ret <- 1
	.loc	6 0 17 is_stmt 0                @ ../../../ThirdParty/mbedTLS/library/ssl_cache.c:0:17
	movs	r0, #132
.Ltmp48:
	.loc	6 243 27 is_stmt 1              @ ../../../ThirdParty/mbedTLS/library/ssl_cache.c:243:27
	str	r6, [r7, r0]
	b	.LBB2_16
.Ltmp49:
.LBB2_11:
	@DEBUG_VALUE: mbedtls_ssl_cache_set:prv <- $r7
	@DEBUG_VALUE: mbedtls_ssl_cache_set:cur <- $r6
	@DEBUG_VALUE: mbedtls_ssl_cache_set:count <- $r4
	@DEBUG_VALUE: mbedtls_ssl_cache_set:data <- [DW_OP_plus_uconst 4] [$sp+0]
	@DEBUG_VALUE: mbedtls_ssl_cache_set:cache <- [DW_OP_plus_uconst 4] [$sp+0]
	@DEBUG_VALUE: mbedtls_ssl_cache_set:ret <- 1
	.loc	6 216 24                        @ ../../../ThirdParty/mbedTLS/library/ssl_cache.c:216:24
	ldr	r6, [r5]
.Ltmp50:
	.loc	6 216 17 is_stmt 0              @ ../../../ThirdParty/mbedTLS/library/ssl_cache.c:216:17
	cbz	r6, .LBB2_14
.Ltmp51:
@ %bb.12:
	@DEBUG_VALUE: mbedtls_ssl_cache_set:prv <- $r7
	@DEBUG_VALUE: mbedtls_ssl_cache_set:count <- $r4
	@DEBUG_VALUE: mbedtls_ssl_cache_set:data <- [DW_OP_plus_uconst 4] [$sp+0]
	@DEBUG_VALUE: mbedtls_ssl_cache_set:cache <- [DW_OP_plus_uconst 4] [$sp+0]
	@DEBUG_VALUE: mbedtls_ssl_cache_set:ret <- 1
	@DEBUG_VALUE: mbedtls_ssl_cache_set:cur <- $r6
	.loc	6 0 17                          @ ../../../ThirdParty/mbedTLS/library/ssl_cache.c:0:17
	movs	r0, #132
	.loc	6 223 33 is_stmt 1              @ ../../../ThirdParty/mbedTLS/library/ssl_cache.c:223:33
	ldr	r1, [r6, r0]
	movs	r2, #0
	.loc	6 224 23                        @ ../../../ThirdParty/mbedTLS/library/ssl_cache.c:224:23
	str	r2, [r6, r0]
	.loc	6 225 23                        @ ../../../ThirdParty/mbedTLS/library/ssl_cache.c:225:23
	str	r6, [r7, r0]
	.loc	6 223 26                        @ ../../../ThirdParty/mbedTLS/library/ssl_cache.c:223:26
	str	r1, [r5]
	.loc	6 226 9                         @ ../../../ThirdParty/mbedTLS/library/ssl_cache.c:226:9
	b	.LBB2_16
.Ltmp52:
.LBB2_13:
	@DEBUG_VALUE: mbedtls_ssl_cache_set:cur <- $r6
	@DEBUG_VALUE: mbedtls_ssl_cache_set:data <- [DW_OP_plus_uconst 4] [$sp+0]
	@DEBUG_VALUE: mbedtls_ssl_cache_set:cache <- [DW_OP_plus_uconst 4] [$sp+0]
	@DEBUG_VALUE: mbedtls_ssl_cache_set:session <- [DW_OP_LLVM_entry_value 1] $r1
	@DEBUG_VALUE: mbedtls_ssl_cache_set:count <- 1
	@DEBUG_VALUE: mbedtls_ssl_cache_set:ret <- 1
	@DEBUG_VALUE: mbedtls_ssl_cache_set:prv <- 0
	.loc	6 0 9 is_stmt 0                 @ ../../../ThirdParty/mbedTLS/library/ssl_cache.c:0:9
	movs	r7, #0
.Ltmp53:
	@DEBUG_VALUE: mbedtls_ssl_cache_set:count <- $r4
	@DEBUG_VALUE: mbedtls_ssl_cache_set:prv <- $r7
	.loc	6 193 9 is_stmt 1               @ ../../../ThirdParty/mbedTLS/library/ssl_cache.c:193:9
	cbz	r5, .LBB2_16
	b	.LBB2_7
.Ltmp54:
.LBB2_14:
	@DEBUG_VALUE: mbedtls_ssl_cache_set:prv <- $r7
	@DEBUG_VALUE: mbedtls_ssl_cache_set:count <- $r4
	@DEBUG_VALUE: mbedtls_ssl_cache_set:data <- [DW_OP_plus_uconst 4] [$sp+0]
	@DEBUG_VALUE: mbedtls_ssl_cache_set:cache <- [DW_OP_plus_uconst 4] [$sp+0]
	@DEBUG_VALUE: mbedtls_ssl_cache_set:ret <- 1
	@DEBUG_VALUE: mbedtls_ssl_cache_set:ret <- 1
	@DEBUG_LABEL: mbedtls_ssl_cache_set:exit
	.loc	6 0 9 is_stmt 0                 @ ../../../ThirdParty/mbedTLS/library/ssl_cache.c:0:9
	movs	r0, #1
	.loc	6 307 5 is_stmt 1               @ ../../../ThirdParty/mbedTLS/library/ssl_cache.c:307:5
	add	sp, #20
.Ltmp55:
	pop	{r4, r5, r6, r7, pc}
.Ltmp56:
.LBB2_15:
	@DEBUG_VALUE: mbedtls_ssl_cache_set:prv <- $r7
	@DEBUG_VALUE: mbedtls_ssl_cache_set:cur <- $r6
	@DEBUG_VALUE: mbedtls_ssl_cache_set:count <- $r4
	@DEBUG_VALUE: mbedtls_ssl_cache_set:data <- [DW_OP_plus_uconst 4] [$sp+0]
	@DEBUG_VALUE: mbedtls_ssl_cache_set:cache <- [DW_OP_plus_uconst 4] [$sp+0]
	@DEBUG_VALUE: mbedtls_ssl_cache_set:ret <- 1
	.loc	6 241 30                        @ ../../../ThirdParty/mbedTLS/library/ssl_cache.c:241:30
	str	r6, [r5]
.Ltmp57:
.LBB2_16:
	@DEBUG_VALUE: mbedtls_ssl_cache_set:prv <- $r7
	@DEBUG_VALUE: mbedtls_ssl_cache_set:cur <- $r6
	@DEBUG_VALUE: mbedtls_ssl_cache_set:count <- $r4
	@DEBUG_VALUE: mbedtls_ssl_cache_set:data <- [DW_OP_plus_uconst 4] [$sp+0]
	@DEBUG_VALUE: mbedtls_ssl_cache_set:cache <- [DW_OP_plus_uconst 4] [$sp+0]
	@DEBUG_VALUE: mbedtls_ssl_cache_set:ret <- 1
	@DEBUG_VALUE: mbedtls_ssl_cache_set:cur <- $r6
	.loc	6 268 11                        @ ../../../ThirdParty/mbedTLS/library/ssl_cache.c:268:11
	mov	r0, r6
	ldr	r1, [sp, #8]                    @ 4-byte Reload
	bl	mbedtls_ssl_session_copy
.Ltmp58:
	@DEBUG_VALUE: mbedtls_ssl_cache_set:ret <- $r0
	.loc	6 269 13                        @ ../../../ThirdParty/mbedTLS/library/ssl_cache.c:269:13
	subs	r1, r0, #1
	sbcs	r0, r1
.Ltmp59:
	.loc	6 269 9 is_stmt 0               @ ../../../ThirdParty/mbedTLS/library/ssl_cache.c:269:9
	add	sp, #20
.Ltmp60:
	pop	{r4, r5, r6, r7, pc}
.Ltmp61:
.Lfunc_end2:
	.size	mbedtls_ssl_cache_set, .Lfunc_end2-mbedtls_ssl_cache_set
	.cfi_endproc
	.cantunwind
	.fnend
                                        @ -- End function
	.section	.text.mbedtls_ssl_cache_set_max_entries,"ax",%progbits
	.hidden	mbedtls_ssl_cache_set_max_entries @ -- Begin function mbedtls_ssl_cache_set_max_entries
	.globl	mbedtls_ssl_cache_set_max_entries
	.p2align	1
	.type	mbedtls_ssl_cache_set_max_entries,%function
	.code	16                              @ @mbedtls_ssl_cache_set_max_entries
	.thumb_func
mbedtls_ssl_cache_set_max_entries:
.Lfunc_begin3:
	.loc	6 320 0 is_stmt 1               @ ../../../ThirdParty/mbedTLS/library/ssl_cache.c:320:0
	.fnstart
	.cfi_startproc
@ %bb.0:
	@DEBUG_VALUE: mbedtls_ssl_cache_set_max_entries:cache <- $r0
	@DEBUG_VALUE: mbedtls_ssl_cache_set_max_entries:cache <- $r0
	@DEBUG_VALUE: mbedtls_ssl_cache_set_max_entries:max <- $r1
	@DEBUG_VALUE: mbedtls_ssl_cache_set_max_entries:max <- $r1
	.loc	6 321 9 prologue_end            @ ../../../ThirdParty/mbedTLS/library/ssl_cache.c:321:9
	asrs	r2, r1, #31
	bics	r1, r2
.Ltmp62:
	@DEBUG_VALUE: mbedtls_ssl_cache_set_max_entries:max <- [DW_OP_LLVM_entry_value 1] $r1
	@DEBUG_VALUE: mbedtls_ssl_cache_set_max_entries:max <- $r1
	.loc	6 323 24                        @ ../../../ThirdParty/mbedTLS/library/ssl_cache.c:323:24
	str	r1, [r0, #8]
	.loc	6 324 1                         @ ../../../ThirdParty/mbedTLS/library/ssl_cache.c:324:1
	bx	lr
.Ltmp63:
.Lfunc_end3:
	.size	mbedtls_ssl_cache_set_max_entries, .Lfunc_end3-mbedtls_ssl_cache_set_max_entries
	.cfi_endproc
	.cantunwind
	.fnend
                                        @ -- End function
	.section	.text.mbedtls_ssl_cache_free,"ax",%progbits
	.hidden	mbedtls_ssl_cache_free          @ -- Begin function mbedtls_ssl_cache_free
	.globl	mbedtls_ssl_cache_free
	.p2align	1
	.type	mbedtls_ssl_cache_free,%function
	.code	16                              @ @mbedtls_ssl_cache_free
	.thumb_func
mbedtls_ssl_cache_free:
.Lfunc_begin4:
	.loc	6 327 0                         @ ../../../ThirdParty/mbedTLS/library/ssl_cache.c:327:0
	.fnstart
	.cfi_startproc
@ %bb.0:
	@DEBUG_VALUE: mbedtls_ssl_cache_free:cache <- $r0
	.save	{r4, r5, r6, r7, lr}
	push	{r4, r5, r6, r7, lr}
	.cfi_def_cfa_offset 20
	.cfi_offset lr, -4
	.cfi_offset r7, -8
	.cfi_offset r6, -12
	.cfi_offset r5, -16
	.cfi_offset r4, -20
	.pad	#4
	sub	sp, #4
	.cfi_def_cfa_offset 24
	mov	r4, r0
.Ltmp64:
	@DEBUG_VALUE: mbedtls_ssl_cache_free:cache <- $r4
	.loc	6 330 18 prologue_end           @ ../../../ThirdParty/mbedTLS/library/ssl_cache.c:330:18
	ldr	r5, [r0]
.Ltmp65:
	@DEBUG_VALUE: mbedtls_ssl_cache_free:cur <- $r5
	.loc	6 332 5                         @ ../../../ThirdParty/mbedTLS/library/ssl_cache.c:332:5
	cbz	r5, .LBB4_3
.Ltmp66:
@ %bb.1:
	@DEBUG_VALUE: mbedtls_ssl_cache_free:cur <- $r5
	@DEBUG_VALUE: mbedtls_ssl_cache_free:cache <- $r4
	.loc	6 0 5 is_stmt 0                 @ ../../../ThirdParty/mbedTLS/library/ssl_cache.c:0:5
	movs	r6, #132
.Ltmp67:
.LBB4_2:                                @ =>This Inner Loop Header: Depth=1
	@DEBUG_VALUE: mbedtls_ssl_cache_free:cur <- $r5
	@DEBUG_VALUE: mbedtls_ssl_cache_free:cache <- $r4
	@DEBUG_VALUE: mbedtls_ssl_cache_free:cur <- $r5
	@DEBUG_VALUE: mbedtls_ssl_cache_free:prv <- $r5
	.loc	6 335 20 is_stmt 1              @ ../../../ThirdParty/mbedTLS/library/ssl_cache.c:335:20
	ldr	r7, [r5, r6]
.Ltmp68:
	@DEBUG_VALUE: mbedtls_ssl_cache_free:cur <- $r7
	.loc	6 337 9                         @ ../../../ThirdParty/mbedTLS/library/ssl_cache.c:337:9
	mov	r0, r5
	bl	mbedtls_ssl_session_free
	.loc	6 344 9                         @ ../../../ThirdParty/mbedTLS/library/ssl_cache.c:344:9
	mov	r0, r5
	bl	free
.Ltmp69:
	.loc	6 332 5                         @ ../../../ThirdParty/mbedTLS/library/ssl_cache.c:332:5
	cmp	r7, #0
	mov	r5, r7
.Ltmp70:
	@DEBUG_VALUE: mbedtls_ssl_cache_free:cur <- $r5
	@DEBUG_VALUE: mbedtls_ssl_cache_free:cur <- $r5
	bne	.LBB4_2
.Ltmp71:
.LBB4_3:
	@DEBUG_VALUE: mbedtls_ssl_cache_free:cur <- $r5
	@DEBUG_VALUE: mbedtls_ssl_cache_free:cache <- $r4
	.loc	6 0 5 is_stmt 0                 @ ../../../ThirdParty/mbedTLS/library/ssl_cache.c:0:5
	movs	r0, #0
	.loc	6 350 18 is_stmt 1              @ ../../../ThirdParty/mbedTLS/library/ssl_cache.c:350:18
	str	r0, [r4]
	.loc	6 351 1                         @ ../../../ThirdParty/mbedTLS/library/ssl_cache.c:351:1
	add	sp, #4
	pop	{r4, r5, r6, r7, pc}
.Ltmp72:
.Lfunc_end4:
	.size	mbedtls_ssl_cache_free, .Lfunc_end4-mbedtls_ssl_cache_free
	.cfi_endproc
	.cantunwind
	.fnend
                                        @ -- End function
	.section	.debug_loc,"",%progbits
.Ldebug_loc0:
	.long	-1
	.long	.Lfunc_begin0                   @   base address
	.long	.Lfunc_begin0-.Lfunc_begin0
	.long	.Ltmp1-.Lfunc_begin0
	.short	1                               @ Loc expr size
	.byte	80                              @ DW_OP_reg0
	.long	.Ltmp1-.Lfunc_begin0
	.long	.Ltmp2-.Lfunc_begin0
	.short	3                               @ Loc expr size
	.byte	163                             @ DW_OP_entry_value
	.byte	1                               @ 1
	.byte	80                              @ DW_OP_reg0
	.long	0
	.long	0
.Ldebug_loc1:
	.long	-1
	.long	.Lfunc_begin1                   @   base address
	.long	.Lfunc_begin1-.Lfunc_begin1
	.long	.Ltmp7-.Lfunc_begin1
	.short	1                               @ Loc expr size
	.byte	80                              @ DW_OP_reg0
	.long	.Ltmp7-.Lfunc_begin1
	.long	.Ltmp21-.Lfunc_begin1
	.short	3                               @ Loc expr size
	.byte	163                             @ DW_OP_entry_value
	.byte	1                               @ 1
	.byte	80                              @ DW_OP_reg0
	.long	0
	.long	0
.Ldebug_loc2:
	.long	-1
	.long	.Lfunc_begin1                   @   base address
	.long	.Lfunc_begin1-.Lfunc_begin1
	.long	.Ltmp6-.Lfunc_begin1
	.short	1                               @ Loc expr size
	.byte	81                              @ DW_OP_reg1
	.long	.Ltmp6-.Lfunc_begin1
	.long	.Ltmp9-.Lfunc_begin1
	.short	1                               @ Loc expr size
	.byte	83                              @ DW_OP_reg3
	.long	0
	.long	0
.Ldebug_loc3:
	.long	-1
	.long	.Lfunc_begin1                   @   base address
	.long	.Ltmp3-.Lfunc_begin1
	.long	.Ltmp7-.Lfunc_begin1
	.short	1                               @ Loc expr size
	.byte	80                              @ DW_OP_reg0
	.long	0
	.long	0
.Ldebug_loc4:
	.long	-1
	.long	.Lfunc_begin1                   @   base address
	.long	.Ltmp3-.Lfunc_begin1
	.long	.Ltmp19-.Lfunc_begin1
	.short	2                               @ Loc expr size
	.byte	17                              @ DW_OP_consts
	.byte	1                               @ 1
	.long	.Ltmp19-.Lfunc_begin1
	.long	.Ltmp20-.Lfunc_begin1
	.short	1                               @ Loc expr size
	.byte	80                              @ DW_OP_reg0
	.long	.Ltmp21-.Lfunc_begin1
	.long	.Lfunc_end1-.Lfunc_begin1
	.short	2                               @ Loc expr size
	.byte	17                              @ DW_OP_consts
	.byte	1                               @ 1
	.long	0
	.long	0
.Ldebug_loc5:
	.long	-1
	.long	.Lfunc_begin1                   @   base address
	.long	.Ltmp4-.Lfunc_begin1
	.long	.Ltmp9-.Lfunc_begin1
	.short	1                               @ Loc expr size
	.byte	48                              @ DW_OP_lit0
	.long	.Ltmp9-.Lfunc_begin1
	.long	.Ltmp10-.Lfunc_begin1
	.short	1                               @ Loc expr size
	.byte	86                              @ DW_OP_reg6
	.long	.Ltmp11-.Lfunc_begin1
	.long	.Ltmp21-.Lfunc_begin1
	.short	1                               @ Loc expr size
	.byte	86                              @ DW_OP_reg6
	.long	0
	.long	0
.Ldebug_loc6:
	.long	-1
	.long	.Lfunc_begin1                   @   base address
	.long	.Ltmp4-.Lfunc_begin1
	.long	.Ltmp11-.Lfunc_begin1
	.short	1                               @ Loc expr size
	.byte	87                              @ DW_OP_reg7
	.long	.Ltmp11-.Lfunc_begin1
	.long	.Ltmp12-.Lfunc_begin1
	.short	1                               @ Loc expr size
	.byte	86                              @ DW_OP_reg6
	.long	.Ltmp12-.Lfunc_begin1
	.long	.Ltmp18-.Lfunc_begin1
	.short	1                               @ Loc expr size
	.byte	87                              @ DW_OP_reg7
	.long	.Ltmp18-.Lfunc_begin1
	.long	.Ltmp21-.Lfunc_begin1
	.short	1                               @ Loc expr size
	.byte	86                              @ DW_OP_reg6
	.long	.Ltmp21-.Lfunc_begin1
	.long	.Ltmp22-.Lfunc_begin1
	.short	1                               @ Loc expr size
	.byte	87                              @ DW_OP_reg7
	.long	0
	.long	0
.Ldebug_loc7:
	.long	-1
	.long	.Lfunc_begin2                   @   base address
	.long	.Lfunc_begin2-.Lfunc_begin2
	.long	.Ltmp24-.Lfunc_begin2
	.short	1                               @ Loc expr size
	.byte	80                              @ DW_OP_reg0
	.long	.Ltmp24-.Lfunc_begin2
	.long	.Ltmp55-.Lfunc_begin2
	.short	2                               @ Loc expr size
	.byte	125                             @ DW_OP_breg13
	.byte	4                               @ 4
	.long	.Ltmp56-.Lfunc_begin2
	.long	.Ltmp60-.Lfunc_begin2
	.short	2                               @ Loc expr size
	.byte	125                             @ DW_OP_breg13
	.byte	4                               @ 4
	.long	0
	.long	0
.Ldebug_loc8:
	.long	-1
	.long	.Lfunc_begin2                   @   base address
	.long	.Lfunc_begin2-.Lfunc_begin2
	.long	.Ltmp27-.Lfunc_begin2
	.short	1                               @ Loc expr size
	.byte	81                              @ DW_OP_reg1
	.long	.Ltmp27-.Lfunc_begin2
	.long	.Ltmp29-.Lfunc_begin2
	.short	1                               @ Loc expr size
	.byte	84                              @ DW_OP_reg4
	.long	.Ltmp29-.Lfunc_begin2
	.long	.Ltmp37-.Lfunc_begin2
	.short	3                               @ Loc expr size
	.byte	163                             @ DW_OP_entry_value
	.byte	1                               @ 1
	.byte	81                              @ DW_OP_reg1
	.long	.Ltmp37-.Lfunc_begin2
	.long	.Ltmp38-.Lfunc_begin2
	.short	1                               @ Loc expr size
	.byte	81                              @ DW_OP_reg1
	.long	.Ltmp52-.Lfunc_begin2
	.long	.Ltmp54-.Lfunc_begin2
	.short	3                               @ Loc expr size
	.byte	163                             @ DW_OP_entry_value
	.byte	1                               @ 1
	.byte	81                              @ DW_OP_reg1
	.long	0
	.long	0
.Ldebug_loc9:
	.long	-1
	.long	.Lfunc_begin2                   @   base address
	.long	.Ltmp23-.Lfunc_begin2
	.long	.Ltmp24-.Lfunc_begin2
	.short	1                               @ Loc expr size
	.byte	80                              @ DW_OP_reg0
	.long	.Ltmp24-.Lfunc_begin2
	.long	.Ltmp55-.Lfunc_begin2
	.short	2                               @ Loc expr size
	.byte	125                             @ DW_OP_breg13
	.byte	4                               @ 4
	.long	.Ltmp56-.Lfunc_begin2
	.long	.Ltmp60-.Lfunc_begin2
	.short	2                               @ Loc expr size
	.byte	125                             @ DW_OP_breg13
	.byte	4                               @ 4
	.long	0
	.long	0
.Ldebug_loc10:
	.long	-1
	.long	.Lfunc_begin2                   @   base address
	.long	.Ltmp25-.Lfunc_begin2
	.long	.Ltmp32-.Lfunc_begin2
	.short	1                               @ Loc expr size
	.byte	86                              @ DW_OP_reg6
	.long	.Ltmp33-.Lfunc_begin2
	.long	.Ltmp44-.Lfunc_begin2
	.short	1                               @ Loc expr size
	.byte	86                              @ DW_OP_reg6
	.long	.Ltmp44-.Lfunc_begin2
	.long	.Ltmp46-.Lfunc_begin2
	.short	1                               @ Loc expr size
	.byte	80                              @ DW_OP_reg0
	.long	.Ltmp46-.Lfunc_begin2
	.long	.Ltmp50-.Lfunc_begin2
	.short	1                               @ Loc expr size
	.byte	86                              @ DW_OP_reg6
	.long	.Ltmp51-.Lfunc_begin2
	.long	.Ltmp54-.Lfunc_begin2
	.short	1                               @ Loc expr size
	.byte	86                              @ DW_OP_reg6
	.long	.Ltmp56-.Lfunc_begin2
	.long	.Ltmp61-.Lfunc_begin2
	.short	1                               @ Loc expr size
	.byte	86                              @ DW_OP_reg6
	.long	0
	.long	0
.Ldebug_loc11:
	.long	-1
	.long	.Lfunc_begin2                   @   base address
	.long	.Ltmp24-.Lfunc_begin2
	.long	.Ltmp31-.Lfunc_begin2
	.short	1                               @ Loc expr size
	.byte	48                              @ DW_OP_lit0
	.long	.Ltmp32-.Lfunc_begin2
	.long	.Ltmp37-.Lfunc_begin2
	.short	1                               @ Loc expr size
	.byte	87                              @ DW_OP_reg7
	.long	.Ltmp37-.Lfunc_begin2
	.long	.Ltmp38-.Lfunc_begin2
	.short	1                               @ Loc expr size
	.byte	48                              @ DW_OP_lit0
	.long	.Ltmp38-.Lfunc_begin2
	.long	.Ltmp52-.Lfunc_begin2
	.short	1                               @ Loc expr size
	.byte	87                              @ DW_OP_reg7
	.long	.Ltmp52-.Lfunc_begin2
	.long	.Ltmp53-.Lfunc_begin2
	.short	1                               @ Loc expr size
	.byte	48                              @ DW_OP_lit0
	.long	.Ltmp53-.Lfunc_begin2
	.long	.Ltmp61-.Lfunc_begin2
	.short	1                               @ Loc expr size
	.byte	87                              @ DW_OP_reg7
	.long	0
	.long	0
.Ldebug_loc12:
	.long	-1
	.long	.Lfunc_begin2                   @   base address
	.long	.Ltmp24-.Lfunc_begin2
	.long	.Ltmp28-.Lfunc_begin2
	.short	2                               @ Loc expr size
	.byte	17                              @ DW_OP_consts
	.byte	0                               @ 0
	.long	.Ltmp28-.Lfunc_begin2
	.long	.Ltmp31-.Lfunc_begin2
	.short	2                               @ Loc expr size
	.byte	17                              @ DW_OP_consts
	.byte	1                               @ 1
	.long	.Ltmp33-.Lfunc_begin2
	.long	.Ltmp37-.Lfunc_begin2
	.short	1                               @ Loc expr size
	.byte	84                              @ DW_OP_reg4
	.long	.Ltmp37-.Lfunc_begin2
	.long	.Ltmp38-.Lfunc_begin2
	.short	2                               @ Loc expr size
	.byte	17                              @ DW_OP_consts
	.byte	0                               @ 0
	.long	.Ltmp38-.Lfunc_begin2
	.long	.Ltmp52-.Lfunc_begin2
	.short	1                               @ Loc expr size
	.byte	84                              @ DW_OP_reg4
	.long	.Ltmp52-.Lfunc_begin2
	.long	.Ltmp53-.Lfunc_begin2
	.short	2                               @ Loc expr size
	.byte	17                              @ DW_OP_consts
	.byte	1                               @ 1
	.long	.Ltmp53-.Lfunc_begin2
	.long	.Ltmp61-.Lfunc_begin2
	.short	1                               @ Loc expr size
	.byte	84                              @ DW_OP_reg4
	.long	0
	.long	0
.Ldebug_loc13:
	.long	-1
	.long	.Lfunc_begin2                   @   base address
	.long	.Ltmp24-.Lfunc_begin2
	.long	.Ltmp58-.Lfunc_begin2
	.short	2                               @ Loc expr size
	.byte	17                              @ DW_OP_consts
	.byte	1                               @ 1
	.long	.Ltmp58-.Lfunc_begin2
	.long	.Ltmp59-.Lfunc_begin2
	.short	1                               @ Loc expr size
	.byte	80                              @ DW_OP_reg0
	.long	0
	.long	0
.Ldebug_loc14:
	.long	-1
	.long	.Lfunc_begin4                   @   base address
	.long	.Lfunc_begin4-.Lfunc_begin4
	.long	.Ltmp64-.Lfunc_begin4
	.short	1                               @ Loc expr size
	.byte	80                              @ DW_OP_reg0
	.long	.Ltmp64-.Lfunc_begin4
	.long	.Ltmp72-.Lfunc_begin4
	.short	1                               @ Loc expr size
	.byte	84                              @ DW_OP_reg4
	.long	0
	.long	0
.Ldebug_loc15:
	.long	-1
	.long	.Lfunc_begin4                   @   base address
	.long	.Ltmp65-.Lfunc_begin4
	.long	.Ltmp68-.Lfunc_begin4
	.short	1                               @ Loc expr size
	.byte	85                              @ DW_OP_reg5
	.long	.Ltmp68-.Lfunc_begin4
	.long	.Ltmp70-.Lfunc_begin4
	.short	1                               @ Loc expr size
	.byte	87                              @ DW_OP_reg7
	.long	.Ltmp70-.Lfunc_begin4
	.long	.Ltmp72-.Lfunc_begin4
	.short	1                               @ Loc expr size
	.byte	85                              @ DW_OP_reg5
	.long	0
	.long	0
.Ldebug_loc16:
	.long	-1
	.long	.Lfunc_begin4                   @   base address
	.long	.Ltmp67-.Lfunc_begin4
	.long	.Ltmp70-.Lfunc_begin4
	.short	1                               @ Loc expr size
	.byte	85                              @ DW_OP_reg5
	.long	0
	.long	0
	.section	.debug_abbrev,"",%progbits
	.byte	1                               @ Abbreviation Code
	.byte	17                              @ DW_TAG_compile_unit
	.byte	1                               @ DW_CHILDREN_yes
	.byte	37                              @ DW_AT_producer
	.byte	14                              @ DW_FORM_strp
	.byte	19                              @ DW_AT_language
	.byte	5                               @ DW_FORM_data2
	.byte	3                               @ DW_AT_name
	.byte	14                              @ DW_FORM_strp
	.byte	16                              @ DW_AT_stmt_list
	.byte	6                               @ DW_FORM_data4
	.byte	27                              @ DW_AT_comp_dir
	.byte	14                              @ DW_FORM_strp
	.byte	17                              @ DW_AT_low_pc
	.byte	1                               @ DW_FORM_addr
	.byte	85                              @ DW_AT_ranges
	.byte	6                               @ DW_FORM_data4
	.byte	0                               @ EOM(1)
	.byte	0                               @ EOM(2)
	.byte	2                               @ Abbreviation Code
	.byte	4                               @ DW_TAG_enumeration_type
	.byte	1                               @ DW_CHILDREN_yes
	.byte	73                              @ DW_AT_type
	.byte	19                              @ DW_FORM_ref4
	.byte	11                              @ DW_AT_byte_size
	.byte	11                              @ DW_FORM_data1
	.byte	58                              @ DW_AT_decl_file
	.byte	11                              @ DW_FORM_data1
	.byte	59                              @ DW_AT_decl_line
	.byte	11                              @ DW_FORM_data1
	.byte	0                               @ EOM(1)
	.byte	0                               @ EOM(2)
	.byte	3                               @ Abbreviation Code
	.byte	40                              @ DW_TAG_enumerator
	.byte	0                               @ DW_CHILDREN_no
	.byte	3                               @ DW_AT_name
	.byte	14                              @ DW_FORM_strp
	.byte	28                              @ DW_AT_const_value
	.byte	15                              @ DW_FORM_udata
	.byte	0                               @ EOM(1)
	.byte	0                               @ EOM(2)
	.byte	4                               @ Abbreviation Code
	.byte	36                              @ DW_TAG_base_type
	.byte	0                               @ DW_CHILDREN_no
	.byte	3                               @ DW_AT_name
	.byte	14                              @ DW_FORM_strp
	.byte	62                              @ DW_AT_encoding
	.byte	11                              @ DW_FORM_data1
	.byte	11                              @ DW_AT_byte_size
	.byte	11                              @ DW_FORM_data1
	.byte	0                               @ EOM(1)
	.byte	0                               @ EOM(2)
	.byte	5                               @ Abbreviation Code
	.byte	15                              @ DW_TAG_pointer_type
	.byte	0                               @ DW_CHILDREN_no
	.byte	73                              @ DW_AT_type
	.byte	19                              @ DW_FORM_ref4
	.byte	0                               @ EOM(1)
	.byte	0                               @ EOM(2)
	.byte	6                               @ Abbreviation Code
	.byte	22                              @ DW_TAG_typedef
	.byte	0                               @ DW_CHILDREN_no
	.byte	73                              @ DW_AT_type
	.byte	19                              @ DW_FORM_ref4
	.byte	3                               @ DW_AT_name
	.byte	14                              @ DW_FORM_strp
	.byte	58                              @ DW_AT_decl_file
	.byte	11                              @ DW_FORM_data1
	.byte	59                              @ DW_AT_decl_line
	.byte	11                              @ DW_FORM_data1
	.byte	0                               @ EOM(1)
	.byte	0                               @ EOM(2)
	.byte	7                               @ Abbreviation Code
	.byte	19                              @ DW_TAG_structure_type
	.byte	1                               @ DW_CHILDREN_yes
	.byte	3                               @ DW_AT_name
	.byte	14                              @ DW_FORM_strp
	.byte	11                              @ DW_AT_byte_size
	.byte	11                              @ DW_FORM_data1
	.byte	58                              @ DW_AT_decl_file
	.byte	11                              @ DW_FORM_data1
	.byte	59                              @ DW_AT_decl_line
	.byte	11                              @ DW_FORM_data1
	.byte	0                               @ EOM(1)
	.byte	0                               @ EOM(2)
	.byte	8                               @ Abbreviation Code
	.byte	13                              @ DW_TAG_member
	.byte	0                               @ DW_CHILDREN_no
	.byte	3                               @ DW_AT_name
	.byte	14                              @ DW_FORM_strp
	.byte	73                              @ DW_AT_type
	.byte	19                              @ DW_FORM_ref4
	.byte	58                              @ DW_AT_decl_file
	.byte	11                              @ DW_FORM_data1
	.byte	59                              @ DW_AT_decl_line
	.byte	11                              @ DW_FORM_data1
	.byte	56                              @ DW_AT_data_member_location
	.byte	11                              @ DW_FORM_data1
	.byte	0                               @ EOM(1)
	.byte	0                               @ EOM(2)
	.byte	9                               @ Abbreviation Code
	.byte	22                              @ DW_TAG_typedef
	.byte	0                               @ DW_CHILDREN_no
	.byte	73                              @ DW_AT_type
	.byte	19                              @ DW_FORM_ref4
	.byte	3                               @ DW_AT_name
	.byte	14                              @ DW_FORM_strp
	.byte	58                              @ DW_AT_decl_file
	.byte	11                              @ DW_FORM_data1
	.byte	59                              @ DW_AT_decl_line
	.byte	5                               @ DW_FORM_data2
	.byte	0                               @ EOM(1)
	.byte	0                               @ EOM(2)
	.byte	10                              @ Abbreviation Code
	.byte	19                              @ DW_TAG_structure_type
	.byte	1                               @ DW_CHILDREN_yes
	.byte	3                               @ DW_AT_name
	.byte	14                              @ DW_FORM_strp
	.byte	11                              @ DW_AT_byte_size
	.byte	11                              @ DW_FORM_data1
	.byte	58                              @ DW_AT_decl_file
	.byte	11                              @ DW_FORM_data1
	.byte	59                              @ DW_AT_decl_line
	.byte	5                               @ DW_FORM_data2
	.byte	0                               @ EOM(1)
	.byte	0                               @ EOM(2)
	.byte	11                              @ Abbreviation Code
	.byte	13                              @ DW_TAG_member
	.byte	0                               @ DW_CHILDREN_no
	.byte	3                               @ DW_AT_name
	.byte	14                              @ DW_FORM_strp
	.byte	73                              @ DW_AT_type
	.byte	19                              @ DW_FORM_ref4
	.byte	58                              @ DW_AT_decl_file
	.byte	11                              @ DW_FORM_data1
	.byte	59                              @ DW_AT_decl_line
	.byte	5                               @ DW_FORM_data2
	.byte	56                              @ DW_AT_data_member_location
	.byte	11                              @ DW_FORM_data1
	.byte	0                               @ EOM(1)
	.byte	0                               @ EOM(2)
	.byte	12                              @ Abbreviation Code
	.byte	1                               @ DW_TAG_array_type
	.byte	1                               @ DW_CHILDREN_yes
	.byte	73                              @ DW_AT_type
	.byte	19                              @ DW_FORM_ref4
	.byte	0                               @ EOM(1)
	.byte	0                               @ EOM(2)
	.byte	13                              @ Abbreviation Code
	.byte	33                              @ DW_TAG_subrange_type
	.byte	0                               @ DW_CHILDREN_no
	.byte	73                              @ DW_AT_type
	.byte	19                              @ DW_FORM_ref4
	.byte	55                              @ DW_AT_count
	.byte	11                              @ DW_FORM_data1
	.byte	0                               @ EOM(1)
	.byte	0                               @ EOM(2)
	.byte	14                              @ Abbreviation Code
	.byte	36                              @ DW_TAG_base_type
	.byte	0                               @ DW_CHILDREN_no
	.byte	3                               @ DW_AT_name
	.byte	14                              @ DW_FORM_strp
	.byte	11                              @ DW_AT_byte_size
	.byte	11                              @ DW_FORM_data1
	.byte	62                              @ DW_AT_encoding
	.byte	11                              @ DW_FORM_data1
	.byte	0                               @ EOM(1)
	.byte	0                               @ EOM(2)
	.byte	15                              @ Abbreviation Code
	.byte	46                              @ DW_TAG_subprogram
	.byte	1                               @ DW_CHILDREN_yes
	.byte	17                              @ DW_AT_low_pc
	.byte	1                               @ DW_FORM_addr
	.byte	18                              @ DW_AT_high_pc
	.byte	1                               @ DW_FORM_addr
	.byte	64                              @ DW_AT_frame_base
	.byte	10                              @ DW_FORM_block1
	.byte	3                               @ DW_AT_name
	.byte	14                              @ DW_FORM_strp
	.byte	58                              @ DW_AT_decl_file
	.byte	11                              @ DW_FORM_data1
	.byte	59                              @ DW_AT_decl_line
	.byte	11                              @ DW_FORM_data1
	.byte	39                              @ DW_AT_prototyped
	.byte	12                              @ DW_FORM_flag
	.byte	63                              @ DW_AT_external
	.byte	12                              @ DW_FORM_flag
	.byte	0                               @ EOM(1)
	.byte	0                               @ EOM(2)
	.byte	16                              @ Abbreviation Code
	.byte	5                               @ DW_TAG_formal_parameter
	.byte	0                               @ DW_CHILDREN_no
	.byte	2                               @ DW_AT_location
	.byte	6                               @ DW_FORM_data4
	.byte	3                               @ DW_AT_name
	.byte	14                              @ DW_FORM_strp
	.byte	58                              @ DW_AT_decl_file
	.byte	11                              @ DW_FORM_data1
	.byte	59                              @ DW_AT_decl_line
	.byte	11                              @ DW_FORM_data1
	.byte	73                              @ DW_AT_type
	.byte	19                              @ DW_FORM_ref4
	.byte	0                               @ EOM(1)
	.byte	0                               @ EOM(2)
	.byte	17                              @ Abbreviation Code
	.byte	46                              @ DW_TAG_subprogram
	.byte	1                               @ DW_CHILDREN_yes
	.byte	17                              @ DW_AT_low_pc
	.byte	1                               @ DW_FORM_addr
	.byte	18                              @ DW_AT_high_pc
	.byte	1                               @ DW_FORM_addr
	.byte	64                              @ DW_AT_frame_base
	.byte	10                              @ DW_FORM_block1
	.byte	3                               @ DW_AT_name
	.byte	14                              @ DW_FORM_strp
	.byte	58                              @ DW_AT_decl_file
	.byte	11                              @ DW_FORM_data1
	.byte	59                              @ DW_AT_decl_line
	.byte	11                              @ DW_FORM_data1
	.byte	39                              @ DW_AT_prototyped
	.byte	12                              @ DW_FORM_flag
	.byte	73                              @ DW_AT_type
	.byte	19                              @ DW_FORM_ref4
	.byte	63                              @ DW_AT_external
	.byte	12                              @ DW_FORM_flag
	.byte	0                               @ EOM(1)
	.byte	0                               @ EOM(2)
	.byte	18                              @ Abbreviation Code
	.byte	52                              @ DW_TAG_variable
	.byte	0                               @ DW_CHILDREN_no
	.byte	2                               @ DW_AT_location
	.byte	6                               @ DW_FORM_data4
	.byte	3                               @ DW_AT_name
	.byte	14                              @ DW_FORM_strp
	.byte	58                              @ DW_AT_decl_file
	.byte	11                              @ DW_FORM_data1
	.byte	59                              @ DW_AT_decl_line
	.byte	11                              @ DW_FORM_data1
	.byte	73                              @ DW_AT_type
	.byte	19                              @ DW_FORM_ref4
	.byte	0                               @ EOM(1)
	.byte	0                               @ EOM(2)
	.byte	19                              @ Abbreviation Code
	.byte	10                              @ DW_TAG_label
	.byte	0                               @ DW_CHILDREN_no
	.byte	3                               @ DW_AT_name
	.byte	14                              @ DW_FORM_strp
	.byte	58                              @ DW_AT_decl_file
	.byte	11                              @ DW_FORM_data1
	.byte	59                              @ DW_AT_decl_line
	.byte	11                              @ DW_FORM_data1
	.byte	17                              @ DW_AT_low_pc
	.byte	1                               @ DW_FORM_addr
	.byte	0                               @ EOM(1)
	.byte	0                               @ EOM(2)
	.byte	20                              @ Abbreviation Code
	.byte	10                              @ DW_TAG_label
	.byte	0                               @ DW_CHILDREN_no
	.byte	3                               @ DW_AT_name
	.byte	14                              @ DW_FORM_strp
	.byte	58                              @ DW_AT_decl_file
	.byte	11                              @ DW_FORM_data1
	.byte	59                              @ DW_AT_decl_line
	.byte	5                               @ DW_FORM_data2
	.byte	17                              @ DW_AT_low_pc
	.byte	1                               @ DW_FORM_addr
	.byte	0                               @ EOM(1)
	.byte	0                               @ EOM(2)
	.byte	21                              @ Abbreviation Code
	.byte	46                              @ DW_TAG_subprogram
	.byte	1                               @ DW_CHILDREN_yes
	.byte	17                              @ DW_AT_low_pc
	.byte	1                               @ DW_FORM_addr
	.byte	18                              @ DW_AT_high_pc
	.byte	1                               @ DW_FORM_addr
	.byte	64                              @ DW_AT_frame_base
	.byte	10                              @ DW_FORM_block1
	.byte	3                               @ DW_AT_name
	.byte	14                              @ DW_FORM_strp
	.byte	58                              @ DW_AT_decl_file
	.byte	11                              @ DW_FORM_data1
	.byte	59                              @ DW_AT_decl_line
	.byte	5                               @ DW_FORM_data2
	.byte	39                              @ DW_AT_prototyped
	.byte	12                              @ DW_FORM_flag
	.byte	63                              @ DW_AT_external
	.byte	12                              @ DW_FORM_flag
	.byte	0                               @ EOM(1)
	.byte	0                               @ EOM(2)
	.byte	22                              @ Abbreviation Code
	.byte	5                               @ DW_TAG_formal_parameter
	.byte	0                               @ DW_CHILDREN_no
	.byte	2                               @ DW_AT_location
	.byte	10                              @ DW_FORM_block1
	.byte	3                               @ DW_AT_name
	.byte	14                              @ DW_FORM_strp
	.byte	58                              @ DW_AT_decl_file
	.byte	11                              @ DW_FORM_data1
	.byte	59                              @ DW_AT_decl_line
	.byte	5                               @ DW_FORM_data2
	.byte	73                              @ DW_AT_type
	.byte	19                              @ DW_FORM_ref4
	.byte	0                               @ EOM(1)
	.byte	0                               @ EOM(2)
	.byte	23                              @ Abbreviation Code
	.byte	5                               @ DW_TAG_formal_parameter
	.byte	0                               @ DW_CHILDREN_no
	.byte	2                               @ DW_AT_location
	.byte	6                               @ DW_FORM_data4
	.byte	3                               @ DW_AT_name
	.byte	14                              @ DW_FORM_strp
	.byte	58                              @ DW_AT_decl_file
	.byte	11                              @ DW_FORM_data1
	.byte	59                              @ DW_AT_decl_line
	.byte	5                               @ DW_FORM_data2
	.byte	73                              @ DW_AT_type
	.byte	19                              @ DW_FORM_ref4
	.byte	0                               @ EOM(1)
	.byte	0                               @ EOM(2)
	.byte	24                              @ Abbreviation Code
	.byte	52                              @ DW_TAG_variable
	.byte	0                               @ DW_CHILDREN_no
	.byte	2                               @ DW_AT_location
	.byte	6                               @ DW_FORM_data4
	.byte	3                               @ DW_AT_name
	.byte	14                              @ DW_FORM_strp
	.byte	58                              @ DW_AT_decl_file
	.byte	11                              @ DW_FORM_data1
	.byte	59                              @ DW_AT_decl_line
	.byte	5                               @ DW_FORM_data2
	.byte	73                              @ DW_AT_type
	.byte	19                              @ DW_FORM_ref4
	.byte	0                               @ EOM(1)
	.byte	0                               @ EOM(2)
	.byte	25                              @ Abbreviation Code
	.byte	15                              @ DW_TAG_pointer_type
	.byte	0                               @ DW_CHILDREN_no
	.byte	0                               @ EOM(1)
	.byte	0                               @ EOM(2)
	.byte	26                              @ Abbreviation Code
	.byte	38                              @ DW_TAG_const_type
	.byte	0                               @ DW_CHILDREN_no
	.byte	73                              @ DW_AT_type
	.byte	19                              @ DW_FORM_ref4
	.byte	0                               @ EOM(1)
	.byte	0                               @ EOM(2)
	.byte	0                               @ EOM(3)
	.section	.debug_info,"",%progbits
.Lcu_begin0:
	.long	.Ldebug_info_end0-.Ldebug_info_start0 @ Length of Unit
.Ldebug_info_start0:
	.short	3                               @ DWARF version number
	.long	.debug_abbrev                   @ Offset Into Abbrev. Section
	.byte	4                               @ Address Size (in bytes)
	.byte	1                               @ Abbrev [1] 0xb:0x3b5 DW_TAG_compile_unit
	.long	.Linfo_string0                  @ DW_AT_producer
	.short	12                              @ DW_AT_language
	.long	.Linfo_string1                  @ DW_AT_name
	.long	.Lline_table_start0             @ DW_AT_stmt_list
	.long	.Linfo_string2                  @ DW_AT_comp_dir
	.long	0                               @ DW_AT_low_pc
	.long	.Ldebug_ranges0                 @ DW_AT_ranges
	.byte	2                               @ Abbrev [2] 0x26:0x45 DW_TAG_enumeration_type
	.long	107                             @ DW_AT_type
	.byte	1                               @ DW_AT_byte_size
	.byte	1                               @ DW_AT_decl_file
	.byte	58                              @ DW_AT_decl_line
	.byte	3                               @ Abbrev [3] 0x2e:0x6 DW_TAG_enumerator
	.long	.Linfo_string4                  @ DW_AT_name
	.byte	0                               @ DW_AT_const_value
	.byte	3                               @ Abbrev [3] 0x34:0x6 DW_TAG_enumerator
	.long	.Linfo_string5                  @ DW_AT_name
	.byte	1                               @ DW_AT_const_value
	.byte	3                               @ Abbrev [3] 0x3a:0x6 DW_TAG_enumerator
	.long	.Linfo_string6                  @ DW_AT_name
	.byte	2                               @ DW_AT_const_value
	.byte	3                               @ Abbrev [3] 0x40:0x6 DW_TAG_enumerator
	.long	.Linfo_string7                  @ DW_AT_name
	.byte	3                               @ DW_AT_const_value
	.byte	3                               @ Abbrev [3] 0x46:0x6 DW_TAG_enumerator
	.long	.Linfo_string8                  @ DW_AT_name
	.byte	4                               @ DW_AT_const_value
	.byte	3                               @ Abbrev [3] 0x4c:0x6 DW_TAG_enumerator
	.long	.Linfo_string9                  @ DW_AT_name
	.byte	5                               @ DW_AT_const_value
	.byte	3                               @ Abbrev [3] 0x52:0x6 DW_TAG_enumerator
	.long	.Linfo_string10                 @ DW_AT_name
	.byte	6                               @ DW_AT_const_value
	.byte	3                               @ Abbrev [3] 0x58:0x6 DW_TAG_enumerator
	.long	.Linfo_string11                 @ DW_AT_name
	.byte	7                               @ DW_AT_const_value
	.byte	3                               @ Abbrev [3] 0x5e:0x6 DW_TAG_enumerator
	.long	.Linfo_string12                 @ DW_AT_name
	.byte	8                               @ DW_AT_const_value
	.byte	3                               @ Abbrev [3] 0x64:0x6 DW_TAG_enumerator
	.long	.Linfo_string13                 @ DW_AT_name
	.byte	9                               @ DW_AT_const_value
	.byte	0                               @ End Of Children Mark
	.byte	4                               @ Abbrev [4] 0x6b:0x7 DW_TAG_base_type
	.long	.Linfo_string3                  @ DW_AT_name
	.byte	8                               @ DW_AT_encoding
	.byte	1                               @ DW_AT_byte_size
	.byte	5                               @ Abbrev [5] 0x72:0x5 DW_TAG_pointer_type
	.long	119                             @ DW_AT_type
	.byte	6                               @ Abbrev [6] 0x77:0xb DW_TAG_typedef
	.long	130                             @ DW_AT_type
	.long	.Linfo_string42                 @ DW_AT_name
	.byte	5                               @ DW_AT_decl_file
	.byte	61                              @ DW_AT_decl_line
	.byte	7                               @ Abbrev [7] 0x82:0x2d DW_TAG_structure_type
	.long	.Linfo_string42                 @ DW_AT_name
	.byte	12                              @ DW_AT_byte_size
	.byte	5                               @ DW_AT_decl_file
	.byte	83                              @ DW_AT_decl_line
	.byte	8                               @ Abbrev [8] 0x8a:0xc DW_TAG_member
	.long	.Linfo_string14                 @ DW_AT_name
	.long	175                             @ DW_AT_type
	.byte	5                               @ DW_AT_decl_file
	.byte	85                              @ DW_AT_decl_line
	.byte	0                               @ DW_AT_data_member_location
	.byte	8                               @ Abbrev [8] 0x96:0xc DW_TAG_member
	.long	.Linfo_string40                 @ DW_AT_name
	.long	441                             @ DW_AT_type
	.byte	5                               @ DW_AT_decl_file
	.byte	86                              @ DW_AT_decl_line
	.byte	4                               @ DW_AT_data_member_location
	.byte	8                               @ Abbrev [8] 0xa2:0xc DW_TAG_member
	.long	.Linfo_string41                 @ DW_AT_name
	.long	441                             @ DW_AT_type
	.byte	5                               @ DW_AT_decl_file
	.byte	87                              @ DW_AT_decl_line
	.byte	8                               @ DW_AT_data_member_location
	.byte	0                               @ End Of Children Mark
	.byte	5                               @ Abbrev [5] 0xaf:0x5 DW_TAG_pointer_type
	.long	180                             @ DW_AT_type
	.byte	6                               @ Abbrev [6] 0xb4:0xb DW_TAG_typedef
	.long	191                             @ DW_AT_type
	.long	.Linfo_string39                 @ DW_AT_name
	.byte	5                               @ DW_AT_decl_file
	.byte	62                              @ DW_AT_decl_line
	.byte	7                               @ Abbrev [7] 0xbf:0x21 DW_TAG_structure_type
	.long	.Linfo_string39                 @ DW_AT_name
	.byte	136                             @ DW_AT_byte_size
	.byte	5                               @ DW_AT_decl_file
	.byte	67                              @ DW_AT_decl_line
	.byte	8                               @ Abbrev [8] 0xc7:0xc DW_TAG_member
	.long	.Linfo_string15                 @ DW_AT_name
	.long	224                             @ DW_AT_type
	.byte	5                               @ DW_AT_decl_file
	.byte	72                              @ DW_AT_decl_line
	.byte	0                               @ DW_AT_data_member_location
	.byte	8                               @ Abbrev [8] 0xd3:0xc DW_TAG_member
	.long	.Linfo_string38                 @ DW_AT_name
	.long	175                             @ DW_AT_type
	.byte	5                               @ DW_AT_decl_file
	.byte	77                              @ DW_AT_decl_line
	.byte	132                             @ DW_AT_data_member_location
	.byte	0                               @ End Of Children Mark
	.byte	9                               @ Abbrev [9] 0xe0:0xc DW_TAG_typedef
	.long	236                             @ DW_AT_type
	.long	.Linfo_string37                 @ DW_AT_name
	.byte	2                               @ DW_AT_decl_file
	.short	563                             @ DW_AT_decl_line
	.byte	10                              @ Abbrev [10] 0xec:0xcd DW_TAG_structure_type
	.long	.Linfo_string37                 @ DW_AT_name
	.byte	132                             @ DW_AT_byte_size
	.byte	2                               @ DW_AT_decl_file
	.short	812                             @ DW_AT_decl_line
	.byte	11                              @ Abbrev [11] 0xf5:0xd DW_TAG_member
	.long	.Linfo_string16                 @ DW_AT_name
	.long	441                             @ DW_AT_type
	.byte	2                               @ DW_AT_decl_file
	.short	817                             @ DW_AT_decl_line
	.byte	0                               @ DW_AT_data_member_location
	.byte	11                              @ Abbrev [11] 0x102:0xd DW_TAG_member
	.long	.Linfo_string18                 @ DW_AT_name
	.long	441                             @ DW_AT_type
	.byte	2                               @ DW_AT_decl_file
	.short	818                             @ DW_AT_decl_line
	.byte	4                               @ DW_AT_data_member_location
	.byte	11                              @ Abbrev [11] 0x10f:0xd DW_TAG_member
	.long	.Linfo_string19                 @ DW_AT_name
	.long	448                             @ DW_AT_type
	.byte	2                               @ DW_AT_decl_file
	.short	819                             @ DW_AT_decl_line
	.byte	8                               @ DW_AT_data_member_location
	.byte	11                              @ Abbrev [11] 0x11c:0xd DW_TAG_member
	.long	.Linfo_string22                 @ DW_AT_name
	.long	466                             @ DW_AT_type
	.byte	2                               @ DW_AT_decl_file
	.short	820                             @ DW_AT_decl_line
	.byte	12                              @ DW_AT_data_member_location
	.byte	11                              @ Abbrev [11] 0x129:0xd DW_TAG_member
	.long	.Linfo_string24                 @ DW_AT_name
	.long	485                             @ DW_AT_type
	.byte	2                               @ DW_AT_decl_file
	.short	821                             @ DW_AT_decl_line
	.byte	44                              @ DW_AT_data_member_location
	.byte	11                              @ Abbrev [11] 0x136:0xd DW_TAG_member
	.long	.Linfo_string25                 @ DW_AT_name
	.long	497                             @ DW_AT_type
	.byte	2                               @ DW_AT_decl_file
	.short	829                             @ DW_AT_decl_line
	.byte	92                              @ DW_AT_data_member_location
	.byte	11                              @ Abbrev [11] 0x143:0xd DW_TAG_member
	.long	.Linfo_string26                 @ DW_AT_name
	.long	448                             @ DW_AT_type
	.byte	2                               @ DW_AT_decl_file
	.short	830                             @ DW_AT_decl_line
	.byte	96                              @ DW_AT_data_member_location
	.byte	11                              @ Abbrev [11] 0x150:0xd DW_TAG_member
	.long	.Linfo_string27                 @ DW_AT_name
	.long	502                             @ DW_AT_type
	.byte	2                               @ DW_AT_decl_file
	.short	831                             @ DW_AT_decl_line
	.byte	100                             @ DW_AT_data_member_location
	.byte	11                              @ Abbrev [11] 0x15d:0xd DW_TAG_member
	.long	.Linfo_string29                 @ DW_AT_name
	.long	513                             @ DW_AT_type
	.byte	2                               @ DW_AT_decl_file
	.short	834                             @ DW_AT_decl_line
	.byte	104                             @ DW_AT_data_member_location
	.byte	11                              @ Abbrev [11] 0x16a:0xd DW_TAG_member
	.long	.Linfo_string31                 @ DW_AT_name
	.long	497                             @ DW_AT_type
	.byte	2                               @ DW_AT_decl_file
	.short	837                             @ DW_AT_decl_line
	.byte	108                             @ DW_AT_data_member_location
	.byte	11                              @ Abbrev [11] 0x177:0xd DW_TAG_member
	.long	.Linfo_string32                 @ DW_AT_name
	.long	448                             @ DW_AT_type
	.byte	2                               @ DW_AT_decl_file
	.short	838                             @ DW_AT_decl_line
	.byte	112                             @ DW_AT_data_member_location
	.byte	11                              @ Abbrev [11] 0x184:0xd DW_TAG_member
	.long	.Linfo_string33                 @ DW_AT_name
	.long	513                             @ DW_AT_type
	.byte	2                               @ DW_AT_decl_file
	.short	839                             @ DW_AT_decl_line
	.byte	116                             @ DW_AT_data_member_location
	.byte	11                              @ Abbrev [11] 0x191:0xd DW_TAG_member
	.long	.Linfo_string34                 @ DW_AT_name
	.long	107                             @ DW_AT_type
	.byte	2                               @ DW_AT_decl_file
	.short	843                             @ DW_AT_decl_line
	.byte	120                             @ DW_AT_data_member_location
	.byte	11                              @ Abbrev [11] 0x19e:0xd DW_TAG_member
	.long	.Linfo_string35                 @ DW_AT_name
	.long	441                             @ DW_AT_type
	.byte	2                               @ DW_AT_decl_file
	.short	847                             @ DW_AT_decl_line
	.byte	124                             @ DW_AT_data_member_location
	.byte	11                              @ Abbrev [11] 0x1ab:0xd DW_TAG_member
	.long	.Linfo_string36                 @ DW_AT_name
	.long	441                             @ DW_AT_type
	.byte	2                               @ DW_AT_decl_file
	.short	851                             @ DW_AT_decl_line
	.byte	128                             @ DW_AT_data_member_location
	.byte	0                               @ End Of Children Mark
	.byte	4                               @ Abbrev [4] 0x1b9:0x7 DW_TAG_base_type
	.long	.Linfo_string17                 @ DW_AT_name
	.byte	5                               @ DW_AT_encoding
	.byte	4                               @ DW_AT_byte_size
	.byte	6                               @ Abbrev [6] 0x1c0:0xb DW_TAG_typedef
	.long	459                             @ DW_AT_type
	.long	.Linfo_string21                 @ DW_AT_name
	.byte	3                               @ DW_AT_decl_file
	.byte	53                              @ DW_AT_decl_line
	.byte	4                               @ Abbrev [4] 0x1cb:0x7 DW_TAG_base_type
	.long	.Linfo_string20                 @ DW_AT_name
	.byte	7                               @ DW_AT_encoding
	.byte	4                               @ DW_AT_byte_size
	.byte	12                              @ Abbrev [12] 0x1d2:0xc DW_TAG_array_type
	.long	107                             @ DW_AT_type
	.byte	13                              @ Abbrev [13] 0x1d7:0x6 DW_TAG_subrange_type
	.long	478                             @ DW_AT_type
	.byte	32                              @ DW_AT_count
	.byte	0                               @ End Of Children Mark
	.byte	14                              @ Abbrev [14] 0x1de:0x7 DW_TAG_base_type
	.long	.Linfo_string23                 @ DW_AT_name
	.byte	8                               @ DW_AT_byte_size
	.byte	7                               @ DW_AT_encoding
	.byte	12                              @ Abbrev [12] 0x1e5:0xc DW_TAG_array_type
	.long	107                             @ DW_AT_type
	.byte	13                              @ Abbrev [13] 0x1ea:0x6 DW_TAG_subrange_type
	.long	478                             @ DW_AT_type
	.byte	48                              @ DW_AT_count
	.byte	0                               @ End Of Children Mark
	.byte	5                               @ Abbrev [5] 0x1f1:0x5 DW_TAG_pointer_type
	.long	107                             @ DW_AT_type
	.byte	6                               @ Abbrev [6] 0x1f6:0xb DW_TAG_typedef
	.long	38                              @ DW_AT_type
	.long	.Linfo_string28                 @ DW_AT_name
	.byte	1                               @ DW_AT_decl_file
	.byte	69                              @ DW_AT_decl_line
	.byte	6                               @ Abbrev [6] 0x201:0xb DW_TAG_typedef
	.long	459                             @ DW_AT_type
	.long	.Linfo_string30                 @ DW_AT_name
	.byte	4                               @ DW_AT_decl_file
	.byte	64                              @ DW_AT_decl_line
	.byte	15                              @ Abbrev [15] 0x20c:0x23 DW_TAG_subprogram
	.long	.Lfunc_begin0                   @ DW_AT_low_pc
	.long	.Lfunc_end0                     @ DW_AT_high_pc
	.byte	1                               @ DW_AT_frame_base
	.byte	93
	.long	.Linfo_string43                 @ DW_AT_name
	.byte	6                               @ DW_AT_decl_file
	.byte	47                              @ DW_AT_decl_line
	.byte	1                               @ DW_AT_prototyped
	.byte	1                               @ DW_AT_external
	.byte	16                              @ Abbrev [16] 0x21f:0xf DW_TAG_formal_parameter
	.long	.Ldebug_loc0                    @ DW_AT_location
	.long	.Linfo_string48                 @ DW_AT_name
	.byte	6                               @ DW_AT_decl_file
	.byte	47                              @ DW_AT_decl_line
	.long	114                             @ DW_AT_type
	.byte	0                               @ End Of Children Mark
	.byte	17                              @ Abbrev [17] 0x22f:0x7d DW_TAG_subprogram
	.long	.Lfunc_begin1                   @ DW_AT_low_pc
	.long	.Lfunc_end1                     @ DW_AT_high_pc
	.byte	1                               @ DW_AT_frame_base
	.byte	93
	.long	.Linfo_string44                 @ DW_AT_name
	.byte	6                               @ DW_AT_decl_file
	.byte	59                              @ DW_AT_decl_line
	.byte	1                               @ DW_AT_prototyped
	.long	441                             @ DW_AT_type
	.byte	1                               @ DW_AT_external
	.byte	16                              @ Abbrev [16] 0x246:0xf DW_TAG_formal_parameter
	.long	.Ldebug_loc1                    @ DW_AT_location
	.long	.Linfo_string49                 @ DW_AT_name
	.byte	6                               @ DW_AT_decl_file
	.byte	59                              @ DW_AT_decl_line
	.long	943                             @ DW_AT_type
	.byte	16                              @ Abbrev [16] 0x255:0xf DW_TAG_formal_parameter
	.long	.Ldebug_loc2                    @ DW_AT_location
	.long	.Linfo_string15                 @ DW_AT_name
	.byte	6                               @ DW_AT_decl_file
	.byte	59                              @ DW_AT_decl_line
	.long	944                             @ DW_AT_type
	.byte	18                              @ Abbrev [18] 0x264:0xf DW_TAG_variable
	.long	.Ldebug_loc3                    @ DW_AT_location
	.long	.Linfo_string48                 @ DW_AT_name
	.byte	6                               @ DW_AT_decl_file
	.byte	65                              @ DW_AT_decl_line
	.long	114                             @ DW_AT_type
	.byte	18                              @ Abbrev [18] 0x273:0xf DW_TAG_variable
	.long	.Ldebug_loc4                    @ DW_AT_location
	.long	.Linfo_string50                 @ DW_AT_name
	.byte	6                               @ DW_AT_decl_file
	.byte	61                              @ DW_AT_decl_line
	.long	441                             @ DW_AT_type
	.byte	18                              @ Abbrev [18] 0x282:0xf DW_TAG_variable
	.long	.Ldebug_loc5                    @ DW_AT_location
	.long	.Linfo_string51                 @ DW_AT_name
	.byte	6                               @ DW_AT_decl_file
	.byte	66                              @ DW_AT_decl_line
	.long	175                             @ DW_AT_type
	.byte	18                              @ Abbrev [18] 0x291:0xf DW_TAG_variable
	.long	.Ldebug_loc6                    @ DW_AT_location
	.long	.Linfo_string52                 @ DW_AT_name
	.byte	6                               @ DW_AT_decl_file
	.byte	66                              @ DW_AT_decl_line
	.long	175                             @ DW_AT_type
	.byte	19                              @ Abbrev [19] 0x2a0:0xb DW_TAG_label
	.long	.Linfo_string53                 @ DW_AT_name
	.byte	6                               @ DW_AT_decl_file
	.byte	137                             @ DW_AT_decl_line
	.long	.Ltmp21                         @ DW_AT_low_pc
	.byte	0                               @ End Of Children Mark
	.byte	17                              @ Abbrev [17] 0x2ac:0x8d DW_TAG_subprogram
	.long	.Lfunc_begin2                   @ DW_AT_low_pc
	.long	.Lfunc_end2                     @ DW_AT_high_pc
	.byte	1                               @ DW_AT_frame_base
	.byte	93
	.long	.Linfo_string45                 @ DW_AT_name
	.byte	6                               @ DW_AT_decl_file
	.byte	146                             @ DW_AT_decl_line
	.byte	1                               @ DW_AT_prototyped
	.long	441                             @ DW_AT_type
	.byte	1                               @ DW_AT_external
	.byte	16                              @ Abbrev [16] 0x2c3:0xf DW_TAG_formal_parameter
	.long	.Ldebug_loc7                    @ DW_AT_location
	.long	.Linfo_string49                 @ DW_AT_name
	.byte	6                               @ DW_AT_decl_file
	.byte	146                             @ DW_AT_decl_line
	.long	943                             @ DW_AT_type
	.byte	16                              @ Abbrev [16] 0x2d2:0xf DW_TAG_formal_parameter
	.long	.Ldebug_loc8                    @ DW_AT_location
	.long	.Linfo_string15                 @ DW_AT_name
	.byte	6                               @ DW_AT_decl_file
	.byte	146                             @ DW_AT_decl_line
	.long	949                             @ DW_AT_type
	.byte	18                              @ Abbrev [18] 0x2e1:0xf DW_TAG_variable
	.long	.Ldebug_loc9                    @ DW_AT_location
	.long	.Linfo_string48                 @ DW_AT_name
	.byte	6                               @ DW_AT_decl_file
	.byte	153                             @ DW_AT_decl_line
	.long	114                             @ DW_AT_type
	.byte	18                              @ Abbrev [18] 0x2f0:0xf DW_TAG_variable
	.long	.Ldebug_loc10                   @ DW_AT_location
	.long	.Linfo_string52                 @ DW_AT_name
	.byte	6                               @ DW_AT_decl_file
	.byte	154                             @ DW_AT_decl_line
	.long	175                             @ DW_AT_type
	.byte	18                              @ Abbrev [18] 0x2ff:0xf DW_TAG_variable
	.long	.Ldebug_loc11                   @ DW_AT_location
	.long	.Linfo_string54                 @ DW_AT_name
	.byte	6                               @ DW_AT_decl_file
	.byte	154                             @ DW_AT_decl_line
	.long	175                             @ DW_AT_type
	.byte	18                              @ Abbrev [18] 0x30e:0xf DW_TAG_variable
	.long	.Ldebug_loc12                   @ DW_AT_location
	.long	.Linfo_string55                 @ DW_AT_name
	.byte	6                               @ DW_AT_decl_file
	.byte	155                             @ DW_AT_decl_line
	.long	441                             @ DW_AT_type
	.byte	18                              @ Abbrev [18] 0x31d:0xf DW_TAG_variable
	.long	.Ldebug_loc13                   @ DW_AT_location
	.long	.Linfo_string50                 @ DW_AT_name
	.byte	6                               @ DW_AT_decl_file
	.byte	148                             @ DW_AT_decl_line
	.long	441                             @ DW_AT_type
	.byte	20                              @ Abbrev [20] 0x32c:0xc DW_TAG_label
	.long	.Linfo_string53                 @ DW_AT_name
	.byte	6                               @ DW_AT_decl_file
	.short	301                             @ DW_AT_decl_line
	.long	.Ltmp54                         @ DW_AT_low_pc
	.byte	0                               @ End Of Children Mark
	.byte	21                              @ Abbrev [21] 0x339:0x31 DW_TAG_subprogram
	.long	.Lfunc_begin3                   @ DW_AT_low_pc
	.long	.Lfunc_end3                     @ DW_AT_high_pc
	.byte	1                               @ DW_AT_frame_base
	.byte	93
	.long	.Linfo_string46                 @ DW_AT_name
	.byte	6                               @ DW_AT_decl_file
	.short	319                             @ DW_AT_decl_line
	.byte	1                               @ DW_AT_prototyped
	.byte	1                               @ DW_AT_external
	.byte	22                              @ Abbrev [22] 0x34d:0xe DW_TAG_formal_parameter
	.byte	1                               @ DW_AT_location
	.byte	80
	.long	.Linfo_string48                 @ DW_AT_name
	.byte	6                               @ DW_AT_decl_file
	.short	319                             @ DW_AT_decl_line
	.long	114                             @ DW_AT_type
	.byte	22                              @ Abbrev [22] 0x35b:0xe DW_TAG_formal_parameter
	.byte	1                               @ DW_AT_location
	.byte	81
	.long	.Linfo_string56                 @ DW_AT_name
	.byte	6                               @ DW_AT_decl_file
	.short	319                             @ DW_AT_decl_line
	.long	441                             @ DW_AT_type
	.byte	0                               @ End Of Children Mark
	.byte	21                              @ Abbrev [21] 0x36a:0x45 DW_TAG_subprogram
	.long	.Lfunc_begin4                   @ DW_AT_low_pc
	.long	.Lfunc_end4                     @ DW_AT_high_pc
	.byte	1                               @ DW_AT_frame_base
	.byte	93
	.long	.Linfo_string47                 @ DW_AT_name
	.byte	6                               @ DW_AT_decl_file
	.short	326                             @ DW_AT_decl_line
	.byte	1                               @ DW_AT_prototyped
	.byte	1                               @ DW_AT_external
	.byte	23                              @ Abbrev [23] 0x37e:0x10 DW_TAG_formal_parameter
	.long	.Ldebug_loc14                   @ DW_AT_location
	.long	.Linfo_string48                 @ DW_AT_name
	.byte	6                               @ DW_AT_decl_file
	.short	326                             @ DW_AT_decl_line
	.long	114                             @ DW_AT_type
	.byte	24                              @ Abbrev [24] 0x38e:0x10 DW_TAG_variable
	.long	.Ldebug_loc15                   @ DW_AT_location
	.long	.Linfo_string52                 @ DW_AT_name
	.byte	6                               @ DW_AT_decl_file
	.short	328                             @ DW_AT_decl_line
	.long	175                             @ DW_AT_type
	.byte	24                              @ Abbrev [24] 0x39e:0x10 DW_TAG_variable
	.long	.Ldebug_loc16                   @ DW_AT_location
	.long	.Linfo_string54                 @ DW_AT_name
	.byte	6                               @ DW_AT_decl_file
	.short	328                             @ DW_AT_decl_line
	.long	175                             @ DW_AT_type
	.byte	0                               @ End Of Children Mark
	.byte	25                              @ Abbrev [25] 0x3af:0x1 DW_TAG_pointer_type
	.byte	5                               @ Abbrev [5] 0x3b0:0x5 DW_TAG_pointer_type
	.long	224                             @ DW_AT_type
	.byte	5                               @ Abbrev [5] 0x3b5:0x5 DW_TAG_pointer_type
	.long	954                             @ DW_AT_type
	.byte	26                              @ Abbrev [26] 0x3ba:0x5 DW_TAG_const_type
	.long	224                             @ DW_AT_type
	.byte	0                               @ End Of Children Mark
.Ldebug_info_end0:
	.section	.debug_ranges,"",%progbits
.Ldebug_ranges0:
	.long	.Lfunc_begin0
	.long	.Lfunc_end0
	.long	.Lfunc_begin1
	.long	.Lfunc_end1
	.long	.Lfunc_begin2
	.long	.Lfunc_end2
	.long	.Lfunc_begin3
	.long	.Lfunc_end3
	.long	.Lfunc_begin4
	.long	.Lfunc_end4
	.long	0
	.long	0
	.section	.debug_str,"MS",%progbits,1
.Linfo_string0:
	.asciz	"Component: ARM Compiler 6.15 Tool: armclang [5dd79400]" @ string offset=0
.Linfo_string1:
	.asciz	"../../../ThirdParty/mbedTLS/library\\ssl_cache.c" @ string offset=55
.Linfo_string2:
	.asciz	"C:\\Users\\shw26\\OneDrive\\Desktop\\2021\\2021-1\\\354\272\241\354\212\244\355\206\244\353\224\224\354\236\220\354\235\2702\\Nuvoton\\M2351_BSP_v3.00.004\\M2351Series_BSP_CMSIS_V3.00.004\\MyProject\\PulseMonitoring\\Secure" @ string offset=103
.Linfo_string3:
	.asciz	"unsigned char"                 @ string offset=260
.Linfo_string4:
	.asciz	"MBEDTLS_MD_NONE"               @ string offset=274
.Linfo_string5:
	.asciz	"MBEDTLS_MD_MD2"                @ string offset=290
.Linfo_string6:
	.asciz	"MBEDTLS_MD_MD4"                @ string offset=305
.Linfo_string7:
	.asciz	"MBEDTLS_MD_MD5"                @ string offset=320
.Linfo_string8:
	.asciz	"MBEDTLS_MD_SHA1"               @ string offset=335
.Linfo_string9:
	.asciz	"MBEDTLS_MD_SHA224"             @ string offset=351
.Linfo_string10:
	.asciz	"MBEDTLS_MD_SHA256"             @ string offset=369
.Linfo_string11:
	.asciz	"MBEDTLS_MD_SHA384"             @ string offset=387
.Linfo_string12:
	.asciz	"MBEDTLS_MD_SHA512"             @ string offset=405
.Linfo_string13:
	.asciz	"MBEDTLS_MD_RIPEMD160"          @ string offset=423
.Linfo_string14:
	.asciz	"chain"                         @ string offset=444
.Linfo_string15:
	.asciz	"session"                       @ string offset=450
.Linfo_string16:
	.asciz	"ciphersuite"                   @ string offset=458
.Linfo_string17:
	.asciz	"int"                           @ string offset=470
.Linfo_string18:
	.asciz	"compression"                   @ string offset=474
.Linfo_string19:
	.asciz	"id_len"                        @ string offset=486
.Linfo_string20:
	.asciz	"unsigned int"                  @ string offset=493
.Linfo_string21:
	.asciz	"size_t"                        @ string offset=506
.Linfo_string22:
	.asciz	"id"                            @ string offset=513
.Linfo_string23:
	.asciz	"__ARRAY_SIZE_TYPE__"           @ string offset=516
.Linfo_string24:
	.asciz	"master"                        @ string offset=536
.Linfo_string25:
	.asciz	"peer_cert_digest"              @ string offset=543
.Linfo_string26:
	.asciz	"peer_cert_digest_len"          @ string offset=560
.Linfo_string27:
	.asciz	"peer_cert_digest_type"         @ string offset=581
.Linfo_string28:
	.asciz	"mbedtls_md_type_t"             @ string offset=603
.Linfo_string29:
	.asciz	"verify_result"                 @ string offset=621
.Linfo_string30:
	.asciz	"uint32_t"                      @ string offset=635
.Linfo_string31:
	.asciz	"ticket"                        @ string offset=644
.Linfo_string32:
	.asciz	"ticket_len"                    @ string offset=651
.Linfo_string33:
	.asciz	"ticket_lifetime"               @ string offset=662
.Linfo_string34:
	.asciz	"mfl_code"                      @ string offset=678
.Linfo_string35:
	.asciz	"trunc_hmac"                    @ string offset=687
.Linfo_string36:
	.asciz	"encrypt_then_mac"              @ string offset=698
.Linfo_string37:
	.asciz	"mbedtls_ssl_session"           @ string offset=715
.Linfo_string38:
	.asciz	"next"                          @ string offset=735
.Linfo_string39:
	.asciz	"mbedtls_ssl_cache_entry"       @ string offset=740
.Linfo_string40:
	.asciz	"timeout"                       @ string offset=764
.Linfo_string41:
	.asciz	"max_entries"                   @ string offset=772
.Linfo_string42:
	.asciz	"mbedtls_ssl_cache_context"     @ string offset=784
.Linfo_string43:
	.asciz	"mbedtls_ssl_cache_init"        @ string offset=810
.Linfo_string44:
	.asciz	"mbedtls_ssl_cache_get"         @ string offset=833
.Linfo_string45:
	.asciz	"mbedtls_ssl_cache_set"         @ string offset=855
.Linfo_string46:
	.asciz	"mbedtls_ssl_cache_set_max_entries" @ string offset=877
.Linfo_string47:
	.asciz	"mbedtls_ssl_cache_free"        @ string offset=911
.Linfo_string48:
	.asciz	"cache"                         @ string offset=934
.Linfo_string49:
	.asciz	"data"                          @ string offset=940
.Linfo_string50:
	.asciz	"ret"                           @ string offset=945
.Linfo_string51:
	.asciz	"entry"                         @ string offset=949
.Linfo_string52:
	.asciz	"cur"                           @ string offset=955
.Linfo_string53:
	.asciz	"exit"                          @ string offset=959
.Linfo_string54:
	.asciz	"prv"                           @ string offset=964
.Linfo_string55:
	.asciz	"count"                         @ string offset=968
.Linfo_string56:
	.asciz	"max"                           @ string offset=974
	.ident	"Component: ARM Compiler 6.15 Tool: armclang [5dd79400]"
	.section	".note.GNU-stack","",%progbits
	.eabi_attribute	30, 1	@ Tag_ABI_optimization_goals
	.ARM_attribute	16, 1	@ Tag_AV_eba
	.section	.debug_line,"",%progbits
.Lline_table_start0:
