	.text
	.syntax unified
	.eabi_attribute	67, "2.09"	@ Tag_conformance
	.cpu	cortex-m23
	.eabi_attribute	6, 16	@ Tag_CPU_arch
	.eabi_attribute	7, 77	@ Tag_CPU_arch_profile
	.eabi_attribute	8, 0	@ Tag_ARM_ISA_use
	.eabi_attribute	9, 3	@ Tag_THUMB_ISA_use
	.eabi_attribute	34, 0	@ Tag_CPU_unaligned_access
	.eabi_attribute	17, 1	@ Tag_ABI_PCS_GOT_use
	.eabi_attribute	20, 2	@ Tag_ABI_FP_denormal
	.eabi_attribute	21, 0	@ Tag_ABI_FP_exceptions
	.eabi_attribute	23, 1	@ Tag_ABI_FP_number_model
	.eabi_attribute	24, 1	@ Tag_ABI_align_needed
	.eabi_attribute	25, 1	@ Tag_ABI_align_preserved
	.eabi_attribute	38, 1	@ Tag_ABI_FP_16bit_format
	.eabi_attribute	18, 2	@ Tag_ABI_PCS_wchar_t
	.eabi_attribute	26, 1	@ Tag_ABI_enum_size
	.eabi_attribute	14, 0	@ Tag_ABI_PCS_R9_use
	.file	"WiFi_ESP8266_Os.c"
	.file	1 "C:/Users/shw26/AppData/Local/Arm/Packs/ARM/CMSIS/5.7.0/CMSIS/RTOS2/Include" "cmsis_os2.h"
	.file	2 "C:\\" "Keil_v5\\ARM\\ARMCLANG\\Bin\\..\\include\\stdint.h"
	.file	3 "C:/Users/shw26/AppData/Local/Arm/Packs/ARM/CMSIS-Driver/2.6.1/WiFi/ESP8266" "WiFi_ESP8266_Os.c"
	.type	.L.str,%object                  @ @.str
	.section	.rodata.str1.1,"aMS",%progbits,1
.L.str:
	.asciz	"WiFi Thread"
	.size	.L.str, 12

	.type	WiFi_ThreadCb,%object           @ @WiFi_ThreadCb
	.section	.bss.os.thread.cb,"aw",%nobits
	.p2align	2
WiFi_ThreadCb:
	.zero	68
	.size	WiFi_ThreadCb, 68

	.type	WiFi_ThreadStackArr,%object     @ @WiFi_ThreadStackArr
	.section	.bss.WiFi_ThreadStackArr,"aw",%nobits
	.p2align	3
WiFi_ThreadStackArr:
	.zero	512
	.size	WiFi_ThreadStackArr, 512

	.hidden	WiFi_Thread_Attr                @ @WiFi_Thread_Attr
	.type	WiFi_Thread_Attr,%object
	.section	.rodata.WiFi_Thread_Attr,"a",%progbits
	.globl	WiFi_Thread_Attr
	.p2align	2
WiFi_Thread_Attr:
	.long	.L.str
	.long	0                               @ 0x0
	.long	WiFi_ThreadCb
	.long	68                              @ 0x44
	.long	WiFi_ThreadStackArr
	.long	512                             @ 0x200
	.long	32                              @ 0x20
	.long	0                               @ 0x0
	.long	0                               @ 0x0
	.size	WiFi_Thread_Attr, 36

	.type	.L.str.1,%object                @ @.str.1
	.section	.rodata.str1.1,"aMS",%progbits,1
.L.str.1:
	.asciz	"WiFi Socket"
	.size	.L.str.1, 12

	.type	Socket_MemPoolCb,%object        @ @Socket_MemPoolCb
	.section	.bss.os.mempool.cb,"aw",%nobits
	.p2align	2
Socket_MemPoolCb:
	.zero	36
	.size	Socket_MemPoolCb, 36

	.type	Socket_MemPoolArr,%object       @ @Socket_MemPoolArr
	.section	.bss.Socket_MemPoolArr,"aw",%nobits
	.p2align	2
Socket_MemPoolArr:
	.zero	4096
	.size	Socket_MemPoolArr, 4096

	.hidden	Socket_MemPool_Attr             @ @Socket_MemPool_Attr
	.type	Socket_MemPool_Attr,%object
	.section	.rodata.Socket_MemPool_Attr,"a",%progbits
	.globl	Socket_MemPool_Attr
	.p2align	2
Socket_MemPool_Attr:
	.long	.L.str.1
	.long	0                               @ 0x0
	.long	Socket_MemPoolCb
	.long	36                              @ 0x24
	.long	Socket_MemPoolArr
	.long	4096                            @ 0x1000
	.size	Socket_MemPool_Attr, 24

	.type	Socket_MutexCb,%object          @ @Socket_MutexCb
	.section	.bss.os.mutex.cb,"aw",%nobits
	.p2align	2
Socket_MutexCb:
	.zero	28
	.size	Socket_MutexCb, 28

	.hidden	Socket_Mutex_Attr               @ @Socket_Mutex_Attr
	.type	Socket_Mutex_Attr,%object
	.section	.rodata.Socket_Mutex_Attr,"a",%progbits
	.globl	Socket_Mutex_Attr
	.p2align	2
Socket_Mutex_Attr:
	.long	.L.str.1
	.long	2                               @ 0x2
	.long	Socket_MutexCb
	.long	28                              @ 0x1c
	.size	Socket_Mutex_Attr, 16

	.type	.L.str.2,%object                @ @.str.2
	.section	.rodata.str1.1,"aMS",%progbits,1
.L.str.2:
	.asciz	"WiFi Parser"
	.size	.L.str.2, 12

	.type	AT_Parser_MemPoolCb,%object     @ @AT_Parser_MemPoolCb
	.section	.bss.os.mempool.cb,"aw",%nobits
	.p2align	2
AT_Parser_MemPoolCb:
	.zero	36
	.size	AT_Parser_MemPoolCb, 36

	.type	AT_Parser_MemPoolArr,%object    @ @AT_Parser_MemPoolArr
	.section	.bss.AT_Parser_MemPoolArr,"aw",%nobits
	.p2align	2
AT_Parser_MemPoolArr:
	.zero	2048
	.size	AT_Parser_MemPoolArr, 2048

	.hidden	AT_Parser_MemPool_Attr          @ @AT_Parser_MemPool_Attr
	.type	AT_Parser_MemPool_Attr,%object
	.section	.rodata.AT_Parser_MemPool_Attr,"a",%progbits
	.globl	AT_Parser_MemPool_Attr
	.p2align	2
AT_Parser_MemPool_Attr:
	.long	.L.str.2
	.long	0                               @ 0x0
	.long	AT_Parser_MemPoolCb
	.long	36                              @ 0x24
	.long	AT_Parser_MemPoolArr
	.long	2048                            @ 0x800
	.size	AT_Parser_MemPool_Attr, 24

	.type	.L.str.3,%object                @ @.str.3
	.section	.rodata.str1.1,"aMS",%progbits,1
.L.str.3:
	.asciz	"WiFi Wait"
	.size	.L.str.3, 10

	.type	WiFi_EventFlagsCb,%object       @ @WiFi_EventFlagsCb
	.section	.bss.os.evflags.cb,"aw",%nobits
	.p2align	2
WiFi_EventFlagsCb:
	.zero	16
	.size	WiFi_EventFlagsCb, 16

	.hidden	WiFi_EventFlags_Attr            @ @WiFi_EventFlags_Attr
	.type	WiFi_EventFlags_Attr,%object
	.section	.rodata.WiFi_EventFlags_Attr,"a",%progbits
	.globl	WiFi_EventFlags_Attr
	.p2align	2
WiFi_EventFlags_Attr:
	.long	.L.str.3
	.long	0                               @ 0x0
	.long	WiFi_EventFlagsCb
	.long	16                              @ 0x10
	.size	WiFi_EventFlags_Attr, 16

	.type	.L.str.4,%object                @ @.str.4
	.section	.rodata.str1.1,"aMS",%progbits,1
.L.str.4:
	.asciz	"BufList"
	.size	.L.str.4, 8

	.type	BufList_MutexCb,%object         @ @BufList_MutexCb
	.section	.bss.os.mutex.cb,"aw",%nobits
	.p2align	2
BufList_MutexCb:
	.zero	28
	.size	BufList_MutexCb, 28

	.hidden	BufList_Mutex_Attr              @ @BufList_Mutex_Attr
	.type	BufList_Mutex_Attr,%object
	.section	.rodata.BufList_Mutex_Attr,"a",%progbits
	.globl	BufList_Mutex_Attr
	.p2align	2
BufList_Mutex_Attr:
	.long	.L.str.4
	.long	2                               @ 0x2
	.long	BufList_MutexCb
	.long	28                              @ 0x1c
	.size	BufList_Mutex_Attr, 16

	.section	.debug_abbrev,"",%progbits
	.byte	1                               @ Abbreviation Code
	.byte	17                              @ DW_TAG_compile_unit
	.byte	1                               @ DW_CHILDREN_yes
	.byte	37                              @ DW_AT_producer
	.byte	14                              @ DW_FORM_strp
	.byte	19                              @ DW_AT_language
	.byte	5                               @ DW_FORM_data2
	.byte	3                               @ DW_AT_name
	.byte	14                              @ DW_FORM_strp
	.byte	16                              @ DW_AT_stmt_list
	.byte	6                               @ DW_FORM_data4
	.byte	27                              @ DW_AT_comp_dir
	.byte	14                              @ DW_FORM_strp
	.byte	0                               @ EOM(1)
	.byte	0                               @ EOM(2)
	.byte	2                               @ Abbreviation Code
	.byte	52                              @ DW_TAG_variable
	.byte	0                               @ DW_CHILDREN_no
	.byte	3                               @ DW_AT_name
	.byte	14                              @ DW_FORM_strp
	.byte	73                              @ DW_AT_type
	.byte	19                              @ DW_FORM_ref4
	.byte	63                              @ DW_AT_external
	.byte	12                              @ DW_FORM_flag
	.byte	58                              @ DW_AT_decl_file
	.byte	11                              @ DW_FORM_data1
	.byte	59                              @ DW_AT_decl_line
	.byte	11                              @ DW_FORM_data1
	.byte	2                               @ DW_AT_location
	.byte	10                              @ DW_FORM_block1
	.byte	0                               @ EOM(1)
	.byte	0                               @ EOM(2)
	.byte	3                               @ Abbreviation Code
	.byte	38                              @ DW_TAG_const_type
	.byte	0                               @ DW_CHILDREN_no
	.byte	73                              @ DW_AT_type
	.byte	19                              @ DW_FORM_ref4
	.byte	0                               @ EOM(1)
	.byte	0                               @ EOM(2)
	.byte	4                               @ Abbreviation Code
	.byte	22                              @ DW_TAG_typedef
	.byte	0                               @ DW_CHILDREN_no
	.byte	73                              @ DW_AT_type
	.byte	19                              @ DW_FORM_ref4
	.byte	3                               @ DW_AT_name
	.byte	14                              @ DW_FORM_strp
	.byte	58                              @ DW_AT_decl_file
	.byte	11                              @ DW_FORM_data1
	.byte	59                              @ DW_AT_decl_line
	.byte	11                              @ DW_FORM_data1
	.byte	0                               @ EOM(1)
	.byte	0                               @ EOM(2)
	.byte	5                               @ Abbreviation Code
	.byte	19                              @ DW_TAG_structure_type
	.byte	1                               @ DW_CHILDREN_yes
	.byte	11                              @ DW_AT_byte_size
	.byte	11                              @ DW_FORM_data1
	.byte	58                              @ DW_AT_decl_file
	.byte	11                              @ DW_FORM_data1
	.byte	59                              @ DW_AT_decl_line
	.byte	11                              @ DW_FORM_data1
	.byte	0                               @ EOM(1)
	.byte	0                               @ EOM(2)
	.byte	6                               @ Abbreviation Code
	.byte	13                              @ DW_TAG_member
	.byte	0                               @ DW_CHILDREN_no
	.byte	3                               @ DW_AT_name
	.byte	14                              @ DW_FORM_strp
	.byte	73                              @ DW_AT_type
	.byte	19                              @ DW_FORM_ref4
	.byte	58                              @ DW_AT_decl_file
	.byte	11                              @ DW_FORM_data1
	.byte	59                              @ DW_AT_decl_line
	.byte	11                              @ DW_FORM_data1
	.byte	56                              @ DW_AT_data_member_location
	.byte	11                              @ DW_FORM_data1
	.byte	0                               @ EOM(1)
	.byte	0                               @ EOM(2)
	.byte	7                               @ Abbreviation Code
	.byte	15                              @ DW_TAG_pointer_type
	.byte	0                               @ DW_CHILDREN_no
	.byte	73                              @ DW_AT_type
	.byte	19                              @ DW_FORM_ref4
	.byte	0                               @ EOM(1)
	.byte	0                               @ EOM(2)
	.byte	8                               @ Abbreviation Code
	.byte	36                              @ DW_TAG_base_type
	.byte	0                               @ DW_CHILDREN_no
	.byte	3                               @ DW_AT_name
	.byte	14                              @ DW_FORM_strp
	.byte	62                              @ DW_AT_encoding
	.byte	11                              @ DW_FORM_data1
	.byte	11                              @ DW_AT_byte_size
	.byte	11                              @ DW_FORM_data1
	.byte	0                               @ EOM(1)
	.byte	0                               @ EOM(2)
	.byte	9                               @ Abbreviation Code
	.byte	15                              @ DW_TAG_pointer_type
	.byte	0                               @ DW_CHILDREN_no
	.byte	0                               @ EOM(1)
	.byte	0                               @ EOM(2)
	.byte	10                              @ Abbreviation Code
	.byte	4                               @ DW_TAG_enumeration_type
	.byte	1                               @ DW_CHILDREN_yes
	.byte	73                              @ DW_AT_type
	.byte	19                              @ DW_FORM_ref4
	.byte	11                              @ DW_AT_byte_size
	.byte	11                              @ DW_FORM_data1
	.byte	58                              @ DW_AT_decl_file
	.byte	11                              @ DW_FORM_data1
	.byte	59                              @ DW_AT_decl_line
	.byte	11                              @ DW_FORM_data1
	.byte	0                               @ EOM(1)
	.byte	0                               @ EOM(2)
	.byte	11                              @ Abbreviation Code
	.byte	40                              @ DW_TAG_enumerator
	.byte	0                               @ DW_CHILDREN_no
	.byte	3                               @ DW_AT_name
	.byte	14                              @ DW_FORM_strp
	.byte	28                              @ DW_AT_const_value
	.byte	13                              @ DW_FORM_sdata
	.byte	0                               @ EOM(1)
	.byte	0                               @ EOM(2)
	.byte	12                              @ Abbreviation Code
	.byte	22                              @ DW_TAG_typedef
	.byte	0                               @ DW_CHILDREN_no
	.byte	73                              @ DW_AT_type
	.byte	19                              @ DW_FORM_ref4
	.byte	3                               @ DW_AT_name
	.byte	14                              @ DW_FORM_strp
	.byte	58                              @ DW_AT_decl_file
	.byte	11                              @ DW_FORM_data1
	.byte	59                              @ DW_AT_decl_line
	.byte	5                               @ DW_FORM_data2
	.byte	0                               @ EOM(1)
	.byte	0                               @ EOM(2)
	.byte	13                              @ Abbreviation Code
	.byte	19                              @ DW_TAG_structure_type
	.byte	1                               @ DW_CHILDREN_yes
	.byte	11                              @ DW_AT_byte_size
	.byte	11                              @ DW_FORM_data1
	.byte	58                              @ DW_AT_decl_file
	.byte	11                              @ DW_FORM_data1
	.byte	59                              @ DW_AT_decl_line
	.byte	5                               @ DW_FORM_data2
	.byte	0                               @ EOM(1)
	.byte	0                               @ EOM(2)
	.byte	14                              @ Abbreviation Code
	.byte	13                              @ DW_TAG_member
	.byte	0                               @ DW_CHILDREN_no
	.byte	3                               @ DW_AT_name
	.byte	14                              @ DW_FORM_strp
	.byte	73                              @ DW_AT_type
	.byte	19                              @ DW_FORM_ref4
	.byte	58                              @ DW_AT_decl_file
	.byte	11                              @ DW_FORM_data1
	.byte	59                              @ DW_AT_decl_line
	.byte	5                               @ DW_FORM_data2
	.byte	56                              @ DW_AT_data_member_location
	.byte	11                              @ DW_FORM_data1
	.byte	0                               @ EOM(1)
	.byte	0                               @ EOM(2)
	.byte	15                              @ Abbreviation Code
	.byte	52                              @ DW_TAG_variable
	.byte	0                               @ DW_CHILDREN_no
	.byte	3                               @ DW_AT_name
	.byte	14                              @ DW_FORM_strp
	.byte	73                              @ DW_AT_type
	.byte	19                              @ DW_FORM_ref4
	.byte	58                              @ DW_AT_decl_file
	.byte	11                              @ DW_FORM_data1
	.byte	59                              @ DW_AT_decl_line
	.byte	11                              @ DW_FORM_data1
	.ascii	"\210\001"                      @ DW_AT_alignment
	.byte	15                              @ DW_FORM_udata
	.byte	2                               @ DW_AT_location
	.byte	10                              @ DW_FORM_block1
	.byte	0                               @ EOM(1)
	.byte	0                               @ EOM(2)
	.byte	16                              @ Abbreviation Code
	.byte	1                               @ DW_TAG_array_type
	.byte	1                               @ DW_CHILDREN_yes
	.byte	73                              @ DW_AT_type
	.byte	19                              @ DW_FORM_ref4
	.byte	0                               @ EOM(1)
	.byte	0                               @ EOM(2)
	.byte	17                              @ Abbreviation Code
	.byte	33                              @ DW_TAG_subrange_type
	.byte	0                               @ DW_CHILDREN_no
	.byte	73                              @ DW_AT_type
	.byte	19                              @ DW_FORM_ref4
	.byte	55                              @ DW_AT_count
	.byte	11                              @ DW_FORM_data1
	.byte	0                               @ EOM(1)
	.byte	0                               @ EOM(2)
	.byte	18                              @ Abbreviation Code
	.byte	36                              @ DW_TAG_base_type
	.byte	0                               @ DW_CHILDREN_no
	.byte	3                               @ DW_AT_name
	.byte	14                              @ DW_FORM_strp
	.byte	11                              @ DW_AT_byte_size
	.byte	11                              @ DW_FORM_data1
	.byte	62                              @ DW_AT_encoding
	.byte	11                              @ DW_FORM_data1
	.byte	0                               @ EOM(1)
	.byte	0                               @ EOM(2)
	.byte	19                              @ Abbreviation Code
	.byte	33                              @ DW_TAG_subrange_type
	.byte	0                               @ DW_CHILDREN_no
	.byte	73                              @ DW_AT_type
	.byte	19                              @ DW_FORM_ref4
	.byte	55                              @ DW_AT_count
	.byte	5                               @ DW_FORM_data2
	.byte	0                               @ EOM(1)
	.byte	0                               @ EOM(2)
	.byte	0                               @ EOM(3)
	.section	.debug_info,"",%progbits
.Lcu_begin0:
	.long	.Ldebug_info_end0-.Ldebug_info_start0 @ Length of Unit
.Ldebug_info_start0:
	.short	3                               @ DWARF version number
	.long	.debug_abbrev                   @ Offset Into Abbrev. Section
	.byte	4                               @ Address Size (in bytes)
	.byte	1                               @ Abbrev [1] 0xb:0x49a DW_TAG_compile_unit
	.long	.Linfo_string0                  @ DW_AT_producer
	.short	12                              @ DW_AT_language
	.long	.Linfo_string1                  @ DW_AT_name
	.long	.Lline_table_start0             @ DW_AT_stmt_list
	.long	.Linfo_string2                  @ DW_AT_comp_dir
	.byte	2                               @ Abbrev [2] 0x1e:0x12 DW_TAG_variable
	.long	.Linfo_string3                  @ DW_AT_name
	.long	48                              @ DW_AT_type
	.byte	1                               @ DW_AT_external
	.byte	3                               @ DW_AT_decl_file
	.byte	40                              @ DW_AT_decl_line
	.byte	5                               @ DW_AT_location
	.byte	3
	.long	WiFi_Thread_Attr
	.byte	3                               @ Abbrev [3] 0x30:0x5 DW_TAG_const_type
	.long	53                              @ DW_AT_type
	.byte	4                               @ Abbrev [4] 0x35:0xb DW_TAG_typedef
	.long	64                              @ DW_AT_type
	.long	.Linfo_string72                 @ DW_AT_name
	.byte	1                               @ DW_AT_decl_file
	.byte	250                             @ DW_AT_decl_line
	.byte	5                               @ Abbrev [5] 0x40:0x71 DW_TAG_structure_type
	.byte	36                              @ DW_AT_byte_size
	.byte	1                               @ DW_AT_decl_file
	.byte	240                             @ DW_AT_decl_line
	.byte	6                               @ Abbrev [6] 0x44:0xc DW_TAG_member
	.long	.Linfo_string4                  @ DW_AT_name
	.long	177                             @ DW_AT_type
	.byte	1                               @ DW_AT_decl_file
	.byte	241                             @ DW_AT_decl_line
	.byte	0                               @ DW_AT_data_member_location
	.byte	6                               @ Abbrev [6] 0x50:0xc DW_TAG_member
	.long	.Linfo_string6                  @ DW_AT_name
	.long	194                             @ DW_AT_type
	.byte	1                               @ DW_AT_decl_file
	.byte	242                             @ DW_AT_decl_line
	.byte	4                               @ DW_AT_data_member_location
	.byte	6                               @ Abbrev [6] 0x5c:0xc DW_TAG_member
	.long	.Linfo_string9                  @ DW_AT_name
	.long	212                             @ DW_AT_type
	.byte	1                               @ DW_AT_decl_file
	.byte	243                             @ DW_AT_decl_line
	.byte	8                               @ DW_AT_data_member_location
	.byte	6                               @ Abbrev [6] 0x68:0xc DW_TAG_member
	.long	.Linfo_string10                 @ DW_AT_name
	.long	194                             @ DW_AT_type
	.byte	1                               @ DW_AT_decl_file
	.byte	244                             @ DW_AT_decl_line
	.byte	12                              @ DW_AT_data_member_location
	.byte	6                               @ Abbrev [6] 0x74:0xc DW_TAG_member
	.long	.Linfo_string11                 @ DW_AT_name
	.long	212                             @ DW_AT_type
	.byte	1                               @ DW_AT_decl_file
	.byte	245                             @ DW_AT_decl_line
	.byte	16                              @ DW_AT_data_member_location
	.byte	6                               @ Abbrev [6] 0x80:0xc DW_TAG_member
	.long	.Linfo_string12                 @ DW_AT_name
	.long	194                             @ DW_AT_type
	.byte	1                               @ DW_AT_decl_file
	.byte	246                             @ DW_AT_decl_line
	.byte	20                              @ DW_AT_data_member_location
	.byte	6                               @ Abbrev [6] 0x8c:0xc DW_TAG_member
	.long	.Linfo_string13                 @ DW_AT_name
	.long	213                             @ DW_AT_type
	.byte	1                               @ DW_AT_decl_file
	.byte	247                             @ DW_AT_decl_line
	.byte	24                              @ DW_AT_data_member_location
	.byte	6                               @ Abbrev [6] 0x98:0xc DW_TAG_member
	.long	.Linfo_string69                 @ DW_AT_name
	.long	562                             @ DW_AT_type
	.byte	1                               @ DW_AT_decl_file
	.byte	248                             @ DW_AT_decl_line
	.byte	28                              @ DW_AT_data_member_location
	.byte	6                               @ Abbrev [6] 0xa4:0xc DW_TAG_member
	.long	.Linfo_string71                 @ DW_AT_name
	.long	194                             @ DW_AT_type
	.byte	1                               @ DW_AT_decl_file
	.byte	249                             @ DW_AT_decl_line
	.byte	32                              @ DW_AT_data_member_location
	.byte	0                               @ End Of Children Mark
	.byte	7                               @ Abbrev [7] 0xb1:0x5 DW_TAG_pointer_type
	.long	182                             @ DW_AT_type
	.byte	3                               @ Abbrev [3] 0xb6:0x5 DW_TAG_const_type
	.long	187                             @ DW_AT_type
	.byte	8                               @ Abbrev [8] 0xbb:0x7 DW_TAG_base_type
	.long	.Linfo_string5                  @ DW_AT_name
	.byte	8                               @ DW_AT_encoding
	.byte	1                               @ DW_AT_byte_size
	.byte	4                               @ Abbrev [4] 0xc2:0xb DW_TAG_typedef
	.long	205                             @ DW_AT_type
	.long	.Linfo_string8                  @ DW_AT_name
	.byte	2                               @ DW_AT_decl_file
	.byte	64                              @ DW_AT_decl_line
	.byte	8                               @ Abbrev [8] 0xcd:0x7 DW_TAG_base_type
	.long	.Linfo_string7                  @ DW_AT_name
	.byte	7                               @ DW_AT_encoding
	.byte	4                               @ DW_AT_byte_size
	.byte	9                               @ Abbrev [9] 0xd4:0x1 DW_TAG_pointer_type
	.byte	4                               @ Abbrev [4] 0xd5:0xb DW_TAG_typedef
	.long	224                             @ DW_AT_type
	.long	.Linfo_string68                 @ DW_AT_name
	.byte	1                               @ DW_AT_decl_file
	.byte	158                             @ DW_AT_decl_line
	.byte	10                              @ Abbrev [10] 0xe0:0x14b DW_TAG_enumeration_type
	.long	555                             @ DW_AT_type
	.byte	4                               @ DW_AT_byte_size
	.byte	1                               @ DW_AT_decl_file
	.byte	104                             @ DW_AT_decl_line
	.byte	11                              @ Abbrev [11] 0xe8:0x6 DW_TAG_enumerator
	.long	.Linfo_string15                 @ DW_AT_name
	.byte	0                               @ DW_AT_const_value
	.byte	11                              @ Abbrev [11] 0xee:0x6 DW_TAG_enumerator
	.long	.Linfo_string16                 @ DW_AT_name
	.byte	1                               @ DW_AT_const_value
	.byte	11                              @ Abbrev [11] 0xf4:0x6 DW_TAG_enumerator
	.long	.Linfo_string17                 @ DW_AT_name
	.byte	8                               @ DW_AT_const_value
	.byte	11                              @ Abbrev [11] 0xfa:0x6 DW_TAG_enumerator
	.long	.Linfo_string18                 @ DW_AT_name
	.byte	9                               @ DW_AT_const_value
	.byte	11                              @ Abbrev [11] 0x100:0x6 DW_TAG_enumerator
	.long	.Linfo_string19                 @ DW_AT_name
	.byte	10                              @ DW_AT_const_value
	.byte	11                              @ Abbrev [11] 0x106:0x6 DW_TAG_enumerator
	.long	.Linfo_string20                 @ DW_AT_name
	.byte	11                              @ DW_AT_const_value
	.byte	11                              @ Abbrev [11] 0x10c:0x6 DW_TAG_enumerator
	.long	.Linfo_string21                 @ DW_AT_name
	.byte	12                              @ DW_AT_const_value
	.byte	11                              @ Abbrev [11] 0x112:0x6 DW_TAG_enumerator
	.long	.Linfo_string22                 @ DW_AT_name
	.byte	13                              @ DW_AT_const_value
	.byte	11                              @ Abbrev [11] 0x118:0x6 DW_TAG_enumerator
	.long	.Linfo_string23                 @ DW_AT_name
	.byte	14                              @ DW_AT_const_value
	.byte	11                              @ Abbrev [11] 0x11e:0x6 DW_TAG_enumerator
	.long	.Linfo_string24                 @ DW_AT_name
	.byte	15                              @ DW_AT_const_value
	.byte	11                              @ Abbrev [11] 0x124:0x6 DW_TAG_enumerator
	.long	.Linfo_string25                 @ DW_AT_name
	.byte	16                              @ DW_AT_const_value
	.byte	11                              @ Abbrev [11] 0x12a:0x6 DW_TAG_enumerator
	.long	.Linfo_string26                 @ DW_AT_name
	.byte	17                              @ DW_AT_const_value
	.byte	11                              @ Abbrev [11] 0x130:0x6 DW_TAG_enumerator
	.long	.Linfo_string27                 @ DW_AT_name
	.byte	18                              @ DW_AT_const_value
	.byte	11                              @ Abbrev [11] 0x136:0x6 DW_TAG_enumerator
	.long	.Linfo_string28                 @ DW_AT_name
	.byte	19                              @ DW_AT_const_value
	.byte	11                              @ Abbrev [11] 0x13c:0x6 DW_TAG_enumerator
	.long	.Linfo_string29                 @ DW_AT_name
	.byte	20                              @ DW_AT_const_value
	.byte	11                              @ Abbrev [11] 0x142:0x6 DW_TAG_enumerator
	.long	.Linfo_string30                 @ DW_AT_name
	.byte	21                              @ DW_AT_const_value
	.byte	11                              @ Abbrev [11] 0x148:0x6 DW_TAG_enumerator
	.long	.Linfo_string31                 @ DW_AT_name
	.byte	22                              @ DW_AT_const_value
	.byte	11                              @ Abbrev [11] 0x14e:0x6 DW_TAG_enumerator
	.long	.Linfo_string32                 @ DW_AT_name
	.byte	23                              @ DW_AT_const_value
	.byte	11                              @ Abbrev [11] 0x154:0x6 DW_TAG_enumerator
	.long	.Linfo_string33                 @ DW_AT_name
	.byte	24                              @ DW_AT_const_value
	.byte	11                              @ Abbrev [11] 0x15a:0x6 DW_TAG_enumerator
	.long	.Linfo_string34                 @ DW_AT_name
	.byte	25                              @ DW_AT_const_value
	.byte	11                              @ Abbrev [11] 0x160:0x6 DW_TAG_enumerator
	.long	.Linfo_string35                 @ DW_AT_name
	.byte	26                              @ DW_AT_const_value
	.byte	11                              @ Abbrev [11] 0x166:0x6 DW_TAG_enumerator
	.long	.Linfo_string36                 @ DW_AT_name
	.byte	27                              @ DW_AT_const_value
	.byte	11                              @ Abbrev [11] 0x16c:0x6 DW_TAG_enumerator
	.long	.Linfo_string37                 @ DW_AT_name
	.byte	28                              @ DW_AT_const_value
	.byte	11                              @ Abbrev [11] 0x172:0x6 DW_TAG_enumerator
	.long	.Linfo_string38                 @ DW_AT_name
	.byte	29                              @ DW_AT_const_value
	.byte	11                              @ Abbrev [11] 0x178:0x6 DW_TAG_enumerator
	.long	.Linfo_string39                 @ DW_AT_name
	.byte	30                              @ DW_AT_const_value
	.byte	11                              @ Abbrev [11] 0x17e:0x6 DW_TAG_enumerator
	.long	.Linfo_string40                 @ DW_AT_name
	.byte	31                              @ DW_AT_const_value
	.byte	11                              @ Abbrev [11] 0x184:0x6 DW_TAG_enumerator
	.long	.Linfo_string41                 @ DW_AT_name
	.byte	32                              @ DW_AT_const_value
	.byte	11                              @ Abbrev [11] 0x18a:0x6 DW_TAG_enumerator
	.long	.Linfo_string42                 @ DW_AT_name
	.byte	33                              @ DW_AT_const_value
	.byte	11                              @ Abbrev [11] 0x190:0x6 DW_TAG_enumerator
	.long	.Linfo_string43                 @ DW_AT_name
	.byte	34                              @ DW_AT_const_value
	.byte	11                              @ Abbrev [11] 0x196:0x6 DW_TAG_enumerator
	.long	.Linfo_string44                 @ DW_AT_name
	.byte	35                              @ DW_AT_const_value
	.byte	11                              @ Abbrev [11] 0x19c:0x6 DW_TAG_enumerator
	.long	.Linfo_string45                 @ DW_AT_name
	.byte	36                              @ DW_AT_const_value
	.byte	11                              @ Abbrev [11] 0x1a2:0x6 DW_TAG_enumerator
	.long	.Linfo_string46                 @ DW_AT_name
	.byte	37                              @ DW_AT_const_value
	.byte	11                              @ Abbrev [11] 0x1a8:0x6 DW_TAG_enumerator
	.long	.Linfo_string47                 @ DW_AT_name
	.byte	38                              @ DW_AT_const_value
	.byte	11                              @ Abbrev [11] 0x1ae:0x6 DW_TAG_enumerator
	.long	.Linfo_string48                 @ DW_AT_name
	.byte	39                              @ DW_AT_const_value
	.byte	11                              @ Abbrev [11] 0x1b4:0x6 DW_TAG_enumerator
	.long	.Linfo_string49                 @ DW_AT_name
	.byte	40                              @ DW_AT_const_value
	.byte	11                              @ Abbrev [11] 0x1ba:0x6 DW_TAG_enumerator
	.long	.Linfo_string50                 @ DW_AT_name
	.byte	41                              @ DW_AT_const_value
	.byte	11                              @ Abbrev [11] 0x1c0:0x6 DW_TAG_enumerator
	.long	.Linfo_string51                 @ DW_AT_name
	.byte	42                              @ DW_AT_const_value
	.byte	11                              @ Abbrev [11] 0x1c6:0x6 DW_TAG_enumerator
	.long	.Linfo_string52                 @ DW_AT_name
	.byte	43                              @ DW_AT_const_value
	.byte	11                              @ Abbrev [11] 0x1cc:0x6 DW_TAG_enumerator
	.long	.Linfo_string53                 @ DW_AT_name
	.byte	44                              @ DW_AT_const_value
	.byte	11                              @ Abbrev [11] 0x1d2:0x6 DW_TAG_enumerator
	.long	.Linfo_string54                 @ DW_AT_name
	.byte	45                              @ DW_AT_const_value
	.byte	11                              @ Abbrev [11] 0x1d8:0x6 DW_TAG_enumerator
	.long	.Linfo_string55                 @ DW_AT_name
	.byte	46                              @ DW_AT_const_value
	.byte	11                              @ Abbrev [11] 0x1de:0x6 DW_TAG_enumerator
	.long	.Linfo_string56                 @ DW_AT_name
	.byte	47                              @ DW_AT_const_value
	.byte	11                              @ Abbrev [11] 0x1e4:0x6 DW_TAG_enumerator
	.long	.Linfo_string57                 @ DW_AT_name
	.byte	48                              @ DW_AT_const_value
	.byte	11                              @ Abbrev [11] 0x1ea:0x6 DW_TAG_enumerator
	.long	.Linfo_string58                 @ DW_AT_name
	.byte	49                              @ DW_AT_const_value
	.byte	11                              @ Abbrev [11] 0x1f0:0x6 DW_TAG_enumerator
	.long	.Linfo_string59                 @ DW_AT_name
	.byte	50                              @ DW_AT_const_value
	.byte	11                              @ Abbrev [11] 0x1f6:0x6 DW_TAG_enumerator
	.long	.Linfo_string60                 @ DW_AT_name
	.byte	51                              @ DW_AT_const_value
	.byte	11                              @ Abbrev [11] 0x1fc:0x6 DW_TAG_enumerator
	.long	.Linfo_string61                 @ DW_AT_name
	.byte	52                              @ DW_AT_const_value
	.byte	11                              @ Abbrev [11] 0x202:0x6 DW_TAG_enumerator
	.long	.Linfo_string62                 @ DW_AT_name
	.byte	53                              @ DW_AT_const_value
	.byte	11                              @ Abbrev [11] 0x208:0x6 DW_TAG_enumerator
	.long	.Linfo_string63                 @ DW_AT_name
	.byte	54                              @ DW_AT_const_value
	.byte	11                              @ Abbrev [11] 0x20e:0x6 DW_TAG_enumerator
	.long	.Linfo_string64                 @ DW_AT_name
	.byte	55                              @ DW_AT_const_value
	.byte	11                              @ Abbrev [11] 0x214:0x6 DW_TAG_enumerator
	.long	.Linfo_string65                 @ DW_AT_name
	.byte	56                              @ DW_AT_const_value
	.byte	11                              @ Abbrev [11] 0x21a:0x6 DW_TAG_enumerator
	.long	.Linfo_string66                 @ DW_AT_name
	.byte	127                             @ DW_AT_const_value
	.byte	11                              @ Abbrev [11] 0x220:0xa DW_TAG_enumerator
	.long	.Linfo_string67                 @ DW_AT_name
	.ascii	"\377\377\377\377\007"          @ DW_AT_const_value
	.byte	0                               @ End Of Children Mark
	.byte	8                               @ Abbrev [8] 0x22b:0x7 DW_TAG_base_type
	.long	.Linfo_string14                 @ DW_AT_name
	.byte	5                               @ DW_AT_encoding
	.byte	4                               @ DW_AT_byte_size
	.byte	4                               @ Abbrev [4] 0x232:0xb DW_TAG_typedef
	.long	194                             @ DW_AT_type
	.long	.Linfo_string70                 @ DW_AT_name
	.byte	1                               @ DW_AT_decl_file
	.byte	235                             @ DW_AT_decl_line
	.byte	2                               @ Abbrev [2] 0x23d:0x12 DW_TAG_variable
	.long	.Linfo_string73                 @ DW_AT_name
	.long	591                             @ DW_AT_type
	.byte	1                               @ DW_AT_external
	.byte	3                               @ DW_AT_decl_file
	.byte	61                              @ DW_AT_decl_line
	.byte	5                               @ DW_AT_location
	.byte	3
	.long	Socket_MemPool_Attr
	.byte	3                               @ Abbrev [3] 0x24f:0x5 DW_TAG_const_type
	.long	596                             @ DW_AT_type
	.byte	12                              @ Abbrev [12] 0x254:0xc DW_TAG_typedef
	.long	608                             @ DW_AT_type
	.long	.Linfo_string76                 @ DW_AT_name
	.byte	1                               @ DW_AT_decl_file
	.short	292                             @ DW_AT_decl_line
	.byte	13                              @ Abbrev [13] 0x260:0x54 DW_TAG_structure_type
	.byte	24                              @ DW_AT_byte_size
	.byte	1                               @ DW_AT_decl_file
	.short	285                             @ DW_AT_decl_line
	.byte	14                              @ Abbrev [14] 0x265:0xd DW_TAG_member
	.long	.Linfo_string4                  @ DW_AT_name
	.long	177                             @ DW_AT_type
	.byte	1                               @ DW_AT_decl_file
	.short	286                             @ DW_AT_decl_line
	.byte	0                               @ DW_AT_data_member_location
	.byte	14                              @ Abbrev [14] 0x272:0xd DW_TAG_member
	.long	.Linfo_string6                  @ DW_AT_name
	.long	194                             @ DW_AT_type
	.byte	1                               @ DW_AT_decl_file
	.short	287                             @ DW_AT_decl_line
	.byte	4                               @ DW_AT_data_member_location
	.byte	14                              @ Abbrev [14] 0x27f:0xd DW_TAG_member
	.long	.Linfo_string9                  @ DW_AT_name
	.long	212                             @ DW_AT_type
	.byte	1                               @ DW_AT_decl_file
	.short	288                             @ DW_AT_decl_line
	.byte	8                               @ DW_AT_data_member_location
	.byte	14                              @ Abbrev [14] 0x28c:0xd DW_TAG_member
	.long	.Linfo_string10                 @ DW_AT_name
	.long	194                             @ DW_AT_type
	.byte	1                               @ DW_AT_decl_file
	.short	289                             @ DW_AT_decl_line
	.byte	12                              @ DW_AT_data_member_location
	.byte	14                              @ Abbrev [14] 0x299:0xd DW_TAG_member
	.long	.Linfo_string74                 @ DW_AT_name
	.long	212                             @ DW_AT_type
	.byte	1                               @ DW_AT_decl_file
	.short	290                             @ DW_AT_decl_line
	.byte	16                              @ DW_AT_data_member_location
	.byte	14                              @ Abbrev [14] 0x2a6:0xd DW_TAG_member
	.long	.Linfo_string75                 @ DW_AT_name
	.long	194                             @ DW_AT_type
	.byte	1                               @ DW_AT_decl_file
	.short	291                             @ DW_AT_decl_line
	.byte	20                              @ DW_AT_data_member_location
	.byte	0                               @ End Of Children Mark
	.byte	2                               @ Abbrev [2] 0x2b4:0x12 DW_TAG_variable
	.long	.Linfo_string77                 @ DW_AT_name
	.long	710                             @ DW_AT_type
	.byte	1                               @ DW_AT_external
	.byte	3                               @ DW_AT_decl_file
	.byte	76                              @ DW_AT_decl_line
	.byte	5                               @ DW_AT_location
	.byte	3
	.long	Socket_Mutex_Attr
	.byte	3                               @ Abbrev [3] 0x2c6:0x5 DW_TAG_const_type
	.long	715                             @ DW_AT_type
	.byte	12                              @ Abbrev [12] 0x2cb:0xc DW_TAG_typedef
	.long	727                             @ DW_AT_type
	.long	.Linfo_string78                 @ DW_AT_name
	.byte	1                               @ DW_AT_decl_file
	.short	274                             @ DW_AT_decl_line
	.byte	13                              @ Abbrev [13] 0x2d7:0x3a DW_TAG_structure_type
	.byte	16                              @ DW_AT_byte_size
	.byte	1                               @ DW_AT_decl_file
	.short	269                             @ DW_AT_decl_line
	.byte	14                              @ Abbrev [14] 0x2dc:0xd DW_TAG_member
	.long	.Linfo_string4                  @ DW_AT_name
	.long	177                             @ DW_AT_type
	.byte	1                               @ DW_AT_decl_file
	.short	270                             @ DW_AT_decl_line
	.byte	0                               @ DW_AT_data_member_location
	.byte	14                              @ Abbrev [14] 0x2e9:0xd DW_TAG_member
	.long	.Linfo_string6                  @ DW_AT_name
	.long	194                             @ DW_AT_type
	.byte	1                               @ DW_AT_decl_file
	.short	271                             @ DW_AT_decl_line
	.byte	4                               @ DW_AT_data_member_location
	.byte	14                              @ Abbrev [14] 0x2f6:0xd DW_TAG_member
	.long	.Linfo_string9                  @ DW_AT_name
	.long	212                             @ DW_AT_type
	.byte	1                               @ DW_AT_decl_file
	.short	272                             @ DW_AT_decl_line
	.byte	8                               @ DW_AT_data_member_location
	.byte	14                              @ Abbrev [14] 0x303:0xd DW_TAG_member
	.long	.Linfo_string10                 @ DW_AT_name
	.long	194                             @ DW_AT_type
	.byte	1                               @ DW_AT_decl_file
	.short	273                             @ DW_AT_decl_line
	.byte	12                              @ DW_AT_data_member_location
	.byte	0                               @ End Of Children Mark
	.byte	2                               @ Abbrev [2] 0x311:0x12 DW_TAG_variable
	.long	.Linfo_string79                 @ DW_AT_name
	.long	591                             @ DW_AT_type
	.byte	1                               @ DW_AT_external
	.byte	3                               @ DW_AT_decl_file
	.byte	92                              @ DW_AT_decl_line
	.byte	5                               @ DW_AT_location
	.byte	3
	.long	AT_Parser_MemPool_Attr
	.byte	2                               @ Abbrev [2] 0x323:0x12 DW_TAG_variable
	.long	.Linfo_string80                 @ DW_AT_name
	.long	821                             @ DW_AT_type
	.byte	1                               @ DW_AT_external
	.byte	3                               @ DW_AT_decl_file
	.byte	105                             @ DW_AT_decl_line
	.byte	5                               @ DW_AT_location
	.byte	3
	.long	WiFi_EventFlags_Attr
	.byte	3                               @ Abbrev [3] 0x335:0x5 DW_TAG_const_type
	.long	826                             @ DW_AT_type
	.byte	12                              @ Abbrev [12] 0x33a:0xc DW_TAG_typedef
	.long	838                             @ DW_AT_type
	.long	.Linfo_string81                 @ DW_AT_name
	.byte	1                               @ DW_AT_decl_file
	.short	266                             @ DW_AT_decl_line
	.byte	13                              @ Abbrev [13] 0x346:0x3a DW_TAG_structure_type
	.byte	16                              @ DW_AT_byte_size
	.byte	1                               @ DW_AT_decl_file
	.short	261                             @ DW_AT_decl_line
	.byte	14                              @ Abbrev [14] 0x34b:0xd DW_TAG_member
	.long	.Linfo_string4                  @ DW_AT_name
	.long	177                             @ DW_AT_type
	.byte	1                               @ DW_AT_decl_file
	.short	262                             @ DW_AT_decl_line
	.byte	0                               @ DW_AT_data_member_location
	.byte	14                              @ Abbrev [14] 0x358:0xd DW_TAG_member
	.long	.Linfo_string6                  @ DW_AT_name
	.long	194                             @ DW_AT_type
	.byte	1                               @ DW_AT_decl_file
	.short	263                             @ DW_AT_decl_line
	.byte	4                               @ DW_AT_data_member_location
	.byte	14                              @ Abbrev [14] 0x365:0xd DW_TAG_member
	.long	.Linfo_string9                  @ DW_AT_name
	.long	212                             @ DW_AT_type
	.byte	1                               @ DW_AT_decl_file
	.short	264                             @ DW_AT_decl_line
	.byte	8                               @ DW_AT_data_member_location
	.byte	14                              @ Abbrev [14] 0x372:0xd DW_TAG_member
	.long	.Linfo_string10                 @ DW_AT_name
	.long	194                             @ DW_AT_type
	.byte	1                               @ DW_AT_decl_file
	.short	265                             @ DW_AT_decl_line
	.byte	12                              @ DW_AT_data_member_location
	.byte	0                               @ End Of Children Mark
	.byte	2                               @ Abbrev [2] 0x380:0x12 DW_TAG_variable
	.long	.Linfo_string82                 @ DW_AT_name
	.long	710                             @ DW_AT_type
	.byte	1                               @ DW_AT_external
	.byte	3                               @ DW_AT_decl_file
	.byte	115                             @ DW_AT_decl_line
	.byte	5                               @ DW_AT_location
	.byte	3
	.long	BufList_Mutex_Attr
	.byte	15                              @ Abbrev [15] 0x392:0x12 DW_TAG_variable
	.long	.Linfo_string83                 @ DW_AT_name
	.long	932                             @ DW_AT_type
	.byte	3                               @ DW_AT_decl_file
	.byte	36                              @ DW_AT_decl_line
	.byte	4                               @ DW_AT_alignment
	.byte	5                               @ DW_AT_location
	.byte	3
	.long	WiFi_ThreadCb
	.byte	16                              @ Abbrev [16] 0x3a4:0xc DW_TAG_array_type
	.long	944                             @ DW_AT_type
	.byte	17                              @ Abbrev [17] 0x3a9:0x6 DW_TAG_subrange_type
	.long	962                             @ DW_AT_type
	.byte	68                              @ DW_AT_count
	.byte	0                               @ End Of Children Mark
	.byte	4                               @ Abbrev [4] 0x3b0:0xb DW_TAG_typedef
	.long	955                             @ DW_AT_type
	.long	.Linfo_string85                 @ DW_AT_name
	.byte	2                               @ DW_AT_decl_file
	.byte	62                              @ DW_AT_decl_line
	.byte	8                               @ Abbrev [8] 0x3bb:0x7 DW_TAG_base_type
	.long	.Linfo_string84                 @ DW_AT_name
	.byte	8                               @ DW_AT_encoding
	.byte	1                               @ DW_AT_byte_size
	.byte	18                              @ Abbrev [18] 0x3c2:0x7 DW_TAG_base_type
	.long	.Linfo_string86                 @ DW_AT_name
	.byte	8                               @ DW_AT_byte_size
	.byte	7                               @ DW_AT_encoding
	.byte	15                              @ Abbrev [15] 0x3c9:0x12 DW_TAG_variable
	.long	.Linfo_string87                 @ DW_AT_name
	.long	987                             @ DW_AT_type
	.byte	3                               @ DW_AT_decl_file
	.byte	37                              @ DW_AT_decl_line
	.byte	8                               @ DW_AT_alignment
	.byte	5                               @ DW_AT_location
	.byte	3
	.long	WiFi_ThreadStackArr
	.byte	16                              @ Abbrev [16] 0x3db:0xd DW_TAG_array_type
	.long	944                             @ DW_AT_type
	.byte	19                              @ Abbrev [19] 0x3e0:0x7 DW_TAG_subrange_type
	.long	962                             @ DW_AT_type
	.short	512                             @ DW_AT_count
	.byte	0                               @ End Of Children Mark
	.byte	15                              @ Abbrev [15] 0x3e8:0x12 DW_TAG_variable
	.long	.Linfo_string88                 @ DW_AT_name
	.long	1018                            @ DW_AT_type
	.byte	3                               @ DW_AT_decl_file
	.byte	57                              @ DW_AT_decl_line
	.byte	4                               @ DW_AT_alignment
	.byte	5                               @ DW_AT_location
	.byte	3
	.long	Socket_MemPoolCb
	.byte	16                              @ Abbrev [16] 0x3fa:0xc DW_TAG_array_type
	.long	944                             @ DW_AT_type
	.byte	17                              @ Abbrev [17] 0x3ff:0x6 DW_TAG_subrange_type
	.long	962                             @ DW_AT_type
	.byte	36                              @ DW_AT_count
	.byte	0                               @ End Of Children Mark
	.byte	15                              @ Abbrev [15] 0x406:0x12 DW_TAG_variable
	.long	.Linfo_string89                 @ DW_AT_name
	.long	1048                            @ DW_AT_type
	.byte	3                               @ DW_AT_decl_file
	.byte	58                              @ DW_AT_decl_line
	.byte	4                               @ DW_AT_alignment
	.byte	5                               @ DW_AT_location
	.byte	3
	.long	Socket_MemPoolArr
	.byte	16                              @ Abbrev [16] 0x418:0xd DW_TAG_array_type
	.long	944                             @ DW_AT_type
	.byte	19                              @ Abbrev [19] 0x41d:0x7 DW_TAG_subrange_type
	.long	962                             @ DW_AT_type
	.short	4096                            @ DW_AT_count
	.byte	0                               @ End Of Children Mark
	.byte	15                              @ Abbrev [15] 0x425:0x12 DW_TAG_variable
	.long	.Linfo_string90                 @ DW_AT_name
	.long	1079                            @ DW_AT_type
	.byte	3                               @ DW_AT_decl_file
	.byte	74                              @ DW_AT_decl_line
	.byte	4                               @ DW_AT_alignment
	.byte	5                               @ DW_AT_location
	.byte	3
	.long	Socket_MutexCb
	.byte	16                              @ Abbrev [16] 0x437:0xc DW_TAG_array_type
	.long	944                             @ DW_AT_type
	.byte	17                              @ Abbrev [17] 0x43c:0x6 DW_TAG_subrange_type
	.long	962                             @ DW_AT_type
	.byte	28                              @ DW_AT_count
	.byte	0                               @ End Of Children Mark
	.byte	15                              @ Abbrev [15] 0x443:0x12 DW_TAG_variable
	.long	.Linfo_string91                 @ DW_AT_name
	.long	1018                            @ DW_AT_type
	.byte	3                               @ DW_AT_decl_file
	.byte	88                              @ DW_AT_decl_line
	.byte	4                               @ DW_AT_alignment
	.byte	5                               @ DW_AT_location
	.byte	3
	.long	AT_Parser_MemPoolCb
	.byte	15                              @ Abbrev [15] 0x455:0x12 DW_TAG_variable
	.long	.Linfo_string92                 @ DW_AT_name
	.long	1127                            @ DW_AT_type
	.byte	3                               @ DW_AT_decl_file
	.byte	89                              @ DW_AT_decl_line
	.byte	4                               @ DW_AT_alignment
	.byte	5                               @ DW_AT_location
	.byte	3
	.long	AT_Parser_MemPoolArr
	.byte	16                              @ Abbrev [16] 0x467:0xd DW_TAG_array_type
	.long	944                             @ DW_AT_type
	.byte	19                              @ Abbrev [19] 0x46c:0x7 DW_TAG_subrange_type
	.long	962                             @ DW_AT_type
	.short	2048                            @ DW_AT_count
	.byte	0                               @ End Of Children Mark
	.byte	15                              @ Abbrev [15] 0x474:0x12 DW_TAG_variable
	.long	.Linfo_string93                 @ DW_AT_name
	.long	1158                            @ DW_AT_type
	.byte	3                               @ DW_AT_decl_file
	.byte	103                             @ DW_AT_decl_line
	.byte	4                               @ DW_AT_alignment
	.byte	5                               @ DW_AT_location
	.byte	3
	.long	WiFi_EventFlagsCb
	.byte	16                              @ Abbrev [16] 0x486:0xc DW_TAG_array_type
	.long	944                             @ DW_AT_type
	.byte	17                              @ Abbrev [17] 0x48b:0x6 DW_TAG_subrange_type
	.long	962                             @ DW_AT_type
	.byte	16                              @ DW_AT_count
	.byte	0                               @ End Of Children Mark
	.byte	15                              @ Abbrev [15] 0x492:0x12 DW_TAG_variable
	.long	.Linfo_string94                 @ DW_AT_name
	.long	1079                            @ DW_AT_type
	.byte	3                               @ DW_AT_decl_file
	.byte	113                             @ DW_AT_decl_line
	.byte	4                               @ DW_AT_alignment
	.byte	5                               @ DW_AT_location
	.byte	3
	.long	BufList_MutexCb
	.byte	0                               @ End Of Children Mark
.Ldebug_info_end0:
	.section	.debug_str,"MS",%progbits,1
.Linfo_string0:
	.asciz	"Component: ARM Compiler 6.15 Tool: armclang [5dd79400]" @ string offset=0
.Linfo_string1:
	.asciz	"C:/Users/shw26/AppData/Local/Arm/Packs/ARM/CMSIS-Driver/2.6.1/WiFi/ESP8266\\WiFi_ESP8266_Os.c" @ string offset=55
.Linfo_string2:
	.asciz	"C:\\Users\\shw26\\OneDrive\\Desktop\\2021\\2021-1\\\354\272\241\354\212\244\355\206\244\353\224\224\354\236\220\354\235\2702\\Nuvoton\\M2351_BSP_v3.00.004\\M2351Series_BSP_CMSIS_V3.00.004\\MyProject\\PulseMonitoring\\Secure" @ string offset=148
.Linfo_string3:
	.asciz	"WiFi_Thread_Attr"              @ string offset=305
.Linfo_string4:
	.asciz	"name"                          @ string offset=322
.Linfo_string5:
	.asciz	"char"                          @ string offset=327
.Linfo_string6:
	.asciz	"attr_bits"                     @ string offset=332
.Linfo_string7:
	.asciz	"unsigned int"                  @ string offset=342
.Linfo_string8:
	.asciz	"uint32_t"                      @ string offset=355
.Linfo_string9:
	.asciz	"cb_mem"                        @ string offset=364
.Linfo_string10:
	.asciz	"cb_size"                       @ string offset=371
.Linfo_string11:
	.asciz	"stack_mem"                     @ string offset=379
.Linfo_string12:
	.asciz	"stack_size"                    @ string offset=389
.Linfo_string13:
	.asciz	"priority"                      @ string offset=400
.Linfo_string14:
	.asciz	"int"                           @ string offset=409
.Linfo_string15:
	.asciz	"osPriorityNone"                @ string offset=413
.Linfo_string16:
	.asciz	"osPriorityIdle"                @ string offset=428
.Linfo_string17:
	.asciz	"osPriorityLow"                 @ string offset=443
.Linfo_string18:
	.asciz	"osPriorityLow1"                @ string offset=457
.Linfo_string19:
	.asciz	"osPriorityLow2"                @ string offset=472
.Linfo_string20:
	.asciz	"osPriorityLow3"                @ string offset=487
.Linfo_string21:
	.asciz	"osPriorityLow4"                @ string offset=502
.Linfo_string22:
	.asciz	"osPriorityLow5"                @ string offset=517
.Linfo_string23:
	.asciz	"osPriorityLow6"                @ string offset=532
.Linfo_string24:
	.asciz	"osPriorityLow7"                @ string offset=547
.Linfo_string25:
	.asciz	"osPriorityBelowNormal"         @ string offset=562
.Linfo_string26:
	.asciz	"osPriorityBelowNormal1"        @ string offset=584
.Linfo_string27:
	.asciz	"osPriorityBelowNormal2"        @ string offset=607
.Linfo_string28:
	.asciz	"osPriorityBelowNormal3"        @ string offset=630
.Linfo_string29:
	.asciz	"osPriorityBelowNormal4"        @ string offset=653
.Linfo_string30:
	.asciz	"osPriorityBelowNormal5"        @ string offset=676
.Linfo_string31:
	.asciz	"osPriorityBelowNormal6"        @ string offset=699
.Linfo_string32:
	.asciz	"osPriorityBelowNormal7"        @ string offset=722
.Linfo_string33:
	.asciz	"osPriorityNormal"              @ string offset=745
.Linfo_string34:
	.asciz	"osPriorityNormal1"             @ string offset=762
.Linfo_string35:
	.asciz	"osPriorityNormal2"             @ string offset=780
.Linfo_string36:
	.asciz	"osPriorityNormal3"             @ string offset=798
.Linfo_string37:
	.asciz	"osPriorityNormal4"             @ string offset=816
.Linfo_string38:
	.asciz	"osPriorityNormal5"             @ string offset=834
.Linfo_string39:
	.asciz	"osPriorityNormal6"             @ string offset=852
.Linfo_string40:
	.asciz	"osPriorityNormal7"             @ string offset=870
.Linfo_string41:
	.asciz	"osPriorityAboveNormal"         @ string offset=888
.Linfo_string42:
	.asciz	"osPriorityAboveNormal1"        @ string offset=910
.Linfo_string43:
	.asciz	"osPriorityAboveNormal2"        @ string offset=933
.Linfo_string44:
	.asciz	"osPriorityAboveNormal3"        @ string offset=956
.Linfo_string45:
	.asciz	"osPriorityAboveNormal4"        @ string offset=979
.Linfo_string46:
	.asciz	"osPriorityAboveNormal5"        @ string offset=1002
.Linfo_string47:
	.asciz	"osPriorityAboveNormal6"        @ string offset=1025
.Linfo_string48:
	.asciz	"osPriorityAboveNormal7"        @ string offset=1048
.Linfo_string49:
	.asciz	"osPriorityHigh"                @ string offset=1071
.Linfo_string50:
	.asciz	"osPriorityHigh1"               @ string offset=1086
.Linfo_string51:
	.asciz	"osPriorityHigh2"               @ string offset=1102
.Linfo_string52:
	.asciz	"osPriorityHigh3"               @ string offset=1118
.Linfo_string53:
	.asciz	"osPriorityHigh4"               @ string offset=1134
.Linfo_string54:
	.asciz	"osPriorityHigh5"               @ string offset=1150
.Linfo_string55:
	.asciz	"osPriorityHigh6"               @ string offset=1166
.Linfo_string56:
	.asciz	"osPriorityHigh7"               @ string offset=1182
.Linfo_string57:
	.asciz	"osPriorityRealtime"            @ string offset=1198
.Linfo_string58:
	.asciz	"osPriorityRealtime1"           @ string offset=1217
.Linfo_string59:
	.asciz	"osPriorityRealtime2"           @ string offset=1237
.Linfo_string60:
	.asciz	"osPriorityRealtime3"           @ string offset=1257
.Linfo_string61:
	.asciz	"osPriorityRealtime4"           @ string offset=1277
.Linfo_string62:
	.asciz	"osPriorityRealtime5"           @ string offset=1297
.Linfo_string63:
	.asciz	"osPriorityRealtime6"           @ string offset=1317
.Linfo_string64:
	.asciz	"osPriorityRealtime7"           @ string offset=1337
.Linfo_string65:
	.asciz	"osPriorityISR"                 @ string offset=1357
.Linfo_string66:
	.asciz	"osPriorityError"               @ string offset=1371
.Linfo_string67:
	.asciz	"osPriorityReserved"            @ string offset=1387
.Linfo_string68:
	.asciz	"osPriority_t"                  @ string offset=1406
.Linfo_string69:
	.asciz	"tz_module"                     @ string offset=1419
.Linfo_string70:
	.asciz	"TZ_ModuleId_t"                 @ string offset=1429
.Linfo_string71:
	.asciz	"reserved"                      @ string offset=1443
.Linfo_string72:
	.asciz	"osThreadAttr_t"                @ string offset=1452
.Linfo_string73:
	.asciz	"Socket_MemPool_Attr"           @ string offset=1467
.Linfo_string74:
	.asciz	"mp_mem"                        @ string offset=1487
.Linfo_string75:
	.asciz	"mp_size"                       @ string offset=1494
.Linfo_string76:
	.asciz	"osMemoryPoolAttr_t"            @ string offset=1502
.Linfo_string77:
	.asciz	"Socket_Mutex_Attr"             @ string offset=1521
.Linfo_string78:
	.asciz	"osMutexAttr_t"                 @ string offset=1539
.Linfo_string79:
	.asciz	"AT_Parser_MemPool_Attr"        @ string offset=1553
.Linfo_string80:
	.asciz	"WiFi_EventFlags_Attr"          @ string offset=1576
.Linfo_string81:
	.asciz	"osEventFlagsAttr_t"            @ string offset=1597
.Linfo_string82:
	.asciz	"BufList_Mutex_Attr"            @ string offset=1616
.Linfo_string83:
	.asciz	"WiFi_ThreadCb"                 @ string offset=1635
.Linfo_string84:
	.asciz	"unsigned char"                 @ string offset=1649
.Linfo_string85:
	.asciz	"uint8_t"                       @ string offset=1663
.Linfo_string86:
	.asciz	"__ARRAY_SIZE_TYPE__"           @ string offset=1671
.Linfo_string87:
	.asciz	"WiFi_ThreadStackArr"           @ string offset=1691
.Linfo_string88:
	.asciz	"Socket_MemPoolCb"              @ string offset=1711
.Linfo_string89:
	.asciz	"Socket_MemPoolArr"             @ string offset=1728
.Linfo_string90:
	.asciz	"Socket_MutexCb"                @ string offset=1746
.Linfo_string91:
	.asciz	"AT_Parser_MemPoolCb"           @ string offset=1761
.Linfo_string92:
	.asciz	"AT_Parser_MemPoolArr"          @ string offset=1781
.Linfo_string93:
	.asciz	"WiFi_EventFlagsCb"             @ string offset=1802
.Linfo_string94:
	.asciz	"BufList_MutexCb"               @ string offset=1820
	.ident	"Component: ARM Compiler 6.15 Tool: armclang [5dd79400]"
	.section	".note.GNU-stack","",%progbits
	.ARM_attribute	16, 1	@ Tag_AV_eba
	.section	.debug_line,"",%progbits
.Lline_table_start0:
