	.text
	.syntax unified
	.eabi_attribute	67, "2.09"	@ Tag_conformance
	.cpu	cortex-m23
	.eabi_attribute	6, 16	@ Tag_CPU_arch
	.eabi_attribute	7, 77	@ Tag_CPU_arch_profile
	.eabi_attribute	8, 0	@ Tag_ARM_ISA_use
	.eabi_attribute	9, 3	@ Tag_THUMB_ISA_use
	.eabi_attribute	34, 0	@ Tag_CPU_unaligned_access
	.eabi_attribute	17, 1	@ Tag_ABI_PCS_GOT_use
	.eabi_attribute	20, 2	@ Tag_ABI_FP_denormal
	.eabi_attribute	21, 0	@ Tag_ABI_FP_exceptions
	.eabi_attribute	23, 1	@ Tag_ABI_FP_number_model
	.eabi_attribute	24, 1	@ Tag_ABI_align_needed
	.eabi_attribute	25, 1	@ Tag_ABI_align_preserved
	.eabi_attribute	38, 1	@ Tag_ABI_FP_16bit_format
	.eabi_attribute	18, 2	@ Tag_ABI_PCS_wchar_t
	.eabi_attribute	26, 1	@ Tag_ABI_enum_size
	.eabi_attribute	14, 0	@ Tag_ABI_PCS_R9_use
	.file	"xtea.c"
	.file	1 "C:\\Users\\shw26\\OneDrive\\Desktop\\2021\\2021-1\\\354\272\241\354\212\244\355\206\244\353\224\224\354\236\220\354\235\2702\\Nuvoton\\M2351_BSP_v3.00.004\\M2351Series_BSP_CMSIS_V3.00.004\\MyProject\\PulseMonitoring\\Secure" "../../../ThirdParty/mbedTLS/library/xtea.c"
	.file	2 "C:\\" "Keil_v5\\ARM\\ARMCLANG\\Bin\\..\\include\\stdint.h"
	.section	.text.mbedtls_xtea_init,"ax",%progbits
	.hidden	mbedtls_xtea_init               @ -- Begin function mbedtls_xtea_init
	.globl	mbedtls_xtea_init
	.p2align	1
	.type	mbedtls_xtea_init,%function
	.code	16                              @ @mbedtls_xtea_init
	.thumb_func
mbedtls_xtea_init:
.Lfunc_begin0:
	.loc	1 70 0                          @ ../../../ThirdParty/mbedTLS/library/xtea.c:70:0
	.fnstart
	.cfi_sections .debug_frame
	.cfi_startproc
@ %bb.0:
	@DEBUG_VALUE: mbedtls_xtea_init:ctx <- $r0
	movs	r1, #0
	@DEBUG_VALUE: mbedtls_xtea_init:ctx <- $r0
.Ltmp0:
	.loc	1 71 5 prologue_end             @ ../../../ThirdParty/mbedTLS/library/xtea.c:71:5
	str	r1, [r0]
	str	r1, [r0, #4]
	str	r1, [r0, #8]
	str	r1, [r0, #12]
	.loc	1 72 1                          @ ../../../ThirdParty/mbedTLS/library/xtea.c:72:1
	bx	lr
.Ltmp1:
.Lfunc_end0:
	.size	mbedtls_xtea_init, .Lfunc_end0-mbedtls_xtea_init
	.cfi_endproc
	.cantunwind
	.fnend
                                        @ -- End function
	.section	.text.mbedtls_xtea_free,"ax",%progbits
	.hidden	mbedtls_xtea_free               @ -- Begin function mbedtls_xtea_free
	.globl	mbedtls_xtea_free
	.p2align	1
	.type	mbedtls_xtea_free,%function
	.code	16                              @ @mbedtls_xtea_free
	.thumb_func
mbedtls_xtea_free:
.Lfunc_begin1:
	.loc	1 75 0                          @ ../../../ThirdParty/mbedTLS/library/xtea.c:75:0
	.fnstart
	.cfi_startproc
@ %bb.0:
	@DEBUG_VALUE: mbedtls_xtea_free:ctx <- $r0
	@DEBUG_VALUE: mbedtls_xtea_free:ctx <- $r0
	.save	{r7, lr}
	push	{r7, lr}
	.cfi_def_cfa_offset 8
	.cfi_offset lr, -4
	.cfi_offset r7, -8
.Ltmp2:
	.loc	1 76 9 prologue_end             @ ../../../ThirdParty/mbedTLS/library/xtea.c:76:9
	cbz	r0, .LBB1_2
.Ltmp3:
@ %bb.1:
	@DEBUG_VALUE: mbedtls_xtea_free:ctx <- $r0
	.loc	1 0 9 is_stmt 0                 @ ../../../ThirdParty/mbedTLS/library/xtea.c:0:9
	movs	r1, #16
	.loc	1 79 5 is_stmt 1                @ ../../../ThirdParty/mbedTLS/library/xtea.c:79:5
	bl	mbedtls_platform_zeroize
.Ltmp4:
	@DEBUG_VALUE: mbedtls_xtea_free:ctx <- [DW_OP_LLVM_entry_value 1] $r0
.LBB1_2:
	.loc	1 80 1                          @ ../../../ThirdParty/mbedTLS/library/xtea.c:80:1
	pop	{r7, pc}
.Ltmp5:
.Lfunc_end1:
	.size	mbedtls_xtea_free, .Lfunc_end1-mbedtls_xtea_free
	.cfi_endproc
	.cantunwind
	.fnend
                                        @ -- End function
	.section	.text.mbedtls_xtea_setup,"ax",%progbits
	.hidden	mbedtls_xtea_setup              @ -- Begin function mbedtls_xtea_setup
	.globl	mbedtls_xtea_setup
	.p2align	1
	.type	mbedtls_xtea_setup,%function
	.code	16                              @ @mbedtls_xtea_setup
	.thumb_func
mbedtls_xtea_setup:
.Lfunc_begin2:
	.loc	1 86 0                          @ ../../../ThirdParty/mbedTLS/library/xtea.c:86:0
	.fnstart
	.cfi_startproc
@ %bb.0:
	@DEBUG_VALUE: mbedtls_xtea_setup:ctx <- $r0
	@DEBUG_VALUE: mbedtls_xtea_setup:key <- $r1
	.save	{r4, r5, r7, lr}
	push	{r4, r5, r7, lr}
	.cfi_def_cfa_offset 16
	.cfi_offset lr, -4
	.cfi_offset r7, -8
	.cfi_offset r5, -12
	.cfi_offset r4, -16
	movs	r2, #0
.Ltmp6:
	@DEBUG_VALUE: mbedtls_xtea_setup:i <- 0
	@DEBUG_VALUE: mbedtls_xtea_setup:key <- $r1
	@DEBUG_VALUE: mbedtls_xtea_setup:ctx <- $r0
	.loc	1 89 5 prologue_end             @ ../../../ThirdParty/mbedTLS/library/xtea.c:89:5
	str	r2, [r0]
	str	r2, [r0, #4]
	str	r2, [r0, #8]
	str	r2, [r0, #12]
.Ltmp7:
.LBB2_1:                                @ =>This Inner Loop Header: Depth=1
	@DEBUG_VALUE: mbedtls_xtea_setup:key <- $r1
	@DEBUG_VALUE: mbedtls_xtea_setup:ctx <- $r0
	@DEBUG_VALUE: mbedtls_xtea_setup:i <- undef
	.loc	1 93 9                          @ ../../../ThirdParty/mbedTLS/library/xtea.c:93:9
	ldrb	r3, [r1, r2]
	lsls	r3, r3, #24
	adds	r4, r1, r2
	ldrb	r5, [r4, #1]
	lsls	r5, r5, #16
	adds	r3, r5, r3
	ldrb	r5, [r4, #2]
	lsls	r5, r5, #8
	adds	r3, r3, r5
	ldrb	r4, [r4, #3]
	adds	r3, r3, r4
	str	r3, [r0, r2]
.Ltmp8:
	@DEBUG_VALUE: mbedtls_xtea_setup:i <- [DW_OP_plus_uconst 1, DW_OP_stack_value] undef
	.loc	1 91 19                         @ ../../../ThirdParty/mbedTLS/library/xtea.c:91:19
	adds	r2, r2, #4
.Ltmp9:
	.loc	1 91 5 is_stmt 0                @ ../../../ThirdParty/mbedTLS/library/xtea.c:91:5
	cmp	r2, #16
	bne	.LBB2_1
.Ltmp10:
@ %bb.2:
	@DEBUG_VALUE: mbedtls_xtea_setup:key <- $r1
	@DEBUG_VALUE: mbedtls_xtea_setup:ctx <- $r0
	.loc	1 95 1 is_stmt 1                @ ../../../ThirdParty/mbedTLS/library/xtea.c:95:1
	pop	{r4, r5, r7, pc}
.Ltmp11:
.Lfunc_end2:
	.size	mbedtls_xtea_setup, .Lfunc_end2-mbedtls_xtea_setup
	.cfi_endproc
	.cantunwind
	.fnend
                                        @ -- End function
	.section	.text.mbedtls_xtea_crypt_ecb,"ax",%progbits
	.hidden	mbedtls_xtea_crypt_ecb          @ -- Begin function mbedtls_xtea_crypt_ecb
	.globl	mbedtls_xtea_crypt_ecb
	.p2align	2
	.type	mbedtls_xtea_crypt_ecb,%function
	.code	16                              @ @mbedtls_xtea_crypt_ecb
	.thumb_func
mbedtls_xtea_crypt_ecb:
.Lfunc_begin3:
	.loc	1 102 0                         @ ../../../ThirdParty/mbedTLS/library/xtea.c:102:0
	.fnstart
	.cfi_startproc
@ %bb.0:
	@DEBUG_VALUE: mbedtls_xtea_crypt_ecb:ctx <- $r0
	@DEBUG_VALUE: mbedtls_xtea_crypt_ecb:mode <- $r1
	@DEBUG_VALUE: mbedtls_xtea_crypt_ecb:input <- $r2
	@DEBUG_VALUE: mbedtls_xtea_crypt_ecb:output <- $r3
	.save	{r4, r5, r6, r7, lr}
	push	{r4, r5, r6, r7, lr}
	.cfi_def_cfa_offset 20
	.cfi_offset lr, -4
	.cfi_offset r7, -8
	.cfi_offset r6, -12
	.cfi_offset r5, -16
	.cfi_offset r4, -20
	.pad	#12
	sub	sp, #12
	.cfi_def_cfa_offset 32
.Ltmp12:
	@DEBUG_VALUE: mbedtls_xtea_crypt_ecb:k <- $r0
	str	r3, [sp]                        @ 4-byte Spill
	@DEBUG_VALUE: mbedtls_xtea_crypt_ecb:k <- $r0
.Ltmp13:
	@DEBUG_VALUE: mbedtls_xtea_crypt_ecb:output <- [$sp+0]
	@DEBUG_VALUE: mbedtls_xtea_crypt_ecb:input <- $r2
	@DEBUG_VALUE: mbedtls_xtea_crypt_ecb:mode <- $r1
	@DEBUG_VALUE: mbedtls_xtea_crypt_ecb:ctx <- $r0
	.loc	1 108 5 prologue_end            @ ../../../ThirdParty/mbedTLS/library/xtea.c:108:5
	ldrb	r3, [r2, #4]
	lsls	r3, r3, #24
	ldrb	r4, [r2, #5]
	lsls	r4, r4, #16
	adds	r3, r4, r3
	ldrb	r4, [r2, #6]
	lsls	r4, r4, #8
	adds	r3, r3, r4
	ldrb	r4, [r2, #7]
	adds	r4, r3, r4
.Ltmp14:
	@DEBUG_VALUE: mbedtls_xtea_crypt_ecb:v1 <- $r4
	.loc	1 107 5                         @ ../../../ThirdParty/mbedTLS/library/xtea.c:107:5
	ldrb	r3, [r2]
	lsls	r3, r3, #24
	ldrb	r5, [r2, #1]
	lsls	r5, r5, #16
	adds	r3, r5, r3
	ldrb	r5, [r2, #2]
	lsls	r5, r5, #8
	adds	r3, r3, r5
	ldrb	r2, [r2, #3]
.Ltmp15:
	@DEBUG_VALUE: mbedtls_xtea_crypt_ecb:input <- [DW_OP_LLVM_entry_value 1] $r2
	adds	r2, r3, r2
.Ltmp16:
	@DEBUG_VALUE: mbedtls_xtea_crypt_ecb:v0 <- $r2
	.loc	1 110 9                         @ ../../../ThirdParty/mbedTLS/library/xtea.c:110:9
	cmp	r1, #1
	bne	.LBB3_3
.Ltmp17:
@ %bb.1:
	@DEBUG_VALUE: mbedtls_xtea_crypt_ecb:v1 <- $r4
	@DEBUG_VALUE: mbedtls_xtea_crypt_ecb:v0 <- $r2
	@DEBUG_VALUE: mbedtls_xtea_crypt_ecb:mode <- $r1
	@DEBUG_VALUE: mbedtls_xtea_crypt_ecb:k <- $r0
	@DEBUG_VALUE: mbedtls_xtea_crypt_ecb:ctx <- $r0
	@DEBUG_VALUE: mbedtls_xtea_crypt_ecb:output <- [$sp+0]
	@DEBUG_VALUE: mbedtls_xtea_crypt_ecb:input <- [DW_OP_LLVM_entry_value 1] $r2
	.loc	1 0 9 is_stmt 0                 @ ../../../ThirdParty/mbedTLS/library/xtea.c:0:9
	movs	r1, #0
.Ltmp18:
	@DEBUG_VALUE: mbedtls_xtea_crypt_ecb:mode <- [DW_OP_LLVM_entry_value 1] $r1
	movs	r3, #32
	movs	r6, #12
.Ltmp19:
.LBB3_2:                                @ =>This Inner Loop Header: Depth=1
	@DEBUG_VALUE: mbedtls_xtea_crypt_ecb:v1 <- $r4
	@DEBUG_VALUE: mbedtls_xtea_crypt_ecb:v0 <- $r2
	@DEBUG_VALUE: mbedtls_xtea_crypt_ecb:k <- $r0
	@DEBUG_VALUE: mbedtls_xtea_crypt_ecb:ctx <- $r0
	@DEBUG_VALUE: mbedtls_xtea_crypt_ecb:output <- [$sp+0]
	@DEBUG_VALUE: mbedtls_xtea_crypt_ecb:mode <- [DW_OP_LLVM_entry_value 1] $r1
	@DEBUG_VALUE: mbedtls_xtea_crypt_ecb:input <- [DW_OP_LLVM_entry_value 1] $r2
	@DEBUG_VALUE: mbedtls_xtea_crypt_ecb:v1 <- $r4
	@DEBUG_VALUE: mbedtls_xtea_crypt_ecb:v0 <- $r2
	@DEBUG_VALUE: sum <- $r1
	@DEBUG_VALUE: mbedtls_xtea_crypt_ecb:i <- undef
	.loc	1 116 37 is_stmt 1              @ ../../../ThirdParty/mbedTLS/library/xtea.c:116:37
	lsrs	r7, r4, #5
	.loc	1 116 25 is_stmt 0              @ ../../../ThirdParty/mbedTLS/library/xtea.c:116:25
	lsls	r5, r4, #4
	.loc	1 116 31                        @ ../../../ThirdParty/mbedTLS/library/xtea.c:116:31
	eors	r5, r7
	.loc	1 116 44                        @ ../../../ThirdParty/mbedTLS/library/xtea.c:116:44
	adds	r5, r5, r4
	.loc	1 116 59                        @ ../../../ThirdParty/mbedTLS/library/xtea.c:116:59
	lsls	r7, r1, #30
	lsrs	r7, r7, #28
	ldr	r7, [r0, r7]
	.loc	1 116 50                        @ ../../../ThirdParty/mbedTLS/library/xtea.c:116:50
	adds	r7, r1, r7
	eors	r7, r5
	.loc	1 116 16                        @ ../../../ThirdParty/mbedTLS/library/xtea.c:116:16
	adds	r2, r7, r2
.Ltmp20:
	@DEBUG_VALUE: mbedtls_xtea_crypt_ecb:v0 <- $r2
	.loc	1 118 37 is_stmt 1              @ ../../../ThirdParty/mbedTLS/library/xtea.c:118:37
	lsrs	r5, r2, #5
	.loc	1 118 25 is_stmt 0              @ ../../../ThirdParty/mbedTLS/library/xtea.c:118:25
	lsls	r7, r2, #4
	.loc	1 118 31                        @ ../../../ThirdParty/mbedTLS/library/xtea.c:118:31
	eors	r7, r5
	.loc	1 118 44                        @ ../../../ThirdParty/mbedTLS/library/xtea.c:118:44
	adds	r5, r7, r2
	.loc	1 117 17 is_stmt 1              @ ../../../ThirdParty/mbedTLS/library/xtea.c:117:17
	ldr	r7, __arm_cp.3_3
	adds	r1, r1, r7
.Ltmp21:
	@DEBUG_VALUE: sum <- $r1
	.loc	1 118 59                        @ ../../../ThirdParty/mbedTLS/library/xtea.c:118:59
	lsrs	r7, r1, #9
	ands	r7, r6
	ldr	r7, [r0, r7]
	.loc	1 118 50 is_stmt 0              @ ../../../ThirdParty/mbedTLS/library/xtea.c:118:50
	adds	r7, r1, r7
	eors	r7, r5
	.loc	1 118 16                        @ ../../../ThirdParty/mbedTLS/library/xtea.c:118:16
	adds	r4, r7, r4
.Ltmp22:
	@DEBUG_VALUE: mbedtls_xtea_crypt_ecb:i <- [DW_OP_plus_uconst 1, DW_OP_stack_value] undef
	@DEBUG_VALUE: mbedtls_xtea_crypt_ecb:v1 <- $r4
	.loc	1 114 23 is_stmt 1              @ ../../../ThirdParty/mbedTLS/library/xtea.c:114:23
	subs	r3, r3, #1
.Ltmp23:
	.loc	1 114 9 is_stmt 0               @ ../../../ThirdParty/mbedTLS/library/xtea.c:114:9
	bne	.LBB3_2
	b	.LBB3_5
.Ltmp24:
.LBB3_3:
	@DEBUG_VALUE: mbedtls_xtea_crypt_ecb:v1 <- $r4
	@DEBUG_VALUE: mbedtls_xtea_crypt_ecb:v0 <- $r2
	@DEBUG_VALUE: mbedtls_xtea_crypt_ecb:mode <- $r1
	@DEBUG_VALUE: mbedtls_xtea_crypt_ecb:k <- $r0
	@DEBUG_VALUE: mbedtls_xtea_crypt_ecb:ctx <- $r0
	@DEBUG_VALUE: mbedtls_xtea_crypt_ecb:output <- [$sp+0]
	@DEBUG_VALUE: mbedtls_xtea_crypt_ecb:input <- [DW_OP_LLVM_entry_value 1] $r2
	.loc	1 0 9                           @ ../../../ThirdParty/mbedTLS/library/xtea.c:0:9
	ldr	r1, __arm_cp.3_0
.Ltmp25:
	@DEBUG_VALUE: mbedtls_xtea_crypt_ecb:mode <- [DW_OP_LLVM_entry_value 1] $r1
	ldr	r5, __arm_cp.3_1
	movs	r6, #32
	movs	r3, #12
.Ltmp26:
	.loc	1 125 9 is_stmt 1               @ ../../../ThirdParty/mbedTLS/library/xtea.c:125:9
	str	r3, [sp, #4]                    @ 4-byte Spill
.Ltmp27:
.LBB3_4:                                @ =>This Inner Loop Header: Depth=1
	@DEBUG_VALUE: mbedtls_xtea_crypt_ecb:v1 <- $r4
	@DEBUG_VALUE: mbedtls_xtea_crypt_ecb:v0 <- $r2
	@DEBUG_VALUE: mbedtls_xtea_crypt_ecb:k <- $r0
	@DEBUG_VALUE: mbedtls_xtea_crypt_ecb:ctx <- $r0
	@DEBUG_VALUE: mbedtls_xtea_crypt_ecb:output <- [$sp+0]
	@DEBUG_VALUE: mbedtls_xtea_crypt_ecb:mode <- [DW_OP_LLVM_entry_value 1] $r1
	@DEBUG_VALUE: mbedtls_xtea_crypt_ecb:input <- [DW_OP_LLVM_entry_value 1] $r2
	@DEBUG_VALUE: mbedtls_xtea_crypt_ecb:v1 <- $r4
	@DEBUG_VALUE: mbedtls_xtea_crypt_ecb:v0 <- $r2
	@DEBUG_VALUE: mbedtls_xtea_crypt_ecb:i <- undef
	@DEBUG_VALUE: sum <- $r1
	.loc	1 127 37                        @ ../../../ThirdParty/mbedTLS/library/xtea.c:127:37
	lsrs	r3, r2, #5
	.loc	1 127 25 is_stmt 0              @ ../../../ThirdParty/mbedTLS/library/xtea.c:127:25
	lsls	r7, r2, #4
	.loc	1 127 31                        @ ../../../ThirdParty/mbedTLS/library/xtea.c:127:31
	eors	r7, r3
	.loc	1 127 44                        @ ../../../ThirdParty/mbedTLS/library/xtea.c:127:44
	adds	r3, r7, r2
	.loc	1 127 59                        @ ../../../ThirdParty/mbedTLS/library/xtea.c:127:59
	str	r3, [sp, #8]                    @ 4-byte Spill
	lsrs	r7, r1, #9
	ldr	r3, [sp, #4]                    @ 4-byte Reload
	ands	r7, r3
	ldr	r7, [r0, r7]
	.loc	1 127 50                        @ ../../../ThirdParty/mbedTLS/library/xtea.c:127:50
	adds	r7, r1, r7
	ldr	r3, [sp, #8]                    @ 4-byte Reload
	eors	r7, r3
	.loc	1 127 16                        @ ../../../ThirdParty/mbedTLS/library/xtea.c:127:16
	subs	r4, r4, r7
.Ltmp28:
	@DEBUG_VALUE: mbedtls_xtea_crypt_ecb:v1 <- $r4
	.loc	1 129 37 is_stmt 1              @ ../../../ThirdParty/mbedTLS/library/xtea.c:129:37
	lsrs	r3, r4, #5
	.loc	1 129 25 is_stmt 0              @ ../../../ThirdParty/mbedTLS/library/xtea.c:129:25
	lsls	r7, r4, #4
	.loc	1 129 31                        @ ../../../ThirdParty/mbedTLS/library/xtea.c:129:31
	eors	r7, r3
	.loc	1 129 44                        @ ../../../ThirdParty/mbedTLS/library/xtea.c:129:44
	adds	r3, r7, r4
	.loc	1 129 59                        @ ../../../ThirdParty/mbedTLS/library/xtea.c:129:59
	lsls	r7, r5, #30
	lsrs	r7, r7, #28
	ldr	r7, [r0, r7]
	.loc	1 129 50                        @ ../../../ThirdParty/mbedTLS/library/xtea.c:129:50
	adds	r7, r5, r7
	eors	r7, r3
	.loc	1 129 16                        @ ../../../ThirdParty/mbedTLS/library/xtea.c:129:16
	subs	r2, r2, r7
.Ltmp29:
	@DEBUG_VALUE: mbedtls_xtea_crypt_ecb:i <- [DW_OP_plus_uconst 1, DW_OP_stack_value] undef
	@DEBUG_VALUE: mbedtls_xtea_crypt_ecb:v0 <- $r2
	.loc	1 0 16                          @ ../../../ThirdParty/mbedTLS/library/xtea.c:0:16
	ldr	r3, __arm_cp.3_2
.Ltmp30:
	.loc	1 125 23 is_stmt 1              @ ../../../ThirdParty/mbedTLS/library/xtea.c:125:23
	adds	r5, r5, r3
.Ltmp31:
	.loc	1 128 17                        @ ../../../ThirdParty/mbedTLS/library/xtea.c:128:17
	adds	r1, r1, r3
.Ltmp32:
	@DEBUG_VALUE: sum <- $r1
	.loc	1 125 23                        @ ../../../ThirdParty/mbedTLS/library/xtea.c:125:23
	subs	r6, r6, #1
	bne	.LBB3_4
.Ltmp33:
.LBB3_5:
	@DEBUG_VALUE: mbedtls_xtea_crypt_ecb:v1 <- $r4
	@DEBUG_VALUE: mbedtls_xtea_crypt_ecb:v0 <- $r2
	@DEBUG_VALUE: mbedtls_xtea_crypt_ecb:k <- $r0
	@DEBUG_VALUE: mbedtls_xtea_crypt_ecb:ctx <- $r0
	@DEBUG_VALUE: mbedtls_xtea_crypt_ecb:output <- [$sp+0]
	@DEBUG_VALUE: mbedtls_xtea_crypt_ecb:mode <- [DW_OP_LLVM_entry_value 1] $r1
	@DEBUG_VALUE: mbedtls_xtea_crypt_ecb:input <- [DW_OP_LLVM_entry_value 1] $r2
	@DEBUG_VALUE: mbedtls_xtea_crypt_ecb:v1 <- $r4
	@DEBUG_VALUE: mbedtls_xtea_crypt_ecb:v0 <- $r2
	.loc	1 0 23 is_stmt 0                @ ../../../ThirdParty/mbedTLS/library/xtea.c:0:23
	ldr	r1, [sp]                        @ 4-byte Reload
.Ltmp34:
	.loc	1 134 5 is_stmt 1               @ ../../../ThirdParty/mbedTLS/library/xtea.c:134:5
	strb	r4, [r1, #7]
.Ltmp35:
	.loc	1 133 5                         @ ../../../ThirdParty/mbedTLS/library/xtea.c:133:5
	strb	r2, [r1, #3]
.Ltmp36:
	.loc	1 134 5                         @ ../../../ThirdParty/mbedTLS/library/xtea.c:134:5
	lsrs	r0, r4, #8
.Ltmp37:
	@DEBUG_VALUE: mbedtls_xtea_crypt_ecb:ctx <- [DW_OP_LLVM_entry_value 1] $r0
	strb	r0, [r1, #6]
	lsrs	r0, r4, #16
	strb	r0, [r1, #5]
	lsrs	r0, r4, #24
	strb	r0, [r1, #4]
.Ltmp38:
	.loc	1 133 5                         @ ../../../ThirdParty/mbedTLS/library/xtea.c:133:5
	lsrs	r0, r2, #8
	strb	r0, [r1, #2]
	lsrs	r0, r2, #16
	strb	r0, [r1, #1]
	lsrs	r0, r2, #24
	strb	r0, [r1]
	movs	r0, #0
.Ltmp39:
	.loc	1 136 5                         @ ../../../ThirdParty/mbedTLS/library/xtea.c:136:5
	add	sp, #12
.Ltmp40:
	pop	{r4, r5, r6, r7, pc}
.Ltmp41:
	.p2align	2
@ %bb.6:
	.loc	1 0 5 is_stmt 0                 @ ../../../ThirdParty/mbedTLS/library/xtea.c:0:5
__arm_cp.3_0:
	.long	3337565984                      @ 0xc6ef3720
.Lcpi_end0:
	.size	__arm_cp.3_0, .Lcpi_end0-__arm_cp.3_0
__arm_cp.3_1:
	.long	683130215                       @ 0x28b7bd67
.Lcpi_end1:
	.size	__arm_cp.3_1, .Lcpi_end1-__arm_cp.3_1
__arm_cp.3_2:
	.long	1640531527                      @ 0x61c88647
.Lcpi_end2:
	.size	__arm_cp.3_2, .Lcpi_end2-__arm_cp.3_2
__arm_cp.3_3:
	.long	2654435769                      @ 0x9e3779b9
.Lcpi_end3:
	.size	__arm_cp.3_3, .Lcpi_end3-__arm_cp.3_3
.Lfunc_end3:
	.size	mbedtls_xtea_crypt_ecb, .Lfunc_end3-mbedtls_xtea_crypt_ecb
	.cfi_endproc
	.cantunwind
	.fnend
                                        @ -- End function
	.section	.text.mbedtls_xtea_crypt_cbc,"ax",%progbits
	.hidden	mbedtls_xtea_crypt_cbc          @ -- Begin function mbedtls_xtea_crypt_cbc
	.globl	mbedtls_xtea_crypt_cbc
	.p2align	1
	.type	mbedtls_xtea_crypt_cbc,%function
	.code	16                              @ @mbedtls_xtea_crypt_cbc
	.thumb_func
mbedtls_xtea_crypt_cbc:
.Lfunc_begin4:
	.loc	1 146 0 is_stmt 1               @ ../../../ThirdParty/mbedTLS/library/xtea.c:146:0
	.fnstart
	.cfi_startproc
@ %bb.0:
	@DEBUG_VALUE: mbedtls_xtea_crypt_cbc:ctx <- $r0
	@DEBUG_VALUE: mbedtls_xtea_crypt_cbc:mode <- $r1
	@DEBUG_VALUE: mbedtls_xtea_crypt_cbc:length <- $r2
	@DEBUG_VALUE: mbedtls_xtea_crypt_cbc:iv <- $r3
	.save	{r4, r5, r6, r7, lr}
	push	{r4, r5, r6, r7, lr}
	.cfi_def_cfa_offset 20
	.cfi_offset lr, -4
	.cfi_offset r7, -8
	.cfi_offset r6, -12
	.cfi_offset r5, -16
	.cfi_offset r4, -20
	.pad	#44
	sub	sp, #44
	.cfi_def_cfa_offset 64
	mov	r5, r2
.Ltmp42:
	@DEBUG_VALUE: mbedtls_xtea_crypt_cbc:output <- [DW_OP_plus_uconst 68] [$sp+0]
	@DEBUG_VALUE: mbedtls_xtea_crypt_cbc:input <- [DW_OP_plus_uconst 64] [$sp+0]
	@DEBUG_VALUE: mbedtls_xtea_crypt_cbc:iv <- $r3
	@DEBUG_VALUE: mbedtls_xtea_crypt_cbc:length <- $r5
	@DEBUG_VALUE: mbedtls_xtea_crypt_cbc:mode <- $r1
	@DEBUG_VALUE: mbedtls_xtea_crypt_cbc:ctx <- $r0
	.loc	1 150 9 prologue_end            @ ../../../ThirdParty/mbedTLS/library/xtea.c:150:9
	lsls	r2, r2, #29
	beq	.LBB4_2
.Ltmp43:
@ %bb.1:
	@DEBUG_VALUE: mbedtls_xtea_crypt_cbc:length <- $r5
	@DEBUG_VALUE: mbedtls_xtea_crypt_cbc:iv <- $r3
	@DEBUG_VALUE: mbedtls_xtea_crypt_cbc:mode <- $r1
	@DEBUG_VALUE: mbedtls_xtea_crypt_cbc:ctx <- $r0
	@DEBUG_VALUE: mbedtls_xtea_crypt_cbc:input <- [DW_OP_plus_uconst 64] [$sp+0]
	@DEBUG_VALUE: mbedtls_xtea_crypt_cbc:output <- [DW_OP_plus_uconst 68] [$sp+0]
	.loc	1 0 9 is_stmt 0                 @ ../../../ThirdParty/mbedTLS/library/xtea.c:0:9
	movs	r0, #39
.Ltmp44:
	@DEBUG_VALUE: mbedtls_xtea_crypt_cbc:ctx <- [DW_OP_LLVM_entry_value 1] $r0
	mvns	r0, r0
	.loc	1 187 1 is_stmt 1               @ ../../../ThirdParty/mbedTLS/library/xtea.c:187:1
	add	sp, #44
.Ltmp45:
	pop	{r4, r5, r6, r7, pc}
.Ltmp46:
.LBB4_2:
	@DEBUG_VALUE: mbedtls_xtea_crypt_cbc:length <- $r5
	@DEBUG_VALUE: mbedtls_xtea_crypt_cbc:iv <- $r3
	@DEBUG_VALUE: mbedtls_xtea_crypt_cbc:mode <- $r1
	@DEBUG_VALUE: mbedtls_xtea_crypt_cbc:ctx <- $r0
	@DEBUG_VALUE: mbedtls_xtea_crypt_cbc:input <- [DW_OP_plus_uconst 64] [$sp+0]
	@DEBUG_VALUE: mbedtls_xtea_crypt_cbc:output <- [DW_OP_plus_uconst 68] [$sp+0]
	.loc	1 0 1 is_stmt 0                 @ ../../../ThirdParty/mbedTLS/library/xtea.c:0:1
	mov	r4, r3
.Ltmp47:
	@DEBUG_VALUE: mbedtls_xtea_crypt_cbc:iv <- $r4
	ldr	r6, [sp, #68]
	ldr	r7, [sp, #64]
.Ltmp48:
	@DEBUG_VALUE: mbedtls_xtea_crypt_cbc:output <- undef
	@DEBUG_VALUE: mbedtls_xtea_crypt_cbc:input <- undef
	@DEBUG_VALUE: mbedtls_xtea_crypt_cbc:length <- undef
	@DEBUG_VALUE: mbedtls_xtea_crypt_cbc:output <- undef
	@DEBUG_VALUE: mbedtls_xtea_crypt_cbc:input <- undef
	@DEBUG_VALUE: mbedtls_xtea_crypt_cbc:length <- undef
	str	r1, [sp, #20]                   @ 4-byte Spill
	.loc	1 153 9 is_stmt 1               @ ../../../ThirdParty/mbedTLS/library/xtea.c:153:9
	cbz	r1, .LBB4_8
.Ltmp49:
@ %bb.3:
	@DEBUG_VALUE: mbedtls_xtea_crypt_cbc:iv <- $r4
	@DEBUG_VALUE: mbedtls_xtea_crypt_cbc:mode <- $r1
	@DEBUG_VALUE: mbedtls_xtea_crypt_cbc:ctx <- $r0
	.loc	1 172 9                         @ ../../../ThirdParty/mbedTLS/library/xtea.c:172:9
	cmp	r5, #0
	bne	.LBB4_4
	b	.LBB4_14
.Ltmp50:
.LBB4_4:
	@DEBUG_VALUE: mbedtls_xtea_crypt_cbc:iv <- $r4
	@DEBUG_VALUE: mbedtls_xtea_crypt_cbc:mode <- $r1
	@DEBUG_VALUE: mbedtls_xtea_crypt_cbc:ctx <- $r0
	.loc	1 0 9 is_stmt 0                 @ ../../../ThirdParty/mbedTLS/library/xtea.c:0:9
	str	r0, [sp, #12]                   @ 4-byte Spill
.Ltmp51:
	@DEBUG_VALUE: mbedtls_xtea_crypt_cbc:ctx <- [DW_OP_plus_uconst 12] [$sp+0]
	movs	r0, #0
	str	r0, [sp, #16]                   @ 4-byte Spill
.Ltmp52:
	@DEBUG_VALUE: mbedtls_xtea_crypt_cbc:length <- $r5
	@DEBUG_VALUE: mbedtls_xtea_crypt_cbc:input <- $r7
	@DEBUG_VALUE: mbedtls_xtea_crypt_cbc:output <- $r6
	@DEBUG_VALUE: mbedtls_xtea_crypt_cbc:i <- 0
.LBB4_5:                                @ =>This Inner Loop Header: Depth=1
	@DEBUG_VALUE: mbedtls_xtea_crypt_cbc:input <- $r7
	@DEBUG_VALUE: mbedtls_xtea_crypt_cbc:output <- $r6
	@DEBUG_VALUE: mbedtls_xtea_crypt_cbc:length <- $r5
	@DEBUG_VALUE: mbedtls_xtea_crypt_cbc:iv <- $r4
	@DEBUG_VALUE: mbedtls_xtea_crypt_cbc:i <- $r0
	.loc	1 175 46 is_stmt 1              @ ../../../ThirdParty/mbedTLS/library/xtea.c:175:46
	ldrb	r3, [r7, r0]
	.loc	1 175 57 is_stmt 0              @ ../../../ThirdParty/mbedTLS/library/xtea.c:175:57
	ldrb	r2, [r4, r0]
	.loc	1 175 55                        @ ../../../ThirdParty/mbedTLS/library/xtea.c:175:55
	eors	r2, r3
	.loc	1 175 27                        @ ../../../ThirdParty/mbedTLS/library/xtea.c:175:27
	strb	r2, [r6, r0]
	.loc	1 174 33 is_stmt 1              @ ../../../ThirdParty/mbedTLS/library/xtea.c:174:33
	adds	r0, r0, #1
.Ltmp53:
	@DEBUG_VALUE: mbedtls_xtea_crypt_cbc:i <- $r0
	.loc	1 174 13 is_stmt 0              @ ../../../ThirdParty/mbedTLS/library/xtea.c:174:13
	cmp	r0, #8
	bne	.LBB4_5
.Ltmp54:
@ %bb.6:                                @   in Loop: Header=BB4_5 Depth=1
	@DEBUG_VALUE: mbedtls_xtea_crypt_cbc:input <- $r7
	@DEBUG_VALUE: mbedtls_xtea_crypt_cbc:output <- $r6
	@DEBUG_VALUE: mbedtls_xtea_crypt_cbc:length <- $r5
	@DEBUG_VALUE: mbedtls_xtea_crypt_cbc:iv <- $r4
	@DEBUG_VALUE: mbedtls_xtea_crypt_cbc:i <- $r0
	.loc	1 177 13 is_stmt 1              @ ../../../ThirdParty/mbedTLS/library/xtea.c:177:13
	ldr	r0, [sp, #12]                   @ 4-byte Reload
.Ltmp55:
	@DEBUG_VALUE: mbedtls_xtea_crypt_cbc:ctx <- $r0
	mov	r2, r6
	mov	r3, r6
	bl	mbedtls_xtea_crypt_ecb
.Ltmp56:
	@DEBUG_VALUE: mbedtls_xtea_crypt_cbc:mode <- [DW_OP_LLVM_entry_value 1] $r1
	@DEBUG_VALUE: mbedtls_xtea_crypt_cbc:ctx <- [DW_OP_LLVM_entry_value 1] $r0
	.loc	1 178 13                        @ ../../../ThirdParty/mbedTLS/library/xtea.c:178:13
	ldrb	r0, [r6, #1]
	str	r0, [sp, #40]                   @ 4-byte Spill
	ldrb	r0, [r6]
	str	r0, [sp, #36]                   @ 4-byte Spill
	ldrb	r0, [r6, #3]
	str	r0, [sp, #32]                   @ 4-byte Spill
	ldrb	r0, [r6, #2]
	str	r0, [sp, #28]                   @ 4-byte Spill
	ldrb	r0, [r6, #5]
	str	r0, [sp, #24]                   @ 4-byte Spill
	ldrb	r2, [r6, #4]
	ldrb	r0, [r6, #7]
	ldrb	r3, [r6, #6]
	strb	r3, [r4, #6]
	ldr	r1, [sp, #20]                   @ 4-byte Reload
	strb	r0, [r4, #7]
	strb	r2, [r4, #4]
	ldr	r0, [sp, #24]                   @ 4-byte Reload
	strb	r0, [r4, #5]
	ldr	r0, [sp, #28]                   @ 4-byte Reload
	strb	r0, [r4, #2]
	ldr	r0, [sp, #32]                   @ 4-byte Reload
	strb	r0, [r4, #3]
	ldr	r0, [sp, #36]                   @ 4-byte Reload
	strb	r0, [r4]
	ldr	r0, [sp, #40]                   @ 4-byte Reload
	strb	r0, [r4, #1]
	.loc	1 182 20                        @ ../../../ThirdParty/mbedTLS/library/xtea.c:182:20
	subs	r5, #8
.Ltmp57:
	@DEBUG_VALUE: mbedtls_xtea_crypt_cbc:length <- $r5
	.loc	1 181 20                        @ ../../../ThirdParty/mbedTLS/library/xtea.c:181:20
	adds	r6, #8
.Ltmp58:
	@DEBUG_VALUE: mbedtls_xtea_crypt_cbc:output <- $r6
	.loc	1 180 20                        @ ../../../ThirdParty/mbedTLS/library/xtea.c:180:20
	adds	r7, #8
.Ltmp59:
	@DEBUG_VALUE: mbedtls_xtea_crypt_cbc:input <- $r7
	.loc	1 172 9                         @ ../../../ThirdParty/mbedTLS/library/xtea.c:172:9
	cmp	r5, #0
	ldr	r0, [sp, #16]                   @ 4-byte Reload
	bne	.LBB4_5
.Ltmp60:
@ %bb.7:
	@DEBUG_VALUE: mbedtls_xtea_crypt_cbc:input <- $r7
	@DEBUG_VALUE: mbedtls_xtea_crypt_cbc:output <- $r6
	@DEBUG_VALUE: mbedtls_xtea_crypt_cbc:length <- $r5
	@DEBUG_VALUE: mbedtls_xtea_crypt_cbc:iv <- $r4
	.loc	1 187 1                         @ ../../../ThirdParty/mbedTLS/library/xtea.c:187:1
	add	sp, #44
	pop	{r4, r5, r6, r7, pc}
.Ltmp61:
.LBB4_8:
	@DEBUG_VALUE: mbedtls_xtea_crypt_cbc:iv <- $r4
	@DEBUG_VALUE: mbedtls_xtea_crypt_cbc:mode <- $r1
	@DEBUG_VALUE: mbedtls_xtea_crypt_cbc:ctx <- $r0
	.loc	1 155 9                         @ ../../../ThirdParty/mbedTLS/library/xtea.c:155:9
	cmp	r5, #0
	beq	.LBB4_14
.Ltmp62:
@ %bb.9:
	@DEBUG_VALUE: mbedtls_xtea_crypt_cbc:iv <- $r4
	@DEBUG_VALUE: mbedtls_xtea_crypt_cbc:mode <- $r1
	@DEBUG_VALUE: mbedtls_xtea_crypt_cbc:ctx <- $r0
	.loc	1 0 9 is_stmt 0                 @ ../../../ThirdParty/mbedTLS/library/xtea.c:0:9
	movs	r2, #0
	str	r2, [sp, #16]                   @ 4-byte Spill
	str	r0, [sp, #12]                   @ 4-byte Spill
.Ltmp63:
.LBB4_10:                               @ =>This Loop Header: Depth=1
                                        @     Child Loop BB4_11 Depth 2
	@DEBUG_VALUE: mbedtls_xtea_crypt_cbc:iv <- $r4
	@DEBUG_VALUE: mbedtls_xtea_crypt_cbc:length <- $r5
	@DEBUG_VALUE: mbedtls_xtea_crypt_cbc:input <- $r7
	@DEBUG_VALUE: mbedtls_xtea_crypt_cbc:output <- $r6
	.loc	1 157 13 is_stmt 1              @ ../../../ThirdParty/mbedTLS/library/xtea.c:157:13
	ldrb	r2, [r7, #2]
	str	r2, [sp, #36]                   @ 4-byte Spill
	ldrb	r2, [r7, #3]
	str	r2, [sp, #32]                   @ 4-byte Spill
	ldrb	r2, [r7]
	str	r2, [sp, #28]                   @ 4-byte Spill
	ldrb	r2, [r7, #1]
	str	r2, [sp, #24]                   @ 4-byte Spill
	ldrb	r2, [r7, #6]
	str	r2, [sp, #40]                   @ 4-byte Spill
	ldrb	r2, [r7, #7]
	str	r2, [sp, #8]                    @ 4-byte Spill
	ldrb	r2, [r7, #4]
	str	r2, [sp, #4]                    @ 4-byte Spill
	ldrb	r2, [r7, #5]
	.loc	1 158 13                        @ ../../../ThirdParty/mbedTLS/library/xtea.c:158:13
	str	r2, [sp]                        @ 4-byte Spill
	mov	r2, r7
	mov	r3, r6
	bl	mbedtls_xtea_crypt_ecb
.Ltmp64:
	@DEBUG_VALUE: mbedtls_xtea_crypt_cbc:mode <- [DW_OP_LLVM_entry_value 1] $r1
	@DEBUG_VALUE: mbedtls_xtea_crypt_cbc:ctx <- [DW_OP_LLVM_entry_value 1] $r0
	.loc	1 157 13                        @ ../../../ThirdParty/mbedTLS/library/xtea.c:157:13
	ldr	r0, [sp]                        @ 4-byte Reload
	lsls	r0, r0, #8
	ldr	r1, [sp, #4]                    @ 4-byte Reload
	adds	r0, r0, r1
	ldr	r1, [sp, #8]                    @ 4-byte Reload
	lsls	r1, r1, #8
	ldr	r2, [sp, #40]                   @ 4-byte Reload
	adds	r1, r1, r2
	lsls	r1, r1, #16
	adds	r0, r1, r0
.Ltmp65:
	@DEBUG_VALUE: mbedtls_xtea_crypt_cbc:temp <- [DW_OP_LLVM_fragment 32 32] $r0
	str	r0, [sp, #40]                   @ 4-byte Spill
.Ltmp66:
	@DEBUG_VALUE: mbedtls_xtea_crypt_cbc:temp <- [DW_OP_plus_uconst 40, DW_OP_LLVM_fragment 32 32] [$sp+0]
	@DEBUG_VALUE: mbedtls_xtea_crypt_cbc:temp <- [DW_OP_plus_uconst 40, DW_OP_LLVM_fragment 32 32] [$sp+0]
	@DEBUG_VALUE: mbedtls_xtea_crypt_cbc:temp <- [DW_OP_plus_uconst 40, DW_OP_LLVM_fragment 32 32] [$sp+0]
	ldr	r0, [sp, #24]                   @ 4-byte Reload
	lsls	r1, r0, #8
	ldr	r0, [sp, #28]                   @ 4-byte Reload
	adds	r1, r1, r0
	ldr	r0, [sp, #32]                   @ 4-byte Reload
	lsls	r2, r0, #8
	ldr	r0, [sp, #36]                   @ 4-byte Reload
	adds	r2, r2, r0
	lsls	r2, r2, #16
	adds	r1, r2, r1
.Ltmp67:
	@DEBUG_VALUE: mbedtls_xtea_crypt_cbc:i <- 0
	@DEBUG_VALUE: mbedtls_xtea_crypt_cbc:temp <- [DW_OP_LLVM_fragment 0 32] $r1
	.loc	1 0 13 is_stmt 0                @ ../../../ThirdParty/mbedTLS/library/xtea.c:0:13
	ldr	r2, [sp, #16]                   @ 4-byte Reload
.Ltmp68:
.LBB4_11:                               @   Parent Loop BB4_10 Depth=1
                                        @ =>  This Inner Loop Header: Depth=2
	@DEBUG_VALUE: mbedtls_xtea_crypt_cbc:input <- $r7
	@DEBUG_VALUE: mbedtls_xtea_crypt_cbc:output <- $r6
	@DEBUG_VALUE: mbedtls_xtea_crypt_cbc:length <- $r5
	@DEBUG_VALUE: mbedtls_xtea_crypt_cbc:iv <- $r4
	@DEBUG_VALUE: mbedtls_xtea_crypt_cbc:temp <- [DW_OP_LLVM_fragment 0 32] $r1
	@DEBUG_VALUE: mbedtls_xtea_crypt_cbc:temp <- [DW_OP_plus_uconst 40, DW_OP_LLVM_fragment 32 32] [$sp+0]
	@DEBUG_VALUE: mbedtls_xtea_crypt_cbc:i <- $r2
	.loc	1 161 46 is_stmt 1              @ ../../../ThirdParty/mbedTLS/library/xtea.c:161:46
	ldrb	r3, [r6, r2]
	.loc	1 161 58 is_stmt 0              @ ../../../ThirdParty/mbedTLS/library/xtea.c:161:58
	ldrb	r0, [r4, r2]
	.loc	1 161 56                        @ ../../../ThirdParty/mbedTLS/library/xtea.c:161:56
	eors	r0, r3
	.loc	1 161 27                        @ ../../../ThirdParty/mbedTLS/library/xtea.c:161:27
	strb	r0, [r6, r2]
	.loc	1 160 33 is_stmt 1              @ ../../../ThirdParty/mbedTLS/library/xtea.c:160:33
	adds	r2, r2, #1
.Ltmp69:
	@DEBUG_VALUE: mbedtls_xtea_crypt_cbc:i <- $r2
	.loc	1 160 13 is_stmt 0              @ ../../../ThirdParty/mbedTLS/library/xtea.c:160:13
	cmp	r2, #8
	bne	.LBB4_11
.Ltmp70:
@ %bb.12:                               @   in Loop: Header=BB4_10 Depth=1
	@DEBUG_VALUE: mbedtls_xtea_crypt_cbc:input <- $r7
	@DEBUG_VALUE: mbedtls_xtea_crypt_cbc:output <- $r6
	@DEBUG_VALUE: mbedtls_xtea_crypt_cbc:length <- $r5
	@DEBUG_VALUE: mbedtls_xtea_crypt_cbc:iv <- $r4
	@DEBUG_VALUE: mbedtls_xtea_crypt_cbc:i <- $r2
	@DEBUG_VALUE: mbedtls_xtea_crypt_cbc:temp <- [DW_OP_LLVM_fragment 0 32] $r1
	@DEBUG_VALUE: mbedtls_xtea_crypt_cbc:temp <- [DW_OP_plus_uconst 40, DW_OP_LLVM_fragment 32 32] [$sp+0]
	.loc	1 163 13 is_stmt 1              @ ../../../ThirdParty/mbedTLS/library/xtea.c:163:13
	strb	r1, [r4]
	ldr	r2, [sp, #40]                   @ 4-byte Reload
.Ltmp71:
	strb	r2, [r4, #4]
	lsrs	r0, r1, #24
	strb	r0, [r4, #3]
	lsrs	r0, r1, #16
	strb	r0, [r4, #2]
	lsrs	r0, r1, #8
	strb	r0, [r4, #1]
	lsrs	r0, r2, #24
	strb	r0, [r4, #7]
	lsrs	r0, r2, #16
	strb	r0, [r4, #6]
	lsrs	r0, r2, #8
	strb	r0, [r4, #5]
	.loc	1 167 20                        @ ../../../ThirdParty/mbedTLS/library/xtea.c:167:20
	subs	r5, #8
.Ltmp72:
	@DEBUG_VALUE: mbedtls_xtea_crypt_cbc:length <- $r5
	.loc	1 166 20                        @ ../../../ThirdParty/mbedTLS/library/xtea.c:166:20
	adds	r6, #8
.Ltmp73:
	@DEBUG_VALUE: mbedtls_xtea_crypt_cbc:output <- $r6
	.loc	1 165 20                        @ ../../../ThirdParty/mbedTLS/library/xtea.c:165:20
	adds	r7, #8
.Ltmp74:
	@DEBUG_VALUE: mbedtls_xtea_crypt_cbc:input <- $r7
	.loc	1 155 9                         @ ../../../ThirdParty/mbedTLS/library/xtea.c:155:9
	cmp	r5, #0
	ldr	r1, [sp, #20]                   @ 4-byte Reload
.Ltmp75:
	.loc	1 0 9 is_stmt 0                 @ ../../../ThirdParty/mbedTLS/library/xtea.c:0:9
	ldr	r0, [sp, #12]                   @ 4-byte Reload
	.loc	1 155 9                         @ ../../../ThirdParty/mbedTLS/library/xtea.c:155:9
	bne	.LBB4_10
.Ltmp76:
@ %bb.13:
	@DEBUG_VALUE: mbedtls_xtea_crypt_cbc:input <- $r7
	@DEBUG_VALUE: mbedtls_xtea_crypt_cbc:output <- $r6
	@DEBUG_VALUE: mbedtls_xtea_crypt_cbc:length <- $r5
	@DEBUG_VALUE: mbedtls_xtea_crypt_cbc:iv <- $r4
	@DEBUG_VALUE: mbedtls_xtea_crypt_cbc:temp <- [DW_OP_plus_uconst 40, DW_OP_LLVM_fragment 32 32] [$sp+0]
	.loc	1 0 9                           @ ../../../ThirdParty/mbedTLS/library/xtea.c:0:9
	ldr	r0, [sp, #16]                   @ 4-byte Reload
	.loc	1 187 1 is_stmt 1               @ ../../../ThirdParty/mbedTLS/library/xtea.c:187:1
	add	sp, #44
.Ltmp77:
	pop	{r4, r5, r6, r7, pc}
.Ltmp78:
.LBB4_14:
	@DEBUG_VALUE: mbedtls_xtea_crypt_cbc:iv <- $r4
	@DEBUG_VALUE: mbedtls_xtea_crypt_cbc:mode <- $r1
	@DEBUG_VALUE: mbedtls_xtea_crypt_cbc:ctx <- $r0
	.loc	1 0 1 is_stmt 0                 @ ../../../ThirdParty/mbedTLS/library/xtea.c:0:1
	movs	r0, #0
.Ltmp79:
	@DEBUG_VALUE: mbedtls_xtea_crypt_cbc:ctx <- [DW_OP_LLVM_entry_value 1] $r0
	.loc	1 187 1                         @ ../../../ThirdParty/mbedTLS/library/xtea.c:187:1
	add	sp, #44
	pop	{r4, r5, r6, r7, pc}
.Ltmp80:
.Lfunc_end4:
	.size	mbedtls_xtea_crypt_cbc, .Lfunc_end4-mbedtls_xtea_crypt_cbc
	.cfi_endproc
	.cantunwind
	.fnend
                                        @ -- End function
	.section	.text.mbedtls_xtea_self_test,"ax",%progbits
	.hidden	mbedtls_xtea_self_test          @ -- Begin function mbedtls_xtea_self_test
	.globl	mbedtls_xtea_self_test
	.p2align	2
	.type	mbedtls_xtea_self_test,%function
	.code	16                              @ @mbedtls_xtea_self_test
	.thumb_func
mbedtls_xtea_self_test:
.Lfunc_begin5:
	.loc	1 243 0 is_stmt 1               @ ../../../ThirdParty/mbedTLS/library/xtea.c:243:0
	.fnstart
	.cfi_startproc
@ %bb.0:
	@DEBUG_VALUE: mbedtls_xtea_self_test:verbose <- $r0
	.save	{r4, r5, r6, r7, lr}
	push	{r4, r5, r6, r7, lr}
	.cfi_def_cfa_offset 20
	.cfi_offset lr, -4
	.cfi_offset r7, -8
	.cfi_offset r6, -12
	.cfi_offset r5, -16
	.cfi_offset r4, -20
	.pad	#52
	sub	sp, #52
	.cfi_def_cfa_offset 72
	mov	r4, r0
.Ltmp81:
	@DEBUG_VALUE: mbedtls_xtea_self_test:ret <- 0
	@DEBUG_VALUE: mbedtls_xtea_self_test:verbose <- $r4
	add	r0, sp, #24
.Ltmp82:
	.loc	1 248 5 prologue_end            @ ../../../ThirdParty/mbedTLS/library/xtea.c:248:5
	bl	mbedtls_xtea_init
	movs	r5, #1
	adr	r7, .LCPI5_0
	ldr	r6, __arm_cp.5_1
	ldr	r0, __arm_cp.5_2
.Ltmp83:
	@DEBUG_VALUE: mbedtls_xtea_self_test:i <- 0
	.loc	1 0 5 is_stmt 0                 @ ../../../ThirdParty/mbedTLS/library/xtea.c:0:5
	str	r0, [sp, #20]                   @ 4-byte Spill
	movs	r0, #8
	str	r0, [sp, #4]                    @ 4-byte Spill
	str	r5, [sp, #8]                    @ 4-byte Spill
	str	r4, [sp, #12]                   @ 4-byte Spill
	b	.LBB5_2
.Ltmp84:
.LBB5_1:                                @   in Loop: Header=BB5_2 Depth=1
	@DEBUG_VALUE: mbedtls_xtea_self_test:buf <- [DW_OP_plus_uconst 40, DW_OP_deref] $sp
	@DEBUG_VALUE: mbedtls_xtea_self_test:ret <- 0
	@DEBUG_VALUE: mbedtls_xtea_self_test:i <- [DW_OP_plus_uconst 1, DW_OP_stack_value] undef
	.loc	1 249 19 is_stmt 1              @ ../../../ThirdParty/mbedTLS/library/xtea.c:249:19
	adds	r6, #8
	str	r6, [sp, #20]                   @ 4-byte Spill
	ldr	r6, [sp, #16]                   @ 4-byte Reload
	adds	r6, #16
	adds	r7, #8
	adds	r5, r5, #1
.Ltmp85:
	.loc	1 249 5 is_stmt 0               @ ../../../ThirdParty/mbedTLS/library/xtea.c:249:5
	cmp	r5, #7
	beq	.LBB5_9
.Ltmp86:
.LBB5_2:                                @ =>This Inner Loop Header: Depth=1
	@DEBUG_VALUE: mbedtls_xtea_self_test:ret <- 0
	@DEBUG_VALUE: mbedtls_xtea_self_test:i <- undef
	.loc	1 251 13 is_stmt 1              @ ../../../ThirdParty/mbedTLS/library/xtea.c:251:13
	cbz	r4, .LBB5_4
.Ltmp87:
@ %bb.3:                                @   in Loop: Header=BB5_2 Depth=1
	@DEBUG_VALUE: mbedtls_xtea_self_test:ret <- 0
	.loc	1 252 13                        @ ../../../ThirdParty/mbedTLS/library/xtea.c:252:13
	adr	r0, .LCPI5_3
	mov	r1, r5
	bl	__2printf
.Ltmp88:
.LBB5_4:                                @   in Loop: Header=BB5_2 Depth=1
	@DEBUG_VALUE: mbedtls_xtea_self_test:ret <- 0
	.loc	1 254 9                         @ ../../../ThirdParty/mbedTLS/library/xtea.c:254:9
	ldrb	r0, [r7]
	ldrb	r1, [r7, #1]
	lsls	r1, r1, #8
	adds	r0, r1, r0
	ldrb	r1, [r7, #2]
	ldrb	r2, [r7, #3]
	lsls	r2, r2, #8
	adds	r1, r2, r1
	lsls	r1, r1, #16
	adds	r0, r1, r0
.Ltmp89:
	@DEBUG_VALUE: mbedtls_xtea_self_test:buf <- [DW_OP_LLVM_fragment 0 32] $r0
	ldrb	r1, [r7, #6]
	ldrb	r2, [r7, #7]
	ldrb	r3, [r7, #4]
	ldrb	r4, [r7, #5]
	str	r0, [sp, #40]
	lsls	r0, r4, #8
.Ltmp90:
	adds	r0, r0, r3
	lsls	r2, r2, #8
	adds	r1, r2, r1
	lsls	r1, r1, #16
	adds	r0, r1, r0
.Ltmp91:
	@DEBUG_VALUE: mbedtls_xtea_self_test:buf <- [DW_OP_LLVM_fragment 32 32] $r0
	str	r0, [sp, #44]
	add	r4, sp, #24
	.loc	1 256 9                         @ ../../../ThirdParty/mbedTLS/library/xtea.c:256:9
	mov	r0, r4
.Ltmp92:
	.loc	1 0 9 is_stmt 0                 @ ../../../ThirdParty/mbedTLS/library/xtea.c:0:9
	str	r6, [sp, #16]                   @ 4-byte Spill
	.loc	1 256 9                         @ ../../../ThirdParty/mbedTLS/library/xtea.c:256:9
	mov	r1, r6
	bl	mbedtls_xtea_setup
.Ltmp93:
	@DEBUG_VALUE: mbedtls_xtea_self_test:buf <- [DW_OP_plus_uconst 40, DW_OP_deref] $sp
	.loc	1 0 9                           @ ../../../ThirdParty/mbedTLS/library/xtea.c:0:9
	add	r6, sp, #40
	.loc	1 257 9 is_stmt 1               @ ../../../ThirdParty/mbedTLS/library/xtea.c:257:9
	mov	r0, r4
	ldr	r1, [sp, #8]                    @ 4-byte Reload
	mov	r2, r6
	mov	r3, r6
	bl	mbedtls_xtea_crypt_ecb
.Ltmp94:
	.loc	1 259 13                        @ ../../../ThirdParty/mbedTLS/library/xtea.c:259:13
	mov	r0, r6
	ldr	r6, [sp, #20]                   @ 4-byte Reload
	mov	r1, r6
	ldr	r2, [sp, #4]                    @ 4-byte Reload
	bl	memcmp
.Ltmp95:
	.loc	1 259 13 is_stmt 0              @ ../../../ThirdParty/mbedTLS/library/xtea.c:259:13
	cbnz	r0, .LBB5_7
.Ltmp96:
@ %bb.5:                                @   in Loop: Header=BB5_2 Depth=1
	@DEBUG_VALUE: mbedtls_xtea_self_test:buf <- [DW_OP_plus_uconst 40, DW_OP_deref] $sp
	@DEBUG_VALUE: mbedtls_xtea_self_test:ret <- 0
	.loc	1 0 13                          @ ../../../ThirdParty/mbedTLS/library/xtea.c:0:13
	ldr	r4, [sp, #12]                   @ 4-byte Reload
	.loc	1 268 13 is_stmt 1              @ ../../../ThirdParty/mbedTLS/library/xtea.c:268:13
	cmp	r4, #0
	beq	.LBB5_1
.Ltmp97:
@ %bb.6:                                @   in Loop: Header=BB5_2 Depth=1
	@DEBUG_VALUE: mbedtls_xtea_self_test:buf <- [DW_OP_plus_uconst 40, DW_OP_deref] $sp
	@DEBUG_VALUE: mbedtls_xtea_self_test:ret <- 0
	.loc	1 269 13                        @ ../../../ThirdParty/mbedTLS/library/xtea.c:269:13
	adr	r0, .LCPI5_5
	bl	puts
	b	.LBB5_1
.Ltmp98:
.LBB5_7:
	@DEBUG_VALUE: mbedtls_xtea_self_test:buf <- [DW_OP_plus_uconst 40, DW_OP_deref] $sp
	@DEBUG_VALUE: mbedtls_xtea_self_test:ret <- 0
	.loc	1 0 13 is_stmt 0                @ ../../../ThirdParty/mbedTLS/library/xtea.c:0:13
	movs	r5, #1
.Ltmp99:
	.loc	1 261 17 is_stmt 1              @ ../../../ThirdParty/mbedTLS/library/xtea.c:261:17
	ldr	r0, [sp, #12]                   @ 4-byte Reload
	cbz	r0, .LBB5_11
.Ltmp100:
@ %bb.8:
	@DEBUG_VALUE: mbedtls_xtea_self_test:buf <- [DW_OP_plus_uconst 40, DW_OP_deref] $sp
	@DEBUG_VALUE: mbedtls_xtea_self_test:ret <- 0
	.loc	1 262 17                        @ ../../../ThirdParty/mbedTLS/library/xtea.c:262:17
	adr	r0, .LCPI5_4
	bl	puts
	b	.LBB5_11
.Ltmp101:
.LBB5_9:
	@DEBUG_VALUE: mbedtls_xtea_self_test:buf <- [DW_OP_plus_uconst 40, DW_OP_deref] $sp
	@DEBUG_VALUE: mbedtls_xtea_self_test:ret <- 0
	.loc	1 0 17 is_stmt 0                @ ../../../ThirdParty/mbedTLS/library/xtea.c:0:17
	movs	r5, #0
	.loc	1 272 9 is_stmt 1               @ ../../../ThirdParty/mbedTLS/library/xtea.c:272:9
	cbz	r4, .LBB5_11
.Ltmp102:
@ %bb.10:
	@DEBUG_VALUE: mbedtls_xtea_self_test:buf <- [DW_OP_plus_uconst 40, DW_OP_deref] $sp
	@DEBUG_VALUE: mbedtls_xtea_self_test:ret <- 0
	.loc	1 0 9 is_stmt 0                 @ ../../../ThirdParty/mbedTLS/library/xtea.c:0:9
	movs	r0, #10
.Ltmp103:
	.loc	1 273 9 is_stmt 1               @ ../../../ThirdParty/mbedTLS/library/xtea.c:273:9
	bl	putchar
.Ltmp104:
.LBB5_11:
	@DEBUG_VALUE: mbedtls_xtea_self_test:buf <- [DW_OP_plus_uconst 40, DW_OP_deref] $sp
	@DEBUG_VALUE: mbedtls_xtea_self_test:ret <- 0
	@DEBUG_VALUE: mbedtls_xtea_self_test:ret <- $r5
	@DEBUG_LABEL: mbedtls_xtea_self_test:exit
	.loc	1 0 9 is_stmt 0                 @ ../../../ThirdParty/mbedTLS/library/xtea.c:0:9
	add	r0, sp, #24
	.loc	1 276 5 is_stmt 1               @ ../../../ThirdParty/mbedTLS/library/xtea.c:276:5
	bl	mbedtls_xtea_free
	.loc	1 278 5                         @ ../../../ThirdParty/mbedTLS/library/xtea.c:278:5
	mov	r0, r5
	add	sp, #52
.Ltmp105:
	pop	{r4, r5, r6, r7, pc}
.Ltmp106:
	.p2align	2
@ %bb.12:
	.loc	1 0 5 is_stmt 0                 @ ../../../ThirdParty/mbedTLS/library/xtea.c:0:5
.LCPI5_0:
xtea_test_pt:
	.ascii	"ABCDEFGH"
	.zero	8,65
	.ascii	"Z[n'\211H\327\177"
	.ascii	"ABCDEFGH"
	.zero	8,65
	.ascii	"p\341\"]nNvU"
__arm_cp.5_1:
	.long	xtea_test_key
.Lcpi_end4:
	.size	__arm_cp.5_1, .Lcpi_end4-__arm_cp.5_1
__arm_cp.5_2:
	.long	xtea_test_ct
.Lcpi_end5:
	.size	__arm_cp.5_2, .Lcpi_end5-__arm_cp.5_2
.LCPI5_3:
.L.str:
	.asciz	"  XTEA test #%d: \000\000"
.LCPI5_4:
.Lstr.4:
	.asciz	"failed\000"
.LCPI5_5:
.Lstr:
	.asciz	"passed\000"
.Lfunc_end5:
	.size	mbedtls_xtea_self_test, .Lfunc_end5-mbedtls_xtea_self_test
	.cfi_endproc
	.cantunwind
	.fnend
                                        @ -- End function
	.type	xtea_test_key,%object           @ @xtea_test_key
	.section	.rodata.xtea_test_key,"a",%progbits
xtea_test_key:
	.ascii	"\000\001\002\003\004\005\006\007\b\t\n\013\f\r\016\017"
	.ascii	"\000\001\002\003\004\005\006\007\b\t\n\013\f\r\016\017"
	.ascii	"\000\001\002\003\004\005\006\007\b\t\n\013\f\r\016\017"
	.zero	16
	.zero	16
	.zero	16
	.size	xtea_test_key, 96

	.type	xtea_test_ct,%object            @ @xtea_test_ct
	.section	.rodata.xtea_test_ct,"a",%progbits
xtea_test_ct:
	.ascii	"I}\363\320ra,\265"
	.ascii	"\347\217-\023tCA\330"
	.zero	8,65
	.ascii	"\2409\005\211\370\270\357\245"
	.ascii	"\355#7Z\202\032\214-"
	.zero	8,65
	.size	xtea_test_ct, 48

	.globl	_printf_percent
	.globl	_printf_d
	.globl	_printf_int_dec
	.hidden	_printf_percent
	.hidden	_printf_d
	.hidden	_printf_int_dec
	.file	3 "C:\\Users\\shw26\\OneDrive\\Desktop\\2021\\2021-1\\\354\272\241\354\212\244\355\206\244\353\224\224\354\236\220\354\235\2702\\Nuvoton\\M2351_BSP_v3.00.004\\M2351Series_BSP_CMSIS_V3.00.004\\MyProject\\PulseMonitoring\\Secure" "../../../ThirdParty/mbedTLS/include/mbedtls\\xtea.h"
	.file	4 "C:\\" "Keil_v5\\ARM\\ARMCLANG\\Bin\\..\\include\\stddef.h"
	.section	.debug_loc,"",%progbits
.Ldebug_loc0:
	.long	-1
	.long	.Lfunc_begin1                   @   base address
	.long	.Lfunc_begin1-.Lfunc_begin1
	.long	.Ltmp4-.Lfunc_begin1
	.short	1                               @ Loc expr size
	.byte	80                              @ DW_OP_reg0
	.long	0
	.long	0
.Ldebug_loc1:
	.long	-1
	.long	.Lfunc_begin2                   @   base address
	.long	.Ltmp6-.Lfunc_begin2
	.long	.Ltmp7-.Lfunc_begin2
	.short	2                               @ Loc expr size
	.byte	17                              @ DW_OP_consts
	.byte	0                               @ 0
	.long	0
	.long	0
.Ldebug_loc2:
	.long	-1
	.long	.Lfunc_begin3                   @   base address
	.long	.Lfunc_begin3-.Lfunc_begin3
	.long	.Ltmp37-.Lfunc_begin3
	.short	1                               @ Loc expr size
	.byte	80                              @ DW_OP_reg0
	.long	.Ltmp37-.Lfunc_begin3
	.long	.Ltmp41-.Lfunc_begin3
	.short	3                               @ Loc expr size
	.byte	163                             @ DW_OP_entry_value
	.byte	1                               @ 1
	.byte	80                              @ DW_OP_reg0
	.long	0
	.long	0
.Ldebug_loc3:
	.long	-1
	.long	.Lfunc_begin3                   @   base address
	.long	.Lfunc_begin3-.Lfunc_begin3
	.long	.Ltmp18-.Lfunc_begin3
	.short	1                               @ Loc expr size
	.byte	81                              @ DW_OP_reg1
	.long	.Ltmp18-.Lfunc_begin3
	.long	.Ltmp24-.Lfunc_begin3
	.short	3                               @ Loc expr size
	.byte	163                             @ DW_OP_entry_value
	.byte	1                               @ 1
	.byte	81                              @ DW_OP_reg1
	.long	.Ltmp24-.Lfunc_begin3
	.long	.Ltmp25-.Lfunc_begin3
	.short	1                               @ Loc expr size
	.byte	81                              @ DW_OP_reg1
	.long	.Ltmp25-.Lfunc_begin3
	.long	.Ltmp41-.Lfunc_begin3
	.short	3                               @ Loc expr size
	.byte	163                             @ DW_OP_entry_value
	.byte	1                               @ 1
	.byte	81                              @ DW_OP_reg1
	.long	0
	.long	0
.Ldebug_loc4:
	.long	-1
	.long	.Lfunc_begin3                   @   base address
	.long	.Lfunc_begin3-.Lfunc_begin3
	.long	.Ltmp15-.Lfunc_begin3
	.short	1                               @ Loc expr size
	.byte	82                              @ DW_OP_reg2
	.long	.Ltmp15-.Lfunc_begin3
	.long	.Ltmp41-.Lfunc_begin3
	.short	3                               @ Loc expr size
	.byte	163                             @ DW_OP_entry_value
	.byte	1                               @ 1
	.byte	82                              @ DW_OP_reg2
	.long	0
	.long	0
.Ldebug_loc5:
	.long	-1
	.long	.Lfunc_begin3                   @   base address
	.long	.Lfunc_begin3-.Lfunc_begin3
	.long	.Ltmp13-.Lfunc_begin3
	.short	1                               @ Loc expr size
	.byte	83                              @ DW_OP_reg3
	.long	.Ltmp13-.Lfunc_begin3
	.long	.Ltmp40-.Lfunc_begin3
	.short	2                               @ Loc expr size
	.byte	125                             @ DW_OP_breg13
	.byte	0                               @ 0
	.long	0
	.long	0
.Ldebug_loc6:
	.long	-1
	.long	.Lfunc_begin3                   @   base address
	.long	.Ltmp12-.Lfunc_begin3
	.long	.Ltmp37-.Lfunc_begin3
	.short	1                               @ Loc expr size
	.byte	80                              @ DW_OP_reg0
	.long	0
	.long	0
.Ldebug_loc7:
	.long	-1
	.long	.Lfunc_begin3                   @   base address
	.long	.Ltmp14-.Lfunc_begin3
	.long	.Ltmp41-.Lfunc_begin3
	.short	1                               @ Loc expr size
	.byte	84                              @ DW_OP_reg4
	.long	0
	.long	0
.Ldebug_loc8:
	.long	-1
	.long	.Lfunc_begin3                   @   base address
	.long	.Ltmp16-.Lfunc_begin3
	.long	.Ltmp41-.Lfunc_begin3
	.short	1                               @ Loc expr size
	.byte	82                              @ DW_OP_reg2
	.long	0
	.long	0
.Ldebug_loc9:
	.long	-1
	.long	.Lfunc_begin3                   @   base address
	.long	.Ltmp27-.Lfunc_begin3
	.long	.Ltmp33-.Lfunc_begin3
	.short	1                               @ Loc expr size
	.byte	81                              @ DW_OP_reg1
	.long	0
	.long	0
.Ldebug_loc10:
	.long	-1
	.long	.Lfunc_begin4                   @   base address
	.long	.Lfunc_begin4-.Lfunc_begin4
	.long	.Ltmp44-.Lfunc_begin4
	.short	1                               @ Loc expr size
	.byte	80                              @ DW_OP_reg0
	.long	.Ltmp44-.Lfunc_begin4
	.long	.Ltmp46-.Lfunc_begin4
	.short	3                               @ Loc expr size
	.byte	163                             @ DW_OP_entry_value
	.byte	1                               @ 1
	.byte	80                              @ DW_OP_reg0
	.long	.Ltmp46-.Lfunc_begin4
	.long	.Ltmp51-.Lfunc_begin4
	.short	1                               @ Loc expr size
	.byte	80                              @ DW_OP_reg0
	.long	.Ltmp51-.Lfunc_begin4
	.long	.Ltmp52-.Lfunc_begin4
	.short	2                               @ Loc expr size
	.byte	125                             @ DW_OP_breg13
	.byte	12                              @ 12
	.long	.Ltmp55-.Lfunc_begin4
	.long	.Ltmp56-.Lfunc_begin4
	.short	1                               @ Loc expr size
	.byte	80                              @ DW_OP_reg0
	.long	.Ltmp56-.Lfunc_begin4
	.long	.Ltmp60-.Lfunc_begin4
	.short	3                               @ Loc expr size
	.byte	163                             @ DW_OP_entry_value
	.byte	1                               @ 1
	.byte	80                              @ DW_OP_reg0
	.long	.Ltmp61-.Lfunc_begin4
	.long	.Ltmp63-.Lfunc_begin4
	.short	1                               @ Loc expr size
	.byte	80                              @ DW_OP_reg0
	.long	.Ltmp64-.Lfunc_begin4
	.long	.Ltmp68-.Lfunc_begin4
	.short	3                               @ Loc expr size
	.byte	163                             @ DW_OP_entry_value
	.byte	1                               @ 1
	.byte	80                              @ DW_OP_reg0
	.long	.Ltmp78-.Lfunc_begin4
	.long	.Ltmp79-.Lfunc_begin4
	.short	1                               @ Loc expr size
	.byte	80                              @ DW_OP_reg0
	.long	.Ltmp79-.Lfunc_begin4
	.long	.Lfunc_end4-.Lfunc_begin4
	.short	3                               @ Loc expr size
	.byte	163                             @ DW_OP_entry_value
	.byte	1                               @ 1
	.byte	80                              @ DW_OP_reg0
	.long	0
	.long	0
.Ldebug_loc11:
	.long	-1
	.long	.Lfunc_begin4                   @   base address
	.long	.Lfunc_begin4-.Lfunc_begin4
	.long	.Ltmp52-.Lfunc_begin4
	.short	1                               @ Loc expr size
	.byte	81                              @ DW_OP_reg1
	.long	.Ltmp56-.Lfunc_begin4
	.long	.Ltmp60-.Lfunc_begin4
	.short	3                               @ Loc expr size
	.byte	163                             @ DW_OP_entry_value
	.byte	1                               @ 1
	.byte	81                              @ DW_OP_reg1
	.long	.Ltmp61-.Lfunc_begin4
	.long	.Ltmp63-.Lfunc_begin4
	.short	1                               @ Loc expr size
	.byte	81                              @ DW_OP_reg1
	.long	.Ltmp64-.Lfunc_begin4
	.long	.Ltmp68-.Lfunc_begin4
	.short	3                               @ Loc expr size
	.byte	163                             @ DW_OP_entry_value
	.byte	1                               @ 1
	.byte	81                              @ DW_OP_reg1
	.long	.Ltmp78-.Lfunc_begin4
	.long	.Lfunc_end4-.Lfunc_begin4
	.short	1                               @ Loc expr size
	.byte	81                              @ DW_OP_reg1
	.long	0
	.long	0
.Ldebug_loc12:
	.long	-1
	.long	.Lfunc_begin4                   @   base address
	.long	.Lfunc_begin4-.Lfunc_begin4
	.long	.Ltmp42-.Lfunc_begin4
	.short	1                               @ Loc expr size
	.byte	82                              @ DW_OP_reg2
	.long	.Ltmp42-.Lfunc_begin4
	.long	.Ltmp48-.Lfunc_begin4
	.short	1                               @ Loc expr size
	.byte	85                              @ DW_OP_reg5
	.long	.Ltmp52-.Lfunc_begin4
	.long	.Ltmp61-.Lfunc_begin4
	.short	1                               @ Loc expr size
	.byte	85                              @ DW_OP_reg5
	.long	.Ltmp63-.Lfunc_begin4
	.long	.Ltmp78-.Lfunc_begin4
	.short	1                               @ Loc expr size
	.byte	85                              @ DW_OP_reg5
	.long	0
	.long	0
.Ldebug_loc13:
	.long	-1
	.long	.Lfunc_begin4                   @   base address
	.long	.Lfunc_begin4-.Lfunc_begin4
	.long	.Ltmp47-.Lfunc_begin4
	.short	1                               @ Loc expr size
	.byte	83                              @ DW_OP_reg3
	.long	.Ltmp47-.Lfunc_begin4
	.long	.Ltmp80-.Lfunc_begin4
	.short	1                               @ Loc expr size
	.byte	84                              @ DW_OP_reg4
	.long	0
	.long	0
.Ldebug_loc14:
	.long	-1
	.long	.Lfunc_begin4                   @   base address
	.long	.Ltmp42-.Lfunc_begin4
	.long	.Ltmp45-.Lfunc_begin4
	.short	3                               @ Loc expr size
	.byte	125                             @ DW_OP_breg13
	.byte	196                             @ 68
	.byte	0                               @ 
	.long	.Ltmp46-.Lfunc_begin4
	.long	.Ltmp48-.Lfunc_begin4
	.short	3                               @ Loc expr size
	.byte	125                             @ DW_OP_breg13
	.byte	196                             @ 68
	.byte	0                               @ 
	.long	.Ltmp52-.Lfunc_begin4
	.long	.Ltmp61-.Lfunc_begin4
	.short	1                               @ Loc expr size
	.byte	86                              @ DW_OP_reg6
	.long	.Ltmp63-.Lfunc_begin4
	.long	.Ltmp78-.Lfunc_begin4
	.short	1                               @ Loc expr size
	.byte	86                              @ DW_OP_reg6
	.long	0
	.long	0
.Ldebug_loc15:
	.long	-1
	.long	.Lfunc_begin4                   @   base address
	.long	.Ltmp42-.Lfunc_begin4
	.long	.Ltmp45-.Lfunc_begin4
	.short	3                               @ Loc expr size
	.byte	125                             @ DW_OP_breg13
	.byte	192                             @ 64
	.byte	0                               @ 
	.long	.Ltmp46-.Lfunc_begin4
	.long	.Ltmp48-.Lfunc_begin4
	.short	3                               @ Loc expr size
	.byte	125                             @ DW_OP_breg13
	.byte	192                             @ 64
	.byte	0                               @ 
	.long	.Ltmp52-.Lfunc_begin4
	.long	.Ltmp61-.Lfunc_begin4
	.short	1                               @ Loc expr size
	.byte	87                              @ DW_OP_reg7
	.long	.Ltmp63-.Lfunc_begin4
	.long	.Ltmp78-.Lfunc_begin4
	.short	1                               @ Loc expr size
	.byte	87                              @ DW_OP_reg7
	.long	0
	.long	0
.Ldebug_loc16:
	.long	-1
	.long	.Lfunc_begin4                   @   base address
	.long	.Ltmp52-.Lfunc_begin4
	.long	.Ltmp55-.Lfunc_begin4
	.short	1                               @ Loc expr size
	.byte	80                              @ DW_OP_reg0
	.long	.Ltmp67-.Lfunc_begin4
	.long	.Ltmp68-.Lfunc_begin4
	.short	2                               @ Loc expr size
	.byte	17                              @ DW_OP_consts
	.byte	0                               @ 0
	.long	.Ltmp68-.Lfunc_begin4
	.long	.Ltmp71-.Lfunc_begin4
	.short	1                               @ Loc expr size
	.byte	82                              @ DW_OP_reg2
	.long	0
	.long	0
.Ldebug_loc17:
	.long	-1
	.long	.Lfunc_begin4                   @   base address
	.long	.Ltmp65-.Lfunc_begin4
	.long	.Ltmp66-.Lfunc_begin4
	.short	5                               @ Loc expr size
	.byte	147                             @ DW_OP_piece
	.byte	4                               @ 4
	.byte	80                              @ DW_OP_reg0
	.byte	147                             @ DW_OP_piece
	.byte	4                               @ 4
	.long	.Ltmp66-.Lfunc_begin4
	.long	.Ltmp67-.Lfunc_begin4
	.short	6                               @ Loc expr size
	.byte	147                             @ DW_OP_piece
	.byte	4                               @ 4
	.byte	125                             @ DW_OP_breg13
	.byte	40                              @ 40
	.byte	147                             @ DW_OP_piece
	.byte	4                               @ 4
	.long	.Ltmp67-.Lfunc_begin4
	.long	.Ltmp75-.Lfunc_begin4
	.short	7                               @ Loc expr size
	.byte	81                              @ DW_OP_reg1
	.byte	147                             @ DW_OP_piece
	.byte	4                               @ 4
	.byte	125                             @ DW_OP_breg13
	.byte	40                              @ 40
	.byte	147                             @ DW_OP_piece
	.byte	4                               @ 4
	.long	.Ltmp75-.Lfunc_begin4
	.long	.Ltmp77-.Lfunc_begin4
	.short	6                               @ Loc expr size
	.byte	147                             @ DW_OP_piece
	.byte	4                               @ 4
	.byte	125                             @ DW_OP_breg13
	.byte	40                              @ 40
	.byte	147                             @ DW_OP_piece
	.byte	4                               @ 4
	.long	0
	.long	0
.Ldebug_loc18:
	.long	-1
	.long	.Lfunc_begin5                   @   base address
	.long	.Lfunc_begin5-.Lfunc_begin5
	.long	.Ltmp81-.Lfunc_begin5
	.short	1                               @ Loc expr size
	.byte	80                              @ DW_OP_reg0
	.long	.Ltmp81-.Lfunc_begin5
	.long	.Ltmp84-.Lfunc_begin5
	.short	1                               @ Loc expr size
	.byte	84                              @ DW_OP_reg4
	.long	0
	.long	0
.Ldebug_loc19:
	.long	-1
	.long	.Lfunc_begin5                   @   base address
	.long	.Ltmp81-.Lfunc_begin5
	.long	.Ltmp104-.Lfunc_begin5
	.short	2                               @ Loc expr size
	.byte	17                              @ DW_OP_consts
	.byte	0                               @ 0
	.long	.Ltmp104-.Lfunc_begin5
	.long	.Ltmp106-.Lfunc_begin5
	.short	1                               @ Loc expr size
	.byte	85                              @ DW_OP_reg5
	.long	0
	.long	0
.Ldebug_loc20:
	.long	-1
	.long	.Lfunc_begin5                   @   base address
	.long	.Ltmp83-.Lfunc_begin5
	.long	.Ltmp84-.Lfunc_begin5
	.short	2                               @ Loc expr size
	.byte	17                              @ DW_OP_consts
	.byte	0                               @ 0
	.long	0
	.long	0
.Ldebug_loc21:
	.long	-1
	.long	.Lfunc_begin5                   @   base address
	.long	.Ltmp84-.Lfunc_begin5
	.long	.Ltmp86-.Lfunc_begin5
	.short	2                               @ Loc expr size
	.byte	125                             @ DW_OP_breg13
	.byte	40                              @ 40
	.long	.Ltmp89-.Lfunc_begin5
	.long	.Ltmp90-.Lfunc_begin5
	.short	3                               @ Loc expr size
	.byte	80                              @ DW_OP_reg0
	.byte	147                             @ DW_OP_piece
	.byte	4                               @ 4
	.long	.Ltmp91-.Lfunc_begin5
	.long	.Ltmp92-.Lfunc_begin5
	.short	5                               @ Loc expr size
	.byte	147                             @ DW_OP_piece
	.byte	4                               @ 4
	.byte	80                              @ DW_OP_reg0
	.byte	147                             @ DW_OP_piece
	.byte	4                               @ 4
	.long	.Ltmp93-.Lfunc_begin5
	.long	.Ltmp105-.Lfunc_begin5
	.short	2                               @ Loc expr size
	.byte	125                             @ DW_OP_breg13
	.byte	40                              @ 40
	.long	0
	.long	0
	.section	.debug_abbrev,"",%progbits
	.byte	1                               @ Abbreviation Code
	.byte	17                              @ DW_TAG_compile_unit
	.byte	1                               @ DW_CHILDREN_yes
	.byte	37                              @ DW_AT_producer
	.byte	14                              @ DW_FORM_strp
	.byte	19                              @ DW_AT_language
	.byte	5                               @ DW_FORM_data2
	.byte	3                               @ DW_AT_name
	.byte	14                              @ DW_FORM_strp
	.byte	16                              @ DW_AT_stmt_list
	.byte	6                               @ DW_FORM_data4
	.byte	27                              @ DW_AT_comp_dir
	.byte	14                              @ DW_FORM_strp
	.byte	17                              @ DW_AT_low_pc
	.byte	1                               @ DW_FORM_addr
	.byte	85                              @ DW_AT_ranges
	.byte	6                               @ DW_FORM_data4
	.byte	0                               @ EOM(1)
	.byte	0                               @ EOM(2)
	.byte	2                               @ Abbreviation Code
	.byte	52                              @ DW_TAG_variable
	.byte	0                               @ DW_CHILDREN_no
	.byte	3                               @ DW_AT_name
	.byte	14                              @ DW_FORM_strp
	.byte	73                              @ DW_AT_type
	.byte	19                              @ DW_FORM_ref4
	.byte	58                              @ DW_AT_decl_file
	.byte	11                              @ DW_FORM_data1
	.byte	59                              @ DW_AT_decl_line
	.byte	11                              @ DW_FORM_data1
	.byte	2                               @ DW_AT_location
	.byte	10                              @ DW_FORM_block1
	.byte	0                               @ EOM(1)
	.byte	0                               @ EOM(2)
	.byte	3                               @ Abbreviation Code
	.byte	1                               @ DW_TAG_array_type
	.byte	1                               @ DW_CHILDREN_yes
	.byte	73                              @ DW_AT_type
	.byte	19                              @ DW_FORM_ref4
	.byte	0                               @ EOM(1)
	.byte	0                               @ EOM(2)
	.byte	4                               @ Abbreviation Code
	.byte	33                              @ DW_TAG_subrange_type
	.byte	0                               @ DW_CHILDREN_no
	.byte	73                              @ DW_AT_type
	.byte	19                              @ DW_FORM_ref4
	.byte	55                              @ DW_AT_count
	.byte	11                              @ DW_FORM_data1
	.byte	0                               @ EOM(1)
	.byte	0                               @ EOM(2)
	.byte	5                               @ Abbreviation Code
	.byte	38                              @ DW_TAG_const_type
	.byte	0                               @ DW_CHILDREN_no
	.byte	73                              @ DW_AT_type
	.byte	19                              @ DW_FORM_ref4
	.byte	0                               @ EOM(1)
	.byte	0                               @ EOM(2)
	.byte	6                               @ Abbreviation Code
	.byte	36                              @ DW_TAG_base_type
	.byte	0                               @ DW_CHILDREN_no
	.byte	3                               @ DW_AT_name
	.byte	14                              @ DW_FORM_strp
	.byte	62                              @ DW_AT_encoding
	.byte	11                              @ DW_FORM_data1
	.byte	11                              @ DW_AT_byte_size
	.byte	11                              @ DW_FORM_data1
	.byte	0                               @ EOM(1)
	.byte	0                               @ EOM(2)
	.byte	7                               @ Abbreviation Code
	.byte	36                              @ DW_TAG_base_type
	.byte	0                               @ DW_CHILDREN_no
	.byte	3                               @ DW_AT_name
	.byte	14                              @ DW_FORM_strp
	.byte	11                              @ DW_AT_byte_size
	.byte	11                              @ DW_FORM_data1
	.byte	62                              @ DW_AT_encoding
	.byte	11                              @ DW_FORM_data1
	.byte	0                               @ EOM(1)
	.byte	0                               @ EOM(2)
	.byte	8                               @ Abbreviation Code
	.byte	22                              @ DW_TAG_typedef
	.byte	0                               @ DW_CHILDREN_no
	.byte	73                              @ DW_AT_type
	.byte	19                              @ DW_FORM_ref4
	.byte	3                               @ DW_AT_name
	.byte	14                              @ DW_FORM_strp
	.byte	58                              @ DW_AT_decl_file
	.byte	11                              @ DW_FORM_data1
	.byte	59                              @ DW_AT_decl_line
	.byte	11                              @ DW_FORM_data1
	.byte	0                               @ EOM(1)
	.byte	0                               @ EOM(2)
	.byte	9                               @ Abbreviation Code
	.byte	46                              @ DW_TAG_subprogram
	.byte	1                               @ DW_CHILDREN_yes
	.byte	17                              @ DW_AT_low_pc
	.byte	1                               @ DW_FORM_addr
	.byte	18                              @ DW_AT_high_pc
	.byte	1                               @ DW_FORM_addr
	.byte	64                              @ DW_AT_frame_base
	.byte	10                              @ DW_FORM_block1
	.byte	3                               @ DW_AT_name
	.byte	14                              @ DW_FORM_strp
	.byte	58                              @ DW_AT_decl_file
	.byte	11                              @ DW_FORM_data1
	.byte	59                              @ DW_AT_decl_line
	.byte	11                              @ DW_FORM_data1
	.byte	39                              @ DW_AT_prototyped
	.byte	12                              @ DW_FORM_flag
	.byte	63                              @ DW_AT_external
	.byte	12                              @ DW_FORM_flag
	.byte	0                               @ EOM(1)
	.byte	0                               @ EOM(2)
	.byte	10                              @ Abbreviation Code
	.byte	5                               @ DW_TAG_formal_parameter
	.byte	0                               @ DW_CHILDREN_no
	.byte	2                               @ DW_AT_location
	.byte	10                              @ DW_FORM_block1
	.byte	3                               @ DW_AT_name
	.byte	14                              @ DW_FORM_strp
	.byte	58                              @ DW_AT_decl_file
	.byte	11                              @ DW_FORM_data1
	.byte	59                              @ DW_AT_decl_line
	.byte	11                              @ DW_FORM_data1
	.byte	73                              @ DW_AT_type
	.byte	19                              @ DW_FORM_ref4
	.byte	0                               @ EOM(1)
	.byte	0                               @ EOM(2)
	.byte	11                              @ Abbreviation Code
	.byte	5                               @ DW_TAG_formal_parameter
	.byte	0                               @ DW_CHILDREN_no
	.byte	2                               @ DW_AT_location
	.byte	6                               @ DW_FORM_data4
	.byte	3                               @ DW_AT_name
	.byte	14                              @ DW_FORM_strp
	.byte	58                              @ DW_AT_decl_file
	.byte	11                              @ DW_FORM_data1
	.byte	59                              @ DW_AT_decl_line
	.byte	11                              @ DW_FORM_data1
	.byte	73                              @ DW_AT_type
	.byte	19                              @ DW_FORM_ref4
	.byte	0                               @ EOM(1)
	.byte	0                               @ EOM(2)
	.byte	12                              @ Abbreviation Code
	.byte	52                              @ DW_TAG_variable
	.byte	0                               @ DW_CHILDREN_no
	.byte	2                               @ DW_AT_location
	.byte	6                               @ DW_FORM_data4
	.byte	3                               @ DW_AT_name
	.byte	14                              @ DW_FORM_strp
	.byte	58                              @ DW_AT_decl_file
	.byte	11                              @ DW_FORM_data1
	.byte	59                              @ DW_AT_decl_line
	.byte	11                              @ DW_FORM_data1
	.byte	73                              @ DW_AT_type
	.byte	19                              @ DW_FORM_ref4
	.byte	0                               @ EOM(1)
	.byte	0                               @ EOM(2)
	.byte	13                              @ Abbreviation Code
	.byte	46                              @ DW_TAG_subprogram
	.byte	1                               @ DW_CHILDREN_yes
	.byte	17                              @ DW_AT_low_pc
	.byte	1                               @ DW_FORM_addr
	.byte	18                              @ DW_AT_high_pc
	.byte	1                               @ DW_FORM_addr
	.byte	64                              @ DW_AT_frame_base
	.byte	10                              @ DW_FORM_block1
	.byte	3                               @ DW_AT_name
	.byte	14                              @ DW_FORM_strp
	.byte	58                              @ DW_AT_decl_file
	.byte	11                              @ DW_FORM_data1
	.byte	59                              @ DW_AT_decl_line
	.byte	11                              @ DW_FORM_data1
	.byte	39                              @ DW_AT_prototyped
	.byte	12                              @ DW_FORM_flag
	.byte	73                              @ DW_AT_type
	.byte	19                              @ DW_FORM_ref4
	.byte	63                              @ DW_AT_external
	.byte	12                              @ DW_FORM_flag
	.byte	0                               @ EOM(1)
	.byte	0                               @ EOM(2)
	.byte	14                              @ Abbreviation Code
	.byte	52                              @ DW_TAG_variable
	.byte	0                               @ DW_CHILDREN_no
	.byte	3                               @ DW_AT_name
	.byte	14                              @ DW_FORM_strp
	.byte	58                              @ DW_AT_decl_file
	.byte	11                              @ DW_FORM_data1
	.byte	59                              @ DW_AT_decl_line
	.byte	11                              @ DW_FORM_data1
	.byte	73                              @ DW_AT_type
	.byte	19                              @ DW_FORM_ref4
	.byte	0                               @ EOM(1)
	.byte	0                               @ EOM(2)
	.byte	15                              @ Abbreviation Code
	.byte	11                              @ DW_TAG_lexical_block
	.byte	1                               @ DW_CHILDREN_yes
	.byte	17                              @ DW_AT_low_pc
	.byte	1                               @ DW_FORM_addr
	.byte	18                              @ DW_AT_high_pc
	.byte	1                               @ DW_FORM_addr
	.byte	0                               @ EOM(1)
	.byte	0                               @ EOM(2)
	.byte	16                              @ Abbreviation Code
	.byte	52                              @ DW_TAG_variable
	.byte	0                               @ DW_CHILDREN_no
	.byte	2                               @ DW_AT_location
	.byte	10                              @ DW_FORM_block1
	.byte	3                               @ DW_AT_name
	.byte	14                              @ DW_FORM_strp
	.byte	58                              @ DW_AT_decl_file
	.byte	11                              @ DW_FORM_data1
	.byte	59                              @ DW_AT_decl_line
	.byte	11                              @ DW_FORM_data1
	.byte	73                              @ DW_AT_type
	.byte	19                              @ DW_FORM_ref4
	.byte	0                               @ EOM(1)
	.byte	0                               @ EOM(2)
	.byte	17                              @ Abbreviation Code
	.byte	10                              @ DW_TAG_label
	.byte	0                               @ DW_CHILDREN_no
	.byte	3                               @ DW_AT_name
	.byte	14                              @ DW_FORM_strp
	.byte	58                              @ DW_AT_decl_file
	.byte	11                              @ DW_FORM_data1
	.byte	59                              @ DW_AT_decl_line
	.byte	5                               @ DW_FORM_data2
	.byte	17                              @ DW_AT_low_pc
	.byte	1                               @ DW_FORM_addr
	.byte	0                               @ EOM(1)
	.byte	0                               @ EOM(2)
	.byte	18                              @ Abbreviation Code
	.byte	15                              @ DW_TAG_pointer_type
	.byte	0                               @ DW_CHILDREN_no
	.byte	73                              @ DW_AT_type
	.byte	19                              @ DW_FORM_ref4
	.byte	0                               @ EOM(1)
	.byte	0                               @ EOM(2)
	.byte	19                              @ Abbreviation Code
	.byte	19                              @ DW_TAG_structure_type
	.byte	1                               @ DW_CHILDREN_yes
	.byte	3                               @ DW_AT_name
	.byte	14                              @ DW_FORM_strp
	.byte	11                              @ DW_AT_byte_size
	.byte	11                              @ DW_FORM_data1
	.byte	58                              @ DW_AT_decl_file
	.byte	11                              @ DW_FORM_data1
	.byte	59                              @ DW_AT_decl_line
	.byte	11                              @ DW_FORM_data1
	.byte	0                               @ EOM(1)
	.byte	0                               @ EOM(2)
	.byte	20                              @ Abbreviation Code
	.byte	13                              @ DW_TAG_member
	.byte	0                               @ DW_CHILDREN_no
	.byte	3                               @ DW_AT_name
	.byte	14                              @ DW_FORM_strp
	.byte	73                              @ DW_AT_type
	.byte	19                              @ DW_FORM_ref4
	.byte	58                              @ DW_AT_decl_file
	.byte	11                              @ DW_FORM_data1
	.byte	59                              @ DW_AT_decl_line
	.byte	11                              @ DW_FORM_data1
	.byte	56                              @ DW_AT_data_member_location
	.byte	11                              @ DW_FORM_data1
	.byte	0                               @ EOM(1)
	.byte	0                               @ EOM(2)
	.byte	0                               @ EOM(3)
	.section	.debug_info,"",%progbits
.Lcu_begin0:
	.long	.Ldebug_info_end0-.Ldebug_info_start0 @ Length of Unit
.Ldebug_info_start0:
	.short	3                               @ DWARF version number
	.long	.debug_abbrev                   @ Offset Into Abbrev. Section
	.byte	4                               @ Address Size (in bytes)
	.byte	1                               @ Abbrev [1] 0xb:0x347 DW_TAG_compile_unit
	.long	.Linfo_string0                  @ DW_AT_producer
	.short	12                              @ DW_AT_language
	.long	.Linfo_string1                  @ DW_AT_name
	.long	.Lline_table_start0             @ DW_AT_stmt_list
	.long	.Linfo_string2                  @ DW_AT_comp_dir
	.long	0                               @ DW_AT_low_pc
	.long	.Ldebug_ranges0                 @ DW_AT_ranges
	.byte	2                               @ Abbrev [2] 0x26:0x11 DW_TAG_variable
	.long	.Linfo_string3                  @ DW_AT_name
	.long	55                              @ DW_AT_type
	.byte	1                               @ DW_AT_decl_file
	.byte	219                             @ DW_AT_decl_line
	.byte	5                               @ DW_AT_location
	.byte	3
	.long	xtea_test_pt
	.byte	3                               @ Abbrev [3] 0x37:0x12 DW_TAG_array_type
	.long	73                              @ DW_AT_type
	.byte	4                               @ Abbrev [4] 0x3c:0x6 DW_TAG_subrange_type
	.long	85                              @ DW_AT_type
	.byte	6                               @ DW_AT_count
	.byte	4                               @ Abbrev [4] 0x42:0x6 DW_TAG_subrange_type
	.long	85                              @ DW_AT_type
	.byte	8                               @ DW_AT_count
	.byte	0                               @ End Of Children Mark
	.byte	5                               @ Abbrev [5] 0x49:0x5 DW_TAG_const_type
	.long	78                              @ DW_AT_type
	.byte	6                               @ Abbrev [6] 0x4e:0x7 DW_TAG_base_type
	.long	.Linfo_string4                  @ DW_AT_name
	.byte	8                               @ DW_AT_encoding
	.byte	1                               @ DW_AT_byte_size
	.byte	7                               @ Abbrev [7] 0x55:0x7 DW_TAG_base_type
	.long	.Linfo_string5                  @ DW_AT_name
	.byte	8                               @ DW_AT_byte_size
	.byte	7                               @ DW_AT_encoding
	.byte	2                               @ Abbrev [2] 0x5c:0x11 DW_TAG_variable
	.long	.Linfo_string6                  @ DW_AT_name
	.long	109                             @ DW_AT_type
	.byte	1                               @ DW_AT_decl_file
	.byte	197                             @ DW_AT_decl_line
	.byte	5                               @ DW_AT_location
	.byte	3
	.long	xtea_test_key
	.byte	3                               @ Abbrev [3] 0x6d:0x12 DW_TAG_array_type
	.long	73                              @ DW_AT_type
	.byte	4                               @ Abbrev [4] 0x72:0x6 DW_TAG_subrange_type
	.long	85                              @ DW_AT_type
	.byte	6                               @ DW_AT_count
	.byte	4                               @ Abbrev [4] 0x78:0x6 DW_TAG_subrange_type
	.long	85                              @ DW_AT_type
	.byte	16                              @ DW_AT_count
	.byte	0                               @ End Of Children Mark
	.byte	2                               @ Abbrev [2] 0x7f:0x11 DW_TAG_variable
	.long	.Linfo_string7                  @ DW_AT_name
	.long	55                              @ DW_AT_type
	.byte	1                               @ DW_AT_decl_file
	.byte	229                             @ DW_AT_decl_line
	.byte	5                               @ DW_AT_location
	.byte	3
	.long	xtea_test_ct
	.byte	8                               @ Abbrev [8] 0x90:0xb DW_TAG_typedef
	.long	155                             @ DW_AT_type
	.long	.Linfo_string9                  @ DW_AT_name
	.byte	2                               @ DW_AT_decl_file
	.byte	64                              @ DW_AT_decl_line
	.byte	6                               @ Abbrev [6] 0x9b:0x7 DW_TAG_base_type
	.long	.Linfo_string8                  @ DW_AT_name
	.byte	7                               @ DW_AT_encoding
	.byte	4                               @ DW_AT_byte_size
	.byte	9                               @ Abbrev [9] 0xa2:0x21 DW_TAG_subprogram
	.long	.Lfunc_begin0                   @ DW_AT_low_pc
	.long	.Lfunc_end0                     @ DW_AT_high_pc
	.byte	1                               @ DW_AT_frame_base
	.byte	93
	.long	.Linfo_string10                 @ DW_AT_name
	.byte	1                               @ DW_AT_decl_file
	.byte	69                              @ DW_AT_decl_line
	.byte	1                               @ DW_AT_prototyped
	.byte	1                               @ DW_AT_external
	.byte	10                              @ Abbrev [10] 0xb5:0xd DW_TAG_formal_parameter
	.byte	1                               @ DW_AT_location
	.byte	80
	.long	.Linfo_string17                 @ DW_AT_name
	.byte	1                               @ DW_AT_decl_file
	.byte	69                              @ DW_AT_decl_line
	.long	762                             @ DW_AT_type
	.byte	0                               @ End Of Children Mark
	.byte	9                               @ Abbrev [9] 0xc3:0x23 DW_TAG_subprogram
	.long	.Lfunc_begin1                   @ DW_AT_low_pc
	.long	.Lfunc_end1                     @ DW_AT_high_pc
	.byte	1                               @ DW_AT_frame_base
	.byte	93
	.long	.Linfo_string11                 @ DW_AT_name
	.byte	1                               @ DW_AT_decl_file
	.byte	74                              @ DW_AT_decl_line
	.byte	1                               @ DW_AT_prototyped
	.byte	1                               @ DW_AT_external
	.byte	11                              @ Abbrev [11] 0xd6:0xf DW_TAG_formal_parameter
	.long	.Ldebug_loc0                    @ DW_AT_location
	.long	.Linfo_string17                 @ DW_AT_name
	.byte	1                               @ DW_AT_decl_file
	.byte	74                              @ DW_AT_decl_line
	.long	762                             @ DW_AT_type
	.byte	0                               @ End Of Children Mark
	.byte	9                               @ Abbrev [9] 0xe6:0x3d DW_TAG_subprogram
	.long	.Lfunc_begin2                   @ DW_AT_low_pc
	.long	.Lfunc_end2                     @ DW_AT_high_pc
	.byte	1                               @ DW_AT_frame_base
	.byte	93
	.long	.Linfo_string12                 @ DW_AT_name
	.byte	1                               @ DW_AT_decl_file
	.byte	85                              @ DW_AT_decl_line
	.byte	1                               @ DW_AT_prototyped
	.byte	1                               @ DW_AT_external
	.byte	10                              @ Abbrev [10] 0xf9:0xd DW_TAG_formal_parameter
	.byte	1                               @ DW_AT_location
	.byte	80
	.long	.Linfo_string17                 @ DW_AT_name
	.byte	1                               @ DW_AT_decl_file
	.byte	85                              @ DW_AT_decl_line
	.long	762                             @ DW_AT_type
	.byte	10                              @ Abbrev [10] 0x106:0xd DW_TAG_formal_parameter
	.byte	1                               @ DW_AT_location
	.byte	81
	.long	.Linfo_string20                 @ DW_AT_name
	.byte	1                               @ DW_AT_decl_file
	.byte	85                              @ DW_AT_decl_line
	.long	811                             @ DW_AT_type
	.byte	12                              @ Abbrev [12] 0x113:0xf DW_TAG_variable
	.long	.Ldebug_loc1                    @ DW_AT_location
	.long	.Linfo_string21                 @ DW_AT_name
	.byte	1                               @ DW_AT_decl_file
	.byte	87                              @ DW_AT_decl_line
	.long	755                             @ DW_AT_type
	.byte	0                               @ End Of Children Mark
	.byte	13                              @ Abbrev [13] 0x123:0xd2 DW_TAG_subprogram
	.long	.Lfunc_begin3                   @ DW_AT_low_pc
	.long	.Lfunc_end3                     @ DW_AT_high_pc
	.byte	1                               @ DW_AT_frame_base
	.byte	93
	.long	.Linfo_string13                 @ DW_AT_name
	.byte	1                               @ DW_AT_decl_file
	.byte	100                             @ DW_AT_decl_line
	.byte	1                               @ DW_AT_prototyped
	.long	755                             @ DW_AT_type
	.byte	1                               @ DW_AT_external
	.byte	11                              @ Abbrev [11] 0x13a:0xf DW_TAG_formal_parameter
	.long	.Ldebug_loc2                    @ DW_AT_location
	.long	.Linfo_string17                 @ DW_AT_name
	.byte	1                               @ DW_AT_decl_file
	.byte	100                             @ DW_AT_decl_line
	.long	762                             @ DW_AT_type
	.byte	11                              @ Abbrev [11] 0x149:0xf DW_TAG_formal_parameter
	.long	.Ldebug_loc3                    @ DW_AT_location
	.long	.Linfo_string22                 @ DW_AT_name
	.byte	1                               @ DW_AT_decl_file
	.byte	100                             @ DW_AT_decl_line
	.long	755                             @ DW_AT_type
	.byte	11                              @ Abbrev [11] 0x158:0xf DW_TAG_formal_parameter
	.long	.Ldebug_loc4                    @ DW_AT_location
	.long	.Linfo_string23                 @ DW_AT_name
	.byte	1                               @ DW_AT_decl_file
	.byte	101                             @ DW_AT_decl_line
	.long	811                             @ DW_AT_type
	.byte	11                              @ Abbrev [11] 0x167:0xf DW_TAG_formal_parameter
	.long	.Ldebug_loc5                    @ DW_AT_location
	.long	.Linfo_string24                 @ DW_AT_name
	.byte	1                               @ DW_AT_decl_file
	.byte	101                             @ DW_AT_decl_line
	.long	816                             @ DW_AT_type
	.byte	12                              @ Abbrev [12] 0x176:0xf DW_TAG_variable
	.long	.Ldebug_loc6                    @ DW_AT_location
	.long	.Linfo_string18                 @ DW_AT_name
	.byte	1                               @ DW_AT_decl_file
	.byte	103                             @ DW_AT_decl_line
	.long	821                             @ DW_AT_type
	.byte	12                              @ Abbrev [12] 0x185:0xf DW_TAG_variable
	.long	.Ldebug_loc7                    @ DW_AT_location
	.long	.Linfo_string25                 @ DW_AT_name
	.byte	1                               @ DW_AT_decl_file
	.byte	103                             @ DW_AT_decl_line
	.long	144                             @ DW_AT_type
	.byte	12                              @ Abbrev [12] 0x194:0xf DW_TAG_variable
	.long	.Ldebug_loc8                    @ DW_AT_location
	.long	.Linfo_string26                 @ DW_AT_name
	.byte	1                               @ DW_AT_decl_file
	.byte	103                             @ DW_AT_decl_line
	.long	144                             @ DW_AT_type
	.byte	14                              @ Abbrev [14] 0x1a3:0xb DW_TAG_variable
	.long	.Linfo_string21                 @ DW_AT_name
	.byte	1                               @ DW_AT_decl_file
	.byte	103                             @ DW_AT_decl_line
	.long	144                             @ DW_AT_type
	.byte	15                              @ Abbrev [15] 0x1ae:0x22 DW_TAG_lexical_block
	.long	.Ltmp19                         @ DW_AT_low_pc
	.long	.Ltmp24                         @ DW_AT_high_pc
	.byte	16                              @ Abbrev [16] 0x1b7:0xd DW_TAG_variable
	.byte	1                               @ DW_AT_location
	.byte	81
	.long	.Linfo_string27                 @ DW_AT_name
	.byte	1                               @ DW_AT_decl_file
	.byte	112                             @ DW_AT_decl_line
	.long	144                             @ DW_AT_type
	.byte	14                              @ Abbrev [14] 0x1c4:0xb DW_TAG_variable
	.long	.Linfo_string28                 @ DW_AT_name
	.byte	1                               @ DW_AT_decl_file
	.byte	112                             @ DW_AT_decl_line
	.long	144                             @ DW_AT_type
	.byte	0                               @ End Of Children Mark
	.byte	15                              @ Abbrev [15] 0x1d0:0x24 DW_TAG_lexical_block
	.long	.Ltmp26                         @ DW_AT_low_pc
	.long	.Ltmp33                         @ DW_AT_high_pc
	.byte	12                              @ Abbrev [12] 0x1d9:0xf DW_TAG_variable
	.long	.Ldebug_loc9                    @ DW_AT_location
	.long	.Linfo_string27                 @ DW_AT_name
	.byte	1                               @ DW_AT_decl_file
	.byte	123                             @ DW_AT_decl_line
	.long	144                             @ DW_AT_type
	.byte	14                              @ Abbrev [14] 0x1e8:0xb DW_TAG_variable
	.long	.Linfo_string28                 @ DW_AT_name
	.byte	1                               @ DW_AT_decl_file
	.byte	123                             @ DW_AT_decl_line
	.long	144                             @ DW_AT_type
	.byte	0                               @ End Of Children Mark
	.byte	0                               @ End Of Children Mark
	.byte	13                              @ Abbrev [13] 0x1f5:0x90 DW_TAG_subprogram
	.long	.Lfunc_begin4                   @ DW_AT_low_pc
	.long	.Lfunc_end4                     @ DW_AT_high_pc
	.byte	1                               @ DW_AT_frame_base
	.byte	93
	.long	.Linfo_string15                 @ DW_AT_name
	.byte	1                               @ DW_AT_decl_file
	.byte	143                             @ DW_AT_decl_line
	.byte	1                               @ DW_AT_prototyped
	.long	755                             @ DW_AT_type
	.byte	1                               @ DW_AT_external
	.byte	11                              @ Abbrev [11] 0x20c:0xf DW_TAG_formal_parameter
	.long	.Ldebug_loc10                   @ DW_AT_location
	.long	.Linfo_string17                 @ DW_AT_name
	.byte	1                               @ DW_AT_decl_file
	.byte	143                             @ DW_AT_decl_line
	.long	762                             @ DW_AT_type
	.byte	11                              @ Abbrev [11] 0x21b:0xf DW_TAG_formal_parameter
	.long	.Ldebug_loc11                   @ DW_AT_location
	.long	.Linfo_string22                 @ DW_AT_name
	.byte	1                               @ DW_AT_decl_file
	.byte	143                             @ DW_AT_decl_line
	.long	755                             @ DW_AT_type
	.byte	11                              @ Abbrev [11] 0x22a:0xf DW_TAG_formal_parameter
	.long	.Ldebug_loc12                   @ DW_AT_location
	.long	.Linfo_string29                 @ DW_AT_name
	.byte	1                               @ DW_AT_decl_file
	.byte	143                             @ DW_AT_decl_line
	.long	826                             @ DW_AT_type
	.byte	11                              @ Abbrev [11] 0x239:0xf DW_TAG_formal_parameter
	.long	.Ldebug_loc13                   @ DW_AT_location
	.long	.Linfo_string31                 @ DW_AT_name
	.byte	1                               @ DW_AT_decl_file
	.byte	144                             @ DW_AT_decl_line
	.long	816                             @ DW_AT_type
	.byte	11                              @ Abbrev [11] 0x248:0xf DW_TAG_formal_parameter
	.long	.Ldebug_loc15                   @ DW_AT_location
	.long	.Linfo_string23                 @ DW_AT_name
	.byte	1                               @ DW_AT_decl_file
	.byte	144                             @ DW_AT_decl_line
	.long	811                             @ DW_AT_type
	.byte	11                              @ Abbrev [11] 0x257:0xf DW_TAG_formal_parameter
	.long	.Ldebug_loc14                   @ DW_AT_location
	.long	.Linfo_string24                 @ DW_AT_name
	.byte	1                               @ DW_AT_decl_file
	.byte	145                             @ DW_AT_decl_line
	.long	816                             @ DW_AT_type
	.byte	12                              @ Abbrev [12] 0x266:0xf DW_TAG_variable
	.long	.Ldebug_loc16                   @ DW_AT_location
	.long	.Linfo_string21                 @ DW_AT_name
	.byte	1                               @ DW_AT_decl_file
	.byte	147                             @ DW_AT_decl_line
	.long	755                             @ DW_AT_type
	.byte	12                              @ Abbrev [12] 0x275:0xf DW_TAG_variable
	.long	.Ldebug_loc17                   @ DW_AT_location
	.long	.Linfo_string32                 @ DW_AT_name
	.byte	1                               @ DW_AT_decl_file
	.byte	148                             @ DW_AT_decl_line
	.long	837                             @ DW_AT_type
	.byte	0                               @ End Of Children Mark
	.byte	13                              @ Abbrev [13] 0x285:0x6e DW_TAG_subprogram
	.long	.Lfunc_begin5                   @ DW_AT_low_pc
	.long	.Lfunc_end5                     @ DW_AT_high_pc
	.byte	1                               @ DW_AT_frame_base
	.byte	93
	.long	.Linfo_string16                 @ DW_AT_name
	.byte	1                               @ DW_AT_decl_file
	.byte	242                             @ DW_AT_decl_line
	.byte	1                               @ DW_AT_prototyped
	.long	755                             @ DW_AT_type
	.byte	1                               @ DW_AT_external
	.byte	11                              @ Abbrev [11] 0x29c:0xf DW_TAG_formal_parameter
	.long	.Ldebug_loc18                   @ DW_AT_location
	.long	.Linfo_string33                 @ DW_AT_name
	.byte	1                               @ DW_AT_decl_file
	.byte	242                             @ DW_AT_decl_line
	.long	755                             @ DW_AT_type
	.byte	16                              @ Abbrev [16] 0x2ab:0xe DW_TAG_variable
	.byte	2                               @ DW_AT_location
	.byte	145
	.byte	24
	.long	.Linfo_string17                 @ DW_AT_name
	.byte	1                               @ DW_AT_decl_file
	.byte	246                             @ DW_AT_decl_line
	.long	767                             @ DW_AT_type
	.byte	12                              @ Abbrev [12] 0x2b9:0xf DW_TAG_variable
	.long	.Ldebug_loc19                   @ DW_AT_location
	.long	.Linfo_string34                 @ DW_AT_name
	.byte	1                               @ DW_AT_decl_file
	.byte	244                             @ DW_AT_decl_line
	.long	755                             @ DW_AT_type
	.byte	12                              @ Abbrev [12] 0x2c8:0xf DW_TAG_variable
	.long	.Ldebug_loc20                   @ DW_AT_location
	.long	.Linfo_string21                 @ DW_AT_name
	.byte	1                               @ DW_AT_decl_file
	.byte	244                             @ DW_AT_decl_line
	.long	755                             @ DW_AT_type
	.byte	12                              @ Abbrev [12] 0x2d7:0xf DW_TAG_variable
	.long	.Ldebug_loc21                   @ DW_AT_location
	.long	.Linfo_string35                 @ DW_AT_name
	.byte	1                               @ DW_AT_decl_file
	.byte	245                             @ DW_AT_decl_line
	.long	837                             @ DW_AT_type
	.byte	17                              @ Abbrev [17] 0x2e6:0xc DW_TAG_label
	.long	.Linfo_string36                 @ DW_AT_name
	.byte	1                               @ DW_AT_decl_file
	.short	275                             @ DW_AT_decl_line
	.long	.Ltmp104                        @ DW_AT_low_pc
	.byte	0                               @ End Of Children Mark
	.byte	6                               @ Abbrev [6] 0x2f3:0x7 DW_TAG_base_type
	.long	.Linfo_string14                 @ DW_AT_name
	.byte	5                               @ DW_AT_encoding
	.byte	4                               @ DW_AT_byte_size
	.byte	18                              @ Abbrev [18] 0x2fa:0x5 DW_TAG_pointer_type
	.long	767                             @ DW_AT_type
	.byte	8                               @ Abbrev [8] 0x2ff:0xb DW_TAG_typedef
	.long	778                             @ DW_AT_type
	.long	.Linfo_string19                 @ DW_AT_name
	.byte	3                               @ DW_AT_decl_file
	.byte	59                              @ DW_AT_decl_line
	.byte	19                              @ Abbrev [19] 0x30a:0x15 DW_TAG_structure_type
	.long	.Linfo_string19                 @ DW_AT_name
	.byte	16                              @ DW_AT_byte_size
	.byte	3                               @ DW_AT_decl_file
	.byte	55                              @ DW_AT_decl_line
	.byte	20                              @ Abbrev [20] 0x312:0xc DW_TAG_member
	.long	.Linfo_string18                 @ DW_AT_name
	.long	799                             @ DW_AT_type
	.byte	3                               @ DW_AT_decl_file
	.byte	57                              @ DW_AT_decl_line
	.byte	0                               @ DW_AT_data_member_location
	.byte	0                               @ End Of Children Mark
	.byte	3                               @ Abbrev [3] 0x31f:0xc DW_TAG_array_type
	.long	144                             @ DW_AT_type
	.byte	4                               @ Abbrev [4] 0x324:0x6 DW_TAG_subrange_type
	.long	85                              @ DW_AT_type
	.byte	4                               @ DW_AT_count
	.byte	0                               @ End Of Children Mark
	.byte	18                              @ Abbrev [18] 0x32b:0x5 DW_TAG_pointer_type
	.long	73                              @ DW_AT_type
	.byte	18                              @ Abbrev [18] 0x330:0x5 DW_TAG_pointer_type
	.long	78                              @ DW_AT_type
	.byte	18                              @ Abbrev [18] 0x335:0x5 DW_TAG_pointer_type
	.long	144                             @ DW_AT_type
	.byte	8                               @ Abbrev [8] 0x33a:0xb DW_TAG_typedef
	.long	155                             @ DW_AT_type
	.long	.Linfo_string30                 @ DW_AT_name
	.byte	4                               @ DW_AT_decl_file
	.byte	53                              @ DW_AT_decl_line
	.byte	3                               @ Abbrev [3] 0x345:0xc DW_TAG_array_type
	.long	78                              @ DW_AT_type
	.byte	4                               @ Abbrev [4] 0x34a:0x6 DW_TAG_subrange_type
	.long	85                              @ DW_AT_type
	.byte	8                               @ DW_AT_count
	.byte	0                               @ End Of Children Mark
	.byte	0                               @ End Of Children Mark
.Ldebug_info_end0:
	.section	.debug_ranges,"",%progbits
.Ldebug_ranges0:
	.long	.Lfunc_begin0
	.long	.Lfunc_end0
	.long	.Lfunc_begin1
	.long	.Lfunc_end1
	.long	.Lfunc_begin2
	.long	.Lfunc_end2
	.long	.Lfunc_begin3
	.long	.Lfunc_end3
	.long	.Lfunc_begin4
	.long	.Lfunc_end4
	.long	.Lfunc_begin5
	.long	.Lfunc_end5
	.long	0
	.long	0
	.section	.debug_str,"MS",%progbits,1
.Linfo_string0:
	.asciz	"Component: ARM Compiler 6.15 Tool: armclang [5dd79400]" @ string offset=0
.Linfo_string1:
	.asciz	"../../../ThirdParty/mbedTLS/library\\xtea.c" @ string offset=55
.Linfo_string2:
	.asciz	"C:\\Users\\shw26\\OneDrive\\Desktop\\2021\\2021-1\\\354\272\241\354\212\244\355\206\244\353\224\224\354\236\220\354\235\2702\\Nuvoton\\M2351_BSP_v3.00.004\\M2351Series_BSP_CMSIS_V3.00.004\\MyProject\\PulseMonitoring\\Secure" @ string offset=98
.Linfo_string3:
	.asciz	"xtea_test_pt"                  @ string offset=255
.Linfo_string4:
	.asciz	"unsigned char"                 @ string offset=268
.Linfo_string5:
	.asciz	"__ARRAY_SIZE_TYPE__"           @ string offset=282
.Linfo_string6:
	.asciz	"xtea_test_key"                 @ string offset=302
.Linfo_string7:
	.asciz	"xtea_test_ct"                  @ string offset=316
.Linfo_string8:
	.asciz	"unsigned int"                  @ string offset=329
.Linfo_string9:
	.asciz	"uint32_t"                      @ string offset=342
.Linfo_string10:
	.asciz	"mbedtls_xtea_init"             @ string offset=351
.Linfo_string11:
	.asciz	"mbedtls_xtea_free"             @ string offset=369
.Linfo_string12:
	.asciz	"mbedtls_xtea_setup"            @ string offset=387
.Linfo_string13:
	.asciz	"mbedtls_xtea_crypt_ecb"        @ string offset=406
.Linfo_string14:
	.asciz	"int"                           @ string offset=429
.Linfo_string15:
	.asciz	"mbedtls_xtea_crypt_cbc"        @ string offset=433
.Linfo_string16:
	.asciz	"mbedtls_xtea_self_test"        @ string offset=456
.Linfo_string17:
	.asciz	"ctx"                           @ string offset=479
.Linfo_string18:
	.asciz	"k"                             @ string offset=483
.Linfo_string19:
	.asciz	"mbedtls_xtea_context"          @ string offset=485
.Linfo_string20:
	.asciz	"key"                           @ string offset=506
.Linfo_string21:
	.asciz	"i"                             @ string offset=510
.Linfo_string22:
	.asciz	"mode"                          @ string offset=512
.Linfo_string23:
	.asciz	"input"                         @ string offset=517
.Linfo_string24:
	.asciz	"output"                        @ string offset=523
.Linfo_string25:
	.asciz	"v1"                            @ string offset=530
.Linfo_string26:
	.asciz	"v0"                            @ string offset=533
.Linfo_string27:
	.asciz	"sum"                           @ string offset=536
.Linfo_string28:
	.asciz	"delta"                         @ string offset=540
.Linfo_string29:
	.asciz	"length"                        @ string offset=546
.Linfo_string30:
	.asciz	"size_t"                        @ string offset=553
.Linfo_string31:
	.asciz	"iv"                            @ string offset=560
.Linfo_string32:
	.asciz	"temp"                          @ string offset=563
.Linfo_string33:
	.asciz	"verbose"                       @ string offset=568
.Linfo_string34:
	.asciz	"ret"                           @ string offset=576
.Linfo_string35:
	.asciz	"buf"                           @ string offset=580
.Linfo_string36:
	.asciz	"exit"                          @ string offset=584
	.ident	"Component: ARM Compiler 6.15 Tool: armclang [5dd79400]"
	.section	".note.GNU-stack","",%progbits
	.eabi_attribute	30, 1	@ Tag_ABI_optimization_goals
	.ARM_attribute	16, 1	@ Tag_AV_eba
	.section	.debug_line,"",%progbits
.Lline_table_start0:
