	.text
	.syntax unified
	.eabi_attribute	67, "2.09"	@ Tag_conformance
	.cpu	cortex-m23
	.eabi_attribute	6, 16	@ Tag_CPU_arch
	.eabi_attribute	7, 77	@ Tag_CPU_arch_profile
	.eabi_attribute	8, 0	@ Tag_ARM_ISA_use
	.eabi_attribute	9, 3	@ Tag_THUMB_ISA_use
	.eabi_attribute	34, 0	@ Tag_CPU_unaligned_access
	.eabi_attribute	17, 1	@ Tag_ABI_PCS_GOT_use
	.eabi_attribute	20, 2	@ Tag_ABI_FP_denormal
	.eabi_attribute	21, 0	@ Tag_ABI_FP_exceptions
	.eabi_attribute	23, 1	@ Tag_ABI_FP_number_model
	.eabi_attribute	24, 1	@ Tag_ABI_align_needed
	.eabi_attribute	25, 1	@ Tag_ABI_align_preserved
	.eabi_attribute	38, 1	@ Tag_ABI_FP_16bit_format
	.eabi_attribute	18, 4	@ Tag_ABI_PCS_wchar_t
	.eabi_attribute	26, 2	@ Tag_ABI_enum_size
	.eabi_attribute	14, 0	@ Tag_ABI_PCS_R9_use
	.file	"font24.c"
	.file	1 "C:\\" "Keil_v5\\ARM\\ARMCLANG\\Bin\\..\\include\\stdint.h"
	.file	2 "C:\\Users\\shw26\\OneDrive\\Desktop\\2021\\2021-1\\\354\272\241\354\212\244\355\206\244\353\224\224\354\236\220\354\235\2702\\Nuvoton\\M2351_BSP_v3.00.004\\M2351Series_BSP_CMSIS_V3.00.004\\MyProject\\PulseMonitoring\\NonSecure" "SSD1327_Fonts/font24.c"
	.file	3 "C:\\Users\\shw26\\OneDrive\\Desktop\\2021\\2021-1\\\354\272\241\354\212\244\355\206\244\353\224\224\354\236\220\354\235\2702\\Nuvoton\\M2351_BSP_v3.00.004\\M2351Series_BSP_CMSIS_V3.00.004\\MyProject\\PulseMonitoring\\NonSecure" "./SSD1327_Fonts/fonts.h"
	.hidden	Font24_Table                    @ @Font24_Table
	.type	Font24_Table,%object
	.section	.rodata.Font24_Table,"a",%progbits
	.globl	Font24_Table
Font24_Table:
	.ascii	"\000\000\000\000\000\000\000\000\000\000\000\000\000\000\000\000\000\000\000\000\000\000\000\000\000\000\000\000\000\000\000\000\000\000\000\000\000\000\000\000\000\000\000\000\000\000\000\000\000\000\000\000\000\000\000\000\000\000\000\000\000\000\000\000\000\000\000\000\000\000\000\000\000\000\000\000\000\000\003\200\000\003\200\000\003\200\000\003\200\000\003\200\000\003\200\000\003\200\000\003\200\000\003\200\000\001\000\000\001\000\000\000\000\000\000\000\000\003\200\000\003\200\000\000\000\000\000\000\000\000\000\000\000\000\000\000\000\000\000\000\000\000\000\000\000\000\000\000\000\000\000\000\000\016p\000\016p\000\016p\000\004 \000\004 \000\004 \000\004 \000\000\000\000\000\000\000\000\000\000\000\000\000\000\000\000\000\000\000\000\000\000\000\000\000\000\000\000\000\000\000\000\000\000\000\000\000\000\000\000\000\000\000\000\000\000\000\000\000\006`\000\006`\000\006`\000\006`\000\006`\000?\370\000?\370\000\006`\000\f\300\000?\370\000?\370\000\f\300\000\f\300\000\f\300\000\f\300\000\f\300\000\000\000\000\000\000\000\000\000\000\000\000\000\000\000\000\000\000\000\000\000\000\001\200\000\001\200\000\007\260\000\017\360\000\030p\000\030p\000\034\000\000\017\200\000\007\340\000\000\360\000\0300\000\0340\000\034p\000\037\340\000\033\300\000\001\200\000\001\200\000\001\200\000\001\200\000\000\000\000\000\000\000\000\000\000\000\000\000\000\000\000\000\000\000\007\200\000\017\300\000\034\340\000\030`\000\030`\000\034\340\000\017\370\000\007\340\000\037\360\000\0078\000\006\030\000\006\030\000\0078\000\003\360\000\001\340\000\000\000\000\000\000\000\000\000\000\000\000\000\000\000\000\000\000\000\000\000\000\000\000\000\000\000\000\000\000\000\000\000\000\003\360\000\007\360\000\f`\000\f\000\000\f\000\000\006\000\000\007\000\000\017\234\000\035\374\000\030\360\000\030p\000\017\374\000\007\334\000\000\000\000\000\000\000\000\000\000\000\000\000\000\000\000\000\000\000\000\000\000\000\000\000\000\000\000\000\000\000\003\200\000\003\200\000\003\200\000\001\000\000\001\000\000\001\000\000\001\000\000\000\000\000\000\000\000\000\000\000\000\000\000\000\000\000\000\000\000\000\000\000\000\000\000\000\000\000\000\000\000\000\000\000\000\000\000\000\000\000\000\000\000\000\000\000\000\000\000\000\030\000\0008\000\000p\000\000\360\000\000\340\000\000\340\000\001\300\000\001\300\000\001\300\000\001\300\000\001\300\000\001\300\000\000\340\000\000\340\000\000p\000\000p\000\0008\000\000\030\000\000\000\000\000\000\000\000\000\000\000\000\000\000\000\000\000\000\000\030\000\000\034\000\000\016\000\000\016\000\000\007\000\000\007\000\000\003\200\000\003\200\000\003\200\000\003\200\000\003\200\000\003\200\000\007\000\000\007\000\000\017\000\000\016\000\000\034\000\000\030\000\000\000\000\000\000\000\000\000\000\000\000\000\000\000\000\000\000\000\000\001\200\000\001\200\000\001\200\000\035\270\000\037\370\000\007\340\000\003\300\000\003\300\000\006`\000\006`\000\000\000\000\000\000\000\000\000\000\000\000\000\000\000\000\000\000\000\000\000\000\000\000\000\000\000\000\000\000\000\000\000\000\000\000\000\000\000\000\000\000\000\000\000\000\000\000\000\001\200\000\001\200\000\001\200\000\001\200\000\001\200\000?\374\000?\374\000\001\200\000\001\200\000\001\200\000\001\200\000\001\200\000\000\000\000\000\000\000\000\000\000\000\000\000\000\000\000\000\000\000\000\000\000\000\000\000\000\000\000\000\000\000\000\000\000\000\000\000\000\000\000\000\000\000\000\000\000\000\000\000\000\000\000\000\000\000\000\000\000\000\000\000\000\000\000\000\000\000\000\340\000\000\300\000\001\300\000\001\200\000\001\200\000\003\000\000\003\000\000\000\000\000\000\000\000\000\000\000\000\000\000\000\000\000\000\000\000\000\000\000\000\000\000\000\000\000\000\000\000\000\000\000\000\000\000\037\370\000\037\370\000\000\000\000\000\000\000\000\000\000\000\000\000\000\000\000\000\000\000\000\000\000\000\000\000\000\000\000\000\000\000\000\000\000\000\000\000\000\000\000\000\000\000\000\000\000\000\000\000\000\000\000\000\000\000\000\000\000\000\000\000\000\000\000\000\000\000\000\000\000\000\000\000\000\000\000\000\000\000\000\000\000\003\300\000\003\300\000\003\300\000\000\000\000\000\000\000\000\000\000\000\000\000\000\000\000\000\000\000\000\000\000\000\030\000\000\030\000\0008\000\0000\000\000p\000\000`\000\000`\000\000\300\000\000\300\000\001\200\000\001\200\000\003\000\000\003\000\000\006\000\000\006\000\000\016\000\000\f\000\000\034\000\000\030\000\000\030\000\000\000\000\000\000\000\000\000\000\000\000\000\000\000\000\000\000\000\000\003\300\000\007\340\000\f0\000\f0\000\030\030\000\030\030\000\030\030\000\030\030\000\030\030\000\030\030\000\030\030\000\f0\000\f0\000\007\340\000\003\300\000\000\000\000\000\000\000\000\000\000\000\000\000\000\000\000\000\000\000\000\000\000\000\000\000\000\000\000\000\200\000\007\200\000\037\200\000\035\200\000\001\200\000\001\200\000\001\200\000\001\200\000\001\200\000\001\200\000\001\200\000\001\200\000\001\200\000\037\370\000\037\370\000\000\000\000\000\000\000\000\000\000\000\000\000\000\000\000\000\000\000\000\000\000\000\000\000\000\000\000\007\300\000\037\360\00080\0000\030\0000\030\000\000\030\000\0000\000\000`\000\001\300\000\003\200\000\006\000\000\f\000\000\030\000\000?\370\000?\370\000\000\000\000\000\000\000\000\000\000\000\000\000\000\000\000\000\000\000\000\000\000\000\000\000\000\000\000\003\300\000\017\340\000\fp\000\0000\000\0000\000\000`\000\003\300\000\003\340\000\000p\000\000\030\000\000\030\000\000\030\000\0308\000\037\360\000\017\300\000\000\000\000\000\000\000\000\000\000\000\000\000\000\000\000\000\000\000\000\000\000\000\000\000\000\000\000\000\340\000\001\340\000\001\340\000\003`\000\006`\000\006`\000\f`\000\f`\000\030`\0000`\000?\370\000?\370\000\000`\000\003\370\000\003\370\000\000\000\000\000\000\000\000\000\000\000\000\000\000\000\000\000\000\000\000\000\000\000\000\000\000\000\000\037\360\000\037\360\000\030\000\000\030\000\000\030\000\000\033\300\000\037\360\000\0340\000\000\030\000\000\030\000\000\030\000\000\030\00000\000?\360\000\017\300\000\000\000\000\000\000\000\000\000\000\000\000\000\000\000\000\000\000\000\000\000\000\000\000\000\000\000\000\000\370\000\003\370\000\007\000\000\016\000\000\f\000\000\030\000\000\033\300\000\037\360\000\0340\000\030\030\000\030\030\000\030\030\000\f8\000\017\360\000\003\340\000\000\000\000\000\000\000\000\000\000\000\000\000\000\000\000\000\000\000\000\000\000\000\000\000\000\000\000\037\370\000\037\370\000\030\030\000\0308\000\0000\000\0000\000\000p\000\000`\000\000`\000\000\340\000\000\300\000\000\300\000\001\300\000\001\200\000\001\200\000\000\000\000\000\000\000\000\000\000\000\000\000\000\000\000\000\000\000\000\000\000\000\000\000\000\000\000\007\340\000\017\360\000\0348\000\030\030\000\030\030\000\f0\000\007\340\000\007\340\000\f0\000\030\030\000\030\030\000\030\030\000\0348\000\017\360\000\007\340\000\000\000\000\000\000\000\000\000\000\000\000\000\000\000\000\000\000\000\000\000\000\000\000\000\000\000\000\007\300\000\017\360\000\0340\000\030\030\000\030\030\000\030\030\000\f8\000\017\370\000\003\330\000\000\030\000\0000\000\000p\000\000\340\000\037\300\000\037\000\000\000\000\000\000\000\000\000\000\000\000\000\000\000\000\000\000\000\000\000\000\000\000\000\000\000\000\000\000\000\000\000\000\000\000\000\000\000\000\000\003\300\000\003\300\000\003\300\000\000\000\000\000\000\000\000\000\000\000\000\000\000\000\000\003\300\000\003\300\000\003\300\000\000\000\000\000\000\000\000\000\000\000\000\000\000\000\000\000\000\000\000\000\000\000\000\000\000\000\000\000\000\000\000\000\000\000\000\000\000\000\000\000\360\000\000\360\000\000\360\000\000\000\000\000\000\000\000\000\000\000\000\000\000\340\000\001\300\000\001\200\000\001\200\000\003\000\000\002\000\000\000\000\000\000\000\000\000\000\000\000\000\000\000\000\000\000\000\000\000\000\000\000\000\000\000\000\000\000\034\000\000<\000\000\360\000\003\300\000\017\000\000<\000\000\360\000\000<\000\000\017\000\000\003\300\000\000\360\000\000<\000\000\034\000\000\000\000\000\000\000\000\000\000\000\000\000\000\000\000\000\000\000\000\000\000\000\000\000\000\000\000\000\000\000\000\000\000\000\000\000\000\000\000\000\000\000\177\374\000\177\374\000\000\000\000\000\000\000\177\374\000\177\374\000\000\000\000\000\000\000\000\000\000\000\000\000\000\000\000\000\000\000\000\000\000\000\000\000\000\000\000\000\000\000\000\000\000\000\000\000\000\000\000\000\000\000\000\000\000p\000\000x\000\000\036\000\000\007\200\000\001\340\000\000x\000\000\036\000\000x\000\001\340\000\007\200\000\036\000\000x\000\000p\000\000\000\000\000\000\000\000\000\000\000\000\000\000\000\000\000\000\000\000\000\000\000\000\000\000\000\000\000\000\000\000\007\300\000\017\340\000\030p\000\0300\000\0300\000\000p\000\000\340\000\003\300\000\003\200\000\003\000\000\000\000\000\000\000\000\007\000\000\007\000\000\000\000\000\000\000\000\000\000\000\000\000\000\000\000\000\000\000\000\000\000\000\000\000\000\000\000\000\003\340\000\007\360\000\0168\000\f\030\000\030x\000\030\370\000\031\330\000\031\230\000\031\230\000\031\230\000\030\370\000\030x\000\030\000\000\f\000\000\016\030\000\007\370\000\003\340\000\000\000\000\000\000\000\000\000\000\000\000\000\000\000\000\000\000\000\000\000\000\000\000\000\037\200\000\037\300\000\001\300\000\003`\000\003`\000\0060\000\0060\000\f0\000\017\370\000\037\370\000\030\f\0000\f\000\374\177\000\374\177\000\000\000\000\000\000\000\000\000\000\000\000\000\000\000\000\000\000\000\000\000\000\000\000\000\000\000\000\000\000\000\177\340\000\177\360\000\0308\000\030\030\000\030\030\000\0308\000\037\360\000\037\370\000\030\034\000\030\f\000\030\f\000\030\f\000\177\370\000\177\360\000\000\000\000\000\000\000\000\000\000\000\000\000\000\000\000\000\000\000\000\000\000\000\000\000\000\000\000\000\000\000\003\354\000\017\374\000\034\034\000\030\f\0000\f\0000\000\0000\000\0000\000\0000\000\0000\000\000\030\f\000\034\034\000\017\370\000\003\360\000\000\000\000\000\000\000\000\000\000\000\000\000\000\000\000\000\000\000\000\000\000\000\000\000\000\000\000\000\000\000\177\300\000\177\360\000\0308\000\030\030\000\030\f\000\030\f\000\030\f\000\030\f\000\030\f\000\030\f\000\030\030\000\0308\000\177\360\000\177\340\000\000\000\000\000\000\000\000\000\000\000\000\000\000\000\000\000\000\000\000\000\000\000\000\000\000\000\000\000\000\000\177\370\000\177\370\000\030\030\000\030\030\000\031\230\000\031\200\000\037\200\000\037\200\000\031\200\000\031\230\000\030\030\000\030\030\000\177\370\000\177\370\000\000\000\000\000\000\000\000\000\000\000\000\000\000\000\000\000\000\000\000\000\000\000\000\000\000\000\000\000\000\000?\374\000?\374\000\f\f\000\f\f\000\f\314\000\f\300\000\017\300\000\017\300\000\f\300\000\f\300\000\f\000\000\f\000\000?\300\000?\300\000\000\000\000\000\000\000\000\000\000\000\000\000\000\000\000\000\000\000\000\000\000\000\000\000\000\000\000\000\000\000\003\354\000\017\374\000\034\034\000\030\f\0000\f\0000\000\0000\000\0000\376\0000\376\0000\f\0008\f\000\034\034\000\017\374\000\003\360\000\000\000\000\000\000\000\000\000\000\000\000\000\000\000\000\000\000\000\000\000\000\000\000\000\000\000\000\000\000\000~~\000~~\000\030\030\000\030\030\000\030\030\000\030\030\000\037\370\000\037\370\000\030\030\000\030\030\000\030\030\000\030\030\000~~\000~~\000\000\000\000\000\000\000\000\000\000\000\000\000\000\000\000\000\000\000\000\000\000\000\000\000\000\000\000\000\000\000\037\370\000\037\370\000\001\200\000\001\200\000\001\200\000\001\200\000\001\200\000\001\200\000\001\200\000\001\200\000\001\200\000\001\200\000\037\370\000\037\370\000\000\000\000\000\000\000\000\000\000\000\000\000\000\000\000\000\000\000\000\000\000\000\000\000\000\000\000\000\000\000\007\376\000\007\376\000\0000\000\0000\000\0000\000\0000\000\0000\00000\00000\00000\00000\0000`\000?\340\000\017\200\000\000\000\000\000\000\000\000\000\000\000\000\000\000\000\000\000\000\000\000\000\000\000\000\000\000\000\000\000\000\000\177>\000\177>\000\0300\000\030`\000\030\300\000\031\200\000\033\200\000\037\300\000\034\340\000\030p\000\0300\000\0308\000\177\037\000\177\037\000\000\000\000\000\000\000\000\000\000\000\000\000\000\000\000\000\000\000\000\000\000\000\000\000\000\000\000\000\000\000\177\200\000\177\200\000\f\000\000\f\000\000\f\000\000\f\000\000\f\000\000\f\000\000\f\f\000\f\f\000\f\f\000\f\f\000\177\374\000\177\374\000\000\000\000\000\000\000\000\000\000\000\000\000\000\000\000\000\000\000\000\000\000\000\000\000\000\000\000\000\000\000\360\017\000\370\037\0008\034\000<<\000<<\0006l\0006l\0003\314\0003\314\0001\214\0000\f\0000\f\000\376\177\000\376\177\000\000\000\000\000\000\000\000\000\000\000\000\000\000\000\000\000\000\000\000\000\000\000\000\000\000\000\000\000\000\000x\376\000x\376\000\034\030\000\036\030\000\037\030\000\033\030\000\033\230\000\031\330\000\030\330\000\030\370\000\030x\000\0308\000\177\030\000\177\030\000\000\000\000\000\000\000\000\000\000\000\000\000\000\000\000\000\000\000\000\000\000\000\000\000\000\000\000\000\000\000\003\300\000\017\360\000\0348\000\030\030\0008\034\0000\f\0000\f\0000\f\0000\f\0008\034\000\030\030\000\0348\000\017\360\000\003\300\000\000\000\000\000\000\000\000\000\000\000\000\000\000\000\000\000\000\000\000\000\000\000\000\000\000\000\000\000\000\000?\360\000?\370\000\f\034\000\f\f\000\f\f\000\f\f\000\f\030\000\017\370\000\017\340\000\f\000\000\f\000\000\f\000\000?\300\000?\300\000\000\000\000\000\000\000\000\000\000\000\000\000\000\000\000\000\000\000\000\000\000\000\000\000\000\000\000\000\000\000\003\300\000\017\360\000\0348\000\030\030\0008\034\0000\f\0000\f\0000\f\0000\f\0008\034\000\030\030\000\0348\000\017\360\000\007\300\000\007\314\000\017\374\000\f8\000\000\000\000\000\000\000\000\000\000\000\000\000\000\000\000\000\000\000\000\000\000\177\340\000\177\360\000\0308\000\030\030\000\030\030\000\0308\000\037\360\000\037\300\000\030\340\000\030p\000\0300\000\0308\000\177\036\000\177\016\000\000\000\000\000\000\000\000\000\000\000\000\000\000\000\000\000\000\000\000\000\000\000\000\000\000\000\000\000\000\000\007\330\000\017\370\000\0348\000\030\030\000\030\030\000\036\000\000\017\300\000\003\360\000\000x\000\030\030\000\030\030\000\0348\000\037\360\000\033\340\000\000\000\000\000\000\000\000\000\000\000\000\000\000\000\000\000\000\000\000\000\000\000\000\000\000\000\000\000\000\000?\374\000?\374\0001\214\0001\214\0001\214\0001\214\000\001\200\000\001\200\000\001\200\000\001\200\000\001\200\000\001\200\000\017\360\000\017\360\000\000\000\000\000\000\000\000\000\000\000\000\000\000\000\000\000\000\000\000\000\000\000\000\000\000\000\000\000\000\000~~\000~~\000\030\030\000\030\030\000\030\030\000\030\030\000\030\030\000\030\030\000\030\030\000\030\030\000\030\030\000\f0\000\017\360\000\003\300\000\000\000\000\000\000\000\000\000\000\000\000\000\000\000\000\000\000\000\000\000\000\000\000\000\000\000\000\000\000\000\177\177\000\177\177\000\030\f\000\f\030\000\f\030\000\f\030\000\0060\000\0060\000\003`\000\003`\000\003`\000\001\300\000\001\300\000\000\200\000\000\000\000\000\000\000\000\000\000\000\000\000\000\000\000\000\000\000\000\000\000\000\000\000\000\000\000\000\000\000\376?\200\376?\2000\006\0000\006\0000\206\000\031\314\000\031\314\000\033l\000\033l\000\036|\000\0168\000\0168\000\f\030\000\f\030\000\000\000\000\000\000\000\000\000\000\000\000\000\000\000\000\000\000\000\000\000\000\000\000\000\000\000\000\000\000\000~~\000~~\000\030\030\000\f0\000\006`\000\003\300\000\001\200\000\001\200\000\003\300\000\006`\000\f0\000\030\030\000~~\000~~\000\000\000\000\000\000\000\000\000\000\000\000\000\000\000\000\000\000\000\000\000\000\000\000\000\000\000\000\000\000\000|~\000|~\000\030\030\000\f0\000\006`\000\006`\000\003\300\000\001\200\000\001\200\000\001\200\000\001\200\000\001\200\000\017\360\000\017\360\000\000\000\000\000\000\000\000\000\000\000\000\000\000\000\000\000\000\000\000\000\000\000\000\000\000\000\000\000\000\000\037\370\000\037\370\000\030\030\000\0300\000\030`\000\030\300\000\001\200\000\003\000\000\006\030\000\f\030\000\030\030\0000\030\000?\370\000?\370\000\000\000\000\000\000\000\000\000\000\000\000\000\000\000\000\000\000\000\000\000\000\000\000\000\000\000\000\001\360\000\001\360\000\001\200\000\001\200\000\001\200\000\001\200\000\001\200\000\001\200\000\001\200\000\001\200\000\001\200\000\001\200\000\001\200\000\001\200\000\001\200\000\001\200\000\001\360\000\001\360\000\000\000\000\000\000\000\000\000\000\000\000\000\030\000\000\030\000\000\034\000\000\f\000\000\016\000\000\006\000\000\006\000\000\003\000\000\003\000\000\001\200\000\001\200\000\000\300\000\000\300\000\000`\000\000`\000\000p\000\0000\000\0008\000\000\030\000\000\030\000\000\000\000\000\000\000\000\000\000\000\000\000\000\000\000\000\000\000\017\200\000\017\200\000\001\200\000\001\200\000\001\200\000\001\200\000\001\200\000\001\200\000\001\200\000\001\200\000\001\200\000\001\200\000\001\200\000\001\200\000\001\200\000\001\200\000\017\200\000\017\200\000\000\000\000\000\000\000\000\000\000\000\000\000\000\000\000\000\200\000\001\300\000\003\340\000\007p\000\0060\000\f\030\000\030\f\000\020\004\000\000\000\000\000\000\000\000\000\000\000\000\000\000\000\000\000\000\000\000\000\000\000\000\000\000\000\000\000\000\000\000\000\000\000\000\000\000\000\000\000\000\000\000\000\000\000\000\000\000\000\000\000\000\000\000\000\000\000\000\000\000\000\000\000\000\000\000\000\000\000\000\000\000\000\000\000\000\000\000\000\000\000\000\000\000\000\000\000\000\000\000\000\000\000\000\000\000\000\000\000\000\000\000\000\000\000\000\000\000\000\000\377\377\000\377\377\000\000\000\000\003\000\000\003\200\000\000\340\000\000`\000\000\000\000\000\000\000\000\000\000\000\000\000\000\000\000\000\000\000\000\000\000\000\000\000\000\000\000\000\000\000\000\000\000\000\000\000\000\000\000\000\000\000\000\000\000\000\000\000\000\000\000\000\000\000\000\000\000\000\000\000\000\000\000\000\000\000\000\000\000\000\000\000\000\000\000\017\300\000\037\340\000\0000\000\0000\000\007\360\000\037\360\00080\00000\0000p\000\037\374\000\017\274\000\000\000\000\000\000\000\000\000\000\000\000\000\000\000\000\000\000\000\000\000\000\000\000\000\000\000\000x\000\000x\000\000\030\000\000\030\000\000\033\340\000\037\370\000\034\030\000\030\f\000\030\f\000\030\f\000\030\f\000\030\f\000\034\030\000\177\370\000{\340\000\000\000\000\000\000\000\000\000\000\000\000\000\000\000\000\000\000\000\000\000\000\000\000\000\000\000\000\000\000\000\000\000\000\000\000\000\000\000\000\003\354\000\017\374\000\034\034\0008\f\0000\f\0000\000\0000\000\0008\f\000\034\034\000\017\370\000\003\360\000\000\000\000\000\000\000\000\000\000\000\000\000\000\000\000\000\000\000\000\000\000\000\000\000\000\000\000\000x\000\000x\000\000\030\000\000\030\000\007\330\000\037\370\000\0308\0000\030\0000\030\0000\030\0000\030\0000\030\000\0308\000\037\376\000\007\336\000\000\000\000\000\000\000\000\000\000\000\000\000\000\000\000\000\000\000\000\000\000\000\000\000\000\000\000\000\000\000\000\000\000\000\000\000\000\000\000\007\340\000\037\370\000\030\030\0000\f\000?\374\000?\374\0000\000\0000\000\000\030\f\000\037\374\000\007\360\000\000\000\000\000\000\000\000\000\000\000\000\000\000\000\000\000\000\000\000\000\000\000\000\000\000\000\000\001\374\000\003\374\000\006\000\000\006\000\000?\370\000?\370\000\006\000\000\006\000\000\006\000\000\006\000\000\006\000\000\006\000\000\006\000\000?\360\000?\360\000\000\000\000\000\000\000\000\000\000\000\000\000\000\000\000\000\000\000\000\000\000\000\000\000\000\000\000\000\000\000\000\000\000\000\000\000\000\000\000\007\336\000\037\376\000\0308\0000\030\0000\030\0000\030\0000\030\0000\030\000\0308\000\037\370\000\007\330\000\000\030\000\000\030\000\0008\000\017\360\000\017\300\000\000\000\000\000\000\000\000\000\000\000\000\000x\000\000x\000\000\030\000\000\030\000\000\033\340\000\037\360\000\0348\000\030\030\000\030\030\000\030\030\000\030\030\000\030\030\000\030\030\000~~\000~~\000\000\000\000\000\000\000\000\000\000\000\000\000\000\000\000\000\000\000\000\000\000\000\000\000\000\000\000\001\200\000\001\200\000\000\000\000\000\000\000\037\200\000\037\200\000\001\200\000\001\200\000\001\200\000\001\200\000\001\200\000\001\200\000\001\200\000?\374\000?\374\000\000\000\000\000\000\000\000\000\000\000\000\000\000\000\000\000\000\000\000\000\000\000\000\000\000\000\000\000\300\000\000\300\000\000\000\000\000\000\000\037\360\000\037\360\000\0000\000\0000\000\0000\000\0000\000\0000\000\0000\000\0000\000\0000\000\0000\000\0000\000\0000\000\000p\000\037\340\000\037\200\000\000\000\000\000\000\000\000\000\000\000\000\000<\000\000<\000\000\f\000\000\f\000\000\f\370\000\f\370\000\f\300\000\r\200\000\017\200\000\017\000\000\017\200\000\r\300\000\f\340\000<|\000<|\000\000\000\000\000\000\000\000\000\000\000\000\000\000\000\000\000\000\000\000\000\000\000\000\000\000\000\000\037\200\000\037\200\000\001\200\000\001\200\000\001\200\000\001\200\000\001\200\000\001\200\000\001\200\000\001\200\000\001\200\000\001\200\000\001\200\000?\374\000?\374\000\000\000\000\000\000\000\000\000\000\000\000\000\000\000\000\000\000\000\000\000\000\000\000\000\000\000\000\000\000\000\000\000\000\000\000\000\000\000\000\367x\000\377\374\0009\314\0001\214\0001\214\0001\214\0001\214\0001\214\0001\214\000\375\357\000\375\357\000\000\000\000\000\000\000\000\000\000\000\000\000\000\000\000\000\000\000\000\000\000\000\000\000\000\000\000\000\000\000\000\000\000\000\000\000\000\000\000{\340\000\177\360\000\0348\000\030\030\000\030\030\000\030\030\000\030\030\000\030\030\000\030\030\000~~\000~~\000\000\000\000\000\000\000\000\000\000\000\000\000\000\000\000\000\000\000\000\000\000\000\000\000\000\000\000\000\000\000\000\000\000\000\000\000\000\000\000\003\300\000\017\360\000\0348\0008\034\0000\f\0000\f\0000\f\0008\034\000\0348\000\017\360\000\003\300\000\000\000\000\000\000\000\000\000\000\000\000\000\000\000\000\000\000\000\000\000\000\000\000\000\000\000\000\000\000\000\000\000\000\000\000\000\000\000\000{\340\000\177\370\000\034\030\000\030\f\000\030\f\000\030\f\000\030\f\000\030\f\000\034\030\000\037\370\000\033\340\000\030\000\000\030\000\000\030\000\000\177\000\000\177\000\000\000\000\000\000\000\000\000\000\000\000\000\000\000\000\000\000\000\000\000\000\000\000\000\000\007\336\000\037\376\000\0308\0000\030\0000\030\0000\030\0000\030\0000\030\000\0308\000\037\370\000\007\330\000\000\030\000\000\030\000\000\030\000\000\376\000\000\376\000\000\000\000\000\000\000\000\000\000\000\000\000\000\000\000\000\000\000\000\000\000\000\000\000>x\000>\374\000\007\314\000\007\000\000\006\000\000\006\000\000\006\000\000\006\000\000\006\000\000?\360\000?\360\000\000\000\000\000\000\000\000\000\000\000\000\000\000\000\000\000\000\000\000\000\000\000\000\000\000\000\000\000\000\000\000\000\000\000\000\000\000\000\000\007\370\000\017\370\000\030\030\000\030\030\000\037\200\000\017\360\000\000\370\000\030\030\000\0308\000\037\360\000\037\340\000\000\000\000\000\000\000\000\000\000\000\000\000\000\000\000\000\000\000\000\000\000\000\000\000\000\000\000\f\000\000\f\000\000\f\000\000\f\000\000?\360\000?\360\000\f\000\000\f\000\000\f\000\000\f\000\000\f\000\000\f\000\000\f\034\000\007\374\000\003\360\000\000\000\000\000\000\000\000\000\000\000\000\000\000\000\000\000\000\000\000\000\000\000\000\000\000\000\000\000\000\000\000\000\000\000\000\000\000\000\000xx\000xx\000\030\030\000\030\030\000\030\030\000\030\030\000\030\030\000\030\030\000\0308\000\017\376\000\007\336\000\000\000\000\000\000\000\000\000\000\000\000\000\000\000\000\000\000\000\000\000\000\000\000\000\000\000\000\000\000\000\000\000\000\000\000\000\000\000\000|>\000|>\000\030\030\000\030\030\000\f0\000\f0\000\006`\000\006`\000\007\340\000\003\300\000\003\300\000\000\000\000\000\000\000\000\000\000\000\000\000\000\000\000\000\000\000\000\000\000\000\000\000\000\000\000\000\000\000\000\000\000\000\000\000\000\000\000x<\000x<\0001\030\0003\230\0003\230\000\032\260\000\036\360\000\036\360\000\034`\000\f`\000\f`\000\000\000\000\000\000\000\000\000\000\000\000\000\000\000\000\000\000\000\000\000\000\000\000\000\000\000\000\000\000\000\000\000\000\000\000\000\000\000\000>|\000>|\000\f0\000\006`\000\003\300\000\001\200\000\003\300\000\006`\000\f0\000>|\000>|\000\000\000\000\000\000\000\000\000\000\000\000\000\000\000\000\000\000\000\000\000\000\000\000\000\000\000\000\000\000\000\000\000\000\000\000\000\000\000\000~\037\000~\037\000\030\f\000\f\030\000\f\030\000\0060\000\0060\000\003`\000\003\340\000\001\300\000\000\300\000\001\200\000\001\200\000\003\000\000?\300\000?\300\000\000\000\000\000\000\000\000\000\000\000\000\000\000\000\000\000\000\000\000\000\000\000\000\000\037\370\000\037\370\000\0300\000\030`\000\000\300\000\001\200\000\003\000\000\006\030\000\f\030\000\037\370\000\037\370\000\000\000\000\000\000\000\000\000\000\000\000\000\000\000\000\000\000\000\000\000\000\000\000\000\000\000\000\000\340\000\001\340\000\001\200\000\001\200\000\001\200\000\001\200\000\001\200\000\001\200\000\003\200\000\007\000\000\003\200\000\001\200\000\001\200\000\001\200\000\001\200\000\001\200\000\001\340\000\000\340\000\000\000\000\000\000\000\000\000\000\000\000\000\000\000\000\000\000\000\001\200\000\001\200\000\001\200\000\001\200\000\001\200\000\001\200\000\001\200\000\001\200\000\001\200\000\001\200\000\001\200\000\001\200\000\001\200\000\001\200\000\001\200\000\001\200\000\001\200\000\001\200\000\000\000\000\000\000\000\000\000\000\000\000\000\000\000\000\000\000\000\007\000\000\007\200\000\001\200\000\001\200\000\001\200\000\001\200\000\001\200\000\001\200\000\001\300\000\000\340\000\001\300\000\001\200\000\001\200\000\001\200\000\001\200\000\001\200\000\007\200\000\007\000\000\000\000\000\000\000\000\000\000\000\000\000\000\000\000\000\000\000\000\000\000\000\000\000\000\000\000\000\000\000\000\000\000\000\000\000\000\016\000\000\037\030\000;\270\0001\360\000\000\340"
	.zero	34
	.size	Font24_Table, 6840

	.hidden	Font24                          @ @Font24
	.type	Font24,%object
	.section	.data.Font24,"aw",%progbits
	.globl	Font24
	.p2align	2
Font24:
	.long	Font24_Table
	.short	17                              @ 0x11
	.short	24                              @ 0x18
	.size	Font24, 8

	.section	.debug_abbrev,"",%progbits
	.byte	1                               @ Abbreviation Code
	.byte	17                              @ DW_TAG_compile_unit
	.byte	1                               @ DW_CHILDREN_yes
	.byte	37                              @ DW_AT_producer
	.byte	14                              @ DW_FORM_strp
	.byte	19                              @ DW_AT_language
	.byte	5                               @ DW_FORM_data2
	.byte	3                               @ DW_AT_name
	.byte	14                              @ DW_FORM_strp
	.byte	16                              @ DW_AT_stmt_list
	.byte	6                               @ DW_FORM_data4
	.byte	27                              @ DW_AT_comp_dir
	.byte	14                              @ DW_FORM_strp
	.byte	0                               @ EOM(1)
	.byte	0                               @ EOM(2)
	.byte	2                               @ Abbreviation Code
	.byte	52                              @ DW_TAG_variable
	.byte	0                               @ DW_CHILDREN_no
	.byte	3                               @ DW_AT_name
	.byte	14                              @ DW_FORM_strp
	.byte	73                              @ DW_AT_type
	.byte	19                              @ DW_FORM_ref4
	.byte	63                              @ DW_AT_external
	.byte	12                              @ DW_FORM_flag
	.byte	58                              @ DW_AT_decl_file
	.byte	11                              @ DW_FORM_data1
	.byte	59                              @ DW_AT_decl_line
	.byte	11                              @ DW_FORM_data1
	.byte	2                               @ DW_AT_location
	.byte	10                              @ DW_FORM_block1
	.byte	0                               @ EOM(1)
	.byte	0                               @ EOM(2)
	.byte	3                               @ Abbreviation Code
	.byte	1                               @ DW_TAG_array_type
	.byte	1                               @ DW_CHILDREN_yes
	.byte	73                              @ DW_AT_type
	.byte	19                              @ DW_FORM_ref4
	.byte	0                               @ EOM(1)
	.byte	0                               @ EOM(2)
	.byte	4                               @ Abbreviation Code
	.byte	33                              @ DW_TAG_subrange_type
	.byte	0                               @ DW_CHILDREN_no
	.byte	73                              @ DW_AT_type
	.byte	19                              @ DW_FORM_ref4
	.byte	55                              @ DW_AT_count
	.byte	5                               @ DW_FORM_data2
	.byte	0                               @ EOM(1)
	.byte	0                               @ EOM(2)
	.byte	5                               @ Abbreviation Code
	.byte	38                              @ DW_TAG_const_type
	.byte	0                               @ DW_CHILDREN_no
	.byte	73                              @ DW_AT_type
	.byte	19                              @ DW_FORM_ref4
	.byte	0                               @ EOM(1)
	.byte	0                               @ EOM(2)
	.byte	6                               @ Abbreviation Code
	.byte	22                              @ DW_TAG_typedef
	.byte	0                               @ DW_CHILDREN_no
	.byte	73                              @ DW_AT_type
	.byte	19                              @ DW_FORM_ref4
	.byte	3                               @ DW_AT_name
	.byte	14                              @ DW_FORM_strp
	.byte	58                              @ DW_AT_decl_file
	.byte	11                              @ DW_FORM_data1
	.byte	59                              @ DW_AT_decl_line
	.byte	11                              @ DW_FORM_data1
	.byte	0                               @ EOM(1)
	.byte	0                               @ EOM(2)
	.byte	7                               @ Abbreviation Code
	.byte	36                              @ DW_TAG_base_type
	.byte	0                               @ DW_CHILDREN_no
	.byte	3                               @ DW_AT_name
	.byte	14                              @ DW_FORM_strp
	.byte	62                              @ DW_AT_encoding
	.byte	11                              @ DW_FORM_data1
	.byte	11                              @ DW_AT_byte_size
	.byte	11                              @ DW_FORM_data1
	.byte	0                               @ EOM(1)
	.byte	0                               @ EOM(2)
	.byte	8                               @ Abbreviation Code
	.byte	36                              @ DW_TAG_base_type
	.byte	0                               @ DW_CHILDREN_no
	.byte	3                               @ DW_AT_name
	.byte	14                              @ DW_FORM_strp
	.byte	11                              @ DW_AT_byte_size
	.byte	11                              @ DW_FORM_data1
	.byte	62                              @ DW_AT_encoding
	.byte	11                              @ DW_FORM_data1
	.byte	0                               @ EOM(1)
	.byte	0                               @ EOM(2)
	.byte	9                               @ Abbreviation Code
	.byte	52                              @ DW_TAG_variable
	.byte	0                               @ DW_CHILDREN_no
	.byte	3                               @ DW_AT_name
	.byte	14                              @ DW_FORM_strp
	.byte	73                              @ DW_AT_type
	.byte	19                              @ DW_FORM_ref4
	.byte	63                              @ DW_AT_external
	.byte	12                              @ DW_FORM_flag
	.byte	58                              @ DW_AT_decl_file
	.byte	11                              @ DW_FORM_data1
	.byte	59                              @ DW_AT_decl_line
	.byte	5                               @ DW_FORM_data2
	.byte	2                               @ DW_AT_location
	.byte	10                              @ DW_FORM_block1
	.byte	0                               @ EOM(1)
	.byte	0                               @ EOM(2)
	.byte	10                              @ Abbreviation Code
	.byte	19                              @ DW_TAG_structure_type
	.byte	1                               @ DW_CHILDREN_yes
	.byte	3                               @ DW_AT_name
	.byte	14                              @ DW_FORM_strp
	.byte	11                              @ DW_AT_byte_size
	.byte	11                              @ DW_FORM_data1
	.byte	58                              @ DW_AT_decl_file
	.byte	11                              @ DW_FORM_data1
	.byte	59                              @ DW_AT_decl_line
	.byte	11                              @ DW_FORM_data1
	.byte	0                               @ EOM(1)
	.byte	0                               @ EOM(2)
	.byte	11                              @ Abbreviation Code
	.byte	13                              @ DW_TAG_member
	.byte	0                               @ DW_CHILDREN_no
	.byte	3                               @ DW_AT_name
	.byte	14                              @ DW_FORM_strp
	.byte	73                              @ DW_AT_type
	.byte	19                              @ DW_FORM_ref4
	.byte	58                              @ DW_AT_decl_file
	.byte	11                              @ DW_FORM_data1
	.byte	59                              @ DW_AT_decl_line
	.byte	11                              @ DW_FORM_data1
	.byte	56                              @ DW_AT_data_member_location
	.byte	11                              @ DW_FORM_data1
	.byte	0                               @ EOM(1)
	.byte	0                               @ EOM(2)
	.byte	12                              @ Abbreviation Code
	.byte	15                              @ DW_TAG_pointer_type
	.byte	0                               @ DW_CHILDREN_no
	.byte	73                              @ DW_AT_type
	.byte	19                              @ DW_FORM_ref4
	.byte	0                               @ EOM(1)
	.byte	0                               @ EOM(2)
	.byte	0                               @ EOM(3)
	.section	.debug_info,"",%progbits
.Lcu_begin0:
	.long	.Ldebug_info_end0-.Ldebug_info_start0 @ Length of Unit
.Ldebug_info_start0:
	.short	3                               @ DWARF version number
	.long	.debug_abbrev                   @ Offset Into Abbrev. Section
	.byte	4                               @ Address Size (in bytes)
	.byte	1                               @ Abbrev [1] 0xb:0xb3 DW_TAG_compile_unit
	.long	.Linfo_string0                  @ DW_AT_producer
	.short	12                              @ DW_AT_language
	.long	.Linfo_string1                  @ DW_AT_name
	.long	.Lline_table_start0             @ DW_AT_stmt_list
	.long	.Linfo_string2                  @ DW_AT_comp_dir
	.byte	2                               @ Abbrev [2] 0x1e:0x12 DW_TAG_variable
	.long	.Linfo_string3                  @ DW_AT_name
	.long	48                              @ DW_AT_type
	.byte	1                               @ DW_AT_external
	.byte	2                               @ DW_AT_decl_file
	.byte	41                              @ DW_AT_decl_line
	.byte	5                               @ DW_AT_location
	.byte	3
	.long	Font24_Table
	.byte	3                               @ Abbrev [3] 0x30:0xd DW_TAG_array_type
	.long	61                              @ DW_AT_type
	.byte	4                               @ Abbrev [4] 0x35:0x7 DW_TAG_subrange_type
	.long	84                              @ DW_AT_type
	.short	6840                            @ DW_AT_count
	.byte	0                               @ End Of Children Mark
	.byte	5                               @ Abbrev [5] 0x3d:0x5 DW_TAG_const_type
	.long	66                              @ DW_AT_type
	.byte	6                               @ Abbrev [6] 0x42:0xb DW_TAG_typedef
	.long	77                              @ DW_AT_type
	.long	.Linfo_string5                  @ DW_AT_name
	.byte	1                               @ DW_AT_decl_file
	.byte	62                              @ DW_AT_decl_line
	.byte	7                               @ Abbrev [7] 0x4d:0x7 DW_TAG_base_type
	.long	.Linfo_string4                  @ DW_AT_name
	.byte	8                               @ DW_AT_encoding
	.byte	1                               @ DW_AT_byte_size
	.byte	8                               @ Abbrev [8] 0x54:0x7 DW_TAG_base_type
	.long	.Linfo_string6                  @ DW_AT_name
	.byte	8                               @ DW_AT_byte_size
	.byte	7                               @ DW_AT_encoding
	.byte	9                               @ Abbrev [9] 0x5b:0x13 DW_TAG_variable
	.long	.Linfo_string7                  @ DW_AT_name
	.long	110                             @ DW_AT_type
	.byte	1                               @ DW_AT_external
	.byte	2                               @ DW_AT_decl_file
	.short	2514                            @ DW_AT_decl_line
	.byte	5                               @ DW_AT_location
	.byte	3
	.long	Font24
	.byte	6                               @ Abbrev [6] 0x6e:0xb DW_TAG_typedef
	.long	121                             @ DW_AT_type
	.long	.Linfo_string14                 @ DW_AT_name
	.byte	3                               @ DW_AT_decl_file
	.byte	60                              @ DW_AT_decl_line
	.byte	10                              @ Abbrev [10] 0x79:0x2d DW_TAG_structure_type
	.long	.Linfo_string13                 @ DW_AT_name
	.byte	8                               @ DW_AT_byte_size
	.byte	3                               @ DW_AT_decl_file
	.byte	54                              @ DW_AT_decl_line
	.byte	11                              @ Abbrev [11] 0x81:0xc DW_TAG_member
	.long	.Linfo_string8                  @ DW_AT_name
	.long	166                             @ DW_AT_type
	.byte	3                               @ DW_AT_decl_file
	.byte	56                              @ DW_AT_decl_line
	.byte	0                               @ DW_AT_data_member_location
	.byte	11                              @ Abbrev [11] 0x8d:0xc DW_TAG_member
	.long	.Linfo_string9                  @ DW_AT_name
	.long	171                             @ DW_AT_type
	.byte	3                               @ DW_AT_decl_file
	.byte	57                              @ DW_AT_decl_line
	.byte	4                               @ DW_AT_data_member_location
	.byte	11                              @ Abbrev [11] 0x99:0xc DW_TAG_member
	.long	.Linfo_string12                 @ DW_AT_name
	.long	171                             @ DW_AT_type
	.byte	3                               @ DW_AT_decl_file
	.byte	58                              @ DW_AT_decl_line
	.byte	6                               @ DW_AT_data_member_location
	.byte	0                               @ End Of Children Mark
	.byte	12                              @ Abbrev [12] 0xa6:0x5 DW_TAG_pointer_type
	.long	61                              @ DW_AT_type
	.byte	6                               @ Abbrev [6] 0xab:0xb DW_TAG_typedef
	.long	182                             @ DW_AT_type
	.long	.Linfo_string11                 @ DW_AT_name
	.byte	1                               @ DW_AT_decl_file
	.byte	63                              @ DW_AT_decl_line
	.byte	7                               @ Abbrev [7] 0xb6:0x7 DW_TAG_base_type
	.long	.Linfo_string10                 @ DW_AT_name
	.byte	7                               @ DW_AT_encoding
	.byte	2                               @ DW_AT_byte_size
	.byte	0                               @ End Of Children Mark
.Ldebug_info_end0:
	.section	.debug_str,"MS",%progbits,1
.Linfo_string0:
	.asciz	"Component: ARM Compiler 6.15 Tool: armclang [5dd79400]" @ string offset=0
.Linfo_string1:
	.asciz	"SSD1327_Fonts\\font24.c"       @ string offset=55
.Linfo_string2:
	.asciz	"C:\\Users\\shw26\\OneDrive\\Desktop\\2021\\2021-1\\\354\272\241\354\212\244\355\206\244\353\224\224\354\236\220\354\235\2702\\Nuvoton\\M2351_BSP_v3.00.004\\M2351Series_BSP_CMSIS_V3.00.004\\MyProject\\PulseMonitoring\\NonSecure" @ string offset=78
.Linfo_string3:
	.asciz	"Font24_Table"                  @ string offset=238
.Linfo_string4:
	.asciz	"unsigned char"                 @ string offset=251
.Linfo_string5:
	.asciz	"uint8_t"                       @ string offset=265
.Linfo_string6:
	.asciz	"__ARRAY_SIZE_TYPE__"           @ string offset=273
.Linfo_string7:
	.asciz	"Font24"                        @ string offset=293
.Linfo_string8:
	.asciz	"table"                         @ string offset=300
.Linfo_string9:
	.asciz	"Width"                         @ string offset=306
.Linfo_string10:
	.asciz	"unsigned short"                @ string offset=312
.Linfo_string11:
	.asciz	"uint16_t"                      @ string offset=327
.Linfo_string12:
	.asciz	"Height"                        @ string offset=336
.Linfo_string13:
	.asciz	"_tFont"                        @ string offset=343
.Linfo_string14:
	.asciz	"sFONT"                         @ string offset=350
	.ident	"Component: ARM Compiler 6.15 Tool: armclang [5dd79400]"
	.section	".note.GNU-stack","",%progbits
	.ARM_attribute	16, 1	@ Tag_AV_eba
	.section	.debug_line,"",%progbits
.Lline_table_start0:
