	.text
	.syntax unified
	.eabi_attribute	67, "2.09"	@ Tag_conformance
	.cpu	cortex-m23
	.eabi_attribute	6, 16	@ Tag_CPU_arch
	.eabi_attribute	7, 77	@ Tag_CPU_arch_profile
	.eabi_attribute	8, 0	@ Tag_ARM_ISA_use
	.eabi_attribute	9, 3	@ Tag_THUMB_ISA_use
	.eabi_attribute	34, 0	@ Tag_CPU_unaligned_access
	.eabi_attribute	17, 1	@ Tag_ABI_PCS_GOT_use
	.eabi_attribute	20, 2	@ Tag_ABI_FP_denormal
	.eabi_attribute	21, 0	@ Tag_ABI_FP_exceptions
	.eabi_attribute	23, 1	@ Tag_ABI_FP_number_model
	.eabi_attribute	24, 1	@ Tag_ABI_align_needed
	.eabi_attribute	25, 1	@ Tag_ABI_align_preserved
	.eabi_attribute	38, 1	@ Tag_ABI_FP_16bit_format
	.eabi_attribute	18, 4	@ Tag_ABI_PCS_wchar_t
	.eabi_attribute	26, 2	@ Tag_ABI_enum_size
	.eabi_attribute	14, 0	@ Tag_ABI_PCS_R9_use
	.file	"font16.c"
	.file	1 "C:\\" "Keil_v5\\ARM\\ARMCLANG\\Bin\\..\\include\\stdint.h"
	.file	2 "C:\\Users\\shw26\\OneDrive\\Desktop\\2021\\2021-1\\\354\272\241\354\212\244\355\206\244\353\224\224\354\236\220\354\235\2702\\Nuvoton\\M2351_BSP_v3.00.004\\M2351Series_BSP_CMSIS_V3.00.004\\MyProject\\PulseMonitoring\\NonSecure" "SSD1327_Fonts/font16.c"
	.file	3 "C:\\Users\\shw26\\OneDrive\\Desktop\\2021\\2021-1\\\354\272\241\354\212\244\355\206\244\353\224\224\354\236\220\354\235\2702\\Nuvoton\\M2351_BSP_v3.00.004\\M2351Series_BSP_CMSIS_V3.00.004\\MyProject\\PulseMonitoring\\NonSecure" "./SSD1327_Fonts/fonts.h"
	.hidden	Font16_Table                    @ @Font16_Table
	.type	Font16_Table,%object
	.section	.rodata.Font16_Table,"a",%progbits
	.globl	Font16_Table
Font16_Table:
	.ascii	"\000\000\000\000\000\000\000\000\000\000\000\000\000\000\000\000\000\000\000\000\000\000\000\000\000\000\000\000\000\000\000\000\000\000\f\000\f\000\f\000\f\000\f\000\f\000\f\000\f\000\000\000\f\000\000\000\000\000\000\000\000\000\000\000\000\000\000\000\035\300\035\300\b\200\b\200\b\200\000\000\000\000\000\000\000\000\000\000\000\000\000\000\000\000\000\000\000\000\r\200\r\200\r\200\r\200?\300\033\000?\300\033\000\033\000\033\000\033\000\000\000\000\000\000\000\000\000\004\000\037\2001\2001\2008\000\036\000\017\000\003\2001\2001\200?\000\004\000\004\000\000\000\000\000\000\000\000\000\030\000$\000$\000\030\300\007\200\036\0001\200\002@\002@\001\200\000\000\000\000\000\000\000\000\000\000\000\000\000\000\017\000\030\000\030\000\030\000\f\000\035\2007\0003\000\035\200\000\000\000\000\000\000\000\000\000\000\000\000\000\000\007\000\007\000\002\000\002\000\002\000\000\000\000\000\000\000\000\000\000\000\000\000\000\000\000\000\000\000\000\000\003\000\003\000\006\000\016\000\f\000\f\000\f\000\f\000\016\000\006\000\003\000\003\000\000\000\000\000\000\000\000\000\030\000\030\000\f\000\006\000\006\000\006\000\006\000\006\000\006\000\f\000\034\000\030\000\000\000\000\000\000\000\000\000\006\000\006\000?\300?\300\017\000\037\200\031\200\000\000\000\000\000\000\000\000\000\000\000\000\000\000\000\000\000\000\000\000\000\000\004\000\004\000\004\000?\200\004\000\004\000\004\000\000\000\000\000\000\000\000\000\000\000\000\000\000\000\000\000\000\000\000\000\000\000\000\000\000\000\000\000\000\000\006\000\004\000\f\000\b\000\b\000\000\000\000\000\000\000\000\000\000\000\000\000\000\000\000\000?\200\000\000\000\000\000\000\000\000\000\000\000\000\000\000\000\000\000\000\000\000\000\000\000\000\000\000\000\000\000\000\000\000\000\000\000\000\f\000\f\000\000\000\000\000\000\000\000\000\000\000\000\300\000\300\001\200\001\200\003\000\003\000\006\000\f\000\f\000\030\000\030\0000\0000\000\000\000\000\000\000\000\000\000\016\000\033\0001\2001\2001\2001\2001\2001\200\033\000\016\000\000\000\000\000\000\000\000\000\000\000\000\000\006\000>\000\006\000\006\000\006\000\006\000\006\000\006\000\006\000?\300\000\000\000\000\000\000\000\000\000\000\000\000\017\000\031\2001\2001\200\003\000\006\000\f\000\030\0000\000?\200\000\000\000\000\000\000\000\000\000\000\000\000?\000a\200\001\200\003\000\037\000\003\200\001\200\001\200a\200?\000\000\000\000\000\000\000\000\000\000\000\000\000\007\000\007\000\017\000\013\000\033\000\023\0003\000?\200\003\000\017\200\000\000\000\000\000\000\000\000\000\000\000\000\037\200\030\000\030\000\030\000\037\000\021\200\001\200\001\200!\200\037\000\000\000\000\000\000\000\000\000\000\000\000\000\007\200\034\000\030\0000\0007\0009\2001\2001\200\031\200\017\000\000\000\000\000\000\000\000\000\000\000\000\000\177\000C\000\003\000\006\000\006\000\006\000\006\000\f\000\f\000\f\000\000\000\000\000\000\000\000\000\000\000\000\000\037\0001\2001\2001\200\037\0001\2001\2001\2001\200\037\000\000\000\000\000\000\000\000\000\000\000\000\000\036\0003\0001\2001\2003\200\035\200\001\200\003\000\007\000<\000\000\000\000\000\000\000\000\000\000\000\000\000\000\000\000\000\000\000\f\000\f\000\000\000\000\000\000\000\f\000\f\000\000\000\000\000\000\000\000\000\000\000\000\000\000\000\000\000\000\000\003\000\003\000\000\000\000\000\000\000\006\000\004\000\b\000\b\000\000\000\000\000\000\000\000\000\000\000\000\300\003\000\004\000\030\000`\000\030\000\004\000\003\000\000\300\000\000\000\000\000\000\000\000\000\000\000\000\000\000\000\000\000\000\000\000\177\300\000\000\177\300\000\000\000\000\000\000\000\000\000\000\000\000\000\000\000\000\000\000\000\000`\000\030\000\004\000\003\000\000\300\003\000\004\000\030\000`\000\000\000\000\000\000\000\000\000\000\000\000\000\000\000\037\0001\2001\200\001\200\007\000\f\000\f\000\000\000\f\000\000\000\000\000\000\000\000\000\000\000\000\000\016\000\021\000!\000!\000'\000)\000)\000'\000 \000\021\000\016\000\000\000\000\000\000\000\000\000\000\000\000\000?\000\017\000\t\000\031\200\031\200\037\2000\3000\300y\340\000\000\000\000\000\000\000\000\000\000\000\000\000\000\177\0001\2001\2001\200?\0001\2001\2001\200\177\000\000\000\000\000\000\000\000\000\000\000\000\000\000\000\037@0\300`@`\000`\000`\000`@0\200\037\000\000\000\000\000\000\000\000\000\000\000\000\000\000\000\177\0001\2000\3000\3000\3000\3000\3001\200\177\000\000\000\000\000\000\000\000\000\000\000\000\000\000\000\177\2000\2000\2002\000>\0002\0000\2000\200\177\200\000\000\000\000\000\000\000\000\000\000\000\000\000\000\177\3000@0@2\000>\0002\0000\0000\000|\000\000\000\000\000\000\000\000\000\000\000\000\000\000\000\036\2001\200`\200`\000`\000g\300a\2001\200\037\000\000\000\000\000\000\000\000\000\000\000\000\000\000\000{\3001\2001\2001\200?\2001\2001\2001\200{\300\000\000\000\000\000\000\000\000\000\000\000\000\000\000?\300\006\000\006\000\006\000\006\000\006\000\006\000\006\000?\300\000\000\000\000\000\000\000\000\000\000\000\000\000\000\037\300\003\000\003\000\003\000\003\000c\000c\000c\000>\000\000\000\000\000\000\000\000\000\000\000\000\000\000\000{\3001\2003\0006\000<\000>\0003\0001\200y\300\000\000\000\000\000\000\000\000\000\000\000\000\000\000~\000\030\000\030\000\030\000\030\000\030@\030@\030@\177\300\000\000\000\000\000\000\000\000\000\000\000\000\000\000\340\340`\300q\300{\300j\300n\300d\300`\300\373\340\000\000\000\000\000\000\000\000\000\000\000\000\000\000s\3001\2009\200=\2005\2007\2003\2001\200y\200\000\000\000\000\000\000\000\000\000\000\000\000\000\000\037\0001\200`\300`\300`\300`\300`\3001\200\037\000\000\000\000\000\000\000\000\000\000\000\000\000\000\000\177\0001\2001\2001\2001\200?\0000\0000\000~\000\000\000\000\000\000\000\000\000\000\000\000\000\000\000\037\0001\200`\300`\300`\300`\300`\3001\200\037\000\f\300\037\200\000\000\000\000\000\000\000\000\000\000\177\0001\2001\2001\200>\0003\0001\2001\200|\340\000\000\000\000\000\000\000\000\000\000\000\000\000\000\037\2001\2001\2008\000\037\000\003\2001\2001\200?\000\000\000\000\000\000\000\000\000\000\000\000\000\000\000\177\200L\200L\200L\200\f\000\f\000\f\000\f\000?\000\000\000\000\000\000\000\000\000\000\000\000\000\000\000{\3001\2001\2001\2001\2001\2001\2001\200\037\000\000\000\000\000\000\000\000\000\000\000\000\000\000\000{\3001\2001\200\033\000\033\000\033\000\n\000\016\000\016\000\000\000\000\000\000\000\000\000\000\000\000\000\000\000\373\340`\300d\300n\300n\300*\200;\200;\2001\200\000\000\000\000\000\000\000\000\000\000\000\000\000\000{\3001\200\033\000\016\000\016\000\016\000\033\0001\200{\300\000\000\000\000\000\000\000\000\000\000\000\000\000\000y\3400\300\031\200\017\000\006\000\006\000\006\000\006\000\037\200\000\000\000\000\000\000\000\000\000\000\000\000\000\000?\200!\200#\000\006\000\004\000\f\000\030\2000\200?\200\000\000\000\000\000\000\000\000\000\000\000\000\007\200\006\000\006\000\006\000\006\000\006\000\006\000\006\000\006\000\006\000\006\000\007\200\000\000\000\000\000\0000\0000\000\030\000\030\000\f\000\f\000\006\000\003\000\003\000\001\200\001\200\000\300\000\300\000\000\000\000\000\000\000\000\036\000\006\000\006\000\006\000\006\000\006\000\006\000\006\000\006\000\006\000\006\000\036\000\000\000\000\000\000\000\004\000\n\000\n\000\021\000 \200 \200\000\000\000\000\000\000\000\000\000\000\000\000\000\000\000\000\000\000\000\000\000\000\000\000\000\000\000\000\000\000\000\000\000\000\000\000\000\000\000\000\000\000\000\000\000\000\000\000\000\000\377\340\b\000\004\000\002\000\000\000\000\000\000\000\000\000\000\000\000\000\000\000\000\000\000\000\000\000\000\000\000\000\000\000\000\000\000\000\000\000\000\000\037\000\001\200\001\200\037\2001\2003\200\035\300\000\000\000\000\000\000\000\000\000\000\000\000p\0000\0000\0007\0009\2000\3000\3000\3009\200w\000\000\000\000\000\000\000\000\000\000\000\000\000\000\000\000\000\000\000\036\2001\200`\200`\000`\2001\200\037\000\000\000\000\000\000\000\000\000\000\000\000\000\003\200\001\200\001\200\035\2003\200a\200a\200a\2003\200\035\300\000\000\000\000\000\000\000\000\000\000\000\000\000\000\000\000\000\000\037\0001\200`\300\177\300`\0000\300\037\200\000\000\000\000\000\000\000\000\000\000\000\000\007\340\f\000\f\000?\200\f\000\f\000\f\000\f\000\f\000?\200\000\000\000\000\000\000\000\000\000\000\000\000\000\000\000\000\000\000\035\3003\200a\200a\200a\2003\200\035\200\001\200\001\200\037\000\000\000\000\000\000\000p\0000\0000\0007\0009\2001\2001\2001\2001\200{\300\000\000\000\000\000\000\000\000\000\000\000\000\006\000\006\000\000\000\036\000\006\000\006\000\006\000\006\000\006\000?\300\000\000\000\000\000\000\000\000\000\000\000\000\006\000\006\000\000\000?\000\003\000\003\000\003\000\003\000\003\000\003\000\003\000\003\000>\000\000\000\000\000\000\000p\0000\0000\0007\2006\000<\000<\0006\0003\000w\300\000\000\000\000\000\000\000\000\000\000\000\000\036\000\006\000\006\000\006\000\006\000\006\000\006\000\006\000\006\000?\300\000\000\000\000\000\000\000\000\000\000\000\000\000\000\000\000\000\000\177\2006\3006\3006\3006\3006\300v\340\000\000\000\000\000\000\000\000\000\000\000\000\000\000\000\000\000\000w\0009\2001\2001\2001\2001\200{\300\000\000\000\000\000\000\000\000\000\000\000\000\000\000\000\000\000\000\037\0001\200`\300`\300`\3001\200\037\000\000\000\000\000\000\000\000\000\000\000\000\000\000\000\000\000\000\000w\0009\2000\3000\3000\3009\2007\0000\0000\000|\000\000\000\000\000\000\000\000\000\000\000\000\000\035\3003\200a\200a\200a\2003\200\035\200\001\200\001\200\007\300\000\000\000\000\000\000\000\000\000\000\000\000{\200\034\300\030\000\030\000\030\000\030\000\177\000\000\000\000\000\000\000\000\000\000\000\000\000\000\000\000\000\000\000\037\2001\200<\000\037\000\003\2001\200?\000\000\000\000\000\000\000\000\000\000\000\000\000\030\000\030\000\030\000\177\000\030\000\030\000\030\000\030\000\030\200\017\000\000\000\000\000\000\000\000\000\000\000\000\000\000\000\000\000\000\000s\2001\2001\2001\2001\2003\200\035\300\000\000\000\000\000\000\000\000\000\000\000\000\000\000\000\000\000\000{\3001\2001\200\033\000\033\000\016\000\016\000\000\000\000\000\000\000\000\000\000\000\000\000\000\000\000\000\000\000\361\340`\300d\300n\300;\200;\2001\200\000\000\000\000\000\000\000\000\000\000\000\000\000\000\000\000\000\000{\300\033\000\016\000\016\000\016\000\033\000{\300\000\000\000\000\000\000\000\000\000\000\000\000\000\000\000\000\000\000y\3400\300\031\200\031\200\013\000\017\000\006\000\006\000\f\000>\000\000\000\000\000\000\000\000\000\000\000\000\000?\200!\200\003\000\016\000\030\0000\200?\200\000\000\000\000\000\000\000\000\000\000\000\000\006\000\f\000\f\000\f\000\f\000\f\000\030\000\f\000\f\000\f\000\f\000\006\000\000\000\000\000\000\000\000\000\006\000\006\000\006\000\006\000\006\000\006\000\006\000\006\000\006\000\006\000\006\000\006\000\000\000\000\000\000\000\000\000\f\000\006\000\006\000\006\000\006\000\006\000\003\000\006\000\006\000\006\000\006\000\f\000\000\000\000\000\000\000\000\000\000\000\000\000\000\000\000\000\030\000$\200\003"
	.zero	17
	.size	Font16_Table, 3040

	.hidden	Font16                          @ @Font16
	.type	Font16,%object
	.section	.data.Font16,"aw",%progbits
	.globl	Font16
	.p2align	2
Font16:
	.long	Font16_Table
	.short	11                              @ 0xb
	.short	16                              @ 0x10
	.size	Font16, 8

	.section	.debug_abbrev,"",%progbits
	.byte	1                               @ Abbreviation Code
	.byte	17                              @ DW_TAG_compile_unit
	.byte	1                               @ DW_CHILDREN_yes
	.byte	37                              @ DW_AT_producer
	.byte	14                              @ DW_FORM_strp
	.byte	19                              @ DW_AT_language
	.byte	5                               @ DW_FORM_data2
	.byte	3                               @ DW_AT_name
	.byte	14                              @ DW_FORM_strp
	.byte	16                              @ DW_AT_stmt_list
	.byte	6                               @ DW_FORM_data4
	.byte	27                              @ DW_AT_comp_dir
	.byte	14                              @ DW_FORM_strp
	.byte	0                               @ EOM(1)
	.byte	0                               @ EOM(2)
	.byte	2                               @ Abbreviation Code
	.byte	52                              @ DW_TAG_variable
	.byte	0                               @ DW_CHILDREN_no
	.byte	3                               @ DW_AT_name
	.byte	14                              @ DW_FORM_strp
	.byte	73                              @ DW_AT_type
	.byte	19                              @ DW_FORM_ref4
	.byte	63                              @ DW_AT_external
	.byte	12                              @ DW_FORM_flag
	.byte	58                              @ DW_AT_decl_file
	.byte	11                              @ DW_FORM_data1
	.byte	59                              @ DW_AT_decl_line
	.byte	11                              @ DW_FORM_data1
	.byte	2                               @ DW_AT_location
	.byte	10                              @ DW_FORM_block1
	.byte	0                               @ EOM(1)
	.byte	0                               @ EOM(2)
	.byte	3                               @ Abbreviation Code
	.byte	1                               @ DW_TAG_array_type
	.byte	1                               @ DW_CHILDREN_yes
	.byte	73                              @ DW_AT_type
	.byte	19                              @ DW_FORM_ref4
	.byte	0                               @ EOM(1)
	.byte	0                               @ EOM(2)
	.byte	4                               @ Abbreviation Code
	.byte	33                              @ DW_TAG_subrange_type
	.byte	0                               @ DW_CHILDREN_no
	.byte	73                              @ DW_AT_type
	.byte	19                              @ DW_FORM_ref4
	.byte	55                              @ DW_AT_count
	.byte	5                               @ DW_FORM_data2
	.byte	0                               @ EOM(1)
	.byte	0                               @ EOM(2)
	.byte	5                               @ Abbreviation Code
	.byte	38                              @ DW_TAG_const_type
	.byte	0                               @ DW_CHILDREN_no
	.byte	73                              @ DW_AT_type
	.byte	19                              @ DW_FORM_ref4
	.byte	0                               @ EOM(1)
	.byte	0                               @ EOM(2)
	.byte	6                               @ Abbreviation Code
	.byte	22                              @ DW_TAG_typedef
	.byte	0                               @ DW_CHILDREN_no
	.byte	73                              @ DW_AT_type
	.byte	19                              @ DW_FORM_ref4
	.byte	3                               @ DW_AT_name
	.byte	14                              @ DW_FORM_strp
	.byte	58                              @ DW_AT_decl_file
	.byte	11                              @ DW_FORM_data1
	.byte	59                              @ DW_AT_decl_line
	.byte	11                              @ DW_FORM_data1
	.byte	0                               @ EOM(1)
	.byte	0                               @ EOM(2)
	.byte	7                               @ Abbreviation Code
	.byte	36                              @ DW_TAG_base_type
	.byte	0                               @ DW_CHILDREN_no
	.byte	3                               @ DW_AT_name
	.byte	14                              @ DW_FORM_strp
	.byte	62                              @ DW_AT_encoding
	.byte	11                              @ DW_FORM_data1
	.byte	11                              @ DW_AT_byte_size
	.byte	11                              @ DW_FORM_data1
	.byte	0                               @ EOM(1)
	.byte	0                               @ EOM(2)
	.byte	8                               @ Abbreviation Code
	.byte	36                              @ DW_TAG_base_type
	.byte	0                               @ DW_CHILDREN_no
	.byte	3                               @ DW_AT_name
	.byte	14                              @ DW_FORM_strp
	.byte	11                              @ DW_AT_byte_size
	.byte	11                              @ DW_FORM_data1
	.byte	62                              @ DW_AT_encoding
	.byte	11                              @ DW_FORM_data1
	.byte	0                               @ EOM(1)
	.byte	0                               @ EOM(2)
	.byte	9                               @ Abbreviation Code
	.byte	52                              @ DW_TAG_variable
	.byte	0                               @ DW_CHILDREN_no
	.byte	3                               @ DW_AT_name
	.byte	14                              @ DW_FORM_strp
	.byte	73                              @ DW_AT_type
	.byte	19                              @ DW_FORM_ref4
	.byte	63                              @ DW_AT_external
	.byte	12                              @ DW_FORM_flag
	.byte	58                              @ DW_AT_decl_file
	.byte	11                              @ DW_FORM_data1
	.byte	59                              @ DW_AT_decl_line
	.byte	5                               @ DW_FORM_data2
	.byte	2                               @ DW_AT_location
	.byte	10                              @ DW_FORM_block1
	.byte	0                               @ EOM(1)
	.byte	0                               @ EOM(2)
	.byte	10                              @ Abbreviation Code
	.byte	19                              @ DW_TAG_structure_type
	.byte	1                               @ DW_CHILDREN_yes
	.byte	3                               @ DW_AT_name
	.byte	14                              @ DW_FORM_strp
	.byte	11                              @ DW_AT_byte_size
	.byte	11                              @ DW_FORM_data1
	.byte	58                              @ DW_AT_decl_file
	.byte	11                              @ DW_FORM_data1
	.byte	59                              @ DW_AT_decl_line
	.byte	11                              @ DW_FORM_data1
	.byte	0                               @ EOM(1)
	.byte	0                               @ EOM(2)
	.byte	11                              @ Abbreviation Code
	.byte	13                              @ DW_TAG_member
	.byte	0                               @ DW_CHILDREN_no
	.byte	3                               @ DW_AT_name
	.byte	14                              @ DW_FORM_strp
	.byte	73                              @ DW_AT_type
	.byte	19                              @ DW_FORM_ref4
	.byte	58                              @ DW_AT_decl_file
	.byte	11                              @ DW_FORM_data1
	.byte	59                              @ DW_AT_decl_line
	.byte	11                              @ DW_FORM_data1
	.byte	56                              @ DW_AT_data_member_location
	.byte	11                              @ DW_FORM_data1
	.byte	0                               @ EOM(1)
	.byte	0                               @ EOM(2)
	.byte	12                              @ Abbreviation Code
	.byte	15                              @ DW_TAG_pointer_type
	.byte	0                               @ DW_CHILDREN_no
	.byte	73                              @ DW_AT_type
	.byte	19                              @ DW_FORM_ref4
	.byte	0                               @ EOM(1)
	.byte	0                               @ EOM(2)
	.byte	0                               @ EOM(3)
	.section	.debug_info,"",%progbits
.Lcu_begin0:
	.long	.Ldebug_info_end0-.Ldebug_info_start0 @ Length of Unit
.Ldebug_info_start0:
	.short	3                               @ DWARF version number
	.long	.debug_abbrev                   @ Offset Into Abbrev. Section
	.byte	4                               @ Address Size (in bytes)
	.byte	1                               @ Abbrev [1] 0xb:0xb3 DW_TAG_compile_unit
	.long	.Linfo_string0                  @ DW_AT_producer
	.short	12                              @ DW_AT_language
	.long	.Linfo_string1                  @ DW_AT_name
	.long	.Lline_table_start0             @ DW_AT_stmt_list
	.long	.Linfo_string2                  @ DW_AT_comp_dir
	.byte	2                               @ Abbrev [2] 0x1e:0x12 DW_TAG_variable
	.long	.Linfo_string3                  @ DW_AT_name
	.long	48                              @ DW_AT_type
	.byte	1                               @ DW_AT_external
	.byte	2                               @ DW_AT_decl_file
	.byte	45                              @ DW_AT_decl_line
	.byte	5                               @ DW_AT_location
	.byte	3
	.long	Font16_Table
	.byte	3                               @ Abbrev [3] 0x30:0xd DW_TAG_array_type
	.long	61                              @ DW_AT_type
	.byte	4                               @ Abbrev [4] 0x35:0x7 DW_TAG_subrange_type
	.long	84                              @ DW_AT_type
	.short	3040                            @ DW_AT_count
	.byte	0                               @ End Of Children Mark
	.byte	5                               @ Abbrev [5] 0x3d:0x5 DW_TAG_const_type
	.long	66                              @ DW_AT_type
	.byte	6                               @ Abbrev [6] 0x42:0xb DW_TAG_typedef
	.long	77                              @ DW_AT_type
	.long	.Linfo_string5                  @ DW_AT_name
	.byte	1                               @ DW_AT_decl_file
	.byte	62                              @ DW_AT_decl_line
	.byte	7                               @ Abbrev [7] 0x4d:0x7 DW_TAG_base_type
	.long	.Linfo_string4                  @ DW_AT_name
	.byte	8                               @ DW_AT_encoding
	.byte	1                               @ DW_AT_byte_size
	.byte	8                               @ Abbrev [8] 0x54:0x7 DW_TAG_base_type
	.long	.Linfo_string6                  @ DW_AT_name
	.byte	8                               @ DW_AT_byte_size
	.byte	7                               @ DW_AT_encoding
	.byte	9                               @ Abbrev [9] 0x5b:0x13 DW_TAG_variable
	.long	.Linfo_string7                  @ DW_AT_name
	.long	110                             @ DW_AT_type
	.byte	1                               @ DW_AT_external
	.byte	2                               @ DW_AT_decl_file
	.short	1758                            @ DW_AT_decl_line
	.byte	5                               @ DW_AT_location
	.byte	3
	.long	Font16
	.byte	6                               @ Abbrev [6] 0x6e:0xb DW_TAG_typedef
	.long	121                             @ DW_AT_type
	.long	.Linfo_string14                 @ DW_AT_name
	.byte	3                               @ DW_AT_decl_file
	.byte	60                              @ DW_AT_decl_line
	.byte	10                              @ Abbrev [10] 0x79:0x2d DW_TAG_structure_type
	.long	.Linfo_string13                 @ DW_AT_name
	.byte	8                               @ DW_AT_byte_size
	.byte	3                               @ DW_AT_decl_file
	.byte	54                              @ DW_AT_decl_line
	.byte	11                              @ Abbrev [11] 0x81:0xc DW_TAG_member
	.long	.Linfo_string8                  @ DW_AT_name
	.long	166                             @ DW_AT_type
	.byte	3                               @ DW_AT_decl_file
	.byte	56                              @ DW_AT_decl_line
	.byte	0                               @ DW_AT_data_member_location
	.byte	11                              @ Abbrev [11] 0x8d:0xc DW_TAG_member
	.long	.Linfo_string9                  @ DW_AT_name
	.long	171                             @ DW_AT_type
	.byte	3                               @ DW_AT_decl_file
	.byte	57                              @ DW_AT_decl_line
	.byte	4                               @ DW_AT_data_member_location
	.byte	11                              @ Abbrev [11] 0x99:0xc DW_TAG_member
	.long	.Linfo_string12                 @ DW_AT_name
	.long	171                             @ DW_AT_type
	.byte	3                               @ DW_AT_decl_file
	.byte	58                              @ DW_AT_decl_line
	.byte	6                               @ DW_AT_data_member_location
	.byte	0                               @ End Of Children Mark
	.byte	12                              @ Abbrev [12] 0xa6:0x5 DW_TAG_pointer_type
	.long	61                              @ DW_AT_type
	.byte	6                               @ Abbrev [6] 0xab:0xb DW_TAG_typedef
	.long	182                             @ DW_AT_type
	.long	.Linfo_string11                 @ DW_AT_name
	.byte	1                               @ DW_AT_decl_file
	.byte	63                              @ DW_AT_decl_line
	.byte	7                               @ Abbrev [7] 0xb6:0x7 DW_TAG_base_type
	.long	.Linfo_string10                 @ DW_AT_name
	.byte	7                               @ DW_AT_encoding
	.byte	2                               @ DW_AT_byte_size
	.byte	0                               @ End Of Children Mark
.Ldebug_info_end0:
	.section	.debug_str,"MS",%progbits,1
.Linfo_string0:
	.asciz	"Component: ARM Compiler 6.15 Tool: armclang [5dd79400]" @ string offset=0
.Linfo_string1:
	.asciz	"SSD1327_Fonts\\font16.c"       @ string offset=55
.Linfo_string2:
	.asciz	"C:\\Users\\shw26\\OneDrive\\Desktop\\2021\\2021-1\\\354\272\241\354\212\244\355\206\244\353\224\224\354\236\220\354\235\2702\\Nuvoton\\M2351_BSP_v3.00.004\\M2351Series_BSP_CMSIS_V3.00.004\\MyProject\\PulseMonitoring\\NonSecure" @ string offset=78
.Linfo_string3:
	.asciz	"Font16_Table"                  @ string offset=238
.Linfo_string4:
	.asciz	"unsigned char"                 @ string offset=251
.Linfo_string5:
	.asciz	"uint8_t"                       @ string offset=265
.Linfo_string6:
	.asciz	"__ARRAY_SIZE_TYPE__"           @ string offset=273
.Linfo_string7:
	.asciz	"Font16"                        @ string offset=293
.Linfo_string8:
	.asciz	"table"                         @ string offset=300
.Linfo_string9:
	.asciz	"Width"                         @ string offset=306
.Linfo_string10:
	.asciz	"unsigned short"                @ string offset=312
.Linfo_string11:
	.asciz	"uint16_t"                      @ string offset=327
.Linfo_string12:
	.asciz	"Height"                        @ string offset=336
.Linfo_string13:
	.asciz	"_tFont"                        @ string offset=343
.Linfo_string14:
	.asciz	"sFONT"                         @ string offset=350
	.ident	"Component: ARM Compiler 6.15 Tool: armclang [5dd79400]"
	.section	".note.GNU-stack","",%progbits
	.ARM_attribute	16, 1	@ Tag_AV_eba
	.section	.debug_line,"",%progbits
.Lline_table_start0:
