	.text
	.syntax unified
	.eabi_attribute	67, "2.09"	@ Tag_conformance
	.cpu	cortex-m23
	.eabi_attribute	6, 16	@ Tag_CPU_arch
	.eabi_attribute	7, 77	@ Tag_CPU_arch_profile
	.eabi_attribute	8, 0	@ Tag_ARM_ISA_use
	.eabi_attribute	9, 3	@ Tag_THUMB_ISA_use
	.eabi_attribute	34, 0	@ Tag_CPU_unaligned_access
	.eabi_attribute	17, 1	@ Tag_ABI_PCS_GOT_use
	.eabi_attribute	20, 2	@ Tag_ABI_FP_denormal
	.eabi_attribute	21, 0	@ Tag_ABI_FP_exceptions
	.eabi_attribute	23, 1	@ Tag_ABI_FP_number_model
	.eabi_attribute	24, 1	@ Tag_ABI_align_needed
	.eabi_attribute	25, 1	@ Tag_ABI_align_preserved
	.eabi_attribute	38, 1	@ Tag_ABI_FP_16bit_format
	.eabi_attribute	18, 4	@ Tag_ABI_PCS_wchar_t
	.eabi_attribute	26, 2	@ Tag_ABI_enum_size
	.eabi_attribute	14, 0	@ Tag_ABI_PCS_R9_use
	.file	"font20.c"
	.file	1 "C:\\" "Keil_v5\\ARM\\ARMCLANG\\Bin\\..\\include\\stdint.h"
	.file	2 "C:\\Users\\shw26\\OneDrive\\Desktop\\2021\\2021-1\\\354\272\241\354\212\244\355\206\244\353\224\224\354\236\220\354\235\2702\\Nuvoton\\M2351_BSP_v3.00.004\\M2351Series_BSP_CMSIS_V3.00.004\\MyProject\\PulseMonitoring\\NonSecure" "SSD1327_Fonts/font20.c"
	.file	3 "C:\\Users\\shw26\\OneDrive\\Desktop\\2021\\2021-1\\\354\272\241\354\212\244\355\206\244\353\224\224\354\236\220\354\235\2702\\Nuvoton\\M2351_BSP_v3.00.004\\M2351Series_BSP_CMSIS_V3.00.004\\MyProject\\PulseMonitoring\\NonSecure" "./SSD1327_Fonts/fonts.h"
	.hidden	Font20_Table                    @ @Font20_Table
	.type	Font20_Table,%object
	.section	.rodata.Font20_Table,"a",%progbits
	.globl	Font20_Table
Font20_Table:
	.ascii	"\000\000\000\000\000\000\000\000\000\000\000\000\000\000\000\000\000\000\000\000\000\000\000\000\000\000\000\000\000\000\000\000\000\000\000\000\000\000\000\000\000\000\007\000\007\000\007\000\007\000\007\000\007\000\007\000\002\000\002\000\000\000\000\000\007\000\007\000\000\000\000\000\000\000\000\000\000\000\000\000\000\000\000\000\034\340\034\340\034\340\b@\b@\b@\000\000\000\000\000\000\000\000\000\000\000\000\000\000\000\000\000\000\000\000\000\000\000\000\f\300\f\300\f\300\f\300\f\300?\360?\360\f\300\f\300?\360?\360\f\300\f\300\f\300\f\300\f\300\000\000\000\000\000\000\000\000\003\000\003\000\007\340\017\340\030`\030\000\037\000\017\300\000\340\030`\030`\037\300\037\200\003\000\003\000\003\000\000\000\000\000\000\000\000\000\000\000\034\000\"\000\"\000\"\000\034`\001\340\017\200<\0001\300\002 \002 \002 \001\300\000\000\000\000\000\000\000\000\000\000\000\000\000\000\000\000\000\000\003\340\017\340\f\000\f\000\006\000\0170\037\360\031\340\030\300\037\360\007\260\000\000\000\000\000\000\000\000\000\000\000\000\000\000\000\000\003\200\003\200\003\200\001\000\001\000\001\000\000\000\000\000\000\000\000\000\000\000\000\000\000\000\000\000\000\000\000\000\000\000\000\000\000\000\000\300\000\300\001\200\001\200\001\200\003\000\003\000\003\000\003\000\003\000\003\000\001\200\001\200\001\200\000\300\000\300\000\000\000\000\000\000\000\000\f\000\f\000\006\000\006\000\006\000\003\000\003\000\003\000\003\000\003\000\003\000\006\000\006\000\006\000\f\000\f\000\000\000\000\000\000\000\000\000\003\000\003\000\003\000\033`\037\340\007\200\007\200\017\300\f\300\000\000\000\000\000\000\000\000\000\000\000\000\000\000\000\000\000\000\000\000\000\000\000\000\000\000\003\000\003\000\003\000\003\000?\360?\360\003\000\003\000\003\000\003\000\000\000\000\000\000\000\000\000\000\000\000\000\000\000\000\000\000\000\000\000\000\000\000\000\000\000\000\000\000\000\000\000\000\000\000\000\003\200\003\000\003\000\006\000\006\000\004\000\000\000\000\000\000\000\000\000\000\000\000\000\000\000\000\000\000\000\000\000?\340?\340\000\000\000\000\000\000\000\000\000\000\000\000\000\000\000\000\000\000\000\000\000\000\000\000\000\000\000\000\000\000\000\000\000\000\000\000\000\000\000\000\000\000\000\000\003\200\003\200\003\200\000\000\000\000\000\000\000\000\000\000\000\000\000`\000`\000\300\000\300\000\300\001\200\001\200\003\000\003\000\006\000\006\000\f\000\f\000\f\000\030\000\030\000\000\000\000\000\000\000\000\000\000\000\017\200\037\300\030\3000`0`0`0`0`0`0`\030\300\037\300\017\200\000\000\000\000\000\000\000\000\000\000\000\000\000\000\003\000\037\000\037\000\003\000\003\000\003\000\003\000\003\000\003\000\003\000\003\000\037\340\037\340\000\000\000\000\000\000\000\000\000\000\000\000\000\000\017\200\037\3008\3400`\000`\000\300\001\200\003\000\006\000\f\000\030\000?\340?\340\000\000\000\000\000\000\000\000\000\000\000\000\000\000\017\200?\3000\340\000`\000\340\007\300\007\300\000\340\000`\000``\340\177\300?\200\000\000\000\000\000\000\000\000\000\000\000\000\000\000\001\300\003\300\003\300\006\300\f\300\f\300\030\3000\300?\340?\340\000\300\003\340\003\340\000\000\000\000\000\000\000\000\000\000\000\000\000\000\037\300\037\300\030\000\030\000\037\200\037\300\030\340\000`\000`\000`0\340?\300\037\200\000\000\000\000\000\000\000\000\000\000\000\000\000\000\003\340\017\340\036\000\030\0008\0007\200?\3008\3400`0`\030\340\037\300\007\200\000\000\000\000\000\000\000\000\000\000\000\000\000\000?\340?\3400`\000`\000\300\000\300\000\300\001\200\001\200\001\200\003\000\003\000\003\000\000\000\000\000\000\000\000\000\000\000\000\000\000\000\017\200\037\3008\3400`8\340\037\300\037\3008\3400`0`8\340\037\300\017\200\000\000\000\000\000\000\000\000\000\000\000\000\000\000\017\000\037\3008\3000`0`8\340\037\340\017`\000\340\000\300\003\300?\200>\000\000\000\000\000\000\000\000\000\000\000\000\000\000\000\000\000\000\000\000\000\000\000\003\200\003\200\003\200\000\000\000\000\000\000\003\200\003\200\003\200\000\000\000\000\000\000\000\000\000\000\000\000\000\000\000\000\000\000\000\000\000\000\001\300\001\300\001\300\000\000\000\000\000\000\003\200\003\000\006\000\006\000\004\000\000\000\000\000\000\000\000\000\000\000\000\000\000\000\0000\000\360\003\300\007\000\034\000x\000\034\000\007\000\003\300\000\360\0000\000\000\000\000\000\000\000\000\000\000\000\000\000\000\000\000\000\000\000\000\000\000\177\360\177\360\000\000\000\000\177\360\177\360\000\000\000\000\000\000\000\000\000\000\000\000\000\000\000\000\000\000\000\000\000\000\000\0000\000<\000\017\000\003\200\000\340\000x\000\340\003\200\017\000<\0000\000\000\000\000\000\000\000\000\000\000\000\000\000\000\000\000\000\017\200\037\300\030`\030`\000`\001\300\003\200\003\000\000\000\000\000\007\000\007\000\000\000\000\000\000\000\000\000\000\000\000\000\000\000\003\200\f\200\b@\020@\020@\021\300\022@\022@\022@\021\300\020\000\b\000\b@\007\200\000\000\000\000\000\000\000\000\000\000\000\000\000\000\037\200\037\200\003\200\006\300\006\300\f\300\f`\037\340\037\34000xxxx\000\000\000\000\000\000\000\000\000\000\000\000\000\000\000\000?\200?\300\030`\030`\030\340\037\300\037\340\030p\0300\0300?\360?\340\000\000\000\000\000\000\000\000\000\000\000\000\000\000\000\000\007\260\017\360\034p800\0000\0000\0000\00080\034p\017\340\007\300\000\000\000\000\000\000\000\000\000\000\000\000\000\000\000\000\177\200\177\3000\3400p000000000p0\340\177\300\177\200\000\000\000\000\000\000\000\000\000\000\000\000\000\000\000\000?\360?\360\0300\0300\031\200\037\200\037\200\031\200\0300\0300?\360?\360\000\000\000\000\000\000\000\000\000\000\000\000\000\000\000\000?\360?\360\0300\0300\031\200\037\200\037\200\031\200\030\000\030\000?\000?\000\000\000\000\000\000\000\000\000\000\000\000\000\000\000\000\000\007\260\037\360\030p000\0000\0001\3701\37000\0300\037\360\007\300\000\000\000\000\000\000\000\000\000\000\000\000\000\000\000\000<\360<\360\030`\030`\030`\037\340\037\340\030`\030`\030`<\360<\360\000\000\000\000\000\000\000\000\000\000\000\000\000\000\000\000\037\340\037\340\003\000\003\000\003\000\003\000\003\000\003\000\003\000\003\000\037\340\037\340\000\000\000\000\000\000\000\000\000\000\000\000\000\000\000\000\003\370\003\370\000`\000`\000`\000`0`0`0`0\340?\300\017\200\000\000\000\000\000\000\000\000\000\000\000\000\000\000\000\000>\370>\370\030\340\031\200\033\000\037\000\035\200\030\300\030\300\030`>x>8\000\000\000\000\000\000\000\000\000\000\000\000\000\000\000\000?\000?\000\f\000\f\000\f\000\f\000\f\000\f0\f0\f0?\360?\360\000\000\000\000\000\000\000\000\000\000\000\000\000\000\000\000xxxx8p<\3604\2607\2607\260303000|\370|\370\000\000\000\000\000\000\000\000\000\000\000\000\000\000\000\0009\360=\360\034`\036`\036`\033`\033`\031\340\031\340\030\340>\340>`\000\000\000\000\000\000\000\000\000\000\000\000\000\000\000\000\007\200\017\300\034\3408p000000008p\034\340\017\300\007\200\000\000\000\000\000\000\000\000\000\000\000\000\000\000\000\000?\300?\340\030p\0300\0300\030p\037\340\037\300\030\000\030\000?\000?\000\000\000\000\000\000\000\000\000\000\000\000\000\000\000\000\000\007\200\017\300\034\3408p000000008p\034\340\017\300\007\200\007\260\017\360\f\340\000\000\000\000\000\000\000\000\000\000?\300?\340\030p\0300\030p\037\340\037\300\030\340\030`\030p>8>\030\000\000\000\000\000\000\000\000\000\000\000\000\000\000\000\000\017\260\037\3608p008\000\037\200\007\340\000p008p?\3407\300\000\000\000\000\000\000\000\000\000\000\000\000\000\000\000\000?\360?\360303030\003\000\003\000\003\000\003\000\003\000\017\300\017\300\000\000\000\000\000\000\000\000\000\000\000\000\000\000\000\000<\360<\360\030`\030`\030`\030`\030`\030`\030`\034\340\017\300\007\200\000\000\000\000\000\000\000\000\000\000\000\000\000\000\000\000x\360x\3600`0`\030\300\030\300\r\200\r\200\r\200\007\000\007\000\007\000\000\000\000\000\000\000\000\000\000\000\000\000\000\000\000\000||||0\0303\2303\2303\2306\330\026\320\034p\034p\034p\0300\000\000\000\000\000\000\000\000\000\000\000\000\000\000\000\000x\360x\3600`\030\300\r\200\007\000\007\000\r\200\030\3000`x\360x\360\000\000\000\000\000\000\000\000\000\000\000\000\000\000\000\000<\360<\360\030`\f\300\007\200\007\200\003\000\003\000\003\000\003\000\017\300\017\300\000\000\000\000\000\000\000\000\000\000\000\000\000\000\000\000\037\340\037\340\030`\030\300\001\200\003\000\003\000\006\000\f`\030`\037\340\037\340\000\000\000\000\000\000\000\000\000\000\000\000\000\000\003\300\003\300\003\000\003\000\003\000\003\000\003\000\003\000\003\000\003\000\003\000\003\000\003\000\003\000\003\300\003\300\000\000\000\000\000\000\030\000\030\000\f\000\f\000\f\000\006\000\006\000\003\000\003\000\001\200\001\200\000\300\000\300\000\300\000`\000`\000\000\000\000\000\000\000\000\000\000\017\000\017\000\003\000\003\000\003\000\003\000\003\000\003\000\003\000\003\000\003\000\003\000\003\000\003\000\017\000\017\000\000\000\000\000\000\000\000\000\002\000\007\000\r\200\030\3000`  \000\000\000\000\000\000\000\000\000\000\000\000\000\000\000\000\000\000\000\000\000\000\000\000\000\000\000\000\000\000\000\000\000\000\000\000\000\000\000\000\000\000\000\000\000\000\000\000\000\000\000\000\000\000\000\000\000\000\000\000\000\000\377\374\377\374\000\000\004\000\003\000\000\200\000\000\000\000\000\000\000\000\000\000\000\000\000\000\000\000\000\000\000\000\000\000\000\000\000\000\000\000\000\000\000\000\000\000\000\000\000\000\000\000\000\000\017\300\037\340\000`\017\340\037\3408`0\340?\360\037p\000\000\000\000\000\000\000\000\000\000\000\000\000\000p\000p\0000\0000\0007\200?\3408`0000008`\177\340w\200\000\000\000\000\000\000\000\000\000\000\000\000\000\000\000\000\000\000\000\000\000\000\007\260\037\360\0300000\0000\00080\037\360\017\300\000\000\000\000\000\000\000\000\000\000\000\000\000\000\000p\000p\0000\0000\007\260\037\360\030p0000008p\037\370\007\270\000\000\000\000\000\000\000\000\000\000\000\000\000\000\000\000\000\000\000\000\000\000\007\200\037\340\030`?\360?\3600\000\0300\037\360\007\300\000\000\000\000\000\000\000\000\000\000\000\000\000\000\003\360\007\360\006\000\006\000\037\340\037\340\006\000\006\000\006\000\006\000\006\000\037\340\037\340\000\000\000\000\000\000\000\000\000\000\000\000\000\000\000\000\000\000\000\000\000\000\007\270\037\370\030p000000\030p\037\360\007\260\0000\000p\017\340\017\300\000\000\000\000\000\0008\0008\000\030\000\030\000\033\300\037\340\034`\030`\030`\030`\030`<\360<\360\000\000\000\000\000\000\000\000\000\000\000\000\000\000\003\000\003\000\000\000\000\000\037\000\037\000\003\000\003\000\003\000\003\000\003\000\037\340\037\340\000\000\000\000\000\000\000\000\000\000\000\000\000\000\003\000\003\000\000\000\000\000\037\300\037\300\000\300\000\300\000\300\000\300\000\300\000\300\000\300\000\300\001\300?\200?\000\000\000\000\000\000\0008\0008\000\030\000\030\000\033\340\033\340\033\000\036\000\036\000\033\000\031\2009\3609\360\000\000\000\000\000\000\000\000\000\000\000\000\000\000\037\000\037\000\003\000\003\000\003\000\003\000\003\000\003\000\003\000\003\000\003\000\037\340\037\340\000\000\000\000\000\000\000\000\000\000\000\000\000\000\000\000\000\000\000\000\000\000~\340\177\3603030303030{\270{\270\000\000\000\000\000\000\000\000\000\000\000\000\000\000\000\000\000\000\000\000\000\000;\300?\340\034`\030`\030`\030`\030`<\360<\360\000\000\000\000\000\000\000\000\000\000\000\000\000\000\000\000\000\000\000\000\000\000\007\200\037\340\030`000000\030`\037\340\007\200\000\000\000\000\000\000\000\000\000\000\000\000\000\000\000\000\000\000\000\000\000\000w\200\177\3408`0000008`?\3407\2000\0000\000|\000|\000\000\000\000\000\000\000\000\000\000\000\000\000\000\000\007\270\037\370\030p000000\030p\037\360\007\260\0000\0000\000\370\000\370\000\000\000\000\000\000\000\000\000\000\000\000\000\000<\340=\360\0170\016\000\f\000\f\000\f\000?\300?\300\000\000\000\000\000\000\000\000\000\000\000\000\000\000\000\000\000\000\000\000\000\000\007\340\037\340\030`\036\000\017\300\001\340\030`\037\340\037\200\000\000\000\000\000\000\000\000\000\000\000\000\000\000\000\000\f\000\f\000\f\000?\340?\340\f\000\f\000\f\000\f\000\f0\017\360\007\300\000\000\000\000\000\000\000\000\000\000\000\000\000\000\000\000\000\000\000\000\000\0008\3408\340\030`\030`\030`\030`\030\340\037\360\017p\000\000\000\000\000\000\000\000\000\000\000\000\000\000\000\000\000\000\000\000\000\000x\360x\3600`\030\300\030\300\r\200\r\200\007\000\007\000\000\000\000\000\000\000\000\000\000\000\000\000\000\000\000\000\000\000\000\000\000\000x\360x\3602`2`7\340\035\300\035\300\030\300\030\300\000\000\000\000\000\000\000\000\000\000\000\000\000\000\000\000\000\000\000\000\000\000<\360<\360\f\300\007\200\003\000\007\200\f\300<\360<\360\000\000\000\000\000\000\000\000\000\000\000\000\000\000\000\000\000\000\000\000\000\000x\360x\3600`\030\300\030\300\r\200\017\200\007\000\006\000\006\000\f\000\177\000\177\000\000\000\000\000\000\000\000\000\000\000\000\000\000\000\037\340\037\340\030\300\001\200\003\000\006\000\f`\037\340\037\340\000\000\000\000\000\000\000\000\000\000\000\000\000\000\001\300\003\300\003\000\003\000\003\000\003\000\003\000\007\000\016\000\007\000\003\000\003\000\003\000\003\000\003\300\001\300\000\000\000\000\000\000\000\000\003\000\003\000\003\000\003\000\003\000\003\000\003\000\003\000\003\000\003\000\003\000\003\000\003\000\003\000\003\000\003\000\000\000\000\000\000\000\000\000\034\000\036\000\006\000\006\000\006\000\006\000\006\000\007\000\003\200\007\000\006\000\006\000\006\000\006\000\036\000\034\000\000\000\000\000\000\000\000\000\000\000\000\000\000\000\000\000\000\000\016\000?03\360\001\340"
	.zero	20
	.size	Font20_Table, 3800

	.hidden	Font20                          @ @Font20
	.type	Font20,%object
	.section	.data.Font20,"aw",%progbits
	.globl	Font20
	.p2align	2
Font20:
	.long	Font20_Table
	.short	14                              @ 0xe
	.short	20                              @ 0x14
	.size	Font20, 8

	.section	.debug_abbrev,"",%progbits
	.byte	1                               @ Abbreviation Code
	.byte	17                              @ DW_TAG_compile_unit
	.byte	1                               @ DW_CHILDREN_yes
	.byte	37                              @ DW_AT_producer
	.byte	14                              @ DW_FORM_strp
	.byte	19                              @ DW_AT_language
	.byte	5                               @ DW_FORM_data2
	.byte	3                               @ DW_AT_name
	.byte	14                              @ DW_FORM_strp
	.byte	16                              @ DW_AT_stmt_list
	.byte	6                               @ DW_FORM_data4
	.byte	27                              @ DW_AT_comp_dir
	.byte	14                              @ DW_FORM_strp
	.byte	0                               @ EOM(1)
	.byte	0                               @ EOM(2)
	.byte	2                               @ Abbreviation Code
	.byte	52                              @ DW_TAG_variable
	.byte	0                               @ DW_CHILDREN_no
	.byte	3                               @ DW_AT_name
	.byte	14                              @ DW_FORM_strp
	.byte	73                              @ DW_AT_type
	.byte	19                              @ DW_FORM_ref4
	.byte	63                              @ DW_AT_external
	.byte	12                              @ DW_FORM_flag
	.byte	58                              @ DW_AT_decl_file
	.byte	11                              @ DW_FORM_data1
	.byte	59                              @ DW_AT_decl_line
	.byte	11                              @ DW_FORM_data1
	.byte	2                               @ DW_AT_location
	.byte	10                              @ DW_FORM_block1
	.byte	0                               @ EOM(1)
	.byte	0                               @ EOM(2)
	.byte	3                               @ Abbreviation Code
	.byte	1                               @ DW_TAG_array_type
	.byte	1                               @ DW_CHILDREN_yes
	.byte	73                              @ DW_AT_type
	.byte	19                              @ DW_FORM_ref4
	.byte	0                               @ EOM(1)
	.byte	0                               @ EOM(2)
	.byte	4                               @ Abbreviation Code
	.byte	33                              @ DW_TAG_subrange_type
	.byte	0                               @ DW_CHILDREN_no
	.byte	73                              @ DW_AT_type
	.byte	19                              @ DW_FORM_ref4
	.byte	55                              @ DW_AT_count
	.byte	5                               @ DW_FORM_data2
	.byte	0                               @ EOM(1)
	.byte	0                               @ EOM(2)
	.byte	5                               @ Abbreviation Code
	.byte	38                              @ DW_TAG_const_type
	.byte	0                               @ DW_CHILDREN_no
	.byte	73                              @ DW_AT_type
	.byte	19                              @ DW_FORM_ref4
	.byte	0                               @ EOM(1)
	.byte	0                               @ EOM(2)
	.byte	6                               @ Abbreviation Code
	.byte	22                              @ DW_TAG_typedef
	.byte	0                               @ DW_CHILDREN_no
	.byte	73                              @ DW_AT_type
	.byte	19                              @ DW_FORM_ref4
	.byte	3                               @ DW_AT_name
	.byte	14                              @ DW_FORM_strp
	.byte	58                              @ DW_AT_decl_file
	.byte	11                              @ DW_FORM_data1
	.byte	59                              @ DW_AT_decl_line
	.byte	11                              @ DW_FORM_data1
	.byte	0                               @ EOM(1)
	.byte	0                               @ EOM(2)
	.byte	7                               @ Abbreviation Code
	.byte	36                              @ DW_TAG_base_type
	.byte	0                               @ DW_CHILDREN_no
	.byte	3                               @ DW_AT_name
	.byte	14                              @ DW_FORM_strp
	.byte	62                              @ DW_AT_encoding
	.byte	11                              @ DW_FORM_data1
	.byte	11                              @ DW_AT_byte_size
	.byte	11                              @ DW_FORM_data1
	.byte	0                               @ EOM(1)
	.byte	0                               @ EOM(2)
	.byte	8                               @ Abbreviation Code
	.byte	36                              @ DW_TAG_base_type
	.byte	0                               @ DW_CHILDREN_no
	.byte	3                               @ DW_AT_name
	.byte	14                              @ DW_FORM_strp
	.byte	11                              @ DW_AT_byte_size
	.byte	11                              @ DW_FORM_data1
	.byte	62                              @ DW_AT_encoding
	.byte	11                              @ DW_FORM_data1
	.byte	0                               @ EOM(1)
	.byte	0                               @ EOM(2)
	.byte	9                               @ Abbreviation Code
	.byte	52                              @ DW_TAG_variable
	.byte	0                               @ DW_CHILDREN_no
	.byte	3                               @ DW_AT_name
	.byte	14                              @ DW_FORM_strp
	.byte	73                              @ DW_AT_type
	.byte	19                              @ DW_FORM_ref4
	.byte	63                              @ DW_AT_external
	.byte	12                              @ DW_FORM_flag
	.byte	58                              @ DW_AT_decl_file
	.byte	11                              @ DW_FORM_data1
	.byte	59                              @ DW_AT_decl_line
	.byte	5                               @ DW_FORM_data2
	.byte	2                               @ DW_AT_location
	.byte	10                              @ DW_FORM_block1
	.byte	0                               @ EOM(1)
	.byte	0                               @ EOM(2)
	.byte	10                              @ Abbreviation Code
	.byte	19                              @ DW_TAG_structure_type
	.byte	1                               @ DW_CHILDREN_yes
	.byte	3                               @ DW_AT_name
	.byte	14                              @ DW_FORM_strp
	.byte	11                              @ DW_AT_byte_size
	.byte	11                              @ DW_FORM_data1
	.byte	58                              @ DW_AT_decl_file
	.byte	11                              @ DW_FORM_data1
	.byte	59                              @ DW_AT_decl_line
	.byte	11                              @ DW_FORM_data1
	.byte	0                               @ EOM(1)
	.byte	0                               @ EOM(2)
	.byte	11                              @ Abbreviation Code
	.byte	13                              @ DW_TAG_member
	.byte	0                               @ DW_CHILDREN_no
	.byte	3                               @ DW_AT_name
	.byte	14                              @ DW_FORM_strp
	.byte	73                              @ DW_AT_type
	.byte	19                              @ DW_FORM_ref4
	.byte	58                              @ DW_AT_decl_file
	.byte	11                              @ DW_FORM_data1
	.byte	59                              @ DW_AT_decl_line
	.byte	11                              @ DW_FORM_data1
	.byte	56                              @ DW_AT_data_member_location
	.byte	11                              @ DW_FORM_data1
	.byte	0                               @ EOM(1)
	.byte	0                               @ EOM(2)
	.byte	12                              @ Abbreviation Code
	.byte	15                              @ DW_TAG_pointer_type
	.byte	0                               @ DW_CHILDREN_no
	.byte	73                              @ DW_AT_type
	.byte	19                              @ DW_FORM_ref4
	.byte	0                               @ EOM(1)
	.byte	0                               @ EOM(2)
	.byte	0                               @ EOM(3)
	.section	.debug_info,"",%progbits
.Lcu_begin0:
	.long	.Ldebug_info_end0-.Ldebug_info_start0 @ Length of Unit
.Ldebug_info_start0:
	.short	3                               @ DWARF version number
	.long	.debug_abbrev                   @ Offset Into Abbrev. Section
	.byte	4                               @ Address Size (in bytes)
	.byte	1                               @ Abbrev [1] 0xb:0xb3 DW_TAG_compile_unit
	.long	.Linfo_string0                  @ DW_AT_producer
	.short	12                              @ DW_AT_language
	.long	.Linfo_string1                  @ DW_AT_name
	.long	.Lline_table_start0             @ DW_AT_stmt_list
	.long	.Linfo_string2                  @ DW_AT_comp_dir
	.byte	2                               @ Abbrev [2] 0x1e:0x12 DW_TAG_variable
	.long	.Linfo_string3                  @ DW_AT_name
	.long	48                              @ DW_AT_type
	.byte	1                               @ DW_AT_external
	.byte	2                               @ DW_AT_decl_file
	.byte	42                              @ DW_AT_decl_line
	.byte	5                               @ DW_AT_location
	.byte	3
	.long	Font20_Table
	.byte	3                               @ Abbrev [3] 0x30:0xd DW_TAG_array_type
	.long	61                              @ DW_AT_type
	.byte	4                               @ Abbrev [4] 0x35:0x7 DW_TAG_subrange_type
	.long	84                              @ DW_AT_type
	.short	3800                            @ DW_AT_count
	.byte	0                               @ End Of Children Mark
	.byte	5                               @ Abbrev [5] 0x3d:0x5 DW_TAG_const_type
	.long	66                              @ DW_AT_type
	.byte	6                               @ Abbrev [6] 0x42:0xb DW_TAG_typedef
	.long	77                              @ DW_AT_type
	.long	.Linfo_string5                  @ DW_AT_name
	.byte	1                               @ DW_AT_decl_file
	.byte	62                              @ DW_AT_decl_line
	.byte	7                               @ Abbrev [7] 0x4d:0x7 DW_TAG_base_type
	.long	.Linfo_string4                  @ DW_AT_name
	.byte	8                               @ DW_AT_encoding
	.byte	1                               @ DW_AT_byte_size
	.byte	8                               @ Abbrev [8] 0x54:0x7 DW_TAG_base_type
	.long	.Linfo_string6                  @ DW_AT_name
	.byte	8                               @ DW_AT_byte_size
	.byte	7                               @ DW_AT_encoding
	.byte	9                               @ Abbrev [9] 0x5b:0x13 DW_TAG_variable
	.long	.Linfo_string7                  @ DW_AT_name
	.long	110                             @ DW_AT_type
	.byte	1                               @ DW_AT_external
	.byte	2                               @ DW_AT_decl_file
	.short	2136                            @ DW_AT_decl_line
	.byte	5                               @ DW_AT_location
	.byte	3
	.long	Font20
	.byte	6                               @ Abbrev [6] 0x6e:0xb DW_TAG_typedef
	.long	121                             @ DW_AT_type
	.long	.Linfo_string14                 @ DW_AT_name
	.byte	3                               @ DW_AT_decl_file
	.byte	60                              @ DW_AT_decl_line
	.byte	10                              @ Abbrev [10] 0x79:0x2d DW_TAG_structure_type
	.long	.Linfo_string13                 @ DW_AT_name
	.byte	8                               @ DW_AT_byte_size
	.byte	3                               @ DW_AT_decl_file
	.byte	54                              @ DW_AT_decl_line
	.byte	11                              @ Abbrev [11] 0x81:0xc DW_TAG_member
	.long	.Linfo_string8                  @ DW_AT_name
	.long	166                             @ DW_AT_type
	.byte	3                               @ DW_AT_decl_file
	.byte	56                              @ DW_AT_decl_line
	.byte	0                               @ DW_AT_data_member_location
	.byte	11                              @ Abbrev [11] 0x8d:0xc DW_TAG_member
	.long	.Linfo_string9                  @ DW_AT_name
	.long	171                             @ DW_AT_type
	.byte	3                               @ DW_AT_decl_file
	.byte	57                              @ DW_AT_decl_line
	.byte	4                               @ DW_AT_data_member_location
	.byte	11                              @ Abbrev [11] 0x99:0xc DW_TAG_member
	.long	.Linfo_string12                 @ DW_AT_name
	.long	171                             @ DW_AT_type
	.byte	3                               @ DW_AT_decl_file
	.byte	58                              @ DW_AT_decl_line
	.byte	6                               @ DW_AT_data_member_location
	.byte	0                               @ End Of Children Mark
	.byte	12                              @ Abbrev [12] 0xa6:0x5 DW_TAG_pointer_type
	.long	61                              @ DW_AT_type
	.byte	6                               @ Abbrev [6] 0xab:0xb DW_TAG_typedef
	.long	182                             @ DW_AT_type
	.long	.Linfo_string11                 @ DW_AT_name
	.byte	1                               @ DW_AT_decl_file
	.byte	63                              @ DW_AT_decl_line
	.byte	7                               @ Abbrev [7] 0xb6:0x7 DW_TAG_base_type
	.long	.Linfo_string10                 @ DW_AT_name
	.byte	7                               @ DW_AT_encoding
	.byte	2                               @ DW_AT_byte_size
	.byte	0                               @ End Of Children Mark
.Ldebug_info_end0:
	.section	.debug_str,"MS",%progbits,1
.Linfo_string0:
	.asciz	"Component: ARM Compiler 6.15 Tool: armclang [5dd79400]" @ string offset=0
.Linfo_string1:
	.asciz	"SSD1327_Fonts\\font20.c"       @ string offset=55
.Linfo_string2:
	.asciz	"C:\\Users\\shw26\\OneDrive\\Desktop\\2021\\2021-1\\\354\272\241\354\212\244\355\206\244\353\224\224\354\236\220\354\235\2702\\Nuvoton\\M2351_BSP_v3.00.004\\M2351Series_BSP_CMSIS_V3.00.004\\MyProject\\PulseMonitoring\\NonSecure" @ string offset=78
.Linfo_string3:
	.asciz	"Font20_Table"                  @ string offset=238
.Linfo_string4:
	.asciz	"unsigned char"                 @ string offset=251
.Linfo_string5:
	.asciz	"uint8_t"                       @ string offset=265
.Linfo_string6:
	.asciz	"__ARRAY_SIZE_TYPE__"           @ string offset=273
.Linfo_string7:
	.asciz	"Font20"                        @ string offset=293
.Linfo_string8:
	.asciz	"table"                         @ string offset=300
.Linfo_string9:
	.asciz	"Width"                         @ string offset=306
.Linfo_string10:
	.asciz	"unsigned short"                @ string offset=312
.Linfo_string11:
	.asciz	"uint16_t"                      @ string offset=327
.Linfo_string12:
	.asciz	"Height"                        @ string offset=336
.Linfo_string13:
	.asciz	"_tFont"                        @ string offset=343
.Linfo_string14:
	.asciz	"sFONT"                         @ string offset=350
	.ident	"Component: ARM Compiler 6.15 Tool: armclang [5dd79400]"
	.section	".note.GNU-stack","",%progbits
	.ARM_attribute	16, 1	@ Tag_AV_eba
	.section	.debug_line,"",%progbits
.Lline_table_start0:
