	.text
	.syntax unified
	.eabi_attribute	67, "2.09"	@ Tag_conformance
	.cpu	cortex-m23
	.eabi_attribute	6, 16	@ Tag_CPU_arch
	.eabi_attribute	7, 77	@ Tag_CPU_arch_profile
	.eabi_attribute	8, 0	@ Tag_ARM_ISA_use
	.eabi_attribute	9, 3	@ Tag_THUMB_ISA_use
	.eabi_attribute	34, 0	@ Tag_CPU_unaligned_access
	.eabi_attribute	17, 1	@ Tag_ABI_PCS_GOT_use
	.eabi_attribute	20, 2	@ Tag_ABI_FP_denormal
	.eabi_attribute	21, 0	@ Tag_ABI_FP_exceptions
	.eabi_attribute	23, 1	@ Tag_ABI_FP_number_model
	.eabi_attribute	24, 1	@ Tag_ABI_align_needed
	.eabi_attribute	25, 1	@ Tag_ABI_align_preserved
	.eabi_attribute	38, 1	@ Tag_ABI_FP_16bit_format
	.eabi_attribute	18, 4	@ Tag_ABI_PCS_wchar_t
	.eabi_attribute	26, 2	@ Tag_ABI_enum_size
	.eabi_attribute	14, 0	@ Tag_ABI_PCS_R9_use
	.file	"font12.c"
	.file	1 "C:\\" "Keil_v5\\ARM\\ARMCLANG\\Bin\\..\\include\\stdint.h"
	.file	2 "C:\\Users\\shw26\\OneDrive\\Desktop\\2021\\2021-1\\\354\272\241\354\212\244\355\206\244\353\224\224\354\236\220\354\235\2702\\Nuvoton\\M2351_BSP_v3.00.004\\M2351Series_BSP_CMSIS_V3.00.004\\MyProject\\PulseMonitoring\\NonSecure" "SSD1327_Fonts/font12.c"
	.file	3 "C:\\Users\\shw26\\OneDrive\\Desktop\\2021\\2021-1\\\354\272\241\354\212\244\355\206\244\353\224\224\354\236\220\354\235\2702\\Nuvoton\\M2351_BSP_v3.00.004\\M2351Series_BSP_CMSIS_V3.00.004\\MyProject\\PulseMonitoring\\NonSecure" "./SSD1327_Fonts/fonts.h"
	.hidden	Font12_Table                    @ @Font12_Table
	.type	Font12_Table,%object
	.section	.rodata.Font12_Table,"a",%progbits
	.globl	Font12_Table
Font12_Table:
	.asciz	"\000\000\000\000\000\000\000\000\000\000\000\000\000\020\020\020\020\020\000\000\020\000\000\000\000lHH\000\000\000\000\000\000\000\000\000\024\024(|(|(PP\000\000\000\0208@@8Hp\020\020\000\000\000 P \fp\b\024\b\000\000\000\000\000\000\030  TH4\000\000\000\000\020\020\020\020\000\000\000\000\000\000\000\000\b\b\020\020\020\020\020\020\b\b\000\000  \020\020\020\020\020\020  \000\000\020|\020((\000\000\000\000\000\000\000\000\020\020\020\376\020\020\020\000\000\000\000\000\000\000\000\000\000\030\0200 \000\000\000\000\000\000|\000\000\000\000\000\000\000\000\000\000\000\000\00000\000\000\000\000\004\004\b\b\020\020  @\000\000\0008DDDDDD8\000\000\000\0000\020\020\020\020\020\020|\000\000\000\0008D\004\b\020 D|\000\000\000\0008D\004\030\004\004D8\000\000\000\000\f\024\024$D~\004\016\000\000\000\000<  8\004\004D8\000\000\000\000\034 @xDDD8\000\000\000\000|D\004\b\b\b\020\020\000\000\000\0008DD8DDD8\000\000\000\0008DDD<\004\bp\000\000\000\000\000\00000\000\00000\000\000\000\000\000\000\030\030\000\000\0300 \000\000\000\000\f\020`\200`\020\f\000\000\000\000\000\000\000|\000|\000\000\000\000\000\000\000\300 \030\004\030 \300\000\000\000\000\000\030$\004\b\020\0000\000\000\0008DDLTTL@D8\000\000\0000\020(((|D\356\000\000\000\000\370DDxDDD\370\000\000\000\000<D@@@@D8\000\000\000\000\360HDDDDH\360\000\000\000\000\374DPpP@D\374\000\000\000\000~\"(8(  p\000\000\000\000<D@@NDD8\000\000\000\000\356DD|DDD\356\000\000\000\000|\020\020\020\020\020\020|\000\000\000\000<\b\b\bHHH0\000\000\000\000\356DHPpHD\346\000\000\000\000p    $$|\000\000\000\000\356llTTDD\356\000\000\000\000\356ddTTTL\354\000\000\000\0008DDDDDD8\000\000\000\000x$$$8  p\000\000\000\0008DDDDDD8\034\000\000\000\370DDDxHD\342\000\000\000\0004L@8\004\004dX\000\000\000\000\376\222\020\020\020\020\0208\000\000\000\000\356DDDDDD8\000\000\000\000\356DD(((\020\020\000\000\000\000\356DDTTTT(\000\000\000\000\306D(\020\020(D\306\000\000\000\000\356D((\020\020\0208\000\000\000\000|D\b\020\020 D|\000\000\000\0008        8\000\000@   \020\020\b\b\b\000\000\0008\b\b\b\b\b\b\b\b8\000\000\020\020(D\000\000\000\000\000\000\000\000\000\000\000\000\000\000\000\000\000\000\376\000\020\b\000\000\000\000\000\000\000\000\000\000\000\0008D<DD>\000\000\000\000\300@XdDDD\370\000\000\000\000\000\000<D@@D8\000\000\000\000\f\0044LDDD>\000\000\000\000\000\0008D|@@<\000\000\000\000\034 |    |\000\000\000\000\000\0006LDDD<\0048\000\000\300@XdDDD\356\000\000\000\000\020\000p\020\020\020\020|\000\000\000\000\020\000x\b\b\b\b\b\bp\000\000\300@\\HpPH\334\000\000\000\0000\020\020\020\020\020\020|\000\000\000\000\000\000\350TTTT\376\000\000\000\000\000\000\330dDDD\356\000\000\000\000\000\0008DDDD8\000\000\000\000\000\000\330dDDDx@\340\000\000\000\0006LDDD<\004\016\000\000\000\000l0   |\000\000\000\000\000\000<D8\004Dx\000\000\000\000\000 |   \"\034\000\000\000\000\000\000\314DDDL6\000\000\000\000\000\000\356DD((\020\000\000\000\000\000\000\356DTTT(\000\000\000\000\000\000\314H00H\314\000\000\000\000\000\000\356D$(\030\020\020x\000\000\000\000|H\020 D|\000\000\000\000\b\020\020\020\020 \020\020\020\b\000\000\020\020\020\020\020\020\020\020\020\000\000\000 \020\020\020\020\b\020\020\020 \000\000\000\000\000\000$X\000\000\000\000"
	.size	Font12_Table, 1140

	.hidden	Font12                          @ @Font12
	.type	Font12,%object
	.section	.data.Font12,"aw",%progbits
	.globl	Font12
	.p2align	2
Font12:
	.long	Font12_Table
	.short	7                               @ 0x7
	.short	12                              @ 0xc
	.size	Font12, 8

	.section	.debug_abbrev,"",%progbits
	.byte	1                               @ Abbreviation Code
	.byte	17                              @ DW_TAG_compile_unit
	.byte	1                               @ DW_CHILDREN_yes
	.byte	37                              @ DW_AT_producer
	.byte	14                              @ DW_FORM_strp
	.byte	19                              @ DW_AT_language
	.byte	5                               @ DW_FORM_data2
	.byte	3                               @ DW_AT_name
	.byte	14                              @ DW_FORM_strp
	.byte	16                              @ DW_AT_stmt_list
	.byte	6                               @ DW_FORM_data4
	.byte	27                              @ DW_AT_comp_dir
	.byte	14                              @ DW_FORM_strp
	.byte	0                               @ EOM(1)
	.byte	0                               @ EOM(2)
	.byte	2                               @ Abbreviation Code
	.byte	52                              @ DW_TAG_variable
	.byte	0                               @ DW_CHILDREN_no
	.byte	3                               @ DW_AT_name
	.byte	14                              @ DW_FORM_strp
	.byte	73                              @ DW_AT_type
	.byte	19                              @ DW_FORM_ref4
	.byte	63                              @ DW_AT_external
	.byte	12                              @ DW_FORM_flag
	.byte	58                              @ DW_AT_decl_file
	.byte	11                              @ DW_FORM_data1
	.byte	59                              @ DW_AT_decl_line
	.byte	11                              @ DW_FORM_data1
	.byte	2                               @ DW_AT_location
	.byte	10                              @ DW_FORM_block1
	.byte	0                               @ EOM(1)
	.byte	0                               @ EOM(2)
	.byte	3                               @ Abbreviation Code
	.byte	1                               @ DW_TAG_array_type
	.byte	1                               @ DW_CHILDREN_yes
	.byte	73                              @ DW_AT_type
	.byte	19                              @ DW_FORM_ref4
	.byte	0                               @ EOM(1)
	.byte	0                               @ EOM(2)
	.byte	4                               @ Abbreviation Code
	.byte	33                              @ DW_TAG_subrange_type
	.byte	0                               @ DW_CHILDREN_no
	.byte	73                              @ DW_AT_type
	.byte	19                              @ DW_FORM_ref4
	.byte	55                              @ DW_AT_count
	.byte	5                               @ DW_FORM_data2
	.byte	0                               @ EOM(1)
	.byte	0                               @ EOM(2)
	.byte	5                               @ Abbreviation Code
	.byte	38                              @ DW_TAG_const_type
	.byte	0                               @ DW_CHILDREN_no
	.byte	73                              @ DW_AT_type
	.byte	19                              @ DW_FORM_ref4
	.byte	0                               @ EOM(1)
	.byte	0                               @ EOM(2)
	.byte	6                               @ Abbreviation Code
	.byte	22                              @ DW_TAG_typedef
	.byte	0                               @ DW_CHILDREN_no
	.byte	73                              @ DW_AT_type
	.byte	19                              @ DW_FORM_ref4
	.byte	3                               @ DW_AT_name
	.byte	14                              @ DW_FORM_strp
	.byte	58                              @ DW_AT_decl_file
	.byte	11                              @ DW_FORM_data1
	.byte	59                              @ DW_AT_decl_line
	.byte	11                              @ DW_FORM_data1
	.byte	0                               @ EOM(1)
	.byte	0                               @ EOM(2)
	.byte	7                               @ Abbreviation Code
	.byte	36                              @ DW_TAG_base_type
	.byte	0                               @ DW_CHILDREN_no
	.byte	3                               @ DW_AT_name
	.byte	14                              @ DW_FORM_strp
	.byte	62                              @ DW_AT_encoding
	.byte	11                              @ DW_FORM_data1
	.byte	11                              @ DW_AT_byte_size
	.byte	11                              @ DW_FORM_data1
	.byte	0                               @ EOM(1)
	.byte	0                               @ EOM(2)
	.byte	8                               @ Abbreviation Code
	.byte	36                              @ DW_TAG_base_type
	.byte	0                               @ DW_CHILDREN_no
	.byte	3                               @ DW_AT_name
	.byte	14                              @ DW_FORM_strp
	.byte	11                              @ DW_AT_byte_size
	.byte	11                              @ DW_FORM_data1
	.byte	62                              @ DW_AT_encoding
	.byte	11                              @ DW_FORM_data1
	.byte	0                               @ EOM(1)
	.byte	0                               @ EOM(2)
	.byte	9                               @ Abbreviation Code
	.byte	52                              @ DW_TAG_variable
	.byte	0                               @ DW_CHILDREN_no
	.byte	3                               @ DW_AT_name
	.byte	14                              @ DW_FORM_strp
	.byte	73                              @ DW_AT_type
	.byte	19                              @ DW_FORM_ref4
	.byte	63                              @ DW_AT_external
	.byte	12                              @ DW_FORM_flag
	.byte	58                              @ DW_AT_decl_file
	.byte	11                              @ DW_FORM_data1
	.byte	59                              @ DW_AT_decl_line
	.byte	5                               @ DW_FORM_data2
	.byte	2                               @ DW_AT_location
	.byte	10                              @ DW_FORM_block1
	.byte	0                               @ EOM(1)
	.byte	0                               @ EOM(2)
	.byte	10                              @ Abbreviation Code
	.byte	19                              @ DW_TAG_structure_type
	.byte	1                               @ DW_CHILDREN_yes
	.byte	3                               @ DW_AT_name
	.byte	14                              @ DW_FORM_strp
	.byte	11                              @ DW_AT_byte_size
	.byte	11                              @ DW_FORM_data1
	.byte	58                              @ DW_AT_decl_file
	.byte	11                              @ DW_FORM_data1
	.byte	59                              @ DW_AT_decl_line
	.byte	11                              @ DW_FORM_data1
	.byte	0                               @ EOM(1)
	.byte	0                               @ EOM(2)
	.byte	11                              @ Abbreviation Code
	.byte	13                              @ DW_TAG_member
	.byte	0                               @ DW_CHILDREN_no
	.byte	3                               @ DW_AT_name
	.byte	14                              @ DW_FORM_strp
	.byte	73                              @ DW_AT_type
	.byte	19                              @ DW_FORM_ref4
	.byte	58                              @ DW_AT_decl_file
	.byte	11                              @ DW_FORM_data1
	.byte	59                              @ DW_AT_decl_line
	.byte	11                              @ DW_FORM_data1
	.byte	56                              @ DW_AT_data_member_location
	.byte	11                              @ DW_FORM_data1
	.byte	0                               @ EOM(1)
	.byte	0                               @ EOM(2)
	.byte	12                              @ Abbreviation Code
	.byte	15                              @ DW_TAG_pointer_type
	.byte	0                               @ DW_CHILDREN_no
	.byte	73                              @ DW_AT_type
	.byte	19                              @ DW_FORM_ref4
	.byte	0                               @ EOM(1)
	.byte	0                               @ EOM(2)
	.byte	0                               @ EOM(3)
	.section	.debug_info,"",%progbits
.Lcu_begin0:
	.long	.Ldebug_info_end0-.Ldebug_info_start0 @ Length of Unit
.Ldebug_info_start0:
	.short	3                               @ DWARF version number
	.long	.debug_abbrev                   @ Offset Into Abbrev. Section
	.byte	4                               @ Address Size (in bytes)
	.byte	1                               @ Abbrev [1] 0xb:0xb3 DW_TAG_compile_unit
	.long	.Linfo_string0                  @ DW_AT_producer
	.short	12                              @ DW_AT_language
	.long	.Linfo_string1                  @ DW_AT_name
	.long	.Lline_table_start0             @ DW_AT_stmt_list
	.long	.Linfo_string2                  @ DW_AT_comp_dir
	.byte	2                               @ Abbrev [2] 0x1e:0x12 DW_TAG_variable
	.long	.Linfo_string3                  @ DW_AT_name
	.long	48                              @ DW_AT_type
	.byte	1                               @ DW_AT_external
	.byte	2                               @ DW_AT_decl_file
	.byte	45                              @ DW_AT_decl_line
	.byte	5                               @ DW_AT_location
	.byte	3
	.long	Font12_Table
	.byte	3                               @ Abbrev [3] 0x30:0xd DW_TAG_array_type
	.long	61                              @ DW_AT_type
	.byte	4                               @ Abbrev [4] 0x35:0x7 DW_TAG_subrange_type
	.long	84                              @ DW_AT_type
	.short	1140                            @ DW_AT_count
	.byte	0                               @ End Of Children Mark
	.byte	5                               @ Abbrev [5] 0x3d:0x5 DW_TAG_const_type
	.long	66                              @ DW_AT_type
	.byte	6                               @ Abbrev [6] 0x42:0xb DW_TAG_typedef
	.long	77                              @ DW_AT_type
	.long	.Linfo_string5                  @ DW_AT_name
	.byte	1                               @ DW_AT_decl_file
	.byte	62                              @ DW_AT_decl_line
	.byte	7                               @ Abbrev [7] 0x4d:0x7 DW_TAG_base_type
	.long	.Linfo_string4                  @ DW_AT_name
	.byte	8                               @ DW_AT_encoding
	.byte	1                               @ DW_AT_byte_size
	.byte	8                               @ Abbrev [8] 0x54:0x7 DW_TAG_base_type
	.long	.Linfo_string6                  @ DW_AT_name
	.byte	8                               @ DW_AT_byte_size
	.byte	7                               @ DW_AT_encoding
	.byte	9                               @ Abbrev [9] 0x5b:0x13 DW_TAG_variable
	.long	.Linfo_string7                  @ DW_AT_name
	.long	110                             @ DW_AT_type
	.byte	1                               @ DW_AT_external
	.byte	2                               @ DW_AT_decl_file
	.short	1378                            @ DW_AT_decl_line
	.byte	5                               @ DW_AT_location
	.byte	3
	.long	Font12
	.byte	6                               @ Abbrev [6] 0x6e:0xb DW_TAG_typedef
	.long	121                             @ DW_AT_type
	.long	.Linfo_string14                 @ DW_AT_name
	.byte	3                               @ DW_AT_decl_file
	.byte	60                              @ DW_AT_decl_line
	.byte	10                              @ Abbrev [10] 0x79:0x2d DW_TAG_structure_type
	.long	.Linfo_string13                 @ DW_AT_name
	.byte	8                               @ DW_AT_byte_size
	.byte	3                               @ DW_AT_decl_file
	.byte	54                              @ DW_AT_decl_line
	.byte	11                              @ Abbrev [11] 0x81:0xc DW_TAG_member
	.long	.Linfo_string8                  @ DW_AT_name
	.long	166                             @ DW_AT_type
	.byte	3                               @ DW_AT_decl_file
	.byte	56                              @ DW_AT_decl_line
	.byte	0                               @ DW_AT_data_member_location
	.byte	11                              @ Abbrev [11] 0x8d:0xc DW_TAG_member
	.long	.Linfo_string9                  @ DW_AT_name
	.long	171                             @ DW_AT_type
	.byte	3                               @ DW_AT_decl_file
	.byte	57                              @ DW_AT_decl_line
	.byte	4                               @ DW_AT_data_member_location
	.byte	11                              @ Abbrev [11] 0x99:0xc DW_TAG_member
	.long	.Linfo_string12                 @ DW_AT_name
	.long	171                             @ DW_AT_type
	.byte	3                               @ DW_AT_decl_file
	.byte	58                              @ DW_AT_decl_line
	.byte	6                               @ DW_AT_data_member_location
	.byte	0                               @ End Of Children Mark
	.byte	12                              @ Abbrev [12] 0xa6:0x5 DW_TAG_pointer_type
	.long	61                              @ DW_AT_type
	.byte	6                               @ Abbrev [6] 0xab:0xb DW_TAG_typedef
	.long	182                             @ DW_AT_type
	.long	.Linfo_string11                 @ DW_AT_name
	.byte	1                               @ DW_AT_decl_file
	.byte	63                              @ DW_AT_decl_line
	.byte	7                               @ Abbrev [7] 0xb6:0x7 DW_TAG_base_type
	.long	.Linfo_string10                 @ DW_AT_name
	.byte	7                               @ DW_AT_encoding
	.byte	2                               @ DW_AT_byte_size
	.byte	0                               @ End Of Children Mark
.Ldebug_info_end0:
	.section	.debug_str,"MS",%progbits,1
.Linfo_string0:
	.asciz	"Component: ARM Compiler 6.15 Tool: armclang [5dd79400]" @ string offset=0
.Linfo_string1:
	.asciz	"SSD1327_Fonts\\font12.c"       @ string offset=55
.Linfo_string2:
	.asciz	"C:\\Users\\shw26\\OneDrive\\Desktop\\2021\\2021-1\\\354\272\241\354\212\244\355\206\244\353\224\224\354\236\220\354\235\2702\\Nuvoton\\M2351_BSP_v3.00.004\\M2351Series_BSP_CMSIS_V3.00.004\\MyProject\\PulseMonitoring\\NonSecure" @ string offset=78
.Linfo_string3:
	.asciz	"Font12_Table"                  @ string offset=238
.Linfo_string4:
	.asciz	"unsigned char"                 @ string offset=251
.Linfo_string5:
	.asciz	"uint8_t"                       @ string offset=265
.Linfo_string6:
	.asciz	"__ARRAY_SIZE_TYPE__"           @ string offset=273
.Linfo_string7:
	.asciz	"Font12"                        @ string offset=293
.Linfo_string8:
	.asciz	"table"                         @ string offset=300
.Linfo_string9:
	.asciz	"Width"                         @ string offset=306
.Linfo_string10:
	.asciz	"unsigned short"                @ string offset=312
.Linfo_string11:
	.asciz	"uint16_t"                      @ string offset=327
.Linfo_string12:
	.asciz	"Height"                        @ string offset=336
.Linfo_string13:
	.asciz	"_tFont"                        @ string offset=343
.Linfo_string14:
	.asciz	"sFONT"                         @ string offset=350
	.ident	"Component: ARM Compiler 6.15 Tool: armclang [5dd79400]"
	.section	".note.GNU-stack","",%progbits
	.ARM_attribute	16, 1	@ Tag_AV_eba
	.section	.debug_line,"",%progbits
.Lline_table_start0:
